Failed to fetch currencies: PrismaClientKnownRequestError: 
Invalid `prisma.currency.findMany()` invocation:


User `edmartsy_edson` was denied access on the database `edmartsy_oas`
    at $n.handleRequestError (/home/edmartsy/public_html/dev.oas.edmartsystems.com.default/node_modules/@prisma/client/runtime/library.js:121:7315)
    at $n.handleAndLogRequestError (/home/edmartsy/public_html/dev.oas.edmartsystems.com.default/node_modules/@prisma/client/runtime/library.js:121:6623)
    at $n.request (/home/edmartsy/public_html/dev.oas.edmartsystems.com.default/node_modules/@prisma/client/runtime/library.js:121:6307)
    at async l (/home/edmartsy/public_html/dev.oas.edmartsystems.com.default/node_modules/@prisma/client/runtime/library.js:130:9633)
    at async i (/home/edmartsy/public_html/dev.oas.edmartsystems.com.default/.next/server/chunks/4337.js:407:7607)
    at async /home/edmartsy/public_html/dev.oas.edmartsystems.com.default/node_modules/next/dist/compiled/next-server/app-page.runtime.prod.js:16:406
    at async rm (/home/edmartsy/public_html/dev.oas.edmartsystems.com.default/node_modules/next/dist/compiled/next-server/app-page.runtime.prod.js:15:5703)
    at async rD (/home/edmartsy/public_html/dev.oas.edmartsystems.com.default/node_modules/next/dist/compiled/next-server/app-page.runtime.prod.js:16:22546)
    at async doRender (/home/edmartsy/public_html/dev.oas.edmartsystems.com.default/node_modules/next/dist/server/base-server.js:1391:30)
    at async cacheEntry.responseCache.get.routeKind (/home/edmartsy/public_html/dev.oas.edmartsystems.com.default/node_modules/next/dist/server/base-server.js:1552:28) {
  code: 'P1010',
  clientVersion: '5.22.0',
  meta: {
    modelName: 'Currency',
    database_user: 'edmartsy_edson',
    database_name: 'edmartsy_oas'
  }
}
Failed to fetch stocks: PrismaClientInitializationError: 
Invalid `prisma.stock.findMany()` invocation:


User `edmartsy_edson` was denied access on the database `edmartsy_oas`
    at $n.handleRequestError (/home/edmartsy/public_html/dev.oas.edmartsystems.com.default/node_modules/@prisma/client/runtime/library.js:121:7615)
    at $n.handleAndLogRequestError (/home/edmartsy/public_html/dev.oas.edmartsystems.com.default/node_modules/@prisma/client/runtime/library.js:121:6623)
    at $n.request (/home/edmartsy/public_html/dev.oas.edmartsystems.com.default/node_modules/@prisma/client/runtime/library.js:121:6307)
    at async l (/home/edmartsy/public_html/dev.oas.edmartsystems.com.default/node_modules/@prisma/client/runtime/library.js:130:9633)
    at async f (/home/edmartsy/public_html/dev.oas.edmartsystems.com.default/.next/server/app/api/inventory/stock/route.js:1:3140)
    at async /home/edmartsy/public_html/dev.oas.edmartsystems.com.default/node_modules/next/dist/compiled/next-server/app-route.runtime.prod.js:6:41960 {
  clientVersion: '5.22.0',
  errorCode: undefined
}
Failed to fetch stocks: PrismaClientInitializationError: 
Invalid `prisma.stock.findMany()` invocation:


User `edmartsy_edson` was denied access on the database `edmartsy_oas`
    at $n.handleRequestError (/home/edmartsy/public_html/dev.oas.edmartsystems.com.default/node_modules/@prisma/client/runtime/library.js:121:7615)
    at $n.handleAndLogRequestError (/home/edmartsy/public_html/dev.oas.edmartsystems.com.default/node_modules/@prisma/client/runtime/library.js:121:6623)
    at $n.request (/home/edmartsy/public_html/dev.oas.edmartsystems.com.default/node_modules/@prisma/client/runtime/library.js:121:6307)
    at async l (/home/edmartsy/public_html/dev.oas.edmartsystems.com.default/node_modules/@prisma/client/runtime/library.js:130:9633)
    at async f (/home/edmartsy/public_html/dev.oas.edmartsystems.com.default/.next/server/app/api/inventory/stock/route.js:1:3140)
    at async /home/edmartsy/public_html/dev.oas.edmartsystems.com.default/node_modules/next/dist/compiled/next-server/app-route.runtime.prod.js:6:41960 {
  clientVersion: '5.22.0',
  errorCode: undefined
}
