2025-07-05T21:00:00.038Z [INFO]: Recurring_6_12_18_0_Jobs Started
2025-07-05T21:00:00.041Z [INFO]: Quotations Followup Job Started
2025-07-05T21:00:00.052Z [INFO]: Daily Midnight Jobs Started
2025-07-05T21:00:00.052Z [INFO]: Delete Old Notifications (> 90 Days) Job Started
2025-07-05T21:00:00.054Z [INFO]: Delete Old Notifications (> 90 Days) Job Completed, Successful: 0 Old Notification Deleted
2025-07-05T21:00:00.054Z [INFO]: Lock Old Tasks Job Started
2025-07-05T21:00:00.055Z [ERROR]: TypeError - Cannot read properties of undefined (reading 'updateMany') Stack: TypeError: Cannot read properties of undefined (reading 'updateMany')
    at n.lockExpiredTasks (/home/edmartsy/public_html/oas.edmartsystems.com.default/.next/server/chunks/8467.js:1:4655)
    at c.lockExpiredTasks (/home/edmartsy/public_html/oas.edmartsystems.com.default/.next/server/chunks/8467.js:1:11974)
    at v (/home/edmartsy/public_html/oas.edmartsystems.com.default/.next/server/app/api/services/scheduler/route.js:1:2920)
    at p.job (/home/edmartsy/public_html/oas.edmartsystems.com.default/.next/server/app/api/services/scheduler/route.js:1:4084)
2025-07-05T21:00:00.055Z [ERROR]: TypeError - Cannot read properties of undefined (reading 'updateMany') Stack: TypeError: Cannot read properties of undefined (reading 'updateMany')
    at n.lockExpiredTasks (/home/edmartsy/public_html/oas.edmartsystems.com.default/.next/server/chunks/8467.js:1:4655)
    at c.lockExpiredTasks (/home/edmartsy/public_html/oas.edmartsystems.com.default/.next/server/chunks/8467.js:1:11974)
    at v (/home/edmartsy/public_html/oas.edmartsystems.com.default/.next/server/app/api/services/scheduler/route.js:1:2920)
    at p.job (/home/edmartsy/public_html/oas.edmartsystems.com.default/.next/server/app/api/services/scheduler/route.js:1:4084)
2025-07-05T21:00:00.056Z [INFO]: Lock Old Tasks Job Failed
2025-07-05T21:00:00.056Z [ERROR]: TypeError - Cannot read properties of undefined (reading 'updateMany') Stack: TypeError: Cannot read properties of undefined (reading 'updateMany')
    at n.lockExpiredTasks (/home/edmartsy/public_html/oas.edmartsystems.com.default/.next/server/chunks/8467.js:1:4655)
    at c.lockExpiredTasks (/home/edmartsy/public_html/oas.edmartsystems.com.default/.next/server/chunks/8467.js:1:11974)
    at v (/home/edmartsy/public_html/oas.edmartsystems.com.default/.next/server/app/api/services/scheduler/route.js:1:2920)
    at p.job (/home/edmartsy/public_html/oas.edmartsystems.com.default/.next/server/app/api/services/scheduler/route.js:1:4084)
2025-07-05T21:00:00.056Z [INFO]: Daily Midnight Jobs CompletedDelete Old Notifications: true: Delete Old Notifications (> 90 Days) Job Completed, Successful: 0 Old Notification Deleted
Lock Old Tasks: Something went wrong
2025-07-05T21:00:00.057Z [INFO]: Quotations Followup Job Completed, Create Quotations: First time => 0, Last time: 0 || Sent Quotations: First time => 0, Last time: 0 ||| 0 Successful
2025-07-05T21:00:00.057Z [INFO]: Recurring_6_12_18_0_Jobs CompletedQuotations Followup: true: Quotations Followup Job Completed, Create Quotations: First time => 0, Last time: 0 || Sent Quotations: First time => 0, Last time: 0 ||| 0 Successful
2025-07-06T02:48:11.834Z [INFO]: Scheduler instantiated!
2025-07-06T03:00:00.035Z [INFO]: Recurring_6_12_18_0_Jobs Started
2025-07-06T03:00:00.038Z [INFO]: Quotations Followup Job Started
2025-07-06T03:00:00.067Z [INFO]: Quotations Followup Job Completed, Create Quotations: First time => 0, Last time: 0 || Sent Quotations: First time => 0, Last time: 0 ||| 0 Successful
2025-07-06T03:00:00.068Z [INFO]: Recurring_6_12_18_0_Jobs CompletedQuotations Followup: true: Quotations Followup Job Completed, Create Quotations: First time => 0, Last time: 0 || Sent Quotations: First time => 0, Last time: 0 ||| 0 Successful
2025-07-06T04:00:00.018Z [INFO]: Recurring_7_10_13_16_19_Jobs Started
2025-07-06T04:00:00.019Z [INFO]: Quotation Expiry Check Job Started
2025-07-06T04:00:00.029Z [INFO]: Quotation Expiry Check Job Completed, Total Un-flagged Expired Quotations: 0, Updated: 0, Failed: 0
2025-07-06T04:00:00.029Z [INFO]: Recurring_7_10_13_16_19_Jobs CompletedQuotation Expiry Check: true: Quotation Expiry Check Job Completed, Total Un-flagged Expired Quotations: 0, Updated: 0, Failed: 0
2025-07-06T07:00:00.040Z [INFO]: Recurring_7_10_13_16_19_Jobs Started
2025-07-06T07:00:00.040Z [INFO]: Quotation Expiry Check Job Started
2025-07-06T07:00:00.058Z [INFO]: Quotation Expiry Check Job Completed, Total Un-flagged Expired Quotations: 0, Updated: 0, Failed: 0
2025-07-06T07:00:00.058Z [INFO]: Recurring_7_10_13_16_19_Jobs CompletedQuotation Expiry Check: true: Quotation Expiry Check Job Completed, Total Un-flagged Expired Quotations: 0, Updated: 0, Failed: 0
2025-07-06T09:00:00.047Z [INFO]: Recurring_6_12_18_0_Jobs Started
2025-07-06T09:00:00.047Z [INFO]: Quotations Followup Job Started
2025-07-06T09:00:00.059Z [INFO]: Quotations Followup Job Completed, Create Quotations: First time => 0, Last time: 0 || Sent Quotations: First time => 0, Last time: 0 ||| 0 Successful
2025-07-06T09:00:00.060Z [INFO]: Recurring_6_12_18_0_Jobs CompletedQuotations Followup: true: Quotations Followup Job Completed, Create Quotations: First time => 0, Last time: 0 || Sent Quotations: First time => 0, Last time: 0 ||| 0 Successful
2025-07-06T10:00:00.038Z [INFO]: Recurring_7_10_13_16_19_Jobs Started
2025-07-06T10:00:00.038Z [INFO]: Quotation Expiry Check Job Started
2025-07-06T10:00:00.051Z [INFO]: Quotation Expiry Check Job Completed, Total Un-flagged Expired Quotations: 0, Updated: 0, Failed: 0
2025-07-06T10:00:00.051Z [INFO]: Recurring_7_10_13_16_19_Jobs CompletedQuotation Expiry Check: true: Quotation Expiry Check Job Completed, Total Un-flagged Expired Quotations: 0, Updated: 0, Failed: 0
2025-07-06T13:00:00.026Z [INFO]: Recurring_7_10_13_16_19_Jobs Started
2025-07-06T13:00:00.026Z [INFO]: Quotation Expiry Check Job Started
2025-07-06T13:00:00.036Z [INFO]: Quotation Expiry Check Job Completed, Total Un-flagged Expired Quotations: 0, Updated: 0, Failed: 0
2025-07-06T13:00:00.037Z [INFO]: Recurring_7_10_13_16_19_Jobs CompletedQuotation Expiry Check: true: Quotation Expiry Check Job Completed, Total Un-flagged Expired Quotations: 0, Updated: 0, Failed: 0
2025-07-06T15:00:00.027Z [INFO]: Recurring_6_12_18_0_Jobs Started
2025-07-06T15:00:00.027Z [INFO]: Quotations Followup Job Started
2025-07-06T15:00:00.041Z [INFO]: Quotations Followup Job Completed, Create Quotations: First time => 0, Last time: 0 || Sent Quotations: First time => 0, Last time: 0 ||| 0 Successful
2025-07-06T15:00:00.042Z [INFO]: Recurring_6_12_18_0_Jobs CompletedQuotations Followup: true: Quotations Followup Job Completed, Create Quotations: First time => 0, Last time: 0 || Sent Quotations: First time => 0, Last time: 0 ||| 0 Successful
2025-07-06T16:00:00.023Z [INFO]: Recurring_7_10_13_16_19_Jobs Started
2025-07-06T16:00:00.024Z [INFO]: Quotation Expiry Check Job Started
2025-07-06T16:00:00.035Z [INFO]: Quotation Expiry Check Job Completed, Total Un-flagged Expired Quotations: 0, Updated: 0, Failed: 0
2025-07-06T16:00:00.036Z [INFO]: Recurring_7_10_13_16_19_Jobs CompletedQuotation Expiry Check: true: Quotation Expiry Check Job Completed, Total Un-flagged Expired Quotations: 0, Updated: 0, Failed: 0
