2025-05-21T21:00:00.042Z [INFO]: Recurring_6_12_18_0_Jobs Started
2025-05-21T21:00:00.046Z [INFO]: Quotations Followup Job Started
2025-05-21T21:00:00.065Z [INFO]: Daily Midnight Jobs Started
2025-05-21T21:00:00.066Z [INFO]: Delete Old Notifications (> 90 Days) Job Started
2025-05-21T21:00:00.069Z [INFO]: Delete Old Notifications (> 90 Days) Job Completed, Successful: 0 Old Notification Deleted
2025-05-21T21:00:00.069Z [INFO]: Daily Midnight Jobs CompletedDelete Old Notifications: true: Delete Old Notifications (> 90 Days) Job Completed, Successful: 0 Old Notification Deleted
2025-05-21T21:00:00.071Z [INFO]: Quotations Followup Job Completed, Create Quotations: First time => 0, Last time: 0 || Sent Quotations: First time => 0, Last time: 0 ||| 0 Successful
2025-05-21T21:00:00.071Z [INFO]: Recurring_6_12_18_0_Jobs CompletedQuotations Followup: true: Quotations Followup Job Completed, Create Quotations: First time => 0, Last time: 0 || Sent Quotations: First time => 0, Last time: 0 ||| 0 Successful
2025-05-22T03:00:00.020Z [INFO]: Recurring_6_12_18_0_Jobs Started
2025-05-22T03:00:00.020Z [INFO]: Quotations Followup Job Started
2025-05-22T03:00:00.037Z [INFO]: Quotations Followup Job Completed, Create Quotations: First time => 0, Last time: 0 || Sent Quotations: First time => 0, Last time: 0 ||| 0 Successful
2025-05-22T03:00:00.037Z [INFO]: Recurring_6_12_18_0_Jobs CompletedQuotations Followup: true: Quotations Followup Job Completed, Create Quotations: First time => 0, Last time: 0 || Sent Quotations: First time => 0, Last time: 0 ||| 0 Successful
2025-05-22T04:00:00.016Z [INFO]: Recurring_7_10_13_16_19_Jobs Started
2025-05-22T04:00:00.016Z [INFO]: Quotation Expiry Check Job Started
2025-05-22T04:00:00.031Z [INFO]: Quotation Expiry Check Job Completed, Total Un-flagged Expired Quotations: 0, Updated: 0, Failed: 0
2025-05-22T04:00:00.031Z [INFO]: Recurring_7_10_13_16_19_Jobs CompletedQuotation Expiry Check: true: Quotation Expiry Check Job Completed, Total Un-flagged Expired Quotations: 0, Updated: 0, Failed: 0
2025-05-22T07:00:00.044Z [INFO]: Recurring_7_10_13_16_19_Jobs Started
2025-05-22T07:00:00.045Z [INFO]: Quotation Expiry Check Job Started
2025-05-22T07:00:00.057Z [INFO]: Quotation Expiry Check Job Completed, Total Un-flagged Expired Quotations: 0, Updated: 0, Failed: 0
2025-05-22T07:00:00.057Z [INFO]: Recurring_7_10_13_16_19_Jobs CompletedQuotation Expiry Check: true: Quotation Expiry Check Job Completed, Total Un-flagged Expired Quotations: 0, Updated: 0, Failed: 0
2025-05-22T09:00:00.035Z [INFO]: Recurring_6_12_18_0_Jobs Started
2025-05-22T09:00:00.035Z [INFO]: Quotations Followup Job Started
2025-05-22T09:00:00.052Z [INFO]: Quotations Followup Job Completed, Create Quotations: First time => 0, Last time: 0 || Sent Quotations: First time => 0, Last time: 0 ||| 0 Successful
2025-05-22T09:00:00.053Z [INFO]: Recurring_6_12_18_0_Jobs CompletedQuotations Followup: true: Quotations Followup Job Completed, Create Quotations: First time => 0, Last time: 0 || Sent Quotations: First time => 0, Last time: 0 ||| 0 Successful
2025-05-22T10:00:00.027Z [INFO]: Recurring_7_10_13_16_19_Jobs Started
2025-05-22T10:00:00.027Z [INFO]: Quotation Expiry Check Job Started
2025-05-22T10:00:00.037Z [INFO]: Quotation Expiry Check Job Completed, Total Un-flagged Expired Quotations: 0, Updated: 0, Failed: 0
2025-05-22T10:00:00.037Z [INFO]: Recurring_7_10_13_16_19_Jobs CompletedQuotation Expiry Check: true: Quotation Expiry Check Job Completed, Total Un-flagged Expired Quotations: 0, Updated: 0, Failed: 0
2025-05-22T13:00:00.018Z [INFO]: Recurring_7_10_13_16_19_Jobs Started
2025-05-22T13:00:00.019Z [INFO]: Quotation Expiry Check Job Started
2025-05-22T13:00:00.028Z [INFO]: Quotation Expiry Check Job Completed, Total Un-flagged Expired Quotations: 0, Updated: 0, Failed: 0
2025-05-22T13:00:00.028Z [INFO]: Recurring_7_10_13_16_19_Jobs CompletedQuotation Expiry Check: true: Quotation Expiry Check Job Completed, Total Un-flagged Expired Quotations: 0, Updated: 0, Failed: 0
2025-05-22T15:00:00.019Z [INFO]: Recurring_6_12_18_0_Jobs Started
2025-05-22T15:00:00.019Z [INFO]: Quotations Followup Job Started
2025-05-22T15:00:00.104Z [INFO]: Quotations Followup Job Completed, Create Quotations: First time => 0, Last time: 0 || Sent Quotations: First time => 0, Last time: 0 ||| 0 Successful
2025-05-22T15:00:00.104Z [INFO]: Recurring_6_12_18_0_Jobs CompletedQuotations Followup: true: Quotations Followup Job Completed, Create Quotations: First time => 0, Last time: 0 || Sent Quotations: First time => 0, Last time: 0 ||| 0 Successful
2025-05-22T16:00:00.044Z [INFO]: Recurring_7_10_13_16_19_Jobs Started
2025-05-22T16:00:00.045Z [INFO]: Quotation Expiry Check Job Started
2025-05-22T16:00:00.054Z [INFO]: Quotation Expiry Check Job Completed, Total Un-flagged Expired Quotations: 0, Updated: 0, Failed: 0
2025-05-22T16:00:00.054Z [INFO]: Recurring_7_10_13_16_19_Jobs CompletedQuotation Expiry Check: true: Quotation Expiry Check Job Completed, Total Un-flagged Expired Quotations: 0, Updated: 0, Failed: 0
