2025-05-29T21:00:00.015Z [INFO]: Recurring_6_12_18_0_Jobs Started
2025-05-29T21:00:00.020Z [INFO]: Quotations Followup Job Started
2025-05-29T21:00:00.040Z [INFO]: Daily Midnight Jobs Started
2025-05-29T21:00:00.040Z [INFO]: Delete Old Notifications (> 90 Days) Job Started
2025-05-29T21:00:00.043Z [INFO]: Delete Old Notifications (> 90 Days) Job Completed, Successful: 0 Old Notification Deleted
2025-05-29T21:00:00.043Z [INFO]: Daily Midnight Jobs CompletedDelete Old Notifications: true: Delete Old Notifications (> 90 Days) Job Completed, Successful: 0 Old Notification Deleted
2025-05-29T21:00:00.048Z [INFO]: Quotations Followup Job Completed, Create Quotations: First time => 0, Last time: 0 || Sent Quotations: First time => 0, Last time: 0 ||| 0 Successful
2025-05-29T21:00:00.048Z [INFO]: Recurring_6_12_18_0_Jobs CompletedQuotations Followup: true: Quotations Followup Job Completed, Create Quotations: First time => 0, Last time: 0 || Sent Quotations: First time => 0, Last time: 0 ||| 0 Successful
2025-05-30T03:00:00.015Z [INFO]: Recurring_6_12_18_0_Jobs Started
2025-05-30T03:00:00.015Z [INFO]: Quotations Followup Job Started
2025-05-30T03:00:00.033Z [INFO]: Quotations Followup Job Completed, Create Quotations: First time => 0, Last time: 0 || Sent Quotations: First time => 0, Last time: 0 ||| 0 Successful
2025-05-30T03:00:00.033Z [INFO]: Recurring_6_12_18_0_Jobs CompletedQuotations Followup: true: Quotations Followup Job Completed, Create Quotations: First time => 0, Last time: 0 || Sent Quotations: First time => 0, Last time: 0 ||| 0 Successful
2025-05-30T04:00:00.024Z [INFO]: Recurring_7_10_13_16_19_Jobs Started
2025-05-30T04:00:00.025Z [INFO]: Quotation Expiry Check Job Started
2025-05-30T04:00:00.033Z [INFO]: Quotation Expiry Check Job Completed, Total Un-flagged Expired Quotations: 0, Updated: 0, Failed: 0
2025-05-30T04:00:00.033Z [INFO]: Recurring_7_10_13_16_19_Jobs CompletedQuotation Expiry Check: true: Quotation Expiry Check Job Completed, Total Un-flagged Expired Quotations: 0, Updated: 0, Failed: 0
2025-05-30T07:00:00.030Z [INFO]: Recurring_7_10_13_16_19_Jobs Started
2025-05-30T07:00:00.030Z [INFO]: Quotation Expiry Check Job Started
2025-05-30T07:00:00.045Z [INFO]: Quotation Expiry Check Job Completed, Total Un-flagged Expired Quotations: 0, Updated: 0, Failed: 0
2025-05-30T07:00:00.046Z [INFO]: Recurring_7_10_13_16_19_Jobs CompletedQuotation Expiry Check: true: Quotation Expiry Check Job Completed, Total Un-flagged Expired Quotations: 0, Updated: 0, Failed: 0
2025-05-30T09:00:00.010Z [INFO]: Recurring_6_12_18_0_Jobs Started
2025-05-30T09:00:00.010Z [INFO]: Quotations Followup Job Started
2025-05-30T09:00:00.022Z [INFO]: Quotations Followup Job Completed, Create Quotations: First time => 0, Last time: 0 || Sent Quotations: First time => 0, Last time: 0 ||| 0 Successful
2025-05-30T09:00:00.022Z [INFO]: Recurring_6_12_18_0_Jobs CompletedQuotations Followup: true: Quotations Followup Job Completed, Create Quotations: First time => 0, Last time: 0 || Sent Quotations: First time => 0, Last time: 0 ||| 0 Successful
2025-05-30T10:00:00.037Z [INFO]: Recurring_7_10_13_16_19_Jobs Started
2025-05-30T10:00:00.038Z [INFO]: Quotation Expiry Check Job Started
2025-05-30T10:00:00.049Z [INFO]: Quotation Expiry Check Job Completed, Total Un-flagged Expired Quotations: 0, Updated: 0, Failed: 0
2025-05-30T10:00:00.049Z [INFO]: Recurring_7_10_13_16_19_Jobs CompletedQuotation Expiry Check: true: Quotation Expiry Check Job Completed, Total Un-flagged Expired Quotations: 0, Updated: 0, Failed: 0
2025-05-30T13:00:00.025Z [INFO]: Recurring_7_10_13_16_19_Jobs Started
2025-05-30T13:00:00.025Z [INFO]: Quotation Expiry Check Job Started
2025-05-30T13:00:00.036Z [INFO]: Quotation Expiry Check Job Completed, Total Un-flagged Expired Quotations: 0, Updated: 0, Failed: 0
2025-05-30T13:00:00.036Z [INFO]: Recurring_7_10_13_16_19_Jobs CompletedQuotation Expiry Check: true: Quotation Expiry Check Job Completed, Total Un-flagged Expired Quotations: 0, Updated: 0, Failed: 0
2025-05-30T15:00:00.028Z [INFO]: Recurring_6_12_18_0_Jobs Started
2025-05-30T15:00:00.029Z [INFO]: Quotations Followup Job Started
2025-05-30T15:00:00.045Z [INFO]: Quotations Followup Job Completed, Create Quotations: First time => 0, Last time: 0 || Sent Quotations: First time => 0, Last time: 0 ||| 0 Successful
2025-05-30T15:00:00.045Z [INFO]: Recurring_6_12_18_0_Jobs CompletedQuotations Followup: true: Quotations Followup Job Completed, Create Quotations: First time => 0, Last time: 0 || Sent Quotations: First time => 0, Last time: 0 ||| 0 Successful
2025-05-30T16:00:00.018Z [INFO]: Recurring_7_10_13_16_19_Jobs Started
2025-05-30T16:00:00.018Z [INFO]: Quotation Expiry Check Job Started
2025-05-30T16:00:00.029Z [INFO]: Quotation Expiry Check Job Completed, Total Un-flagged Expired Quotations: 0, Updated: 0, Failed: 0
2025-05-30T16:00:00.029Z [INFO]: Recurring_7_10_13_16_19_Jobs CompletedQuotation Expiry Check: true: Quotation Expiry Check Job Completed, Total Un-flagged Expired Quotations: 0, Updated: 0, Failed: 0
