2025-07-29T21:00:00.033Z [INFO]: Recurring_6_12_18_0_Jobs Started
2025-07-29T21:00:00.039Z [INFO]: Quotations Followup Job Started
2025-07-29T21:00:00.053Z [INFO]: Daily Midnight Jobs Started
2025-07-29T21:00:00.053Z [INFO]: Delete Old Notifications (> 90 Days) Job Started
2025-07-29T21:00:00.056Z [INFO]: Delete Old Notifications (> 90 Days) Job Completed, Successful: 1 Old Notification Deleted
2025-07-29T21:00:00.057Z [INFO]: Lock Old Tasks Job Started
2025-07-29T21:00:00.057Z [ERROR]: TypeError - Cannot read properties of undefined (reading 'updateMany') Stack: TypeError: Cannot read properties of undefined (reading 'updateMany')
    at n.lockExpiredTasks (/home/edmartsy/public_html/oas.edmartsystems.com.default/.next/server/chunks/8467.js:1:4655)
    at c.lockExpiredTasks (/home/edmartsy/public_html/oas.edmartsystems.com.default/.next/server/chunks/8467.js:1:11974)
    at v (/home/edmartsy/public_html/oas.edmartsystems.com.default/.next/server/app/api/services/scheduler/route.js:1:2920)
    at p.job (/home/edmartsy/public_html/oas.edmartsystems.com.default/.next/server/app/api/services/scheduler/route.js:1:4084)
2025-07-29T21:00:00.060Z [ERROR]: TypeError - Cannot read properties of undefined (reading 'updateMany') Stack: TypeError: Cannot read properties of undefined (reading 'updateMany')
    at n.lockExpiredTasks (/home/edmartsy/public_html/oas.edmartsystems.com.default/.next/server/chunks/8467.js:1:4655)
    at c.lockExpiredTasks (/home/edmartsy/public_html/oas.edmartsystems.com.default/.next/server/chunks/8467.js:1:11974)
    at v (/home/edmartsy/public_html/oas.edmartsystems.com.default/.next/server/app/api/services/scheduler/route.js:1:2920)
    at p.job (/home/edmartsy/public_html/oas.edmartsystems.com.default/.next/server/app/api/services/scheduler/route.js:1:4084)
2025-07-29T21:00:00.060Z [INFO]: Lock Old Tasks Job Failed
2025-07-29T21:00:00.060Z [ERROR]: TypeError - Cannot read properties of undefined (reading 'updateMany') Stack: TypeError: Cannot read properties of undefined (reading 'updateMany')
    at n.lockExpiredTasks (/home/edmartsy/public_html/oas.edmartsystems.com.default/.next/server/chunks/8467.js:1:4655)
    at c.lockExpiredTasks (/home/edmartsy/public_html/oas.edmartsystems.com.default/.next/server/chunks/8467.js:1:11974)
    at v (/home/edmartsy/public_html/oas.edmartsystems.com.default/.next/server/app/api/services/scheduler/route.js:1:2920)
    at p.job (/home/edmartsy/public_html/oas.edmartsystems.com.default/.next/server/app/api/services/scheduler/route.js:1:4084)
2025-07-29T21:00:00.061Z [INFO]: Daily Midnight Jobs CompletedDelete Old Notifications: true: Delete Old Notifications (> 90 Days) Job Completed, Successful: 1 Old Notification Deleted
Lock Old Tasks: Something went wrong
2025-07-29T21:00:00.062Z [INFO]: Quotations Followup Job Completed, Create Quotations: First time => 0, Last time: 0 || Sent Quotations: First time => 0, Last time: 0 ||| 0 Successful
2025-07-29T21:00:00.062Z [INFO]: Recurring_6_12_18_0_Jobs CompletedQuotations Followup: true: Quotations Followup Job Completed, Create Quotations: First time => 0, Last time: 0 || Sent Quotations: First time => 0, Last time: 0 ||| 0 Successful
2025-07-30T03:00:00.014Z [INFO]: Recurring_6_12_18_0_Jobs Started
2025-07-30T03:00:00.014Z [INFO]: Quotations Followup Job Started
2025-07-30T03:00:00.035Z [INFO]: Quotations Followup Job Completed, Create Quotations: First time => 0, Last time: 0 || Sent Quotations: First time => 0, Last time: 0 ||| 0 Successful
2025-07-30T03:00:00.035Z [INFO]: Recurring_6_12_18_0_Jobs CompletedQuotations Followup: true: Quotations Followup Job Completed, Create Quotations: First time => 0, Last time: 0 || Sent Quotations: First time => 0, Last time: 0 ||| 0 Successful
2025-07-30T04:00:00.014Z [INFO]: Recurring_7_10_13_16_19_Jobs Started
2025-07-30T04:00:00.015Z [INFO]: Quotation Expiry Check Job Started
2025-07-30T04:00:00.031Z [INFO]: Quotation Expiry Check Job Completed, Total Un-flagged Expired Quotations: 1, Updated: 1, Failed: 0
2025-07-30T04:00:00.031Z [INFO]: Recurring_7_10_13_16_19_Jobs CompletedQuotation Expiry Check: true: Quotation Expiry Check Job Completed, Total Un-flagged Expired Quotations: 1, Updated: 1, Failed: 0
2025-07-30T07:00:00.046Z [INFO]: Recurring_7_10_13_16_19_Jobs Started
2025-07-30T07:00:00.046Z [INFO]: Quotation Expiry Check Job Started
2025-07-30T07:00:00.066Z [INFO]: Quotation Expiry Check Job Completed, Total Un-flagged Expired Quotations: 0, Updated: 0, Failed: 0
2025-07-30T07:00:00.066Z [INFO]: Recurring_7_10_13_16_19_Jobs CompletedQuotation Expiry Check: true: Quotation Expiry Check Job Completed, Total Un-flagged Expired Quotations: 0, Updated: 0, Failed: 0
2025-07-30T09:00:00.019Z [INFO]: Recurring_6_12_18_0_Jobs Started
2025-07-30T09:00:00.020Z [INFO]: Quotations Followup Job Started
2025-07-30T09:00:00.032Z [INFO]: Quotations Followup Job Completed, Create Quotations: First time => 0, Last time: 0 || Sent Quotations: First time => 0, Last time: 0 ||| 0 Successful
2025-07-30T09:00:00.032Z [INFO]: Recurring_6_12_18_0_Jobs CompletedQuotations Followup: true: Quotations Followup Job Completed, Create Quotations: First time => 0, Last time: 0 || Sent Quotations: First time => 0, Last time: 0 ||| 0 Successful
2025-07-30T10:00:00.035Z [INFO]: Recurring_7_10_13_16_19_Jobs Started
2025-07-30T10:00:00.036Z [INFO]: Quotation Expiry Check Job Started
2025-07-30T10:00:00.065Z [INFO]: Quotation Expiry Check Job Completed, Total Un-flagged Expired Quotations: 0, Updated: 0, Failed: 0
2025-07-30T10:00:00.065Z [INFO]: Recurring_7_10_13_16_19_Jobs CompletedQuotation Expiry Check: true: Quotation Expiry Check Job Completed, Total Un-flagged Expired Quotations: 0, Updated: 0, Failed: 0
2025-07-30T13:00:00.015Z [INFO]: Recurring_7_10_13_16_19_Jobs Started
2025-07-30T13:00:00.015Z [INFO]: Quotation Expiry Check Job Started
2025-07-30T13:00:00.026Z [INFO]: Quotation Expiry Check Job Completed, Total Un-flagged Expired Quotations: 0, Updated: 0, Failed: 0
2025-07-30T13:00:00.026Z [INFO]: Recurring_7_10_13_16_19_Jobs CompletedQuotation Expiry Check: true: Quotation Expiry Check Job Completed, Total Un-flagged Expired Quotations: 0, Updated: 0, Failed: 0
2025-07-30T15:21:54.624Z [INFO]: Scheduler instantiated!
2025-07-30T16:00:00.020Z [INFO]: Recurring_7_10_13_16_19_Jobs Started
2025-07-30T16:00:00.023Z [INFO]: Quotation Expiry Check Job Started
2025-07-30T16:00:00.082Z [INFO]: Quotation Expiry Check Job Completed, Total Un-flagged Expired Quotations: 3, Updated: 3, Failed: 0
2025-07-30T16:00:00.083Z [INFO]: Recurring_7_10_13_16_19_Jobs CompletedQuotation Expiry Check: true: Quotation Expiry Check Job Completed, Total Un-flagged Expired Quotations: 3, Updated: 3, Failed: 0
