2025-07-02T21:00:00.034Z [INFO]: Recurring_6_12_18_0_Jobs Started
2025-07-02T21:00:00.040Z [INFO]: Quotations Followup Job Started
2025-07-02T21:00:00.052Z [INFO]: Daily Midnight Jobs Started
2025-07-02T21:00:00.052Z [INFO]: Delete Old Notifications (> 90 Days) Job Started
2025-07-02T21:00:00.055Z [INFO]: Delete Old Notifications (> 90 Days) Job Completed, Successful: 0 Old Notification Deleted
2025-07-02T21:00:00.055Z [INFO]: Daily Midnight Jobs CompletedDelete Old Notifications: true: Delete Old Notifications (> 90 Days) Job Completed, Successful: 0 Old Notification Deleted
2025-07-02T21:00:00.058Z [INFO]: Quotations Followup Job Completed, Create Quotations: First time => 0, Last time: 0 || Sent Quotations: First time => 0, Last time: 0 ||| 0 Successful
2025-07-02T21:00:00.058Z [INFO]: Recurring_6_12_18_0_Jobs CompletedQuotations Followup: true: Quotations Followup Job Completed, Create Quotations: First time => 0, Last time: 0 || Sent Quotations: First time => 0, Last time: 0 ||| 0 Successful
2025-07-02T23:46:21.930Z [INFO]: Scheduler instantiated!
2025-07-03T02:47:42.565Z [INFO]: Scheduler instantiated!
2025-07-03T03:00:00.042Z [INFO]: Recurring_6_12_18_0_Jobs Started
2025-07-03T03:00:00.045Z [INFO]: Quotations Followup Job Started
2025-07-03T03:00:00.080Z [INFO]: Quotations Followup Job Completed, Create Quotations: First time => 0, Last time: 0 || Sent Quotations: First time => 0, Last time: 0 ||| 0 Successful
2025-07-03T03:00:00.081Z [INFO]: Recurring_6_12_18_0_Jobs CompletedQuotations Followup: true: Quotations Followup Job Completed, Create Quotations: First time => 0, Last time: 0 || Sent Quotations: First time => 0, Last time: 0 ||| 0 Successful
2025-07-03T04:00:00.026Z [INFO]: Recurring_7_10_13_16_19_Jobs Started
2025-07-03T04:00:00.027Z [INFO]: Quotation Expiry Check Job Started
2025-07-03T04:00:00.037Z [INFO]: Quotation Expiry Check Job Completed, Total Un-flagged Expired Quotations: 1, Updated: 1, Failed: 0
2025-07-03T04:00:00.038Z [INFO]: Recurring_7_10_13_16_19_Jobs CompletedQuotation Expiry Check: true: Quotation Expiry Check Job Completed, Total Un-flagged Expired Quotations: 1, Updated: 1, Failed: 0
2025-07-03T07:00:00.040Z [INFO]: Recurring_7_10_13_16_19_Jobs Started
2025-07-03T07:00:00.041Z [INFO]: Quotation Expiry Check Job Started
2025-07-03T07:00:00.061Z [INFO]: Quotation Expiry Check Job Completed, Total Un-flagged Expired Quotations: 0, Updated: 0, Failed: 0
2025-07-03T07:00:00.062Z [INFO]: Recurring_7_10_13_16_19_Jobs CompletedQuotation Expiry Check: true: Quotation Expiry Check Job Completed, Total Un-flagged Expired Quotations: 0, Updated: 0, Failed: 0
2025-07-03T09:00:00.043Z [INFO]: Recurring_6_12_18_0_Jobs Started
2025-07-03T09:00:00.043Z [INFO]: Quotations Followup Job Started
2025-07-03T09:00:00.054Z [INFO]: Quotations Followup Job Completed, Create Quotations: First time => 0, Last time: 0 || Sent Quotations: First time => 0, Last time: 0 ||| 0 Successful
2025-07-03T09:00:00.054Z [INFO]: Recurring_6_12_18_0_Jobs CompletedQuotations Followup: true: Quotations Followup Job Completed, Create Quotations: First time => 0, Last time: 0 || Sent Quotations: First time => 0, Last time: 0 ||| 0 Successful
2025-07-03T10:00:00.043Z [INFO]: Recurring_7_10_13_16_19_Jobs Started
2025-07-03T10:00:00.043Z [INFO]: Quotation Expiry Check Job Started
2025-07-03T10:00:00.057Z [INFO]: Quotation Expiry Check Job Completed, Total Un-flagged Expired Quotations: 0, Updated: 0, Failed: 0
2025-07-03T10:00:00.057Z [INFO]: Recurring_7_10_13_16_19_Jobs CompletedQuotation Expiry Check: true: Quotation Expiry Check Job Completed, Total Un-flagged Expired Quotations: 0, Updated: 0, Failed: 0
2025-07-03T13:00:00.030Z [INFO]: Recurring_7_10_13_16_19_Jobs Started
2025-07-03T13:00:00.030Z [INFO]: Quotation Expiry Check Job Started
2025-07-03T13:00:00.039Z [INFO]: Quotation Expiry Check Job Completed, Total Un-flagged Expired Quotations: 0, Updated: 0, Failed: 0
2025-07-03T13:00:00.039Z [INFO]: Recurring_7_10_13_16_19_Jobs CompletedQuotation Expiry Check: true: Quotation Expiry Check Job Completed, Total Un-flagged Expired Quotations: 0, Updated: 0, Failed: 0
2025-07-03T15:00:00.030Z [INFO]: Recurring_6_12_18_0_Jobs Started
2025-07-03T15:00:00.030Z [INFO]: Quotations Followup Job Started
2025-07-03T15:00:00.044Z [INFO]: Quotations Followup Job Completed, Create Quotations: First time => 0, Last time: 0 || Sent Quotations: First time => 0, Last time: 0 ||| 0 Successful
2025-07-03T15:00:00.045Z [INFO]: Recurring_6_12_18_0_Jobs CompletedQuotations Followup: true: Quotations Followup Job Completed, Create Quotations: First time => 0, Last time: 0 || Sent Quotations: First time => 0, Last time: 0 ||| 0 Successful
2025-07-03T16:00:00.026Z [INFO]: Recurring_7_10_13_16_19_Jobs Started
2025-07-03T16:00:00.027Z [INFO]: Quotation Expiry Check Job Started
2025-07-03T16:00:00.038Z [INFO]: Quotation Expiry Check Job Completed, Total Un-flagged Expired Quotations: 0, Updated: 0, Failed: 0
2025-07-03T16:00:00.038Z [INFO]: Recurring_7_10_13_16_19_Jobs CompletedQuotation Expiry Check: true: Quotation Expiry Check Job Completed, Total Un-flagged Expired Quotations: 0, Updated: 0, Failed: 0
