2025-06-27T21:00:00.015Z [INFO]: Recurring_6_12_18_0_Jobs Started
2025-06-27T21:00:00.023Z [INFO]: Quotations Followup Job Started
2025-06-27T21:00:00.038Z [INFO]: Daily Midnight Jobs Started
2025-06-27T21:00:00.038Z [INFO]: Delete Old Notifications (> 90 Days) Job Started
2025-06-27T21:00:00.042Z [INFO]: Delete Old Notifications (> 90 Days) Job Completed, Successful: 0 Old Notification Deleted
2025-06-27T21:00:00.042Z [INFO]: Daily Midnight Jobs CompletedDelete Old Notifications: true: Delete Old Notifications (> 90 Days) Job Completed, Successful: 0 Old Notification Deleted
2025-06-27T21:00:00.100Z [INFO]: Quotations Followup Job Completed, Create Quotations: First time => 0, Last time: 0 || Sent Quotations: First time => 0, Last time: 0 ||| 0 Successful
2025-06-27T21:00:00.101Z [INFO]: Recurring_6_12_18_0_Jobs CompletedQuotations Followup: true: Quotations Followup Job Completed, Create Quotations: First time => 0, Last time: 0 || Sent Quotations: First time => 0, Last time: 0 ||| 0 Successful
2025-06-28T03:00:00.020Z [INFO]: Recurring_6_12_18_0_Jobs Started
2025-06-28T03:00:00.021Z [INFO]: Quotations Followup Job Started
2025-06-28T03:00:00.038Z [INFO]: Quotations Followup Job Completed, Create Quotations: First time => 0, Last time: 0 || Sent Quotations: First time => 0, Last time: 0 ||| 0 Successful
2025-06-28T03:00:00.038Z [INFO]: Recurring_6_12_18_0_Jobs CompletedQuotations Followup: true: Quotations Followup Job Completed, Create Quotations: First time => 0, Last time: 0 || Sent Quotations: First time => 0, Last time: 0 ||| 0 Successful
2025-06-28T04:00:00.020Z [INFO]: Recurring_7_10_13_16_19_Jobs Started
2025-06-28T04:00:00.020Z [INFO]: Quotation Expiry Check Job Started
2025-06-28T04:00:00.029Z [INFO]: Quotation Expiry Check Job Completed, Total Un-flagged Expired Quotations: 0, Updated: 0, Failed: 0
2025-06-28T04:00:00.029Z [INFO]: Recurring_7_10_13_16_19_Jobs CompletedQuotation Expiry Check: true: Quotation Expiry Check Job Completed, Total Un-flagged Expired Quotations: 0, Updated: 0, Failed: 0
2025-06-28T07:00:00.021Z [INFO]: Recurring_7_10_13_16_19_Jobs Started
2025-06-28T07:00:00.021Z [INFO]: Quotation Expiry Check Job Started
2025-06-28T07:00:00.039Z [INFO]: Quotation Expiry Check Job Completed, Total Un-flagged Expired Quotations: 0, Updated: 0, Failed: 0
2025-06-28T07:00:00.039Z [INFO]: Recurring_7_10_13_16_19_Jobs CompletedQuotation Expiry Check: true: Quotation Expiry Check Job Completed, Total Un-flagged Expired Quotations: 0, Updated: 0, Failed: 0
2025-06-28T09:00:00.037Z [INFO]: Recurring_6_12_18_0_Jobs Started
2025-06-28T09:00:00.037Z [INFO]: Quotations Followup Job Started
2025-06-28T09:00:00.050Z [INFO]: Quotations Followup Job Completed, Create Quotations: First time => 0, Last time: 0 || Sent Quotations: First time => 0, Last time: 0 ||| 0 Successful
2025-06-28T09:00:00.050Z [INFO]: Recurring_6_12_18_0_Jobs CompletedQuotations Followup: true: Quotations Followup Job Completed, Create Quotations: First time => 0, Last time: 0 || Sent Quotations: First time => 0, Last time: 0 ||| 0 Successful
2025-06-28T10:00:00.030Z [INFO]: Recurring_7_10_13_16_19_Jobs Started
2025-06-28T10:00:00.031Z [INFO]: Quotation Expiry Check Job Started
2025-06-28T10:00:00.042Z [INFO]: Quotation Expiry Check Job Completed, Total Un-flagged Expired Quotations: 0, Updated: 0, Failed: 0
2025-06-28T10:00:00.043Z [INFO]: Recurring_7_10_13_16_19_Jobs CompletedQuotation Expiry Check: true: Quotation Expiry Check Job Completed, Total Un-flagged Expired Quotations: 0, Updated: 0, Failed: 0
2025-06-28T10:49:07.017Z [INFO]: Scheduler instantiated!
2025-06-28T13:00:00.034Z [INFO]: Recurring_7_10_13_16_19_Jobs Started
2025-06-28T13:00:00.037Z [INFO]: Quotation Expiry Check Job Started
2025-06-28T13:00:00.066Z [INFO]: Quotation Expiry Check Job Completed, Total Un-flagged Expired Quotations: 1, Updated: 1, Failed: 0
2025-06-28T13:00:00.066Z [INFO]: Recurring_7_10_13_16_19_Jobs CompletedQuotation Expiry Check: true: Quotation Expiry Check Job Completed, Total Un-flagged Expired Quotations: 1, Updated: 1, Failed: 0
2025-06-28T15:00:00.020Z [INFO]: Recurring_6_12_18_0_Jobs Started
2025-06-28T15:00:00.021Z [INFO]: Quotations Followup Job Started
2025-06-28T15:00:00.033Z [INFO]: Quotations Followup Job Completed, Create Quotations: First time => 0, Last time: 0 || Sent Quotations: First time => 0, Last time: 0 ||| 0 Successful
2025-06-28T15:00:00.033Z [INFO]: Recurring_6_12_18_0_Jobs CompletedQuotations Followup: true: Quotations Followup Job Completed, Create Quotations: First time => 0, Last time: 0 || Sent Quotations: First time => 0, Last time: 0 ||| 0 Successful
2025-06-28T16:00:00.021Z [INFO]: Recurring_7_10_13_16_19_Jobs Started
2025-06-28T16:00:00.022Z [INFO]: Quotation Expiry Check Job Started
2025-06-28T16:00:00.034Z [INFO]: Quotation Expiry Check Job Completed, Total Un-flagged Expired Quotations: 0, Updated: 0, Failed: 0
2025-06-28T16:00:00.035Z [INFO]: Recurring_7_10_13_16_19_Jobs CompletedQuotation Expiry Check: true: Quotation Expiry Check Job Completed, Total Un-flagged Expired Quotations: 0, Updated: 0, Failed: 0
