2025-08-08T21:00:00.019Z [INFO]: Daily Midnight Jobs Started
2025-08-08T21:00:00.025Z [INFO]: Delete Old Notifications (> 90 Days) Job Started
2025-08-08T21:00:00.039Z [INFO]: Recurring_6_12_18_0_Jobs Started
2025-08-08T21:00:00.039Z [INFO]: Quotations Followup Job Started
2025-08-08T21:00:00.040Z [INFO]: Delete Old Notifications (> 90 Days) Job Completed, Successful: 0 Old Notification Deleted
2025-08-08T21:00:00.041Z [INFO]: Lock Old Tasks Job Started
2025-08-08T21:00:00.041Z [ERROR]: TypeError - Cannot read properties of undefined (reading 'updateMany') Stack: TypeError: Cannot read properties of undefined (reading 'updateMany')
    at n.lockExpiredTasks (/home/edmartsy/public_html/oas.edmartsystems.com.default/.next/server/chunks/8467.js:1:4655)
    at c.lockExpiredTasks (/home/edmartsy/public_html/oas.edmartsystems.com.default/.next/server/chunks/8467.js:1:11974)
    at v (/home/edmartsy/public_html/oas.edmartsystems.com.default/.next/server/app/api/services/scheduler/route.js:1:2920)
    at p.job (/home/edmartsy/public_html/oas.edmartsystems.com.default/.next/server/app/api/services/scheduler/route.js:1:4084)
2025-08-08T21:00:00.043Z [ERROR]: TypeError - Cannot read properties of undefined (reading 'updateMany') Stack: TypeError: Cannot read properties of undefined (reading 'updateMany')
    at n.lockExpiredTasks (/home/edmartsy/public_html/oas.edmartsystems.com.default/.next/server/chunks/8467.js:1:4655)
    at c.lockExpiredTasks (/home/edmartsy/public_html/oas.edmartsystems.com.default/.next/server/chunks/8467.js:1:11974)
    at v (/home/edmartsy/public_html/oas.edmartsystems.com.default/.next/server/app/api/services/scheduler/route.js:1:2920)
    at p.job (/home/edmartsy/public_html/oas.edmartsystems.com.default/.next/server/app/api/services/scheduler/route.js:1:4084)
2025-08-08T21:00:00.043Z [INFO]: Lock Old Tasks Job Failed
2025-08-08T21:00:00.043Z [ERROR]: TypeError - Cannot read properties of undefined (reading 'updateMany') Stack: TypeError: Cannot read properties of undefined (reading 'updateMany')
    at n.lockExpiredTasks (/home/edmartsy/public_html/oas.edmartsystems.com.default/.next/server/chunks/8467.js:1:4655)
    at c.lockExpiredTasks (/home/edmartsy/public_html/oas.edmartsystems.com.default/.next/server/chunks/8467.js:1:11974)
    at v (/home/edmartsy/public_html/oas.edmartsystems.com.default/.next/server/app/api/services/scheduler/route.js:1:2920)
    at p.job (/home/edmartsy/public_html/oas.edmartsystems.com.default/.next/server/app/api/services/scheduler/route.js:1:4084)
2025-08-08T21:00:00.043Z [INFO]: Daily Midnight Jobs CompletedDelete Old Notifications: true: Delete Old Notifications (> 90 Days) Job Completed, Successful: 0 Old Notification Deleted
Lock Old Tasks: Something went wrong
2025-08-08T21:00:00.052Z [INFO]: Quotations Followup Job Completed, Create Quotations: First time => 0, Last time: 0 || Sent Quotations: First time => 0, Last time: 0 ||| 0 Successful
2025-08-08T21:00:00.053Z [INFO]: Recurring_6_12_18_0_Jobs CompletedQuotations Followup: true: Quotations Followup Job Completed, Create Quotations: First time => 0, Last time: 0 || Sent Quotations: First time => 0, Last time: 0 ||| 0 Successful
2025-08-09T03:00:00.015Z [INFO]: Recurring_6_12_18_0_Jobs Started
2025-08-09T03:00:00.016Z [INFO]: Quotations Followup Job Started
2025-08-09T03:00:00.035Z [INFO]: Quotations Followup Job Completed, Create Quotations: First time => 0, Last time: 0 || Sent Quotations: First time => 0, Last time: 0 ||| 0 Successful
2025-08-09T03:00:00.036Z [INFO]: Recurring_6_12_18_0_Jobs CompletedQuotations Followup: true: Quotations Followup Job Completed, Create Quotations: First time => 0, Last time: 0 || Sent Quotations: First time => 0, Last time: 0 ||| 0 Successful
2025-08-09T04:00:00.026Z [INFO]: Recurring_7_10_13_16_19_Jobs Started
2025-08-09T04:00:00.026Z [INFO]: Quotation Expiry Check Job Started
2025-08-09T04:00:00.037Z [INFO]: Quotation Expiry Check Job Completed, Total Un-flagged Expired Quotations: 0, Updated: 0, Failed: 0
2025-08-09T04:00:00.037Z [INFO]: Recurring_7_10_13_16_19_Jobs CompletedQuotation Expiry Check: true: Quotation Expiry Check Job Completed, Total Un-flagged Expired Quotations: 0, Updated: 0, Failed: 0
2025-08-09T07:00:00.026Z [INFO]: Recurring_7_10_13_16_19_Jobs Started
2025-08-09T07:00:00.026Z [INFO]: Quotation Expiry Check Job Started
2025-08-09T07:00:00.046Z [INFO]: Quotation Expiry Check Job Completed, Total Un-flagged Expired Quotations: 0, Updated: 0, Failed: 0
2025-08-09T07:00:00.046Z [INFO]: Recurring_7_10_13_16_19_Jobs CompletedQuotation Expiry Check: true: Quotation Expiry Check Job Completed, Total Un-flagged Expired Quotations: 0, Updated: 0, Failed: 0
2025-08-09T09:00:00.042Z [INFO]: Recurring_6_12_18_0_Jobs Started
2025-08-09T09:00:00.042Z [INFO]: Quotations Followup Job Started
2025-08-09T09:00:00.061Z [INFO]: Quotations Followup Job Completed, Create Quotations: First time => 0, Last time: 0 || Sent Quotations: First time => 0, Last time: 0 ||| 0 Successful
2025-08-09T09:00:00.061Z [INFO]: Recurring_6_12_18_0_Jobs CompletedQuotations Followup: true: Quotations Followup Job Completed, Create Quotations: First time => 0, Last time: 0 || Sent Quotations: First time => 0, Last time: 0 ||| 0 Successful
2025-08-09T10:00:00.037Z [INFO]: Recurring_7_10_13_16_19_Jobs Started
2025-08-09T10:00:00.037Z [INFO]: Quotation Expiry Check Job Started
2025-08-09T10:00:00.053Z [INFO]: Quotation Expiry Check Job Completed, Total Un-flagged Expired Quotations: 0, Updated: 0, Failed: 0
2025-08-09T10:00:00.053Z [INFO]: Recurring_7_10_13_16_19_Jobs CompletedQuotation Expiry Check: true: Quotation Expiry Check Job Completed, Total Un-flagged Expired Quotations: 0, Updated: 0, Failed: 0
2025-08-09T13:00:00.030Z [INFO]: Recurring_7_10_13_16_19_Jobs Started
2025-08-09T13:00:00.030Z [INFO]: Quotation Expiry Check Job Started
2025-08-09T13:00:00.040Z [INFO]: Quotation Expiry Check Job Completed, Total Un-flagged Expired Quotations: 0, Updated: 0, Failed: 0
2025-08-09T13:00:00.040Z [INFO]: Recurring_7_10_13_16_19_Jobs CompletedQuotation Expiry Check: true: Quotation Expiry Check Job Completed, Total Un-flagged Expired Quotations: 0, Updated: 0, Failed: 0
2025-08-09T15:17:17.123Z [INFO]: Scheduler instantiated!
2025-08-09T16:00:00.017Z [INFO]: Recurring_7_10_13_16_19_Jobs Started
2025-08-09T16:00:00.019Z [INFO]: Quotation Expiry Check Job Started
2025-08-09T16:00:00.033Z [INFO]: Quotation Expiry Check Job Completed, Total Un-flagged Expired Quotations: 0, Updated: 0, Failed: 0
2025-08-09T16:00:00.033Z [INFO]: Recurring_7_10_13_16_19_Jobs CompletedQuotation Expiry Check: true: Quotation Expiry Check Job Completed, Total Un-flagged Expired Quotations: 0, Updated: 0, Failed: 0
2025-08-09T16:10:34.533Z [INFO]: Quotation Tag Email Sent successfully
