2025-07-11T21:00:00.015Z [INFO]: Recurring_6_12_18_0_Jobs Started
2025-07-11T21:00:00.026Z [INFO]: Quotations Followup Job Started
2025-07-11T21:00:00.041Z [INFO]: Daily Midnight Jobs Started
2025-07-11T21:00:00.041Z [INFO]: Delete Old Notifications (> 90 Days) Job Started
2025-07-11T21:00:00.045Z [INFO]: Delete Old Notifications (> 90 Days) Job Completed, Successful: 0 Old Notification Deleted
2025-07-11T21:00:00.046Z [INFO]: Lock Old Tasks Job Started
2025-07-11T21:00:00.047Z [ERROR]: TypeError - Cannot read properties of undefined (reading 'updateMany') Stack: TypeError: Cannot read properties of undefined (reading 'updateMany')
    at n.lockExpiredTasks (/home/edmartsy/public_html/oas.edmartsystems.com.default/.next/server/chunks/8467.js:1:4655)
    at c.lockExpiredTasks (/home/edmartsy/public_html/oas.edmartsystems.com.default/.next/server/chunks/8467.js:1:11974)
    at v (/home/edmartsy/public_html/oas.edmartsystems.com.default/.next/server/app/api/services/scheduler/route.js:1:2920)
    at p.job (/home/edmartsy/public_html/oas.edmartsystems.com.default/.next/server/app/api/services/scheduler/route.js:1:4084)
2025-07-11T21:00:00.049Z [ERROR]: TypeError - Cannot read properties of undefined (reading 'updateMany') Stack: TypeError: Cannot read properties of undefined (reading 'updateMany')
    at n.lockExpiredTasks (/home/edmartsy/public_html/oas.edmartsystems.com.default/.next/server/chunks/8467.js:1:4655)
    at c.lockExpiredTasks (/home/edmartsy/public_html/oas.edmartsystems.com.default/.next/server/chunks/8467.js:1:11974)
    at v (/home/edmartsy/public_html/oas.edmartsystems.com.default/.next/server/app/api/services/scheduler/route.js:1:2920)
    at p.job (/home/edmartsy/public_html/oas.edmartsystems.com.default/.next/server/app/api/services/scheduler/route.js:1:4084)
2025-07-11T21:00:00.049Z [INFO]: Lock Old Tasks Job Failed
2025-07-11T21:00:00.049Z [ERROR]: TypeError - Cannot read properties of undefined (reading 'updateMany') Stack: TypeError: Cannot read properties of undefined (reading 'updateMany')
    at n.lockExpiredTasks (/home/edmartsy/public_html/oas.edmartsystems.com.default/.next/server/chunks/8467.js:1:4655)
    at c.lockExpiredTasks (/home/edmartsy/public_html/oas.edmartsystems.com.default/.next/server/chunks/8467.js:1:11974)
    at v (/home/edmartsy/public_html/oas.edmartsystems.com.default/.next/server/app/api/services/scheduler/route.js:1:2920)
    at p.job (/home/edmartsy/public_html/oas.edmartsystems.com.default/.next/server/app/api/services/scheduler/route.js:1:4084)
2025-07-11T21:00:00.050Z [INFO]: Daily Midnight Jobs CompletedDelete Old Notifications: true: Delete Old Notifications (> 90 Days) Job Completed, Successful: 0 Old Notification Deleted
Lock Old Tasks: Something went wrong
2025-07-11T21:00:00.051Z [INFO]: Quotations Followup Job Completed, Create Quotations: First time => 0, Last time: 0 || Sent Quotations: First time => 0, Last time: 0 ||| 0 Successful
2025-07-11T21:00:00.051Z [INFO]: Recurring_6_12_18_0_Jobs CompletedQuotations Followup: true: Quotations Followup Job Completed, Create Quotations: First time => 0, Last time: 0 || Sent Quotations: First time => 0, Last time: 0 ||| 0 Successful
2025-07-12T02:49:05.989Z [INFO]: Scheduler instantiated!
2025-07-12T03:00:00.044Z [INFO]: Recurring_6_12_18_0_Jobs Started
2025-07-12T03:00:00.047Z [INFO]: Quotations Followup Job Started
2025-07-12T03:00:00.076Z [INFO]: Quotations Followup Job Completed, Create Quotations: First time => 0, Last time: 0 || Sent Quotations: First time => 0, Last time: 0 ||| 0 Successful
2025-07-12T03:00:00.077Z [INFO]: Recurring_6_12_18_0_Jobs CompletedQuotations Followup: true: Quotations Followup Job Completed, Create Quotations: First time => 0, Last time: 0 || Sent Quotations: First time => 0, Last time: 0 ||| 0 Successful
2025-07-12T04:00:00.034Z [INFO]: Recurring_7_10_13_16_19_Jobs Started
2025-07-12T04:00:00.034Z [INFO]: Quotation Expiry Check Job Started
2025-07-12T04:00:00.044Z [INFO]: Quotation Expiry Check Job Completed, Total Un-flagged Expired Quotations: 0, Updated: 0, Failed: 0
2025-07-12T04:00:00.044Z [INFO]: Recurring_7_10_13_16_19_Jobs CompletedQuotation Expiry Check: true: Quotation Expiry Check Job Completed, Total Un-flagged Expired Quotations: 0, Updated: 0, Failed: 0
2025-07-12T06:43:13.249Z [INFO]: Quotation Tag Email Sent successfully
2025-07-12T07:00:00.030Z [INFO]: Recurring_7_10_13_16_19_Jobs Started
2025-07-12T07:00:00.031Z [INFO]: Quotation Expiry Check Job Started
2025-07-12T07:00:00.041Z [INFO]: Quotation Expiry Check Job Completed, Total Un-flagged Expired Quotations: 0, Updated: 0, Failed: 0
2025-07-12T07:00:00.041Z [INFO]: Recurring_7_10_13_16_19_Jobs CompletedQuotation Expiry Check: true: Quotation Expiry Check Job Completed, Total Un-flagged Expired Quotations: 0, Updated: 0, Failed: 0
2025-07-12T09:00:00.062Z [INFO]: Recurring_6_12_18_0_Jobs Started
2025-07-12T09:00:00.063Z [INFO]: Quotations Followup Job Started
2025-07-12T09:00:00.211Z [INFO]: Quotations Followup Job Completed, Create Quotations: First time => 0, Last time: 0 || Sent Quotations: First time => 0, Last time: 0 ||| 0 Successful
2025-07-12T09:00:00.212Z [INFO]: Recurring_6_12_18_0_Jobs CompletedQuotations Followup: true: Quotations Followup Job Completed, Create Quotations: First time => 0, Last time: 0 || Sent Quotations: First time => 0, Last time: 0 ||| 0 Successful
2025-07-12T10:00:00.018Z [INFO]: Recurring_7_10_13_16_19_Jobs Started
2025-07-12T10:00:00.019Z [INFO]: Quotation Expiry Check Job Started
2025-07-12T10:00:00.030Z [INFO]: Quotation Expiry Check Job Completed, Total Un-flagged Expired Quotations: 1, Updated: 1, Failed: 0
2025-07-12T10:00:00.030Z [INFO]: Recurring_7_10_13_16_19_Jobs CompletedQuotation Expiry Check: true: Quotation Expiry Check Job Completed, Total Un-flagged Expired Quotations: 1, Updated: 1, Failed: 0
2025-07-12T13:00:00.043Z [INFO]: Recurring_7_10_13_16_19_Jobs Started
2025-07-12T13:00:00.044Z [INFO]: Quotation Expiry Check Job Started
2025-07-12T13:00:00.056Z [INFO]: Quotation Expiry Check Job Completed, Total Un-flagged Expired Quotations: 0, Updated: 0, Failed: 0
2025-07-12T13:00:00.056Z [INFO]: Recurring_7_10_13_16_19_Jobs CompletedQuotation Expiry Check: true: Quotation Expiry Check Job Completed, Total Un-flagged Expired Quotations: 0, Updated: 0, Failed: 0
2025-07-12T15:00:00.032Z [INFO]: Recurring_6_12_18_0_Jobs Started
2025-07-12T15:00:00.033Z [INFO]: Quotations Followup Job Started
2025-07-12T15:00:00.050Z [INFO]: Quotations Followup Job Completed, Create Quotations: First time => 0, Last time: 0 || Sent Quotations: First time => 0, Last time: 0 ||| 0 Successful
2025-07-12T15:00:00.050Z [INFO]: Recurring_6_12_18_0_Jobs CompletedQuotations Followup: true: Quotations Followup Job Completed, Create Quotations: First time => 0, Last time: 0 || Sent Quotations: First time => 0, Last time: 0 ||| 0 Successful
2025-07-12T16:00:00.028Z [INFO]: Recurring_7_10_13_16_19_Jobs Started
2025-07-12T16:00:00.029Z [INFO]: Quotation Expiry Check Job Started
2025-07-12T16:00:00.097Z [INFO]: Quotation Expiry Check Job Completed, Total Un-flagged Expired Quotations: 0, Updated: 0, Failed: 0
2025-07-12T16:00:00.098Z [INFO]: Recurring_7_10_13_16_19_Jobs CompletedQuotation Expiry Check: true: Quotation Expiry Check Job Completed, Total Un-flagged Expired Quotations: 0, Updated: 0, Failed: 0
