2025-06-23T21:00:00.020Z [INFO]: Recurring_6_12_18_0_Jobs Started
2025-06-23T21:00:00.024Z [INFO]: Quotations Followup Job Started
2025-06-23T21:00:00.039Z [INFO]: Daily Midnight Jobs Started
2025-06-23T21:00:00.040Z [INFO]: Delete Old Notifications (> 90 Days) Job Started
2025-06-23T21:00:00.042Z [INFO]: Delete Old Notifications (> 90 Days) Job Completed, Successful: 0 Old Notification Deleted
2025-06-23T21:00:00.042Z [INFO]: Daily Midnight Jobs CompletedDelete Old Notifications: true: Delete Old Notifications (> 90 Days) Job Completed, Successful: 0 Old Notification Deleted
2025-06-23T21:00:00.046Z [INFO]: Quotations Followup Job Completed, Create Quotations: First time => 0, Last time: 0 || Sent Quotations: First time => 0, Last time: 0 ||| 0 Successful
2025-06-23T21:00:00.046Z [INFO]: Recurring_6_12_18_0_Jobs CompletedQuotations Followup: true: Quotations Followup Job Completed, Create Quotations: First time => 0, Last time: 0 || Sent Quotations: First time => 0, Last time: 0 ||| 0 Successful
2025-06-24T03:00:00.016Z [INFO]: Recurring_6_12_18_0_Jobs Started
2025-06-24T03:00:00.017Z [INFO]: Quotations Followup Job Started
2025-06-24T03:00:00.033Z [INFO]: Quotations Followup Job Completed, Create Quotations: First time => 0, Last time: 0 || Sent Quotations: First time => 0, Last time: 0 ||| 0 Successful
2025-06-24T03:00:00.034Z [INFO]: Recurring_6_12_18_0_Jobs CompletedQuotations Followup: true: Quotations Followup Job Completed, Create Quotations: First time => 0, Last time: 0 || Sent Quotations: First time => 0, Last time: 0 ||| 0 Successful
2025-06-24T04:00:00.027Z [INFO]: Recurring_7_10_13_16_19_Jobs Started
2025-06-24T04:00:00.027Z [INFO]: Quotation Expiry Check Job Started
2025-06-24T04:00:00.036Z [INFO]: Quotation Expiry Check Job Completed, Total Un-flagged Expired Quotations: 0, Updated: 0, Failed: 0
2025-06-24T04:00:00.036Z [INFO]: Recurring_7_10_13_16_19_Jobs CompletedQuotation Expiry Check: true: Quotation Expiry Check Job Completed, Total Un-flagged Expired Quotations: 0, Updated: 0, Failed: 0
2025-06-24T07:00:00.030Z [INFO]: Recurring_7_10_13_16_19_Jobs Started
2025-06-24T07:00:00.031Z [INFO]: Quotation Expiry Check Job Started
2025-06-24T07:00:00.050Z [INFO]: Quotation Expiry Check Job Completed, Total Un-flagged Expired Quotations: 0, Updated: 0, Failed: 0
2025-06-24T07:00:00.051Z [INFO]: Recurring_7_10_13_16_19_Jobs CompletedQuotation Expiry Check: true: Quotation Expiry Check Job Completed, Total Un-flagged Expired Quotations: 0, Updated: 0, Failed: 0
2025-06-24T09:00:00.019Z [INFO]: Recurring_6_12_18_0_Jobs Started
2025-06-24T09:00:00.019Z [INFO]: Quotations Followup Job Started
2025-06-24T09:00:00.040Z [INFO]: Quotations Followup Job Completed, Create Quotations: First time => 0, Last time: 0 || Sent Quotations: First time => 0, Last time: 0 ||| 0 Successful
2025-06-24T09:00:00.040Z [INFO]: Recurring_6_12_18_0_Jobs CompletedQuotations Followup: true: Quotations Followup Job Completed, Create Quotations: First time => 0, Last time: 0 || Sent Quotations: First time => 0, Last time: 0 ||| 0 Successful
2025-06-24T10:00:00.039Z [INFO]: Recurring_7_10_13_16_19_Jobs Started
2025-06-24T10:00:00.040Z [INFO]: Quotation Expiry Check Job Started
2025-06-24T10:00:00.049Z [INFO]: Quotation Expiry Check Job Completed, Total Un-flagged Expired Quotations: 0, Updated: 0, Failed: 0
2025-06-24T10:00:00.049Z [INFO]: Recurring_7_10_13_16_19_Jobs CompletedQuotation Expiry Check: true: Quotation Expiry Check Job Completed, Total Un-flagged Expired Quotations: 0, Updated: 0, Failed: 0
2025-06-24T10:48:33.615Z [INFO]: Scheduler instantiated!
2025-06-24T13:00:00.032Z [INFO]: Recurring_7_10_13_16_19_Jobs Started
2025-06-24T13:00:00.034Z [INFO]: Quotation Expiry Check Job Started
2025-06-24T13:00:00.066Z [INFO]: Quotation Expiry Check Job Completed, Total Un-flagged Expired Quotations: 0, Updated: 0, Failed: 0
2025-06-24T13:00:00.066Z [INFO]: Recurring_7_10_13_16_19_Jobs CompletedQuotation Expiry Check: true: Quotation Expiry Check Job Completed, Total Un-flagged Expired Quotations: 0, Updated: 0, Failed: 0
2025-06-24T15:00:00.033Z [INFO]: Recurring_6_12_18_0_Jobs Started
2025-06-24T15:00:00.034Z [INFO]: Quotations Followup Job Started
2025-06-24T15:00:00.049Z [INFO]: Quotations Followup Job Completed, Create Quotations: First time => 0, Last time: 0 || Sent Quotations: First time => 0, Last time: 0 ||| 0 Successful
2025-06-24T15:00:00.049Z [INFO]: Recurring_6_12_18_0_Jobs CompletedQuotations Followup: true: Quotations Followup Job Completed, Create Quotations: First time => 0, Last time: 0 || Sent Quotations: First time => 0, Last time: 0 ||| 0 Successful
2025-06-24T16:00:00.023Z [INFO]: Recurring_7_10_13_16_19_Jobs Started
2025-06-24T16:00:00.024Z [INFO]: Quotation Expiry Check Job Started
2025-06-24T16:00:00.033Z [INFO]: Quotation Expiry Check Job Completed, Total Un-flagged Expired Quotations: 0, Updated: 0, Failed: 0
2025-06-24T16:00:00.034Z [INFO]: Recurring_7_10_13_16_19_Jobs CompletedQuotation Expiry Check: true: Quotation Expiry Check Job Completed, Total Un-flagged Expired Quotations: 0, Updated: 0, Failed: 0
