2025-06-08T21:00:00.032Z [INFO]: Recurring_6_12_18_0_Jobs Started
2025-06-08T21:00:00.036Z [INFO]: Quotations Followup Job Started
2025-06-08T21:00:00.053Z [INFO]: Daily Midnight Jobs Started
2025-06-08T21:00:00.053Z [INFO]: Delete Old Notifications (> 90 Days) Job Started
2025-06-08T21:00:00.057Z [INFO]: Delete Old Notifications (> 90 Days) Job Completed, Successful: 0 Old Notification Deleted
2025-06-08T21:00:00.057Z [INFO]: Daily Midnight Jobs CompletedDelete Old Notifications: true: Delete Old Notifications (> 90 Days) Job Completed, Successful: 0 Old Notification Deleted
2025-06-08T21:00:00.059Z [INFO]: Quotations Followup Job Completed, Create Quotations: First time => 0, Last time: 0 || Sent Quotations: First time => 0, Last time: 0 ||| 0 Successful
2025-06-08T21:00:00.059Z [INFO]: Recurring_6_12_18_0_Jobs CompletedQuotations Followup: true: Quotations Followup Job Completed, Create Quotations: First time => 0, Last time: 0 || Sent Quotations: First time => 0, Last time: 0 ||| 0 Successful
2025-06-09T03:00:00.012Z [INFO]: Recurring_6_12_18_0_Jobs Started
2025-06-09T03:00:00.013Z [INFO]: Quotations Followup Job Started
2025-06-09T03:00:00.029Z [INFO]: Quotations Followup Job Completed, Create Quotations: First time => 0, Last time: 0 || Sent Quotations: First time => 0, Last time: 0 ||| 0 Successful
2025-06-09T03:00:00.029Z [INFO]: Recurring_6_12_18_0_Jobs CompletedQuotations Followup: true: Quotations Followup Job Completed, Create Quotations: First time => 0, Last time: 0 || Sent Quotations: First time => 0, Last time: 0 ||| 0 Successful
2025-06-09T04:00:00.011Z [INFO]: Recurring_7_10_13_16_19_Jobs Started
2025-06-09T04:00:00.011Z [INFO]: Quotation Expiry Check Job Started
2025-06-09T04:00:00.019Z [INFO]: Quotation Expiry Check Job Completed, Total Un-flagged Expired Quotations: 0, Updated: 0, Failed: 0
2025-06-09T04:00:00.019Z [INFO]: Recurring_7_10_13_16_19_Jobs CompletedQuotation Expiry Check: true: Quotation Expiry Check Job Completed, Total Un-flagged Expired Quotations: 0, Updated: 0, Failed: 0
2025-06-09T07:00:00.042Z [INFO]: Recurring_7_10_13_16_19_Jobs Started
2025-06-09T07:00:00.042Z [INFO]: Quotation Expiry Check Job Started
2025-06-09T07:00:00.059Z [INFO]: Quotation Expiry Check Job Completed, Total Un-flagged Expired Quotations: 0, Updated: 0, Failed: 0
2025-06-09T07:00:00.059Z [INFO]: Recurring_7_10_13_16_19_Jobs CompletedQuotation Expiry Check: true: Quotation Expiry Check Job Completed, Total Un-flagged Expired Quotations: 0, Updated: 0, Failed: 0
2025-06-09T09:00:00.026Z [INFO]: Recurring_6_12_18_0_Jobs Started
2025-06-09T09:00:00.026Z [INFO]: Quotations Followup Job Started
2025-06-09T09:00:00.038Z [INFO]: Quotations Followup Job Completed, Create Quotations: First time => 0, Last time: 0 || Sent Quotations: First time => 0, Last time: 0 ||| 0 Successful
2025-06-09T09:00:00.038Z [INFO]: Recurring_6_12_18_0_Jobs CompletedQuotations Followup: true: Quotations Followup Job Completed, Create Quotations: First time => 0, Last time: 0 || Sent Quotations: First time => 0, Last time: 0 ||| 0 Successful
2025-06-09T10:00:00.013Z [INFO]: Recurring_7_10_13_16_19_Jobs Started
2025-06-09T10:00:00.013Z [INFO]: Quotation Expiry Check Job Started
2025-06-09T10:00:00.023Z [INFO]: Quotation Expiry Check Job Completed, Total Un-flagged Expired Quotations: 0, Updated: 0, Failed: 0
2025-06-09T10:00:00.023Z [INFO]: Recurring_7_10_13_16_19_Jobs CompletedQuotation Expiry Check: true: Quotation Expiry Check Job Completed, Total Un-flagged Expired Quotations: 0, Updated: 0, Failed: 0
2025-06-09T13:00:00.011Z [INFO]: Recurring_7_10_13_16_19_Jobs Started
2025-06-09T13:00:00.011Z [INFO]: Quotation Expiry Check Job Started
2025-06-09T13:00:00.020Z [INFO]: Quotation Expiry Check Job Completed, Total Un-flagged Expired Quotations: 0, Updated: 0, Failed: 0
2025-06-09T13:00:00.020Z [INFO]: Recurring_7_10_13_16_19_Jobs CompletedQuotation Expiry Check: true: Quotation Expiry Check Job Completed, Total Un-flagged Expired Quotations: 0, Updated: 0, Failed: 0
2025-06-09T15:00:00.046Z [INFO]: Recurring_6_12_18_0_Jobs Started
2025-06-09T15:00:00.046Z [INFO]: Quotations Followup Job Started
2025-06-09T15:00:00.058Z [INFO]: Quotations Followup Job Completed, Create Quotations: First time => 0, Last time: 0 || Sent Quotations: First time => 0, Last time: 0 ||| 0 Successful
2025-06-09T15:00:00.058Z [INFO]: Recurring_6_12_18_0_Jobs CompletedQuotations Followup: true: Quotations Followup Job Completed, Create Quotations: First time => 0, Last time: 0 || Sent Quotations: First time => 0, Last time: 0 ||| 0 Successful
2025-06-09T16:00:00.033Z [INFO]: Recurring_7_10_13_16_19_Jobs Started
2025-06-09T16:00:00.034Z [INFO]: Quotation Expiry Check Job Started
2025-06-09T16:00:00.043Z [INFO]: Quotation Expiry Check Job Completed, Total Un-flagged Expired Quotations: 0, Updated: 0, Failed: 0
2025-06-09T16:00:00.043Z [INFO]: Recurring_7_10_13_16_19_Jobs CompletedQuotation Expiry Check: true: Quotation Expiry Check Job Completed, Total Un-flagged Expired Quotations: 0, Updated: 0, Failed: 0
