2025-06-05T21:00:00.022Z [INFO]: Recurring_6_12_18_0_Jobs Started
2025-06-05T21:00:00.023Z [INFO]: Quotations Followup Job Started
2025-06-05T21:00:00.032Z [INFO]: Daily Midnight Jobs Started
2025-06-05T21:00:00.032Z [INFO]: Delete Old Notifications (> 90 Days) Job Started
2025-06-05T21:00:00.035Z [INFO]: Delete Old Notifications (> 90 Days) Job Completed, Successful: 0 Old Notification Deleted
2025-06-05T21:00:00.035Z [INFO]: Daily Midnight Jobs CompletedDelete Old Notifications: true: Delete Old Notifications (> 90 Days) Job Completed, Successful: 0 Old Notification Deleted
2025-06-05T21:00:00.037Z [INFO]: Quotations Followup Job Completed, Create Quotations: First time => 0, Last time: 0 || Sent Quotations: First time => 0, Last time: 0 ||| 0 Successful
2025-06-05T21:00:00.037Z [INFO]: Recurring_6_12_18_0_Jobs CompletedQuotations Followup: true: Quotations Followup Job Completed, Create Quotations: First time => 0, Last time: 0 || Sent Quotations: First time => 0, Last time: 0 ||| 0 Successful
2025-06-06T03:00:00.012Z [INFO]: Recurring_6_12_18_0_Jobs Started
2025-06-06T03:00:00.012Z [INFO]: Quotations Followup Job Started
2025-06-06T03:00:00.031Z [INFO]: Quotations Followup Job Completed, Create Quotations: First time => 0, Last time: 0 || Sent Quotations: First time => 0, Last time: 0 ||| 0 Successful
2025-06-06T03:00:00.031Z [INFO]: Recurring_6_12_18_0_Jobs CompletedQuotations Followup: true: Quotations Followup Job Completed, Create Quotations: First time => 0, Last time: 0 || Sent Quotations: First time => 0, Last time: 0 ||| 0 Successful
2025-06-06T04:00:00.031Z [INFO]: Recurring_7_10_13_16_19_Jobs Started
2025-06-06T04:00:00.031Z [INFO]: Quotation Expiry Check Job Started
2025-06-06T04:00:00.039Z [INFO]: Quotation Expiry Check Job Completed, Total Un-flagged Expired Quotations: 0, Updated: 0, Failed: 0
2025-06-06T04:00:00.039Z [INFO]: Recurring_7_10_13_16_19_Jobs CompletedQuotation Expiry Check: true: Quotation Expiry Check Job Completed, Total Un-flagged Expired Quotations: 0, Updated: 0, Failed: 0
2025-06-06T07:00:00.026Z [INFO]: Recurring_7_10_13_16_19_Jobs Started
2025-06-06T07:00:00.026Z [INFO]: Quotation Expiry Check Job Started
2025-06-06T07:00:00.042Z [INFO]: Quotation Expiry Check Job Completed, Total Un-flagged Expired Quotations: 0, Updated: 0, Failed: 0
2025-06-06T07:00:00.042Z [INFO]: Recurring_7_10_13_16_19_Jobs CompletedQuotation Expiry Check: true: Quotation Expiry Check Job Completed, Total Un-flagged Expired Quotations: 0, Updated: 0, Failed: 0
2025-06-06T09:00:00.017Z [INFO]: Recurring_6_12_18_0_Jobs Started
2025-06-06T09:00:00.017Z [INFO]: Quotations Followup Job Started
2025-06-06T09:00:00.032Z [INFO]: Quotations Followup Job Completed, Create Quotations: First time => 0, Last time: 0 || Sent Quotations: First time => 0, Last time: 0 ||| 0 Successful
2025-06-06T09:00:00.032Z [INFO]: Recurring_6_12_18_0_Jobs CompletedQuotations Followup: true: Quotations Followup Job Completed, Create Quotations: First time => 0, Last time: 0 || Sent Quotations: First time => 0, Last time: 0 ||| 0 Successful
2025-06-06T10:00:00.018Z [INFO]: Recurring_7_10_13_16_19_Jobs Started
2025-06-06T10:00:00.019Z [INFO]: Quotation Expiry Check Job Started
2025-06-06T10:00:00.028Z [INFO]: Quotation Expiry Check Job Completed, Total Un-flagged Expired Quotations: 0, Updated: 0, Failed: 0
2025-06-06T10:00:00.029Z [INFO]: Recurring_7_10_13_16_19_Jobs CompletedQuotation Expiry Check: true: Quotation Expiry Check Job Completed, Total Un-flagged Expired Quotations: 0, Updated: 0, Failed: 0
2025-06-06T13:00:00.037Z [INFO]: Recurring_7_10_13_16_19_Jobs Started
2025-06-06T13:00:00.037Z [INFO]: Quotation Expiry Check Job Started
2025-06-06T13:00:00.048Z [INFO]: Quotation Expiry Check Job Completed, Total Un-flagged Expired Quotations: 0, Updated: 0, Failed: 0
2025-06-06T13:00:00.048Z [INFO]: Recurring_7_10_13_16_19_Jobs CompletedQuotation Expiry Check: true: Quotation Expiry Check Job Completed, Total Un-flagged Expired Quotations: 0, Updated: 0, Failed: 0
2025-06-06T15:00:00.037Z [INFO]: Recurring_6_12_18_0_Jobs Started
2025-06-06T15:00:00.037Z [INFO]: Quotations Followup Job Started
2025-06-06T15:00:00.051Z [INFO]: Quotations Followup Job Completed, Create Quotations: First time => 0, Last time: 0 || Sent Quotations: First time => 0, Last time: 0 ||| 0 Successful
2025-06-06T15:00:00.051Z [INFO]: Recurring_6_12_18_0_Jobs CompletedQuotations Followup: true: Quotations Followup Job Completed, Create Quotations: First time => 0, Last time: 0 || Sent Quotations: First time => 0, Last time: 0 ||| 0 Successful
2025-06-06T16:00:00.030Z [INFO]: Recurring_7_10_13_16_19_Jobs Started
2025-06-06T16:00:00.031Z [INFO]: Quotation Expiry Check Job Started
2025-06-06T16:00:00.043Z [INFO]: Quotation Expiry Check Job Completed, Total Un-flagged Expired Quotations: 0, Updated: 0, Failed: 0
2025-06-06T16:00:00.044Z [INFO]: Recurring_7_10_13_16_19_Jobs CompletedQuotation Expiry Check: true: Quotation Expiry Check Job Completed, Total Un-flagged Expired Quotations: 0, Updated: 0, Failed: 0
