2025-08-15T06:10:45.264Z [ERROR]: PrismaClientInitializationError - 
Invalid `prisma.quotation_type.findMany()` invocation:


Can't reach database server at `localhost:3306`

Please make sure your database server is running at `localhost:3306`. Stack: PrismaClientInitializationError: 
Invalid `prisma.quotation_type.findMany()` invocation:


Can't reach database server at `localhost:3306`

Please make sure your database server is running at `localhost:3306`.
    at $n.handleRequestError (/home/edson/Desktop/0as_13_8_2025_3_53_pm/node_modules/@prisma/client/runtime/library.js:121:7615)
    at $n.handleAndLogRequestError (/home/edson/Desktop/0as_13_8_2025_3_53_pm/node_modules/@prisma/client/runtime/library.js:121:6623)
    at $n.request (/home/edson/Desktop/0as_13_8_2025_3_53_pm/node_modules/@prisma/client/runtime/library.js:121:6307)
    at async l (/home/edson/Desktop/0as_13_8_2025_3_53_pm/node_modules/@prisma/client/runtime/library.js:130:9633)
    at async QuotationsRepository.fetchQuotationTypes (webpack-internal:///(rsc)/./src/services/quotations-service/quotations.repository.ts:20:40)
    at async QuotationsService.getCreateQuotationPageData (webpack-internal:///(rsc)/./src/services/quotations-service/quotations.service.ts:40:40)
    at async QuotationsService.getEditQuotationPageData (webpack-internal:///(rsc)/./src/services/quotations-service/quotations.service.ts:74:41)
    at async getEditQuotationsPageData (webpack-internal:///(rsc)/./src/server-actions/quotations-actions/quotations.actions.ts:67:29)
    at async getData (webpack-internal:///(rsc)/./src/app/dashboard/quotations/edit/[id]/page.tsx:37:17)
    at async EditQuotationPage (webpack-internal:///(rsc)/./src/app/dashboard/quotations/edit/[id]/page.tsx:47:18)
2025-08-15T06:10:45.266Z [ERROR]: PrismaClientInitializationError - 
Invalid `prisma.quotation_type.findMany()` invocation:


Can't reach database server at `localhost:3306`

Please make sure your database server is running at `localhost:3306`. Stack: PrismaClientInitializationError: 
Invalid `prisma.quotation_type.findMany()` invocation:


Can't reach database server at `localhost:3306`

Please make sure your database server is running at `localhost:3306`.
    at $n.handleRequestError (/home/edson/Desktop/0as_13_8_2025_3_53_pm/node_modules/@prisma/client/runtime/library.js:121:7615)
    at $n.handleAndLogRequestError (/home/edson/Desktop/0as_13_8_2025_3_53_pm/node_modules/@prisma/client/runtime/library.js:121:6623)
    at $n.request (/home/edson/Desktop/0as_13_8_2025_3_53_pm/node_modules/@prisma/client/runtime/library.js:121:6307)
    at async l (/home/edson/Desktop/0as_13_8_2025_3_53_pm/node_modules/@prisma/client/runtime/library.js:130:9633)
    at async QuotationsRepository.fetchQuotationTypes (webpack-internal:///(rsc)/./src/services/quotations-service/quotations.repository.ts:20:40)
    at async QuotationsService.getCreateQuotationPageData (webpack-internal:///(rsc)/./src/services/quotations-service/quotations.service.ts:40:40)
    at async QuotationsService.getEditQuotationPageData (webpack-internal:///(rsc)/./src/services/quotations-service/quotations.service.ts:74:41)
    at async getEditQuotationsPageData (webpack-internal:///(rsc)/./src/server-actions/quotations-actions/quotations.actions.ts:67:29)
    at async getData (webpack-internal:///(rsc)/./src/app/dashboard/quotations/edit/[id]/page.tsx:37:17)
    at async EditQuotationPage (webpack-internal:///(rsc)/./src/app/dashboard/quotations/edit/[id]/page.tsx:47:18)
2025-08-15T06:10:45.267Z [ERROR]: PrismaClientInitializationError - 
Invalid `prisma.quotation_type.findMany()` invocation:


Can't reach database server at `localhost:3306`

Please make sure your database server is running at `localhost:3306`. Stack: PrismaClientInitializationError: 
Invalid `prisma.quotation_type.findMany()` invocation:


Can't reach database server at `localhost:3306`

Please make sure your database server is running at `localhost:3306`.
    at $n.handleRequestError (/home/edson/Desktop/0as_13_8_2025_3_53_pm/node_modules/@prisma/client/runtime/library.js:121:7615)
    at $n.handleAndLogRequestError (/home/edson/Desktop/0as_13_8_2025_3_53_pm/node_modules/@prisma/client/runtime/library.js:121:6623)
    at $n.request (/home/edson/Desktop/0as_13_8_2025_3_53_pm/node_modules/@prisma/client/runtime/library.js:121:6307)
    at async l (/home/edson/Desktop/0as_13_8_2025_3_53_pm/node_modules/@prisma/client/runtime/library.js:130:9633)
    at async QuotationsRepository.fetchQuotationTypes (webpack-internal:///(rsc)/./src/services/quotations-service/quotations.repository.ts:20:40)
    at async QuotationsService.getCreateQuotationPageData (webpack-internal:///(rsc)/./src/services/quotations-service/quotations.service.ts:40:40)
    at async QuotationsService.getEditQuotationPageData (webpack-internal:///(rsc)/./src/services/quotations-service/quotations.service.ts:74:41)
    at async getEditQuotationsPageData (webpack-internal:///(rsc)/./src/server-actions/quotations-actions/quotations.actions.ts:67:29)
    at async getData (webpack-internal:///(rsc)/./src/app/dashboard/quotations/edit/[id]/page.tsx:37:17)
    at async EditQuotationPage (webpack-internal:///(rsc)/./src/app/dashboard/quotations/edit/[id]/page.tsx:47:18)
2025-08-15T06:10:45.268Z [ERROR]: PrismaClientInitializationError - 
Invalid `prisma.quotation_type.findMany()` invocation:


Can't reach database server at `localhost:3306`

Please make sure your database server is running at `localhost:3306`. Stack: PrismaClientInitializationError: 
Invalid `prisma.quotation_type.findMany()` invocation:


Can't reach database server at `localhost:3306`

Please make sure your database server is running at `localhost:3306`.
    at $n.handleRequestError (/home/edson/Desktop/0as_13_8_2025_3_53_pm/node_modules/@prisma/client/runtime/library.js:121:7615)
    at $n.handleAndLogRequestError (/home/edson/Desktop/0as_13_8_2025_3_53_pm/node_modules/@prisma/client/runtime/library.js:121:6623)
    at $n.request (/home/edson/Desktop/0as_13_8_2025_3_53_pm/node_modules/@prisma/client/runtime/library.js:121:6307)
    at async l (/home/edson/Desktop/0as_13_8_2025_3_53_pm/node_modules/@prisma/client/runtime/library.js:130:9633)
    at async QuotationsRepository.fetchQuotationTypes (webpack-internal:///(rsc)/./src/services/quotations-service/quotations.repository.ts:20:40)
    at async QuotationsService.getCreateQuotationPageData (webpack-internal:///(rsc)/./src/services/quotations-service/quotations.service.ts:40:40)
    at async QuotationsService.getEditQuotationPageData (webpack-internal:///(rsc)/./src/services/quotations-service/quotations.service.ts:74:41)
    at async getEditQuotationsPageData (webpack-internal:///(rsc)/./src/server-actions/quotations-actions/quotations.actions.ts:67:29)
    at async getData (webpack-internal:///(rsc)/./src/app/dashboard/quotations/edit/[id]/page.tsx:37:17)
    at async EditQuotationPage (webpack-internal:///(rsc)/./src/app/dashboard/quotations/edit/[id]/page.tsx:47:18)
2025-08-15T06:11:00.663Z [ERROR]: PrismaClientInitializationError - 
Invalid `prisma.quotation_draft.findMany()` invocation:


Can't reach database server at `localhost:3306`

Please make sure your database server is running at `localhost:3306`. Stack: PrismaClientInitializationError: 
Invalid `prisma.quotation_draft.findMany()` invocation:


Can't reach database server at `localhost:3306`

Please make sure your database server is running at `localhost:3306`.
    at $n.handleRequestError (/home/edson/Desktop/0as_13_8_2025_3_53_pm/node_modules/@prisma/client/runtime/library.js:121:7615)
    at $n.handleAndLogRequestError (/home/edson/Desktop/0as_13_8_2025_3_53_pm/node_modules/@prisma/client/runtime/library.js:121:6623)
    at $n.request (/home/edson/Desktop/0as_13_8_2025_3_53_pm/node_modules/@prisma/client/runtime/library.js:121:6307)
    at async l (/home/edson/Desktop/0as_13_8_2025_3_53_pm/node_modules/@prisma/client/runtime/library.js:130:9633)
    at async QuotationsRepository.fetchUserQuotationDrafts (webpack-internal:///(rsc)/./src/services/quotations-service/quotations.repository.ts:1207:43)
    at async QuotationsService.fetchQuotationDrafts (webpack-internal:///(rsc)/./src/services/quotations-service/quotations.service.ts:705:41)
    at async PUT (webpack-internal:///(rsc)/./src/app/api/quotations/drafts/route.ts:56:21)
    at async /home/edson/Desktop/0as_13_8_2025_3_53_pm/node_modules/next/dist/compiled/next-server/app-route.runtime.dev.js:6:63251
2025-08-15T06:11:00.665Z [ERROR]: PrismaClientInitializationError - 
Invalid `prisma.quotation_draft.findMany()` invocation:


Can't reach database server at `localhost:3306`

Please make sure your database server is running at `localhost:3306`. Stack: PrismaClientInitializationError: 
Invalid `prisma.quotation_draft.findMany()` invocation:


Can't reach database server at `localhost:3306`

Please make sure your database server is running at `localhost:3306`.
    at $n.handleRequestError (/home/edson/Desktop/0as_13_8_2025_3_53_pm/node_modules/@prisma/client/runtime/library.js:121:7615)
    at $n.handleAndLogRequestError (/home/edson/Desktop/0as_13_8_2025_3_53_pm/node_modules/@prisma/client/runtime/library.js:121:6623)
    at $n.request (/home/edson/Desktop/0as_13_8_2025_3_53_pm/node_modules/@prisma/client/runtime/library.js:121:6307)
    at async l (/home/edson/Desktop/0as_13_8_2025_3_53_pm/node_modules/@prisma/client/runtime/library.js:130:9633)
    at async QuotationsRepository.fetchUserQuotationDrafts (webpack-internal:///(rsc)/./src/services/quotations-service/quotations.repository.ts:1207:43)
    at async QuotationsService.fetchQuotationDrafts (webpack-internal:///(rsc)/./src/services/quotations-service/quotations.service.ts:705:41)
    at async PUT (webpack-internal:///(rsc)/./src/app/api/quotations/drafts/route.ts:56:21)
    at async /home/edson/Desktop/0as_13_8_2025_3_53_pm/node_modules/next/dist/compiled/next-server/app-route.runtime.dev.js:6:63251
2025-08-15T06:11:00.665Z [ERROR]: PrismaClientInitializationError - 
Invalid `prisma.quotation_draft.findMany()` invocation:


Can't reach database server at `localhost:3306`

Please make sure your database server is running at `localhost:3306`. Stack: PrismaClientInitializationError: 
Invalid `prisma.quotation_draft.findMany()` invocation:


Can't reach database server at `localhost:3306`

Please make sure your database server is running at `localhost:3306`.
    at $n.handleRequestError (/home/edson/Desktop/0as_13_8_2025_3_53_pm/node_modules/@prisma/client/runtime/library.js:121:7615)
    at $n.handleAndLogRequestError (/home/edson/Desktop/0as_13_8_2025_3_53_pm/node_modules/@prisma/client/runtime/library.js:121:6623)
    at $n.request (/home/edson/Desktop/0as_13_8_2025_3_53_pm/node_modules/@prisma/client/runtime/library.js:121:6307)
    at async l (/home/edson/Desktop/0as_13_8_2025_3_53_pm/node_modules/@prisma/client/runtime/library.js:130:9633)
    at async QuotationsRepository.fetchUserQuotationDrafts (webpack-internal:///(rsc)/./src/services/quotations-service/quotations.repository.ts:1207:43)
    at async QuotationsService.fetchQuotationDrafts (webpack-internal:///(rsc)/./src/services/quotations-service/quotations.service.ts:705:41)
    at async PUT (webpack-internal:///(rsc)/./src/app/api/quotations/drafts/route.ts:56:21)
    at async /home/edson/Desktop/0as_13_8_2025_3_53_pm/node_modules/next/dist/compiled/next-server/app-route.runtime.dev.js:6:63251
2025-08-15T06:11:00.666Z [ERROR]: PrismaClientInitializationError - 
Invalid `prisma.user.findUnique()` invocation:


Can't reach database server at `localhost:3306`

Please make sure your database server is running at `localhost:3306`. Stack: PrismaClientInitializationError: 
Invalid `prisma.user.findUnique()` invocation:


Can't reach database server at `localhost:3306`

Please make sure your database server is running at `localhost:3306`.
    at $n.handleRequestError (/home/edson/Desktop/0as_13_8_2025_3_53_pm/node_modules/@prisma/client/runtime/library.js:121:7615)
    at $n.handleAndLogRequestError (/home/edson/Desktop/0as_13_8_2025_3_53_pm/node_modules/@prisma/client/runtime/library.js:121:6623)
    at $n.request (/home/edson/Desktop/0as_13_8_2025_3_53_pm/node_modules/@prisma/client/runtime/library.js:121:6307)
    at async l (/home/edson/Desktop/0as_13_8_2025_3_53_pm/node_modules/@prisma/client/runtime/library.js:130:9633)
    at async UserRepository.fetchUserByCompanyId (webpack-internal:///(rsc)/./src/services/user-service/user.repository.ts:236:30)
    at async UserService.checkUserStatusOnHeartbeat (webpack-internal:///(rsc)/./src/services/user-service/user.service.ts:594:30)
    at async POST (webpack-internal:///(rsc)/./src/app/api/session/user-heartbeat/route.ts:41:21)
    at async /home/edson/Desktop/0as_13_8_2025_3_53_pm/node_modules/next/dist/compiled/next-server/app-route.runtime.dev.js:6:63251
2025-08-15T06:11:00.666Z [ERROR]: PrismaClientInitializationError - 
Invalid `prisma.quotation_draft.findMany()` invocation:


Can't reach database server at `localhost:3306`

Please make sure your database server is running at `localhost:3306`. Stack: PrismaClientInitializationError: 
Invalid `prisma.quotation_draft.findMany()` invocation:


Can't reach database server at `localhost:3306`

Please make sure your database server is running at `localhost:3306`.
    at $n.handleRequestError (/home/edson/Desktop/0as_13_8_2025_3_53_pm/node_modules/@prisma/client/runtime/library.js:121:7615)
    at $n.handleAndLogRequestError (/home/edson/Desktop/0as_13_8_2025_3_53_pm/node_modules/@prisma/client/runtime/library.js:121:6623)
    at $n.request (/home/edson/Desktop/0as_13_8_2025_3_53_pm/node_modules/@prisma/client/runtime/library.js:121:6307)
    at async l (/home/edson/Desktop/0as_13_8_2025_3_53_pm/node_modules/@prisma/client/runtime/library.js:130:9633)
    at async QuotationsRepository.fetchUserQuotationDrafts (webpack-internal:///(rsc)/./src/services/quotations-service/quotations.repository.ts:1207:43)
    at async QuotationsService.fetchQuotationDrafts (webpack-internal:///(rsc)/./src/services/quotations-service/quotations.service.ts:705:41)
    at async PUT (webpack-internal:///(rsc)/./src/app/api/quotations/drafts/route.ts:56:21)
    at async /home/edson/Desktop/0as_13_8_2025_3_53_pm/node_modules/next/dist/compiled/next-server/app-route.runtime.dev.js:6:63251
2025-08-15T06:11:00.667Z [ERROR]: PrismaClientInitializationError - 
Invalid `prisma.quotation_draft.findMany()` invocation:


Can't reach database server at `localhost:3306`

Please make sure your database server is running at `localhost:3306`. Stack: PrismaClientInitializationError: 
Invalid `prisma.quotation_draft.findMany()` invocation:


Can't reach database server at `localhost:3306`

Please make sure your database server is running at `localhost:3306`.
    at $n.handleRequestError (/home/edson/Desktop/0as_13_8_2025_3_53_pm/node_modules/@prisma/client/runtime/library.js:121:7615)
    at $n.handleAndLogRequestError (/home/edson/Desktop/0as_13_8_2025_3_53_pm/node_modules/@prisma/client/runtime/library.js:121:6623)
    at $n.request (/home/edson/Desktop/0as_13_8_2025_3_53_pm/node_modules/@prisma/client/runtime/library.js:121:6307)
    at async l (/home/edson/Desktop/0as_13_8_2025_3_53_pm/node_modules/@prisma/client/runtime/library.js:130:9633)
    at async QuotationsRepository.fetchUserQuotationDrafts (webpack-internal:///(rsc)/./src/services/quotations-service/quotations.repository.ts:1207:43)
    at async QuotationsService.fetchQuotationDrafts (webpack-internal:///(rsc)/./src/services/quotations-service/quotations.service.ts:705:41)
    at async PUT (webpack-internal:///(rsc)/./src/app/api/quotations/drafts/route.ts:56:21)
    at async /home/edson/Desktop/0as_13_8_2025_3_53_pm/node_modules/next/dist/compiled/next-server/app-route.runtime.dev.js:6:63251
2025-08-15T06:11:00.667Z [ERROR]: PrismaClientInitializationError - 
Invalid `prisma.quotation_draft.findMany()` invocation:


Can't reach database server at `localhost:3306`

Please make sure your database server is running at `localhost:3306`. Stack: PrismaClientInitializationError: 
Invalid `prisma.quotation_draft.findMany()` invocation:


Can't reach database server at `localhost:3306`

Please make sure your database server is running at `localhost:3306`.
    at $n.handleRequestError (/home/edson/Desktop/0as_13_8_2025_3_53_pm/node_modules/@prisma/client/runtime/library.js:121:7615)
    at $n.handleAndLogRequestError (/home/edson/Desktop/0as_13_8_2025_3_53_pm/node_modules/@prisma/client/runtime/library.js:121:6623)
    at $n.request (/home/edson/Desktop/0as_13_8_2025_3_53_pm/node_modules/@prisma/client/runtime/library.js:121:6307)
    at async l (/home/edson/Desktop/0as_13_8_2025_3_53_pm/node_modules/@prisma/client/runtime/library.js:130:9633)
    at async QuotationsRepository.fetchUserQuotationDrafts (webpack-internal:///(rsc)/./src/services/quotations-service/quotations.repository.ts:1207:43)
    at async QuotationsService.fetchQuotationDrafts (webpack-internal:///(rsc)/./src/services/quotations-service/quotations.service.ts:705:41)
    at async PUT (webpack-internal:///(rsc)/./src/app/api/quotations/drafts/route.ts:56:21)
    at async /home/edson/Desktop/0as_13_8_2025_3_53_pm/node_modules/next/dist/compiled/next-server/app-route.runtime.dev.js:6:63251
2025-08-15T06:11:00.667Z [ERROR]: PrismaClientInitializationError - 
Invalid `prisma.user.findUnique()` invocation:


Can't reach database server at `localhost:3306`

Please make sure your database server is running at `localhost:3306`. Stack: PrismaClientInitializationError: 
Invalid `prisma.user.findUnique()` invocation:


Can't reach database server at `localhost:3306`

Please make sure your database server is running at `localhost:3306`.
    at $n.handleRequestError (/home/edson/Desktop/0as_13_8_2025_3_53_pm/node_modules/@prisma/client/runtime/library.js:121:7615)
    at $n.handleAndLogRequestError (/home/edson/Desktop/0as_13_8_2025_3_53_pm/node_modules/@prisma/client/runtime/library.js:121:6623)
    at $n.request (/home/edson/Desktop/0as_13_8_2025_3_53_pm/node_modules/@prisma/client/runtime/library.js:121:6307)
    at async l (/home/edson/Desktop/0as_13_8_2025_3_53_pm/node_modules/@prisma/client/runtime/library.js:130:9633)
    at async UserRepository.fetchUserByCompanyId (webpack-internal:///(rsc)/./src/services/user-service/user.repository.ts:236:30)
    at async UserService.checkUserStatusOnHeartbeat (webpack-internal:///(rsc)/./src/services/user-service/user.service.ts:594:30)
    at async POST (webpack-internal:///(rsc)/./src/app/api/session/user-heartbeat/route.ts:41:21)
    at async /home/edson/Desktop/0as_13_8_2025_3_53_pm/node_modules/next/dist/compiled/next-server/app-route.runtime.dev.js:6:63251
2025-08-15T06:11:00.667Z [ERROR]: PrismaClientInitializationError - 
Invalid `prisma.quotation_draft.findMany()` invocation:


Can't reach database server at `localhost:3306`

Please make sure your database server is running at `localhost:3306`. Stack: PrismaClientInitializationError: 
Invalid `prisma.quotation_draft.findMany()` invocation:


Can't reach database server at `localhost:3306`

Please make sure your database server is running at `localhost:3306`.
    at $n.handleRequestError (/home/edson/Desktop/0as_13_8_2025_3_53_pm/node_modules/@prisma/client/runtime/library.js:121:7615)
    at $n.handleAndLogRequestError (/home/edson/Desktop/0as_13_8_2025_3_53_pm/node_modules/@prisma/client/runtime/library.js:121:6623)
    at $n.request (/home/edson/Desktop/0as_13_8_2025_3_53_pm/node_modules/@prisma/client/runtime/library.js:121:6307)
    at async l (/home/edson/Desktop/0as_13_8_2025_3_53_pm/node_modules/@prisma/client/runtime/library.js:130:9633)
    at async QuotationsRepository.fetchUserQuotationDrafts (webpack-internal:///(rsc)/./src/services/quotations-service/quotations.repository.ts:1207:43)
    at async QuotationsService.fetchQuotationDrafts (webpack-internal:///(rsc)/./src/services/quotations-service/quotations.service.ts:705:41)
    at async PUT (webpack-internal:///(rsc)/./src/app/api/quotations/drafts/route.ts:56:21)
    at async /home/edson/Desktop/0as_13_8_2025_3_53_pm/node_modules/next/dist/compiled/next-server/app-route.runtime.dev.js:6:63251
2025-08-15T06:11:00.669Z [ERROR]: PrismaClientInitializationError - 
Invalid `prisma.quotation_draft.findMany()` invocation:


Can't reach database server at `localhost:3306`

Please make sure your database server is running at `localhost:3306`. Stack: PrismaClientInitializationError: 
Invalid `prisma.quotation_draft.findMany()` invocation:


Can't reach database server at `localhost:3306`

Please make sure your database server is running at `localhost:3306`.
    at $n.handleRequestError (/home/edson/Desktop/0as_13_8_2025_3_53_pm/node_modules/@prisma/client/runtime/library.js:121:7615)
    at $n.handleAndLogRequestError (/home/edson/Desktop/0as_13_8_2025_3_53_pm/node_modules/@prisma/client/runtime/library.js:121:6623)
    at $n.request (/home/edson/Desktop/0as_13_8_2025_3_53_pm/node_modules/@prisma/client/runtime/library.js:121:6307)
    at async l (/home/edson/Desktop/0as_13_8_2025_3_53_pm/node_modules/@prisma/client/runtime/library.js:130:9633)
    at async QuotationsRepository.fetchUserQuotationDrafts (webpack-internal:///(rsc)/./src/services/quotations-service/quotations.repository.ts:1207:43)
    at async QuotationsService.fetchQuotationDrafts (webpack-internal:///(rsc)/./src/services/quotations-service/quotations.service.ts:705:41)
    at async PUT (webpack-internal:///(rsc)/./src/app/api/quotations/drafts/route.ts:56:21)
    at async /home/edson/Desktop/0as_13_8_2025_3_53_pm/node_modules/next/dist/compiled/next-server/app-route.runtime.dev.js:6:63251
2025-08-15T06:11:00.669Z [ERROR]: PrismaClientInitializationError - 
Invalid `prisma.quotation_draft.findMany()` invocation:


Can't reach database server at `localhost:3306`

Please make sure your database server is running at `localhost:3306`. Stack: PrismaClientInitializationError: 
Invalid `prisma.quotation_draft.findMany()` invocation:


Can't reach database server at `localhost:3306`

Please make sure your database server is running at `localhost:3306`.
    at $n.handleRequestError (/home/edson/Desktop/0as_13_8_2025_3_53_pm/node_modules/@prisma/client/runtime/library.js:121:7615)
    at $n.handleAndLogRequestError (/home/edson/Desktop/0as_13_8_2025_3_53_pm/node_modules/@prisma/client/runtime/library.js:121:6623)
    at $n.request (/home/edson/Desktop/0as_13_8_2025_3_53_pm/node_modules/@prisma/client/runtime/library.js:121:6307)
    at async l (/home/edson/Desktop/0as_13_8_2025_3_53_pm/node_modules/@prisma/client/runtime/library.js:130:9633)
    at async QuotationsRepository.fetchUserQuotationDrafts (webpack-internal:///(rsc)/./src/services/quotations-service/quotations.repository.ts:1207:43)
    at async QuotationsService.fetchQuotationDrafts (webpack-internal:///(rsc)/./src/services/quotations-service/quotations.service.ts:705:41)
    at async PUT (webpack-internal:///(rsc)/./src/app/api/quotations/drafts/route.ts:56:21)
    at async /home/edson/Desktop/0as_13_8_2025_3_53_pm/node_modules/next/dist/compiled/next-server/app-route.runtime.dev.js:6:63251
2025-08-15T06:11:00.670Z [ERROR]: PrismaClientInitializationError - 
Invalid `prisma.user.findUnique()` invocation:


Can't reach database server at `localhost:3306`

Please make sure your database server is running at `localhost:3306`. Stack: PrismaClientInitializationError: 
Invalid `prisma.user.findUnique()` invocation:


Can't reach database server at `localhost:3306`

Please make sure your database server is running at `localhost:3306`.
    at $n.handleRequestError (/home/edson/Desktop/0as_13_8_2025_3_53_pm/node_modules/@prisma/client/runtime/library.js:121:7615)
    at $n.handleAndLogRequestError (/home/edson/Desktop/0as_13_8_2025_3_53_pm/node_modules/@prisma/client/runtime/library.js:121:6623)
    at $n.request (/home/edson/Desktop/0as_13_8_2025_3_53_pm/node_modules/@prisma/client/runtime/library.js:121:6307)
    at async l (/home/edson/Desktop/0as_13_8_2025_3_53_pm/node_modules/@prisma/client/runtime/library.js:130:9633)
    at async UserRepository.fetchUserByCompanyId (webpack-internal:///(rsc)/./src/services/user-service/user.repository.ts:236:30)
    at async UserService.checkUserStatusOnHeartbeat (webpack-internal:///(rsc)/./src/services/user-service/user.service.ts:594:30)
    at async POST (webpack-internal:///(rsc)/./src/app/api/session/user-heartbeat/route.ts:41:21)
    at async /home/edson/Desktop/0as_13_8_2025_3_53_pm/node_modules/next/dist/compiled/next-server/app-route.runtime.dev.js:6:63251
2025-08-15T06:11:01.042Z [ERROR]: PrismaClientInitializationError - 
Invalid `prisma.notification.findMany()` invocation:


Can't reach database server at `localhost:3306`

Please make sure your database server is running at `localhost:3306`. Stack: PrismaClientInitializationError: 
Invalid `prisma.notification.findMany()` invocation:


Can't reach database server at `localhost:3306`

Please make sure your database server is running at `localhost:3306`.
    at $n.handleRequestError (/home/edson/Desktop/0as_13_8_2025_3_53_pm/node_modules/@prisma/client/runtime/library.js:121:7615)
    at $n.handleAndLogRequestError (/home/edson/Desktop/0as_13_8_2025_3_53_pm/node_modules/@prisma/client/runtime/library.js:121:6623)
    at $n.request (/home/edson/Desktop/0as_13_8_2025_3_53_pm/node_modules/@prisma/client/runtime/library.js:121:6307)
    at async l (/home/edson/Desktop/0as_13_8_2025_3_53_pm/node_modules/@prisma/client/runtime/library.js:130:9633)
    at async NotificationRepository.fetchUserNotifications (webpack-internal:///(action-browser)/./src/services/notification-service/notification.repository.ts:43:39)
    at async NotificationService.getUserNotifications (webpack-internal:///(action-browser)/./src/services/notification-service/notification.service.ts:18:39)
    at async fetchUserNotifications (webpack-internal:///(action-browser)/./src/server-actions/notification-actions/notification.actions.ts:35:21)
    at async /home/edson/Desktop/0as_13_8_2025_3_53_pm/node_modules/next/dist/compiled/next-server/app-page.runtime.dev.js:39:406
    at async t0 (/home/edson/Desktop/0as_13_8_2025_3_53_pm/node_modules/next/dist/compiled/next-server/app-page.runtime.dev.js:38:5773)
    at async rh (/home/edson/Desktop/0as_13_8_2025_3_53_pm/node_modules/next/dist/compiled/next-server/app-page.runtime.dev.js:39:23636)
    at async doRender (/home/edson/Desktop/0as_13_8_2025_3_53_pm/node_modules/next/dist/server/base-server.js:1391:30)
    at async cacheEntry.responseCache.get.routeKind (/home/edson/Desktop/0as_13_8_2025_3_53_pm/node_modules/next/dist/server/base-server.js:1540:40)
    at async DevServer.renderToResponseWithComponentsImpl (/home/edson/Desktop/0as_13_8_2025_3_53_pm/node_modules/next/dist/server/base-server.js:1460:28)
    at async DevServer.renderPageComponent (/home/edson/Desktop/0as_13_8_2025_3_53_pm/node_modules/next/dist/server/base-server.js:1843:24)
    at async DevServer.renderToResponseImpl (/home/edson/Desktop/0as_13_8_2025_3_53_pm/node_modules/next/dist/server/base-server.js:1881:32)
    at async DevServer.pipeImpl (/home/edson/Desktop/0as_13_8_2025_3_53_pm/node_modules/next/dist/server/base-server.js:909:25)
    at async NextNodeServer.handleCatchallRenderRequest (/home/edson/Desktop/0as_13_8_2025_3_53_pm/node_modules/next/dist/server/next-server.js:266:17)
    at async DevServer.handleRequestImpl (/home/edson/Desktop/0as_13_8_2025_3_53_pm/node_modules/next/dist/server/base-server.js:805:17)
2025-08-15T06:11:01.044Z [ERROR]: PrismaClientInitializationError - 
Invalid `prisma.notification.findMany()` invocation:


Can't reach database server at `localhost:3306`

Please make sure your database server is running at `localhost:3306`. Stack: PrismaClientInitializationError: 
Invalid `prisma.notification.findMany()` invocation:


Can't reach database server at `localhost:3306`

Please make sure your database server is running at `localhost:3306`.
    at $n.handleRequestError (/home/edson/Desktop/0as_13_8_2025_3_53_pm/node_modules/@prisma/client/runtime/library.js:121:7615)
    at $n.handleAndLogRequestError (/home/edson/Desktop/0as_13_8_2025_3_53_pm/node_modules/@prisma/client/runtime/library.js:121:6623)
    at $n.request (/home/edson/Desktop/0as_13_8_2025_3_53_pm/node_modules/@prisma/client/runtime/library.js:121:6307)
    at async l (/home/edson/Desktop/0as_13_8_2025_3_53_pm/node_modules/@prisma/client/runtime/library.js:130:9633)
    at async NotificationRepository.fetchUserNotifications (webpack-internal:///(action-browser)/./src/services/notification-service/notification.repository.ts:43:39)
    at async NotificationService.getUserNotifications (webpack-internal:///(action-browser)/./src/services/notification-service/notification.service.ts:18:39)
    at async fetchUserNotifications (webpack-internal:///(action-browser)/./src/server-actions/notification-actions/notification.actions.ts:35:21)
    at async /home/edson/Desktop/0as_13_8_2025_3_53_pm/node_modules/next/dist/compiled/next-server/app-page.runtime.dev.js:39:406
    at async t0 (/home/edson/Desktop/0as_13_8_2025_3_53_pm/node_modules/next/dist/compiled/next-server/app-page.runtime.dev.js:38:5773)
    at async rh (/home/edson/Desktop/0as_13_8_2025_3_53_pm/node_modules/next/dist/compiled/next-server/app-page.runtime.dev.js:39:23636)
    at async doRender (/home/edson/Desktop/0as_13_8_2025_3_53_pm/node_modules/next/dist/server/base-server.js:1391:30)
    at async cacheEntry.responseCache.get.routeKind (/home/edson/Desktop/0as_13_8_2025_3_53_pm/node_modules/next/dist/server/base-server.js:1540:40)
    at async DevServer.renderToResponseWithComponentsImpl (/home/edson/Desktop/0as_13_8_2025_3_53_pm/node_modules/next/dist/server/base-server.js:1460:28)
    at async DevServer.renderPageComponent (/home/edson/Desktop/0as_13_8_2025_3_53_pm/node_modules/next/dist/server/base-server.js:1843:24)
    at async DevServer.renderToResponseImpl (/home/edson/Desktop/0as_13_8_2025_3_53_pm/node_modules/next/dist/server/base-server.js:1881:32)
    at async DevServer.pipeImpl (/home/edson/Desktop/0as_13_8_2025_3_53_pm/node_modules/next/dist/server/base-server.js:909:25)
    at async NextNodeServer.handleCatchallRenderRequest (/home/edson/Desktop/0as_13_8_2025_3_53_pm/node_modules/next/dist/server/next-server.js:266:17)
    at async DevServer.handleRequestImpl (/home/edson/Desktop/0as_13_8_2025_3_53_pm/node_modules/next/dist/server/base-server.js:805:17)
2025-08-15T06:11:01.046Z [ERROR]: PrismaClientInitializationError - 
Invalid `prisma.notification.findMany()` invocation:


Can't reach database server at `localhost:3306`

Please make sure your database server is running at `localhost:3306`. Stack: PrismaClientInitializationError: 
Invalid `prisma.notification.findMany()` invocation:


Can't reach database server at `localhost:3306`

Please make sure your database server is running at `localhost:3306`.
    at $n.handleRequestError (/home/edson/Desktop/0as_13_8_2025_3_53_pm/node_modules/@prisma/client/runtime/library.js:121:7615)
    at $n.handleAndLogRequestError (/home/edson/Desktop/0as_13_8_2025_3_53_pm/node_modules/@prisma/client/runtime/library.js:121:6623)
    at $n.request (/home/edson/Desktop/0as_13_8_2025_3_53_pm/node_modules/@prisma/client/runtime/library.js:121:6307)
    at async l (/home/edson/Desktop/0as_13_8_2025_3_53_pm/node_modules/@prisma/client/runtime/library.js:130:9633)
    at async NotificationRepository.fetchUserNotifications (webpack-internal:///(action-browser)/./src/services/notification-service/notification.repository.ts:43:39)
    at async NotificationService.getUserNotifications (webpack-internal:///(action-browser)/./src/services/notification-service/notification.service.ts:18:39)
    at async fetchUserNotifications (webpack-internal:///(action-browser)/./src/server-actions/notification-actions/notification.actions.ts:35:21)
    at async /home/edson/Desktop/0as_13_8_2025_3_53_pm/node_modules/next/dist/compiled/next-server/app-page.runtime.dev.js:39:406
    at async t0 (/home/edson/Desktop/0as_13_8_2025_3_53_pm/node_modules/next/dist/compiled/next-server/app-page.runtime.dev.js:38:5773)
    at async rh (/home/edson/Desktop/0as_13_8_2025_3_53_pm/node_modules/next/dist/compiled/next-server/app-page.runtime.dev.js:39:23636)
    at async doRender (/home/edson/Desktop/0as_13_8_2025_3_53_pm/node_modules/next/dist/server/base-server.js:1391:30)
    at async cacheEntry.responseCache.get.routeKind (/home/edson/Desktop/0as_13_8_2025_3_53_pm/node_modules/next/dist/server/base-server.js:1540:40)
    at async DevServer.renderToResponseWithComponentsImpl (/home/edson/Desktop/0as_13_8_2025_3_53_pm/node_modules/next/dist/server/base-server.js:1460:28)
    at async DevServer.renderPageComponent (/home/edson/Desktop/0as_13_8_2025_3_53_pm/node_modules/next/dist/server/base-server.js:1843:24)
    at async DevServer.renderToResponseImpl (/home/edson/Desktop/0as_13_8_2025_3_53_pm/node_modules/next/dist/server/base-server.js:1881:32)
    at async DevServer.pipeImpl (/home/edson/Desktop/0as_13_8_2025_3_53_pm/node_modules/next/dist/server/base-server.js:909:25)
    at async NextNodeServer.handleCatchallRenderRequest (/home/edson/Desktop/0as_13_8_2025_3_53_pm/node_modules/next/dist/server/next-server.js:266:17)
    at async DevServer.handleRequestImpl (/home/edson/Desktop/0as_13_8_2025_3_53_pm/node_modules/next/dist/server/base-server.js:805:17)
2025-08-15T06:11:01.093Z [ERROR]: PrismaClientInitializationError - 
Invalid `prisma.user.findUnique()` invocation:


Can't reach database server at `localhost:3306`

Please make sure your database server is running at `localhost:3306`. Stack: PrismaClientInitializationError: 
Invalid `prisma.user.findUnique()` invocation:


Can't reach database server at `localhost:3306`

Please make sure your database server is running at `localhost:3306`.
    at $n.handleRequestError (/home/edson/Desktop/0as_13_8_2025_3_53_pm/node_modules/@prisma/client/runtime/library.js:121:7615)
    at $n.handleAndLogRequestError (/home/edson/Desktop/0as_13_8_2025_3_53_pm/node_modules/@prisma/client/runtime/library.js:121:6623)
    at $n.request (/home/edson/Desktop/0as_13_8_2025_3_53_pm/node_modules/@prisma/client/runtime/library.js:121:6307)
    at async l (/home/edson/Desktop/0as_13_8_2025_3_53_pm/node_modules/@prisma/client/runtime/library.js:130:9633)
    at async UserRepository.fetchUserByCompanyId (webpack-internal:///(rsc)/./src/services/user-service/user.repository.ts:236:30)
    at async UserService.checkUserStatusOnHeartbeat (webpack-internal:///(rsc)/./src/services/user-service/user.service.ts:594:30)
    at async POST (webpack-internal:///(rsc)/./src/app/api/session/user-heartbeat/route.ts:41:21)
    at async /home/edson/Desktop/0as_13_8_2025_3_53_pm/node_modules/next/dist/compiled/next-server/app-route.runtime.dev.js:6:63251
2025-08-15T06:11:01.094Z [ERROR]: PrismaClientInitializationError - 
Invalid `prisma.user.findUnique()` invocation:


Can't reach database server at `localhost:3306`

Please make sure your database server is running at `localhost:3306`. Stack: PrismaClientInitializationError: 
Invalid `prisma.user.findUnique()` invocation:


Can't reach database server at `localhost:3306`

Please make sure your database server is running at `localhost:3306`.
    at $n.handleRequestError (/home/edson/Desktop/0as_13_8_2025_3_53_pm/node_modules/@prisma/client/runtime/library.js:121:7615)
    at $n.handleAndLogRequestError (/home/edson/Desktop/0as_13_8_2025_3_53_pm/node_modules/@prisma/client/runtime/library.js:121:6623)
    at $n.request (/home/edson/Desktop/0as_13_8_2025_3_53_pm/node_modules/@prisma/client/runtime/library.js:121:6307)
    at async l (/home/edson/Desktop/0as_13_8_2025_3_53_pm/node_modules/@prisma/client/runtime/library.js:130:9633)
    at async UserRepository.fetchUserByCompanyId (webpack-internal:///(rsc)/./src/services/user-service/user.repository.ts:236:30)
    at async UserService.checkUserStatusOnHeartbeat (webpack-internal:///(rsc)/./src/services/user-service/user.service.ts:594:30)
    at async POST (webpack-internal:///(rsc)/./src/app/api/session/user-heartbeat/route.ts:41:21)
    at async /home/edson/Desktop/0as_13_8_2025_3_53_pm/node_modules/next/dist/compiled/next-server/app-route.runtime.dev.js:6:63251
2025-08-15T06:11:01.094Z [ERROR]: PrismaClientInitializationError - 
Invalid `prisma.user.findUnique()` invocation:


Can't reach database server at `localhost:3306`

Please make sure your database server is running at `localhost:3306`. Stack: PrismaClientInitializationError: 
Invalid `prisma.user.findUnique()` invocation:


Can't reach database server at `localhost:3306`

Please make sure your database server is running at `localhost:3306`.
    at $n.handleRequestError (/home/edson/Desktop/0as_13_8_2025_3_53_pm/node_modules/@prisma/client/runtime/library.js:121:7615)
    at $n.handleAndLogRequestError (/home/edson/Desktop/0as_13_8_2025_3_53_pm/node_modules/@prisma/client/runtime/library.js:121:6623)
    at $n.request (/home/edson/Desktop/0as_13_8_2025_3_53_pm/node_modules/@prisma/client/runtime/library.js:121:6307)
    at async l (/home/edson/Desktop/0as_13_8_2025_3_53_pm/node_modules/@prisma/client/runtime/library.js:130:9633)
    at async UserRepository.fetchUserByCompanyId (webpack-internal:///(rsc)/./src/services/user-service/user.repository.ts:236:30)
    at async UserService.checkUserStatusOnHeartbeat (webpack-internal:///(rsc)/./src/services/user-service/user.service.ts:594:30)
    at async POST (webpack-internal:///(rsc)/./src/app/api/session/user-heartbeat/route.ts:41:21)
    at async /home/edson/Desktop/0as_13_8_2025_3_53_pm/node_modules/next/dist/compiled/next-server/app-route.runtime.dev.js:6:63251
2025-08-15T06:11:01.179Z [ERROR]: PrismaClientInitializationError - 
Invalid `prisma.$queryRaw()` invocation:


Can't reach database server at `localhost:3306`

Please make sure your database server is running at `localhost:3306`. Stack: PrismaClientInitializationError: 
Invalid `prisma.$queryRaw()` invocation:


Can't reach database server at `localhost:3306`

Please make sure your database server is running at `localhost:3306`.
    at $n.handleRequestError (/home/edson/Desktop/0as_13_8_2025_3_53_pm/node_modules/@prisma/client/runtime/library.js:121:7615)
    at $n.handleAndLogRequestError (/home/edson/Desktop/0as_13_8_2025_3_53_pm/node_modules/@prisma/client/runtime/library.js:121:6623)
    at $n.request (/home/edson/Desktop/0as_13_8_2025_3_53_pm/node_modules/@prisma/client/runtime/library.js:121:6307)
    at async l (/home/edson/Desktop/0as_13_8_2025_3_53_pm/node_modules/@prisma/client/runtime/library.js:130:9633)
    at async QuotationsRepository.fetchQuotationStatusCount (webpack-internal:///(rsc)/./src/services/quotations-service/quotations.repository.ts:435:36)
    at async QuotationsService.getQuotationsSumSummary (webpack-internal:///(rsc)/./src/services/quotations-service/quotations.service.ts:358:30)
    at async getQuotationsSums (webpack-internal:///(rsc)/./src/server-actions/quotations-actions/quotations.actions.ts:126:21)
    at async getSummaryData (webpack-internal:///(rsc)/./src/app/dashboard/quotations/page.tsx:49:17)
    at async QuotationsPage (webpack-internal:///(rsc)/./src/app/dashboard/quotations/page.tsx:62:31)
2025-08-15T06:11:01.180Z [ERROR]: PrismaClientInitializationError - 
Invalid `prisma.$queryRaw()` invocation:


Can't reach database server at `localhost:3306`

Please make sure your database server is running at `localhost:3306`. Stack: PrismaClientInitializationError: 
Invalid `prisma.$queryRaw()` invocation:


Can't reach database server at `localhost:3306`

Please make sure your database server is running at `localhost:3306`.
    at $n.handleRequestError (/home/edson/Desktop/0as_13_8_2025_3_53_pm/node_modules/@prisma/client/runtime/library.js:121:7615)
    at $n.handleAndLogRequestError (/home/edson/Desktop/0as_13_8_2025_3_53_pm/node_modules/@prisma/client/runtime/library.js:121:6623)
    at $n.request (/home/edson/Desktop/0as_13_8_2025_3_53_pm/node_modules/@prisma/client/runtime/library.js:121:6307)
    at async l (/home/edson/Desktop/0as_13_8_2025_3_53_pm/node_modules/@prisma/client/runtime/library.js:130:9633)
    at async QuotationsRepository.fetchQuotationStatusCount (webpack-internal:///(rsc)/./src/services/quotations-service/quotations.repository.ts:435:36)
    at async QuotationsService.getQuotationsSumSummary (webpack-internal:///(rsc)/./src/services/quotations-service/quotations.service.ts:358:30)
    at async getQuotationsSums (webpack-internal:///(rsc)/./src/server-actions/quotations-actions/quotations.actions.ts:126:21)
    at async getSummaryData (webpack-internal:///(rsc)/./src/app/dashboard/quotations/page.tsx:49:17)
    at async QuotationsPage (webpack-internal:///(rsc)/./src/app/dashboard/quotations/page.tsx:62:31)
2025-08-15T06:11:01.180Z [ERROR]: PrismaClientInitializationError - 
Invalid `prisma.$queryRaw()` invocation:


Can't reach database server at `localhost:3306`

Please make sure your database server is running at `localhost:3306`. Stack: PrismaClientInitializationError: 
Invalid `prisma.$queryRaw()` invocation:


Can't reach database server at `localhost:3306`

Please make sure your database server is running at `localhost:3306`.
    at $n.handleRequestError (/home/edson/Desktop/0as_13_8_2025_3_53_pm/node_modules/@prisma/client/runtime/library.js:121:7615)
    at $n.handleAndLogRequestError (/home/edson/Desktop/0as_13_8_2025_3_53_pm/node_modules/@prisma/client/runtime/library.js:121:6623)
    at $n.request (/home/edson/Desktop/0as_13_8_2025_3_53_pm/node_modules/@prisma/client/runtime/library.js:121:6307)
    at async l (/home/edson/Desktop/0as_13_8_2025_3_53_pm/node_modules/@prisma/client/runtime/library.js:130:9633)
    at async QuotationsRepository.fetchQuotationStatusCount (webpack-internal:///(rsc)/./src/services/quotations-service/quotations.repository.ts:435:36)
    at async QuotationsService.getQuotationsSumSummary (webpack-internal:///(rsc)/./src/services/quotations-service/quotations.service.ts:358:30)
    at async getQuotationsSums (webpack-internal:///(rsc)/./src/server-actions/quotations-actions/quotations.actions.ts:126:21)
    at async getSummaryData (webpack-internal:///(rsc)/./src/app/dashboard/quotations/page.tsx:49:17)
    at async QuotationsPage (webpack-internal:///(rsc)/./src/app/dashboard/quotations/page.tsx:62:31)
2025-08-15T06:11:01.180Z [ERROR]: PrismaClientInitializationError - 
Invalid `prisma.$queryRaw()` invocation:


Can't reach database server at `localhost:3306`

Please make sure your database server is running at `localhost:3306`. Stack: PrismaClientInitializationError: 
Invalid `prisma.$queryRaw()` invocation:


Can't reach database server at `localhost:3306`

Please make sure your database server is running at `localhost:3306`.
    at $n.handleRequestError (/home/edson/Desktop/0as_13_8_2025_3_53_pm/node_modules/@prisma/client/runtime/library.js:121:7615)
    at $n.handleAndLogRequestError (/home/edson/Desktop/0as_13_8_2025_3_53_pm/node_modules/@prisma/client/runtime/library.js:121:6623)
    at $n.request (/home/edson/Desktop/0as_13_8_2025_3_53_pm/node_modules/@prisma/client/runtime/library.js:121:6307)
    at async l (/home/edson/Desktop/0as_13_8_2025_3_53_pm/node_modules/@prisma/client/runtime/library.js:130:9633)
    at async QuotationsRepository.fetchQuotationStatusCount (webpack-internal:///(rsc)/./src/services/quotations-service/quotations.repository.ts:435:36)
    at async QuotationsService.getQuotationsSumSummary (webpack-internal:///(rsc)/./src/services/quotations-service/quotations.service.ts:358:30)
    at async getQuotationsSums (webpack-internal:///(rsc)/./src/server-actions/quotations-actions/quotations.actions.ts:126:21)
    at async getSummaryData (webpack-internal:///(rsc)/./src/app/dashboard/quotations/page.tsx:49:17)
    at async QuotationsPage (webpack-internal:///(rsc)/./src/app/dashboard/quotations/page.tsx:62:31)
2025-08-15T06:11:01.180Z [ERROR]: PrismaClientInitializationError - 
Invalid `prisma.$queryRaw()` invocation:


Can't reach database server at `localhost:3306`

Please make sure your database server is running at `localhost:3306`. Stack: PrismaClientInitializationError: 
Invalid `prisma.$queryRaw()` invocation:


Can't reach database server at `localhost:3306`

Please make sure your database server is running at `localhost:3306`.
    at $n.handleRequestError (/home/edson/Desktop/0as_13_8_2025_3_53_pm/node_modules/@prisma/client/runtime/library.js:121:7615)
    at $n.handleAndLogRequestError (/home/edson/Desktop/0as_13_8_2025_3_53_pm/node_modules/@prisma/client/runtime/library.js:121:6623)
    at $n.request (/home/edson/Desktop/0as_13_8_2025_3_53_pm/node_modules/@prisma/client/runtime/library.js:121:6307)
    at async l (/home/edson/Desktop/0as_13_8_2025_3_53_pm/node_modules/@prisma/client/runtime/library.js:130:9633)
    at async QuotationsRepository.fetchQuotationStatusCount (webpack-internal:///(rsc)/./src/services/quotations-service/quotations.repository.ts:435:36)
    at async QuotationsService.getQuotationsSumSummary (webpack-internal:///(rsc)/./src/services/quotations-service/quotations.service.ts:358:30)
    at async getQuotationsSums (webpack-internal:///(rsc)/./src/server-actions/quotations-actions/quotations.actions.ts:126:21)
    at async getSummaryData (webpack-internal:///(rsc)/./src/app/dashboard/quotations/page.tsx:49:17)
    at async QuotationsPage (webpack-internal:///(rsc)/./src/app/dashboard/quotations/page.tsx:62:31)
2025-08-15T06:11:01.180Z [ERROR]: PrismaClientInitializationError - 
Invalid `prisma.$queryRaw()` invocation:


Can't reach database server at `localhost:3306`

Please make sure your database server is running at `localhost:3306`. Stack: PrismaClientInitializationError: 
Invalid `prisma.$queryRaw()` invocation:


Can't reach database server at `localhost:3306`

Please make sure your database server is running at `localhost:3306`.
    at $n.handleRequestError (/home/edson/Desktop/0as_13_8_2025_3_53_pm/node_modules/@prisma/client/runtime/library.js:121:7615)
    at $n.handleAndLogRequestError (/home/edson/Desktop/0as_13_8_2025_3_53_pm/node_modules/@prisma/client/runtime/library.js:121:6623)
    at $n.request (/home/edson/Desktop/0as_13_8_2025_3_53_pm/node_modules/@prisma/client/runtime/library.js:121:6307)
    at async l (/home/edson/Desktop/0as_13_8_2025_3_53_pm/node_modules/@prisma/client/runtime/library.js:130:9633)
    at async QuotationsRepository.fetchQuotationStatusCount (webpack-internal:///(rsc)/./src/services/quotations-service/quotations.repository.ts:435:36)
    at async QuotationsService.getQuotationsSumSummary (webpack-internal:///(rsc)/./src/services/quotations-service/quotations.service.ts:358:30)
    at async getQuotationsSums (webpack-internal:///(rsc)/./src/server-actions/quotations-actions/quotations.actions.ts:126:21)
    at async getSummaryData (webpack-internal:///(rsc)/./src/app/dashboard/quotations/page.tsx:49:17)
    at async QuotationsPage (webpack-internal:///(rsc)/./src/app/dashboard/quotations/page.tsx:62:31)
2025-08-15T06:11:01.971Z [ERROR]: PrismaClientInitializationError - 
Invalid `prisma.user.findUnique()` invocation:


Can't reach database server at `localhost:3306`

Please make sure your database server is running at `localhost:3306`. Stack: PrismaClientInitializationError: 
Invalid `prisma.user.findUnique()` invocation:


Can't reach database server at `localhost:3306`

Please make sure your database server is running at `localhost:3306`.
    at $n.handleRequestError (/home/edson/Desktop/0as_13_8_2025_3_53_pm/node_modules/@prisma/client/runtime/library.js:121:7615)
    at $n.handleAndLogRequestError (/home/edson/Desktop/0as_13_8_2025_3_53_pm/node_modules/@prisma/client/runtime/library.js:121:6623)
    at $n.request (/home/edson/Desktop/0as_13_8_2025_3_53_pm/node_modules/@prisma/client/runtime/library.js:121:6307)
    at async l (/home/edson/Desktop/0as_13_8_2025_3_53_pm/node_modules/@prisma/client/runtime/library.js:130:9633)
    at async UserRepository.fetchUserByCompanyId (webpack-internal:///(rsc)/./src/services/user-service/user.repository.ts:236:30)
    at async UserService.checkUserStatusOnHeartbeat (webpack-internal:///(rsc)/./src/services/user-service/user.service.ts:594:30)
    at async POST (webpack-internal:///(rsc)/./src/app/api/session/user-heartbeat/route.ts:41:21)
    at async /home/edson/Desktop/0as_13_8_2025_3_53_pm/node_modules/next/dist/compiled/next-server/app-route.runtime.dev.js:6:63251
2025-08-15T06:11:01.972Z [ERROR]: PrismaClientInitializationError - 
Invalid `prisma.user.findUnique()` invocation:


Can't reach database server at `localhost:3306`

Please make sure your database server is running at `localhost:3306`. Stack: PrismaClientInitializationError: 
Invalid `prisma.user.findUnique()` invocation:


Can't reach database server at `localhost:3306`

Please make sure your database server is running at `localhost:3306`.
    at $n.handleRequestError (/home/edson/Desktop/0as_13_8_2025_3_53_pm/node_modules/@prisma/client/runtime/library.js:121:7615)
    at $n.handleAndLogRequestError (/home/edson/Desktop/0as_13_8_2025_3_53_pm/node_modules/@prisma/client/runtime/library.js:121:6623)
    at $n.request (/home/edson/Desktop/0as_13_8_2025_3_53_pm/node_modules/@prisma/client/runtime/library.js:121:6307)
    at async l (/home/edson/Desktop/0as_13_8_2025_3_53_pm/node_modules/@prisma/client/runtime/library.js:130:9633)
    at async UserRepository.fetchUserByCompanyId (webpack-internal:///(rsc)/./src/services/user-service/user.repository.ts:236:30)
    at async UserService.checkUserStatusOnHeartbeat (webpack-internal:///(rsc)/./src/services/user-service/user.service.ts:594:30)
    at async POST (webpack-internal:///(rsc)/./src/app/api/session/user-heartbeat/route.ts:41:21)
    at async /home/edson/Desktop/0as_13_8_2025_3_53_pm/node_modules/next/dist/compiled/next-server/app-route.runtime.dev.js:6:63251
2025-08-15T06:11:01.972Z [ERROR]: PrismaClientInitializationError - 
Invalid `prisma.user.findUnique()` invocation:


Can't reach database server at `localhost:3306`

Please make sure your database server is running at `localhost:3306`. Stack: PrismaClientInitializationError: 
Invalid `prisma.user.findUnique()` invocation:


Can't reach database server at `localhost:3306`

Please make sure your database server is running at `localhost:3306`.
    at $n.handleRequestError (/home/edson/Desktop/0as_13_8_2025_3_53_pm/node_modules/@prisma/client/runtime/library.js:121:7615)
    at $n.handleAndLogRequestError (/home/edson/Desktop/0as_13_8_2025_3_53_pm/node_modules/@prisma/client/runtime/library.js:121:6623)
    at $n.request (/home/edson/Desktop/0as_13_8_2025_3_53_pm/node_modules/@prisma/client/runtime/library.js:121:6307)
    at async l (/home/edson/Desktop/0as_13_8_2025_3_53_pm/node_modules/@prisma/client/runtime/library.js:130:9633)
    at async UserRepository.fetchUserByCompanyId (webpack-internal:///(rsc)/./src/services/user-service/user.repository.ts:236:30)
    at async UserService.checkUserStatusOnHeartbeat (webpack-internal:///(rsc)/./src/services/user-service/user.service.ts:594:30)
    at async POST (webpack-internal:///(rsc)/./src/app/api/session/user-heartbeat/route.ts:41:21)
    at async /home/edson/Desktop/0as_13_8_2025_3_53_pm/node_modules/next/dist/compiled/next-server/app-route.runtime.dev.js:6:63251
2025-08-15T06:11:01.973Z [ERROR]: PrismaClientInitializationError - 
Invalid `prisma.user.findUnique()` invocation:


Can't reach database server at `localhost:3306`

Please make sure your database server is running at `localhost:3306`. Stack: PrismaClientInitializationError: 
Invalid `prisma.user.findUnique()` invocation:


Can't reach database server at `localhost:3306`

Please make sure your database server is running at `localhost:3306`.
    at $n.handleRequestError (/home/edson/Desktop/0as_13_8_2025_3_53_pm/node_modules/@prisma/client/runtime/library.js:121:7615)
    at $n.handleAndLogRequestError (/home/edson/Desktop/0as_13_8_2025_3_53_pm/node_modules/@prisma/client/runtime/library.js:121:6623)
    at $n.request (/home/edson/Desktop/0as_13_8_2025_3_53_pm/node_modules/@prisma/client/runtime/library.js:121:6307)
    at async l (/home/edson/Desktop/0as_13_8_2025_3_53_pm/node_modules/@prisma/client/runtime/library.js:130:9633)
    at async UserRepository.fetchUserByCompanyId (webpack-internal:///(rsc)/./src/services/user-service/user.repository.ts:236:30)
    at async UserService.checkUserStatusOnHeartbeat (webpack-internal:///(rsc)/./src/services/user-service/user.service.ts:594:30)
    at async POST (webpack-internal:///(rsc)/./src/app/api/session/user-heartbeat/route.ts:41:21)
    at async /home/edson/Desktop/0as_13_8_2025_3_53_pm/node_modules/next/dist/compiled/next-server/app-route.runtime.dev.js:6:63251
2025-08-15T06:11:01.973Z [ERROR]: PrismaClientInitializationError - 
Invalid `prisma.user.findUnique()` invocation:


Can't reach database server at `localhost:3306`

Please make sure your database server is running at `localhost:3306`. Stack: PrismaClientInitializationError: 
Invalid `prisma.user.findUnique()` invocation:


Can't reach database server at `localhost:3306`

Please make sure your database server is running at `localhost:3306`.
    at $n.handleRequestError (/home/edson/Desktop/0as_13_8_2025_3_53_pm/node_modules/@prisma/client/runtime/library.js:121:7615)
    at $n.handleAndLogRequestError (/home/edson/Desktop/0as_13_8_2025_3_53_pm/node_modules/@prisma/client/runtime/library.js:121:6623)
    at $n.request (/home/edson/Desktop/0as_13_8_2025_3_53_pm/node_modules/@prisma/client/runtime/library.js:121:6307)
    at async l (/home/edson/Desktop/0as_13_8_2025_3_53_pm/node_modules/@prisma/client/runtime/library.js:130:9633)
    at async UserRepository.fetchUserByCompanyId (webpack-internal:///(rsc)/./src/services/user-service/user.repository.ts:236:30)
    at async UserService.checkUserStatusOnHeartbeat (webpack-internal:///(rsc)/./src/services/user-service/user.service.ts:594:30)
    at async POST (webpack-internal:///(rsc)/./src/app/api/session/user-heartbeat/route.ts:41:21)
    at async /home/edson/Desktop/0as_13_8_2025_3_53_pm/node_modules/next/dist/compiled/next-server/app-route.runtime.dev.js:6:63251
2025-08-15T06:11:01.973Z [ERROR]: PrismaClientInitializationError - 
Invalid `prisma.user.findUnique()` invocation:


Can't reach database server at `localhost:3306`

Please make sure your database server is running at `localhost:3306`. Stack: PrismaClientInitializationError: 
Invalid `prisma.user.findUnique()` invocation:


Can't reach database server at `localhost:3306`

Please make sure your database server is running at `localhost:3306`.
    at $n.handleRequestError (/home/edson/Desktop/0as_13_8_2025_3_53_pm/node_modules/@prisma/client/runtime/library.js:121:7615)
    at $n.handleAndLogRequestError (/home/edson/Desktop/0as_13_8_2025_3_53_pm/node_modules/@prisma/client/runtime/library.js:121:6623)
    at $n.request (/home/edson/Desktop/0as_13_8_2025_3_53_pm/node_modules/@prisma/client/runtime/library.js:121:6307)
    at async l (/home/edson/Desktop/0as_13_8_2025_3_53_pm/node_modules/@prisma/client/runtime/library.js:130:9633)
    at async UserRepository.fetchUserByCompanyId (webpack-internal:///(rsc)/./src/services/user-service/user.repository.ts:236:30)
    at async UserService.checkUserStatusOnHeartbeat (webpack-internal:///(rsc)/./src/services/user-service/user.service.ts:594:30)
    at async POST (webpack-internal:///(rsc)/./src/app/api/session/user-heartbeat/route.ts:41:21)
    at async /home/edson/Desktop/0as_13_8_2025_3_53_pm/node_modules/next/dist/compiled/next-server/app-route.runtime.dev.js:6:63251
2025-08-15T06:11:02.101Z [ERROR]: PrismaClientInitializationError - 
Invalid `prisma.quotation.findMany()` invocation:


Can't reach database server at `localhost:3306`

Please make sure your database server is running at `localhost:3306`. Stack: PrismaClientInitializationError: 
Invalid `prisma.quotation.findMany()` invocation:


Can't reach database server at `localhost:3306`

Please make sure your database server is running at `localhost:3306`.
    at $n.handleRequestError (/home/edson/Desktop/0as_13_8_2025_3_53_pm/node_modules/@prisma/client/runtime/library.js:121:7615)
    at $n.handleAndLogRequestError (/home/edson/Desktop/0as_13_8_2025_3_53_pm/node_modules/@prisma/client/runtime/library.js:121:6623)
    at $n.request (/home/edson/Desktop/0as_13_8_2025_3_53_pm/node_modules/@prisma/client/runtime/library.js:121:6307)
    at async l (/home/edson/Desktop/0as_13_8_2025_3_53_pm/node_modules/@prisma/client/runtime/library.js:130:9633)
    at async QuotationsRepository.fetchPaginatedQuotations (webpack-internal:///(rsc)/./src/services/quotations-service/quotations.repository.ts:483:39)
    at async QuotationsService.getPaginatedQuotations (webpack-internal:///(rsc)/./src/services/quotations-service/quotations.service.ts:371:45)
    at async getPaginatedQuotation (webpack-internal:///(rsc)/./src/server-actions/quotations-actions/quotations.actions.ts:148:21)
    at async /home/edson/Desktop/0as_13_8_2025_3_53_pm/node_modules/next/dist/compiled/next-server/app-page.runtime.dev.js:39:406
    at async t0 (/home/edson/Desktop/0as_13_8_2025_3_53_pm/node_modules/next/dist/compiled/next-server/app-page.runtime.dev.js:38:5773)
    at async rh (/home/edson/Desktop/0as_13_8_2025_3_53_pm/node_modules/next/dist/compiled/next-server/app-page.runtime.dev.js:39:23636)
    at async doRender (/home/edson/Desktop/0as_13_8_2025_3_53_pm/node_modules/next/dist/server/base-server.js:1391:30)
    at async cacheEntry.responseCache.get.routeKind (/home/edson/Desktop/0as_13_8_2025_3_53_pm/node_modules/next/dist/server/base-server.js:1552:28)
    at async DevServer.renderToResponseWithComponentsImpl (/home/edson/Desktop/0as_13_8_2025_3_53_pm/node_modules/next/dist/server/base-server.js:1460:28)
    at async DevServer.renderPageComponent (/home/edson/Desktop/0as_13_8_2025_3_53_pm/node_modules/next/dist/server/base-server.js:1843:24)
    at async DevServer.renderToResponseImpl (/home/edson/Desktop/0as_13_8_2025_3_53_pm/node_modules/next/dist/server/base-server.js:1881:32)
    at async DevServer.pipeImpl (/home/edson/Desktop/0as_13_8_2025_3_53_pm/node_modules/next/dist/server/base-server.js:909:25)
    at async NextNodeServer.handleCatchallRenderRequest (/home/edson/Desktop/0as_13_8_2025_3_53_pm/node_modules/next/dist/server/next-server.js:266:17)
    at async DevServer.handleRequestImpl (/home/edson/Desktop/0as_13_8_2025_3_53_pm/node_modules/next/dist/server/base-server.js:805:17)
2025-08-15T06:11:02.102Z [ERROR]: PrismaClientInitializationError - 
Invalid `prisma.quotation.findMany()` invocation:


Can't reach database server at `localhost:3306`

Please make sure your database server is running at `localhost:3306`. Stack: PrismaClientInitializationError: 
Invalid `prisma.quotation.findMany()` invocation:


Can't reach database server at `localhost:3306`

Please make sure your database server is running at `localhost:3306`.
    at $n.handleRequestError (/home/edson/Desktop/0as_13_8_2025_3_53_pm/node_modules/@prisma/client/runtime/library.js:121:7615)
    at $n.handleAndLogRequestError (/home/edson/Desktop/0as_13_8_2025_3_53_pm/node_modules/@prisma/client/runtime/library.js:121:6623)
    at $n.request (/home/edson/Desktop/0as_13_8_2025_3_53_pm/node_modules/@prisma/client/runtime/library.js:121:6307)
    at async l (/home/edson/Desktop/0as_13_8_2025_3_53_pm/node_modules/@prisma/client/runtime/library.js:130:9633)
    at async QuotationsRepository.fetchPaginatedQuotations (webpack-internal:///(rsc)/./src/services/quotations-service/quotations.repository.ts:483:39)
    at async QuotationsService.getPaginatedQuotations (webpack-internal:///(rsc)/./src/services/quotations-service/quotations.service.ts:371:45)
    at async getPaginatedQuotation (webpack-internal:///(rsc)/./src/server-actions/quotations-actions/quotations.actions.ts:148:21)
    at async /home/edson/Desktop/0as_13_8_2025_3_53_pm/node_modules/next/dist/compiled/next-server/app-page.runtime.dev.js:39:406
    at async t0 (/home/edson/Desktop/0as_13_8_2025_3_53_pm/node_modules/next/dist/compiled/next-server/app-page.runtime.dev.js:38:5773)
    at async rh (/home/edson/Desktop/0as_13_8_2025_3_53_pm/node_modules/next/dist/compiled/next-server/app-page.runtime.dev.js:39:23636)
    at async doRender (/home/edson/Desktop/0as_13_8_2025_3_53_pm/node_modules/next/dist/server/base-server.js:1391:30)
    at async cacheEntry.responseCache.get.routeKind (/home/edson/Desktop/0as_13_8_2025_3_53_pm/node_modules/next/dist/server/base-server.js:1552:28)
    at async DevServer.renderToResponseWithComponentsImpl (/home/edson/Desktop/0as_13_8_2025_3_53_pm/node_modules/next/dist/server/base-server.js:1460:28)
    at async DevServer.renderPageComponent (/home/edson/Desktop/0as_13_8_2025_3_53_pm/node_modules/next/dist/server/base-server.js:1843:24)
    at async DevServer.renderToResponseImpl (/home/edson/Desktop/0as_13_8_2025_3_53_pm/node_modules/next/dist/server/base-server.js:1881:32)
    at async DevServer.pipeImpl (/home/edson/Desktop/0as_13_8_2025_3_53_pm/node_modules/next/dist/server/base-server.js:909:25)
    at async NextNodeServer.handleCatchallRenderRequest (/home/edson/Desktop/0as_13_8_2025_3_53_pm/node_modules/next/dist/server/next-server.js:266:17)
    at async DevServer.handleRequestImpl (/home/edson/Desktop/0as_13_8_2025_3_53_pm/node_modules/next/dist/server/base-server.js:805:17)
2025-08-15T06:11:02.102Z [ERROR]: PrismaClientInitializationError - 
Invalid `prisma.quotation.findMany()` invocation:


Can't reach database server at `localhost:3306`

Please make sure your database server is running at `localhost:3306`. Stack: PrismaClientInitializationError: 
Invalid `prisma.quotation.findMany()` invocation:


Can't reach database server at `localhost:3306`

Please make sure your database server is running at `localhost:3306`.
    at $n.handleRequestError (/home/edson/Desktop/0as_13_8_2025_3_53_pm/node_modules/@prisma/client/runtime/library.js:121:7615)
    at $n.handleAndLogRequestError (/home/edson/Desktop/0as_13_8_2025_3_53_pm/node_modules/@prisma/client/runtime/library.js:121:6623)
    at $n.request (/home/edson/Desktop/0as_13_8_2025_3_53_pm/node_modules/@prisma/client/runtime/library.js:121:6307)
    at async l (/home/edson/Desktop/0as_13_8_2025_3_53_pm/node_modules/@prisma/client/runtime/library.js:130:9633)
    at async QuotationsRepository.fetchPaginatedQuotations (webpack-internal:///(rsc)/./src/services/quotations-service/quotations.repository.ts:483:39)
    at async QuotationsService.getPaginatedQuotations (webpack-internal:///(rsc)/./src/services/quotations-service/quotations.service.ts:371:45)
    at async getPaginatedQuotation (webpack-internal:///(rsc)/./src/server-actions/quotations-actions/quotations.actions.ts:148:21)
    at async /home/edson/Desktop/0as_13_8_2025_3_53_pm/node_modules/next/dist/compiled/next-server/app-page.runtime.dev.js:39:406
    at async t0 (/home/edson/Desktop/0as_13_8_2025_3_53_pm/node_modules/next/dist/compiled/next-server/app-page.runtime.dev.js:38:5773)
    at async rh (/home/edson/Desktop/0as_13_8_2025_3_53_pm/node_modules/next/dist/compiled/next-server/app-page.runtime.dev.js:39:23636)
    at async doRender (/home/edson/Desktop/0as_13_8_2025_3_53_pm/node_modules/next/dist/server/base-server.js:1391:30)
    at async cacheEntry.responseCache.get.routeKind (/home/edson/Desktop/0as_13_8_2025_3_53_pm/node_modules/next/dist/server/base-server.js:1552:28)
    at async DevServer.renderToResponseWithComponentsImpl (/home/edson/Desktop/0as_13_8_2025_3_53_pm/node_modules/next/dist/server/base-server.js:1460:28)
    at async DevServer.renderPageComponent (/home/edson/Desktop/0as_13_8_2025_3_53_pm/node_modules/next/dist/server/base-server.js:1843:24)
    at async DevServer.renderToResponseImpl (/home/edson/Desktop/0as_13_8_2025_3_53_pm/node_modules/next/dist/server/base-server.js:1881:32)
    at async DevServer.pipeImpl (/home/edson/Desktop/0as_13_8_2025_3_53_pm/node_modules/next/dist/server/base-server.js:909:25)
    at async NextNodeServer.handleCatchallRenderRequest (/home/edson/Desktop/0as_13_8_2025_3_53_pm/node_modules/next/dist/server/next-server.js:266:17)
    at async DevServer.handleRequestImpl (/home/edson/Desktop/0as_13_8_2025_3_53_pm/node_modules/next/dist/server/base-server.js:805:17)
2025-08-15T06:11:02.194Z [ERROR]: PrismaClientInitializationError - 
Invalid `prisma.quotation.findMany()` invocation:


Can't reach database server at `localhost:3306`

Please make sure your database server is running at `localhost:3306`. Stack: PrismaClientInitializationError: 
Invalid `prisma.quotation.findMany()` invocation:


Can't reach database server at `localhost:3306`

Please make sure your database server is running at `localhost:3306`.
    at $n.handleRequestError (/home/edson/Desktop/0as_13_8_2025_3_53_pm/node_modules/@prisma/client/runtime/library.js:121:7615)
    at $n.handleAndLogRequestError (/home/edson/Desktop/0as_13_8_2025_3_53_pm/node_modules/@prisma/client/runtime/library.js:121:6623)
    at $n.request (/home/edson/Desktop/0as_13_8_2025_3_53_pm/node_modules/@prisma/client/runtime/library.js:121:6307)
    at async l (/home/edson/Desktop/0as_13_8_2025_3_53_pm/node_modules/@prisma/client/runtime/library.js:130:9633)
    at async QuotationsRepository.fetchPaginatedQuotations (webpack-internal:///(rsc)/./src/services/quotations-service/quotations.repository.ts:483:39)
    at async QuotationsService.getPaginatedQuotations (webpack-internal:///(rsc)/./src/services/quotations-service/quotations.service.ts:371:45)
    at async getPaginatedQuotation (webpack-internal:///(rsc)/./src/server-actions/quotations-actions/quotations.actions.ts:148:21)
    at async /home/edson/Desktop/0as_13_8_2025_3_53_pm/node_modules/next/dist/compiled/next-server/app-page.runtime.dev.js:39:406
    at async t0 (/home/edson/Desktop/0as_13_8_2025_3_53_pm/node_modules/next/dist/compiled/next-server/app-page.runtime.dev.js:38:5773)
    at async rh (/home/edson/Desktop/0as_13_8_2025_3_53_pm/node_modules/next/dist/compiled/next-server/app-page.runtime.dev.js:39:23636)
    at async doRender (/home/edson/Desktop/0as_13_8_2025_3_53_pm/node_modules/next/dist/server/base-server.js:1391:30)
    at async cacheEntry.responseCache.get.routeKind (/home/edson/Desktop/0as_13_8_2025_3_53_pm/node_modules/next/dist/server/base-server.js:1552:28)
    at async DevServer.renderToResponseWithComponentsImpl (/home/edson/Desktop/0as_13_8_2025_3_53_pm/node_modules/next/dist/server/base-server.js:1460:28)
    at async DevServer.renderPageComponent (/home/edson/Desktop/0as_13_8_2025_3_53_pm/node_modules/next/dist/server/base-server.js:1843:24)
    at async DevServer.renderToResponseImpl (/home/edson/Desktop/0as_13_8_2025_3_53_pm/node_modules/next/dist/server/base-server.js:1881:32)
    at async DevServer.pipeImpl (/home/edson/Desktop/0as_13_8_2025_3_53_pm/node_modules/next/dist/server/base-server.js:909:25)
    at async NextNodeServer.handleCatchallRenderRequest (/home/edson/Desktop/0as_13_8_2025_3_53_pm/node_modules/next/dist/server/next-server.js:266:17)
    at async DevServer.handleRequestImpl (/home/edson/Desktop/0as_13_8_2025_3_53_pm/node_modules/next/dist/server/base-server.js:805:17)
2025-08-15T06:11:02.195Z [ERROR]: PrismaClientInitializationError - 
Invalid `prisma.quotation.findMany()` invocation:


Can't reach database server at `localhost:3306`

Please make sure your database server is running at `localhost:3306`. Stack: PrismaClientInitializationError: 
Invalid `prisma.quotation.findMany()` invocation:


Can't reach database server at `localhost:3306`

Please make sure your database server is running at `localhost:3306`.
    at $n.handleRequestError (/home/edson/Desktop/0as_13_8_2025_3_53_pm/node_modules/@prisma/client/runtime/library.js:121:7615)
    at $n.handleAndLogRequestError (/home/edson/Desktop/0as_13_8_2025_3_53_pm/node_modules/@prisma/client/runtime/library.js:121:6623)
    at $n.request (/home/edson/Desktop/0as_13_8_2025_3_53_pm/node_modules/@prisma/client/runtime/library.js:121:6307)
    at async l (/home/edson/Desktop/0as_13_8_2025_3_53_pm/node_modules/@prisma/client/runtime/library.js:130:9633)
    at async QuotationsRepository.fetchPaginatedQuotations (webpack-internal:///(rsc)/./src/services/quotations-service/quotations.repository.ts:483:39)
    at async QuotationsService.getPaginatedQuotations (webpack-internal:///(rsc)/./src/services/quotations-service/quotations.service.ts:371:45)
    at async getPaginatedQuotation (webpack-internal:///(rsc)/./src/server-actions/quotations-actions/quotations.actions.ts:148:21)
    at async /home/edson/Desktop/0as_13_8_2025_3_53_pm/node_modules/next/dist/compiled/next-server/app-page.runtime.dev.js:39:406
    at async t0 (/home/edson/Desktop/0as_13_8_2025_3_53_pm/node_modules/next/dist/compiled/next-server/app-page.runtime.dev.js:38:5773)
    at async rh (/home/edson/Desktop/0as_13_8_2025_3_53_pm/node_modules/next/dist/compiled/next-server/app-page.runtime.dev.js:39:23636)
    at async doRender (/home/edson/Desktop/0as_13_8_2025_3_53_pm/node_modules/next/dist/server/base-server.js:1391:30)
    at async cacheEntry.responseCache.get.routeKind (/home/edson/Desktop/0as_13_8_2025_3_53_pm/node_modules/next/dist/server/base-server.js:1552:28)
    at async DevServer.renderToResponseWithComponentsImpl (/home/edson/Desktop/0as_13_8_2025_3_53_pm/node_modules/next/dist/server/base-server.js:1460:28)
    at async DevServer.renderPageComponent (/home/edson/Desktop/0as_13_8_2025_3_53_pm/node_modules/next/dist/server/base-server.js:1843:24)
    at async DevServer.renderToResponseImpl (/home/edson/Desktop/0as_13_8_2025_3_53_pm/node_modules/next/dist/server/base-server.js:1881:32)
    at async DevServer.pipeImpl (/home/edson/Desktop/0as_13_8_2025_3_53_pm/node_modules/next/dist/server/base-server.js:909:25)
    at async NextNodeServer.handleCatchallRenderRequest (/home/edson/Desktop/0as_13_8_2025_3_53_pm/node_modules/next/dist/server/next-server.js:266:17)
    at async DevServer.handleRequestImpl (/home/edson/Desktop/0as_13_8_2025_3_53_pm/node_modules/next/dist/server/base-server.js:805:17)
2025-08-15T06:11:02.195Z [ERROR]: PrismaClientInitializationError - 
Invalid `prisma.quotation.findMany()` invocation:


Can't reach database server at `localhost:3306`

Please make sure your database server is running at `localhost:3306`. Stack: PrismaClientInitializationError: 
Invalid `prisma.quotation.findMany()` invocation:


Can't reach database server at `localhost:3306`

Please make sure your database server is running at `localhost:3306`.
    at $n.handleRequestError (/home/edson/Desktop/0as_13_8_2025_3_53_pm/node_modules/@prisma/client/runtime/library.js:121:7615)
    at $n.handleAndLogRequestError (/home/edson/Desktop/0as_13_8_2025_3_53_pm/node_modules/@prisma/client/runtime/library.js:121:6623)
    at $n.request (/home/edson/Desktop/0as_13_8_2025_3_53_pm/node_modules/@prisma/client/runtime/library.js:121:6307)
    at async l (/home/edson/Desktop/0as_13_8_2025_3_53_pm/node_modules/@prisma/client/runtime/library.js:130:9633)
    at async QuotationsRepository.fetchPaginatedQuotations (webpack-internal:///(rsc)/./src/services/quotations-service/quotations.repository.ts:483:39)
    at async QuotationsService.getPaginatedQuotations (webpack-internal:///(rsc)/./src/services/quotations-service/quotations.service.ts:371:45)
    at async getPaginatedQuotation (webpack-internal:///(rsc)/./src/server-actions/quotations-actions/quotations.actions.ts:148:21)
    at async /home/edson/Desktop/0as_13_8_2025_3_53_pm/node_modules/next/dist/compiled/next-server/app-page.runtime.dev.js:39:406
    at async t0 (/home/edson/Desktop/0as_13_8_2025_3_53_pm/node_modules/next/dist/compiled/next-server/app-page.runtime.dev.js:38:5773)
    at async rh (/home/edson/Desktop/0as_13_8_2025_3_53_pm/node_modules/next/dist/compiled/next-server/app-page.runtime.dev.js:39:23636)
    at async doRender (/home/edson/Desktop/0as_13_8_2025_3_53_pm/node_modules/next/dist/server/base-server.js:1391:30)
    at async cacheEntry.responseCache.get.routeKind (/home/edson/Desktop/0as_13_8_2025_3_53_pm/node_modules/next/dist/server/base-server.js:1552:28)
    at async DevServer.renderToResponseWithComponentsImpl (/home/edson/Desktop/0as_13_8_2025_3_53_pm/node_modules/next/dist/server/base-server.js:1460:28)
    at async DevServer.renderPageComponent (/home/edson/Desktop/0as_13_8_2025_3_53_pm/node_modules/next/dist/server/base-server.js:1843:24)
    at async DevServer.renderToResponseImpl (/home/edson/Desktop/0as_13_8_2025_3_53_pm/node_modules/next/dist/server/base-server.js:1881:32)
    at async DevServer.pipeImpl (/home/edson/Desktop/0as_13_8_2025_3_53_pm/node_modules/next/dist/server/base-server.js:909:25)
    at async NextNodeServer.handleCatchallRenderRequest (/home/edson/Desktop/0as_13_8_2025_3_53_pm/node_modules/next/dist/server/next-server.js:266:17)
    at async DevServer.handleRequestImpl (/home/edson/Desktop/0as_13_8_2025_3_53_pm/node_modules/next/dist/server/base-server.js:805:17)
2025-08-15T06:11:32.851Z [ERROR]: PrismaClientInitializationError - 
Invalid `prisma.user.findUnique()` invocation:


Can't reach database server at `localhost:3306`

Please make sure your database server is running at `localhost:3306`. Stack: PrismaClientInitializationError: 
Invalid `prisma.user.findUnique()` invocation:


Can't reach database server at `localhost:3306`

Please make sure your database server is running at `localhost:3306`.
    at $n.handleRequestError (/home/edson/Desktop/0as_13_8_2025_3_53_pm/node_modules/@prisma/client/runtime/library.js:121:7615)
    at $n.handleAndLogRequestError (/home/edson/Desktop/0as_13_8_2025_3_53_pm/node_modules/@prisma/client/runtime/library.js:121:6623)
    at $n.request (/home/edson/Desktop/0as_13_8_2025_3_53_pm/node_modules/@prisma/client/runtime/library.js:121:6307)
    at async l (/home/edson/Desktop/0as_13_8_2025_3_53_pm/node_modules/@prisma/client/runtime/library.js:130:9633)
    at async UserRepository.fetchUserByCompanyId (webpack-internal:///(rsc)/./src/services/user-service/user.repository.ts:236:30)
    at async UserService.checkUserStatusOnHeartbeat (webpack-internal:///(rsc)/./src/services/user-service/user.service.ts:594:30)
    at async POST (webpack-internal:///(rsc)/./src/app/api/session/user-heartbeat/route.ts:41:21)
    at async /home/edson/Desktop/0as_13_8_2025_3_53_pm/node_modules/next/dist/compiled/next-server/app-route.runtime.dev.js:6:63251
2025-08-15T06:11:32.851Z [ERROR]: PrismaClientInitializationError - 
Invalid `prisma.user.findUnique()` invocation:


Can't reach database server at `localhost:3306`

Please make sure your database server is running at `localhost:3306`. Stack: PrismaClientInitializationError: 
Invalid `prisma.user.findUnique()` invocation:


Can't reach database server at `localhost:3306`

Please make sure your database server is running at `localhost:3306`.
    at $n.handleRequestError (/home/edson/Desktop/0as_13_8_2025_3_53_pm/node_modules/@prisma/client/runtime/library.js:121:7615)
    at $n.handleAndLogRequestError (/home/edson/Desktop/0as_13_8_2025_3_53_pm/node_modules/@prisma/client/runtime/library.js:121:6623)
    at $n.request (/home/edson/Desktop/0as_13_8_2025_3_53_pm/node_modules/@prisma/client/runtime/library.js:121:6307)
    at async l (/home/edson/Desktop/0as_13_8_2025_3_53_pm/node_modules/@prisma/client/runtime/library.js:130:9633)
    at async UserRepository.fetchUserByCompanyId (webpack-internal:///(rsc)/./src/services/user-service/user.repository.ts:236:30)
    at async UserService.checkUserStatusOnHeartbeat (webpack-internal:///(rsc)/./src/services/user-service/user.service.ts:594:30)
    at async POST (webpack-internal:///(rsc)/./src/app/api/session/user-heartbeat/route.ts:41:21)
    at async /home/edson/Desktop/0as_13_8_2025_3_53_pm/node_modules/next/dist/compiled/next-server/app-route.runtime.dev.js:6:63251
2025-08-15T06:11:32.852Z [ERROR]: PrismaClientInitializationError - 
Invalid `prisma.user.findUnique()` invocation:


Can't reach database server at `localhost:3306`

Please make sure your database server is running at `localhost:3306`. Stack: PrismaClientInitializationError: 
Invalid `prisma.user.findUnique()` invocation:


Can't reach database server at `localhost:3306`

Please make sure your database server is running at `localhost:3306`.
    at $n.handleRequestError (/home/edson/Desktop/0as_13_8_2025_3_53_pm/node_modules/@prisma/client/runtime/library.js:121:7615)
    at $n.handleAndLogRequestError (/home/edson/Desktop/0as_13_8_2025_3_53_pm/node_modules/@prisma/client/runtime/library.js:121:6623)
    at $n.request (/home/edson/Desktop/0as_13_8_2025_3_53_pm/node_modules/@prisma/client/runtime/library.js:121:6307)
    at async l (/home/edson/Desktop/0as_13_8_2025_3_53_pm/node_modules/@prisma/client/runtime/library.js:130:9633)
    at async UserRepository.fetchUserByCompanyId (webpack-internal:///(rsc)/./src/services/user-service/user.repository.ts:236:30)
    at async UserService.checkUserStatusOnHeartbeat (webpack-internal:///(rsc)/./src/services/user-service/user.service.ts:594:30)
    at async POST (webpack-internal:///(rsc)/./src/app/api/session/user-heartbeat/route.ts:41:21)
    at async /home/edson/Desktop/0as_13_8_2025_3_53_pm/node_modules/next/dist/compiled/next-server/app-route.runtime.dev.js:6:63251
2025-08-15T06:43:35.574Z [ERROR]: Error - Wrong credentials: se.edson@edmartsystems.com Stack: Error: Wrong credentials: se.edson@edmartsystems.com
    at login (webpack-internal:///(rsc)/./src/server-actions/auth-actions/auth.actions.ts:32:35)
    at async Object.authorize (webpack-internal:///(rsc)/./src/server-actions/auth-actions/auth.actions.ts:68:34)
    at async Object.callback (webpack-internal:///(rsc)/./node_modules/next-auth/core/routes/callback.js:291:20)
    at async AuthHandler (webpack-internal:///(rsc)/./node_modules/next-auth/core/index.js:282:38)
    at async NextAuthRouteHandler (webpack-internal:///(rsc)/./node_modules/next-auth/next/index.js:50:30)
    at async NextAuth._args$ (webpack-internal:///(rsc)/./node_modules/next-auth/next/index.js:85:24)
    at async /home/edson/Desktop/0as_13_8_2025_3_53_pm/node_modules/next/dist/compiled/next-server/app-route.runtime.dev.js:6:63251
2025-08-15T06:43:35.576Z [ERROR]: Error in authorization: Error - Wrong credentials: se.edson@edmartsystems.com Stack: Error: Wrong credentials: se.edson@edmartsystems.com
    at login (webpack-internal:///(rsc)/./src/server-actions/auth-actions/auth.actions.ts:32:35)
    at async Object.authorize (webpack-internal:///(rsc)/./src/server-actions/auth-actions/auth.actions.ts:68:34)
    at async Object.callback (webpack-internal:///(rsc)/./node_modules/next-auth/core/routes/callback.js:291:20)
    at async AuthHandler (webpack-internal:///(rsc)/./node_modules/next-auth/core/index.js:282:38)
    at async NextAuthRouteHandler (webpack-internal:///(rsc)/./node_modules/next-auth/next/index.js:50:30)
    at async NextAuth._args$ (webpack-internal:///(rsc)/./node_modules/next-auth/next/index.js:85:24)
    at async /home/edson/Desktop/0as_13_8_2025_3_53_pm/node_modules/next/dist/compiled/next-server/app-route.runtime.dev.js:6:63251
2025-08-15T07:19:01.385Z [ERROR]: Error - Dynamic server usage: Page couldn't be rendered statically because it used `request.url`. See more info here: https://nextjs.org/docs/messages/dynamic-server-error Stack: Error: Dynamic server usage: Page couldn't be rendered statically because it used `request.url`. See more info here: https://nextjs.org/docs/messages/dynamic-server-error
    at Object.eP [as staticGenerationBailout] (/home/edson/Downloads/15_08_2025_10_12/node_modules/next/dist/compiled/next-server/app-route.runtime.prod.js:6:29225)
    at i (/home/edson/Downloads/15_08_2025_10_12/node_modules/next/dist/compiled/next-server/app-route.runtime.prod.js:6:34633)
    at Object.get (/home/edson/Downloads/15_08_2025_10_12/node_modules/next/dist/compiled/next-server/app-route.runtime.prod.js:6:34729)
    at O (/home/edson/Downloads/15_08_2025_10_12/.next/server/app/api/services/scheduler/route.js:2:195)
    at /home/edson/Downloads/15_08_2025_10_12/node_modules/next/dist/compiled/next-server/app-route.runtime.prod.js:6:41966
    at /home/edson/Downloads/15_08_2025_10_12/node_modules/next/dist/server/lib/trace/tracer.js:133:36
    at NoopContextManager.with (/home/edson/Downloads/15_08_2025_10_12/node_modules/next/dist/compiled/@opentelemetry/api/index.js:1:7062)
    at ContextAPI.with (/home/edson/Downloads/15_08_2025_10_12/node_modules/next/dist/compiled/@opentelemetry/api/index.js:1:518)
    at NoopTracer.startActiveSpan (/home/edson/Downloads/15_08_2025_10_12/node_modules/next/dist/compiled/@opentelemetry/api/index.js:1:18093)
    at ProxyTracer.startActiveSpan (/home/edson/Downloads/15_08_2025_10_12/node_modules/next/dist/compiled/@opentelemetry/api/index.js:1:18854)
2025-08-15T07:19:02.302Z [ERROR]: Error - Dynamic server usage: Page couldn't be rendered statically because it used `headers`. See more info here: https://nextjs.org/docs/messages/dynamic-server-error Stack: Error: Dynamic server usage: Page couldn't be rendered statically because it used `headers`. See more info here: https://nextjs.org/docs/messages/dynamic-server-error
    at s (/home/edson/Downloads/15_08_2025_10_12/.next/server/chunks/8827.js:128:39863)
    at u (/home/edson/Downloads/15_08_2025_10_12/.next/server/chunks/1332.js:30:25950)
    at a (/home/edson/Downloads/15_08_2025_10_12/.next/server/chunks/1332.js:30:20515)
    at x (/home/edson/Downloads/15_08_2025_10_12/.next/server/app/api/inventory/category/route.js:1:7569)
    at y (/home/edson/Downloads/15_08_2025_10_12/.next/server/chunks/1956.js:1:61097)
    at B (/home/edson/Downloads/15_08_2025_10_12/.next/server/app/dashboard/quotations/page.js:1:45148)
    at G (/home/edson/Downloads/15_08_2025_10_12/.next/server/app/dashboard/quotations/page.js:1:45289)
    at em (/home/edson/Downloads/15_08_2025_10_12/node_modules/next/dist/compiled/next-server/app-page.runtime.prod.js:12:128334)
    at /home/edson/Downloads/15_08_2025_10_12/node_modules/next/dist/compiled/next-server/app-page.runtime.prod.js:12:140034
    at Array.toJSON (/home/edson/Downloads/15_08_2025_10_12/node_modules/next/dist/compiled/next-server/app-page.runtime.prod.js:12:143612)
2025-08-15T07:19:02.312Z [ERROR]: Error - Dynamic server usage: Page couldn't be rendered statically because it used `headers`. See more info here: https://nextjs.org/docs/messages/dynamic-server-error Stack: Error: Dynamic server usage: Page couldn't be rendered statically because it used `headers`. See more info here: https://nextjs.org/docs/messages/dynamic-server-error
    at s (/home/edson/Downloads/15_08_2025_10_12/.next/server/chunks/8827.js:128:39863)
    at u (/home/edson/Downloads/15_08_2025_10_12/.next/server/chunks/1332.js:30:25950)
    at a (/home/edson/Downloads/15_08_2025_10_12/.next/server/chunks/1332.js:30:20515)
    at x (/home/edson/Downloads/15_08_2025_10_12/.next/server/app/api/inventory/category/route.js:1:7569)
    at y (/home/edson/Downloads/15_08_2025_10_12/.next/server/chunks/1956.js:1:61097)
    at B (/home/edson/Downloads/15_08_2025_10_12/.next/server/app/dashboard/quotations/page.js:1:45148)
    at G (/home/edson/Downloads/15_08_2025_10_12/.next/server/app/dashboard/quotations/page.js:1:45289)
    at em (/home/edson/Downloads/15_08_2025_10_12/node_modules/next/dist/compiled/next-server/app-page.runtime.prod.js:12:128334)
    at /home/edson/Downloads/15_08_2025_10_12/node_modules/next/dist/compiled/next-server/app-page.runtime.prod.js:12:140034
    at Array.toJSON (/home/edson/Downloads/15_08_2025_10_12/node_modules/next/dist/compiled/next-server/app-page.runtime.prod.js:12:143612)
2025-08-15T07:19:02.686Z [ERROR]: Error - Dynamic server usage: Page couldn't be rendered statically because it used `headers`. See more info here: https://nextjs.org/docs/messages/dynamic-server-error Stack: Error: Dynamic server usage: Page couldn't be rendered statically because it used `headers`. See more info here: https://nextjs.org/docs/messages/dynamic-server-error
    at s (/home/edson/Downloads/15_08_2025_10_12/.next/server/chunks/8827.js:128:39863)
    at u (/home/edson/Downloads/15_08_2025_10_12/.next/server/chunks/1332.js:30:25950)
    at a (/home/edson/Downloads/15_08_2025_10_12/.next/server/chunks/1332.js:30:20515)
    at x (/home/edson/Downloads/15_08_2025_10_12/.next/server/app/api/inventory/category/route.js:1:7569)
    at f (/home/edson/Downloads/15_08_2025_10_12/.next/server/chunks/1956.js:1:59813)
    at j (/home/edson/Downloads/15_08_2025_10_12/.next/server/app/dashboard/quotations/create/page.js:1:22158)
    at v (/home/edson/Downloads/15_08_2025_10_12/.next/server/app/dashboard/quotations/create/page.js:1:22253)
    at em (/home/edson/Downloads/15_08_2025_10_12/node_modules/next/dist/compiled/next-server/app-page.runtime.prod.js:12:128334)
    at /home/edson/Downloads/15_08_2025_10_12/node_modules/next/dist/compiled/next-server/app-page.runtime.prod.js:12:140034
    at Array.toJSON (/home/edson/Downloads/15_08_2025_10_12/node_modules/next/dist/compiled/next-server/app-page.runtime.prod.js:12:143612)
2025-08-15T07:19:02.691Z [ERROR]: Error - Dynamic server usage: Page couldn't be rendered statically because it used `headers`. See more info here: https://nextjs.org/docs/messages/dynamic-server-error Stack: Error: Dynamic server usage: Page couldn't be rendered statically because it used `headers`. See more info here: https://nextjs.org/docs/messages/dynamic-server-error
    at s (/home/edson/Downloads/15_08_2025_10_12/.next/server/chunks/8827.js:128:39863)
    at u (/home/edson/Downloads/15_08_2025_10_12/.next/server/chunks/1332.js:30:25950)
    at a (/home/edson/Downloads/15_08_2025_10_12/.next/server/chunks/1332.js:30:20515)
    at x (/home/edson/Downloads/15_08_2025_10_12/.next/server/app/api/inventory/category/route.js:1:7569)
    at f (/home/edson/Downloads/15_08_2025_10_12/.next/server/chunks/1956.js:1:59813)
    at j (/home/edson/Downloads/15_08_2025_10_12/.next/server/app/dashboard/quotations/create/page.js:1:22158)
    at v (/home/edson/Downloads/15_08_2025_10_12/.next/server/app/dashboard/quotations/create/page.js:1:22253)
    at em (/home/edson/Downloads/15_08_2025_10_12/node_modules/next/dist/compiled/next-server/app-page.runtime.prod.js:12:128334)
    at /home/edson/Downloads/15_08_2025_10_12/node_modules/next/dist/compiled/next-server/app-page.runtime.prod.js:12:140034
    at Array.toJSON (/home/edson/Downloads/15_08_2025_10_12/node_modules/next/dist/compiled/next-server/app-page.runtime.prod.js:12:143612)
