2025-08-01T21:00:00.037Z [INFO]: Daily Midnight Jobs Started
2025-08-01T21:00:00.043Z [INFO]: Delete Old Notifications (> 90 Days) Job Started
2025-08-01T21:00:00.099Z [INFO]: Recurring_6_12_18_0_Jobs Started
2025-08-01T21:00:00.100Z [INFO]: Quotations Followup Job Started
2025-08-01T21:00:00.102Z [INFO]: Delete Old Notifications (> 90 Days) Job Completed, Successful: 0 Old Notification Deleted
2025-08-01T21:00:00.103Z [INFO]: Lock Old Tasks Job Started
2025-08-01T21:00:00.104Z [ERROR]: TypeError - Cannot read properties of undefined (reading 'updateMany') Stack: TypeError: Cannot read properties of undefined (reading 'updateMany')
    at n.lockExpiredTasks (/home/edmartsy/public_html/oas.edmartsystems.com.default/.next/server/chunks/8467.js:1:4655)
    at c.lockExpiredTasks (/home/edmartsy/public_html/oas.edmartsystems.com.default/.next/server/chunks/8467.js:1:11974)
    at v (/home/edmartsy/public_html/oas.edmartsystems.com.default/.next/server/app/api/services/scheduler/route.js:1:2920)
    at p.job (/home/edmartsy/public_html/oas.edmartsystems.com.default/.next/server/app/api/services/scheduler/route.js:1:4084)
2025-08-01T21:00:00.105Z [ERROR]: TypeError - Cannot read properties of undefined (reading 'updateMany') Stack: TypeError: Cannot read properties of undefined (reading 'updateMany')
    at n.lockExpiredTasks (/home/edmartsy/public_html/oas.edmartsystems.com.default/.next/server/chunks/8467.js:1:4655)
    at c.lockExpiredTasks (/home/edmartsy/public_html/oas.edmartsystems.com.default/.next/server/chunks/8467.js:1:11974)
    at v (/home/edmartsy/public_html/oas.edmartsystems.com.default/.next/server/app/api/services/scheduler/route.js:1:2920)
    at p.job (/home/edmartsy/public_html/oas.edmartsystems.com.default/.next/server/app/api/services/scheduler/route.js:1:4084)
2025-08-01T21:00:00.105Z [INFO]: Lock Old Tasks Job Failed
2025-08-01T21:00:00.105Z [ERROR]: TypeError - Cannot read properties of undefined (reading 'updateMany') Stack: TypeError: Cannot read properties of undefined (reading 'updateMany')
    at n.lockExpiredTasks (/home/edmartsy/public_html/oas.edmartsystems.com.default/.next/server/chunks/8467.js:1:4655)
    at c.lockExpiredTasks (/home/edmartsy/public_html/oas.edmartsystems.com.default/.next/server/chunks/8467.js:1:11974)
    at v (/home/edmartsy/public_html/oas.edmartsystems.com.default/.next/server/app/api/services/scheduler/route.js:1:2920)
    at p.job (/home/edmartsy/public_html/oas.edmartsystems.com.default/.next/server/app/api/services/scheduler/route.js:1:4084)
2025-08-01T21:00:00.106Z [INFO]: Daily Midnight Jobs CompletedDelete Old Notifications: true: Delete Old Notifications (> 90 Days) Job Completed, Successful: 0 Old Notification Deleted
Lock Old Tasks: Something went wrong
2025-08-01T21:00:00.115Z [INFO]: Quotations Followup Job Completed, Create Quotations: First time => 0, Last time: 0 || Sent Quotations: First time => 0, Last time: 0 ||| 0 Successful
2025-08-01T21:00:00.115Z [INFO]: Recurring_6_12_18_0_Jobs CompletedQuotations Followup: true: Quotations Followup Job Completed, Create Quotations: First time => 0, Last time: 0 || Sent Quotations: First time => 0, Last time: 0 ||| 0 Successful
2025-08-02T03:00:00.015Z [INFO]: Recurring_6_12_18_0_Jobs Started
2025-08-02T03:00:00.015Z [INFO]: Quotations Followup Job Started
2025-08-02T03:00:00.036Z [INFO]: Quotations Followup Job Completed, Create Quotations: First time => 0, Last time: 0 || Sent Quotations: First time => 0, Last time: 0 ||| 0 Successful
2025-08-02T03:00:00.036Z [INFO]: Recurring_6_12_18_0_Jobs CompletedQuotations Followup: true: Quotations Followup Job Completed, Create Quotations: First time => 0, Last time: 0 || Sent Quotations: First time => 0, Last time: 0 ||| 0 Successful
2025-08-02T04:00:00.032Z [INFO]: Recurring_7_10_13_16_19_Jobs Started
2025-08-02T04:00:00.032Z [INFO]: Quotation Expiry Check Job Started
2025-08-02T04:00:00.046Z [INFO]: Quotation Expiry Check Job Completed, Total Un-flagged Expired Quotations: 2, Updated: 2, Failed: 0
2025-08-02T04:00:00.046Z [INFO]: Recurring_7_10_13_16_19_Jobs CompletedQuotation Expiry Check: true: Quotation Expiry Check Job Completed, Total Un-flagged Expired Quotations: 2, Updated: 2, Failed: 0
2025-08-02T07:00:00.020Z [INFO]: Recurring_7_10_13_16_19_Jobs Started
2025-08-02T07:00:00.021Z [INFO]: Quotation Expiry Check Job Started
2025-08-02T07:00:00.039Z [INFO]: Quotation Expiry Check Job Completed, Total Un-flagged Expired Quotations: 0, Updated: 0, Failed: 0
2025-08-02T07:00:00.039Z [INFO]: Recurring_7_10_13_16_19_Jobs CompletedQuotation Expiry Check: true: Quotation Expiry Check Job Completed, Total Un-flagged Expired Quotations: 0, Updated: 0, Failed: 0
2025-08-02T09:00:00.016Z [INFO]: Recurring_6_12_18_0_Jobs Started
2025-08-02T09:00:00.016Z [INFO]: Quotations Followup Job Started
2025-08-02T09:00:00.036Z [INFO]: Quotations Followup Job Completed, Create Quotations: First time => 0, Last time: 0 || Sent Quotations: First time => 0, Last time: 0 ||| 0 Successful
2025-08-02T09:00:00.036Z [INFO]: Recurring_6_12_18_0_Jobs CompletedQuotations Followup: true: Quotations Followup Job Completed, Create Quotations: First time => 0, Last time: 0 || Sent Quotations: First time => 0, Last time: 0 ||| 0 Successful
2025-08-02T10:00:00.041Z [INFO]: Recurring_7_10_13_16_19_Jobs Started
2025-08-02T10:00:00.041Z [INFO]: Quotation Expiry Check Job Started
2025-08-02T10:00:00.055Z [INFO]: Quotation Expiry Check Job Completed, Total Un-flagged Expired Quotations: 0, Updated: 0, Failed: 0
2025-08-02T10:00:00.056Z [INFO]: Recurring_7_10_13_16_19_Jobs CompletedQuotation Expiry Check: true: Quotation Expiry Check Job Completed, Total Un-flagged Expired Quotations: 0, Updated: 0, Failed: 0
2025-08-02T13:00:00.035Z [INFO]: Recurring_7_10_13_16_19_Jobs Started
2025-08-02T13:00:00.035Z [INFO]: Quotation Expiry Check Job Started
2025-08-02T13:00:00.047Z [INFO]: Quotation Expiry Check Job Completed, Total Un-flagged Expired Quotations: 0, Updated: 0, Failed: 0
2025-08-02T13:00:00.047Z [INFO]: Recurring_7_10_13_16_19_Jobs CompletedQuotation Expiry Check: true: Quotation Expiry Check Job Completed, Total Un-flagged Expired Quotations: 0, Updated: 0, Failed: 0
2025-08-02T15:22:15.063Z [INFO]: Scheduler instantiated!
2025-08-02T16:00:00.027Z [INFO]: Recurring_7_10_13_16_19_Jobs Started
2025-08-02T16:00:00.030Z [INFO]: Quotation Expiry Check Job Started
2025-08-02T16:00:00.060Z [INFO]: Quotation Expiry Check Job Completed, Total Un-flagged Expired Quotations: 1, Updated: 1, Failed: 0
2025-08-02T16:00:00.060Z [INFO]: Recurring_7_10_13_16_19_Jobs CompletedQuotation Expiry Check: true: Quotation Expiry Check Job Completed, Total Un-flagged Expired Quotations: 1, Updated: 1, Failed: 0
