2025-07-24T21:00:00.038Z [INFO]: Recurring_6_12_18_0_Jobs Started
2025-07-24T21:00:00.043Z [INFO]: Quotations Followup Job Started
2025-07-24T21:00:00.090Z [INFO]: Daily Midnight Jobs Started
2025-07-24T21:00:00.090Z [INFO]: Delete Old Notifications (> 90 Days) Job Started
2025-07-24T21:00:00.092Z [INFO]: Delete Old Notifications (> 90 Days) Job Completed, Successful: 0 Old Notification Deleted
2025-07-24T21:00:00.093Z [INFO]: Lock Old Tasks Job Started
2025-07-24T21:00:00.094Z [ERROR]: TypeError - Cannot read properties of undefined (reading 'updateMany') Stack: TypeError: Cannot read properties of undefined (reading 'updateMany')
    at n.lockExpiredTasks (/home/edmartsy/public_html/oas.edmartsystems.com.default/.next/server/chunks/8467.js:1:4655)
    at c.lockExpiredTasks (/home/edmartsy/public_html/oas.edmartsystems.com.default/.next/server/chunks/8467.js:1:11974)
    at v (/home/edmartsy/public_html/oas.edmartsystems.com.default/.next/server/app/api/services/scheduler/route.js:1:2920)
    at p.job (/home/edmartsy/public_html/oas.edmartsystems.com.default/.next/server/app/api/services/scheduler/route.js:1:4084)
2025-07-24T21:00:00.095Z [ERROR]: TypeError - Cannot read properties of undefined (reading 'updateMany') Stack: TypeError: Cannot read properties of undefined (reading 'updateMany')
    at n.lockExpiredTasks (/home/edmartsy/public_html/oas.edmartsystems.com.default/.next/server/chunks/8467.js:1:4655)
    at c.lockExpiredTasks (/home/edmartsy/public_html/oas.edmartsystems.com.default/.next/server/chunks/8467.js:1:11974)
    at v (/home/edmartsy/public_html/oas.edmartsystems.com.default/.next/server/app/api/services/scheduler/route.js:1:2920)
    at p.job (/home/edmartsy/public_html/oas.edmartsystems.com.default/.next/server/app/api/services/scheduler/route.js:1:4084)
2025-07-24T21:00:00.096Z [INFO]: Lock Old Tasks Job Failed
2025-07-24T21:00:00.096Z [ERROR]: TypeError - Cannot read properties of undefined (reading 'updateMany') Stack: TypeError: Cannot read properties of undefined (reading 'updateMany')
    at n.lockExpiredTasks (/home/edmartsy/public_html/oas.edmartsystems.com.default/.next/server/chunks/8467.js:1:4655)
    at c.lockExpiredTasks (/home/edmartsy/public_html/oas.edmartsystems.com.default/.next/server/chunks/8467.js:1:11974)
    at v (/home/edmartsy/public_html/oas.edmartsystems.com.default/.next/server/app/api/services/scheduler/route.js:1:2920)
    at p.job (/home/edmartsy/public_html/oas.edmartsystems.com.default/.next/server/app/api/services/scheduler/route.js:1:4084)
2025-07-24T21:00:00.096Z [INFO]: Daily Midnight Jobs CompletedDelete Old Notifications: true: Delete Old Notifications (> 90 Days) Job Completed, Successful: 0 Old Notification Deleted
Lock Old Tasks: Something went wrong
2025-07-24T21:00:00.098Z [INFO]: Quotations Followup Job Completed, Create Quotations: First time => 0, Last time: 0 || Sent Quotations: First time => 0, Last time: 0 ||| 0 Successful
2025-07-24T21:00:00.098Z [INFO]: Recurring_6_12_18_0_Jobs CompletedQuotations Followup: true: Quotations Followup Job Completed, Create Quotations: First time => 0, Last time: 0 || Sent Quotations: First time => 0, Last time: 0 ||| 0 Successful
2025-07-25T03:00:00.018Z [INFO]: Recurring_6_12_18_0_Jobs Started
2025-07-25T03:00:00.019Z [INFO]: Quotations Followup Job Started
2025-07-25T03:00:00.046Z [INFO]: Quotations Followup Job Completed, Create Quotations: First time => 0, Last time: 0 || Sent Quotations: First time => 0, Last time: 0 ||| 0 Successful
2025-07-25T03:00:00.046Z [INFO]: Recurring_6_12_18_0_Jobs CompletedQuotations Followup: true: Quotations Followup Job Completed, Create Quotations: First time => 0, Last time: 0 || Sent Quotations: First time => 0, Last time: 0 ||| 0 Successful
2025-07-25T04:00:00.015Z [INFO]: Recurring_7_10_13_16_19_Jobs Started
2025-07-25T04:00:00.016Z [INFO]: Quotation Expiry Check Job Started
2025-07-25T04:00:00.027Z [INFO]: Quotation Expiry Check Job Completed, Total Un-flagged Expired Quotations: 0, Updated: 0, Failed: 0
2025-07-25T04:00:00.027Z [INFO]: Recurring_7_10_13_16_19_Jobs CompletedQuotation Expiry Check: true: Quotation Expiry Check Job Completed, Total Un-flagged Expired Quotations: 0, Updated: 0, Failed: 0
2025-07-25T07:00:00.026Z [INFO]: Recurring_7_10_13_16_19_Jobs Started
2025-07-25T07:00:00.026Z [INFO]: Quotation Expiry Check Job Started
2025-07-25T07:00:00.037Z [INFO]: Quotation Expiry Check Job Completed, Total Un-flagged Expired Quotations: 0, Updated: 0, Failed: 0
2025-07-25T07:00:00.038Z [INFO]: Recurring_7_10_13_16_19_Jobs CompletedQuotation Expiry Check: true: Quotation Expiry Check Job Completed, Total Un-flagged Expired Quotations: 0, Updated: 0, Failed: 0
2025-07-25T09:00:00.017Z [INFO]: Recurring_6_12_18_0_Jobs Started
2025-07-25T09:00:00.018Z [INFO]: Quotations Followup Job Started
2025-07-25T09:00:00.030Z [INFO]: Quotations Followup Job Completed, Create Quotations: First time => 0, Last time: 0 || Sent Quotations: First time => 0, Last time: 0 ||| 0 Successful
2025-07-25T09:00:00.030Z [INFO]: Recurring_6_12_18_0_Jobs CompletedQuotations Followup: true: Quotations Followup Job Completed, Create Quotations: First time => 0, Last time: 0 || Sent Quotations: First time => 0, Last time: 0 ||| 0 Successful
2025-07-25T10:00:00.034Z [INFO]: Recurring_7_10_13_16_19_Jobs Started
2025-07-25T10:00:00.035Z [INFO]: Quotation Expiry Check Job Started
2025-07-25T10:00:00.045Z [INFO]: Quotation Expiry Check Job Completed, Total Un-flagged Expired Quotations: 0, Updated: 0, Failed: 0
2025-07-25T10:00:00.046Z [INFO]: Recurring_7_10_13_16_19_Jobs CompletedQuotation Expiry Check: true: Quotation Expiry Check Job Completed, Total Un-flagged Expired Quotations: 0, Updated: 0, Failed: 0
2025-07-25T11:41:35.163Z [INFO]: Quotation Tag Email Sent successfully
2025-07-25T11:43:01.163Z [INFO]: Quotation Tag Email Sent successfully
2025-07-25T11:56:57.317Z [INFO]: Quotation Tag Email Sent successfully
2025-07-25T12:00:11.534Z [INFO]: Quotation Tag Email Sent successfully
2025-07-25T12:12:09.085Z [INFO]: Quotation Tag Email Sent successfully
2025-07-25T12:14:20.651Z [INFO]: Quotation Tag Email Sent successfully
2025-07-25T13:00:00.033Z [INFO]: Recurring_7_10_13_16_19_Jobs Started
2025-07-25T13:00:00.033Z [INFO]: Quotation Expiry Check Job Started
2025-07-25T13:00:00.044Z [INFO]: Quotation Expiry Check Job Completed, Total Un-flagged Expired Quotations: 1, Updated: 1, Failed: 0
2025-07-25T13:00:00.045Z [INFO]: Recurring_7_10_13_16_19_Jobs CompletedQuotation Expiry Check: true: Quotation Expiry Check Job Completed, Total Un-flagged Expired Quotations: 1, Updated: 1, Failed: 0
2025-07-25T14:58:49.102Z [INFO]: Scheduler instantiated!
2025-07-25T15:00:00.032Z [INFO]: Recurring_6_12_18_0_Jobs Started
2025-07-25T15:00:00.036Z [INFO]: Quotations Followup Job Started
2025-07-25T15:00:00.075Z [INFO]: Quotations Followup Job Completed, Create Quotations: First time => 0, Last time: 0 || Sent Quotations: First time => 0, Last time: 0 ||| 0 Successful
2025-07-25T15:00:00.076Z [INFO]: Recurring_6_12_18_0_Jobs CompletedQuotations Followup: true: Quotations Followup Job Completed, Create Quotations: First time => 0, Last time: 0 || Sent Quotations: First time => 0, Last time: 0 ||| 0 Successful
2025-07-25T16:00:00.027Z [INFO]: Recurring_7_10_13_16_19_Jobs Started
2025-07-25T16:00:00.028Z [INFO]: Quotation Expiry Check Job Started
2025-07-25T16:00:00.042Z [INFO]: Quotation Expiry Check Job Completed, Total Un-flagged Expired Quotations: 0, Updated: 0, Failed: 0
2025-07-25T16:00:00.042Z [INFO]: Recurring_7_10_13_16_19_Jobs CompletedQuotation Expiry Check: true: Quotation Expiry Check Job Completed, Total Un-flagged Expired Quotations: 0, Updated: 0, Failed: 0
