2025-07-03T21:00:00.030Z [INFO]: Recurring_6_12_18_0_Jobs Started
2025-07-03T21:00:00.035Z [INFO]: Quotations Followup Job Started
2025-07-03T21:00:00.047Z [INFO]: Daily Midnight Jobs Started
2025-07-03T21:00:00.047Z [INFO]: Delete Old Notifications (> 90 Days) Job Started
2025-07-03T21:00:00.049Z [INFO]: Delete Old Notifications (> 90 Days) Job Completed, Successful: 0 Old Notification Deleted
2025-07-03T21:00:00.049Z [INFO]: Daily Midnight Jobs CompletedDelete Old Notifications: true: Delete Old Notifications (> 90 Days) Job Completed, Successful: 0 Old Notification Deleted
2025-07-03T21:00:00.052Z [INFO]: Quotations Followup Job Completed, Create Quotations: First time => 0, Last time: 0 || Sent Quotations: First time => 0, Last time: 0 ||| 0 Successful
2025-07-03T21:00:00.052Z [INFO]: Recurring_6_12_18_0_Jobs CompletedQuotations Followup: true: Quotations Followup Job Completed, Create Quotations: First time => 0, Last time: 0 || Sent Quotations: First time => 0, Last time: 0 ||| 0 Successful
2025-07-04T02:47:48.267Z [INFO]: Scheduler instantiated!
2025-07-04T03:00:00.025Z [INFO]: Recurring_6_12_18_0_Jobs Started
2025-07-04T03:00:00.027Z [INFO]: Quotations Followup Job Started
2025-07-04T03:00:00.056Z [INFO]: Quotations Followup Job Completed, Create Quotations: First time => 0, Last time: 0 || Sent Quotations: First time => 0, Last time: 0 ||| 0 Successful
2025-07-04T03:00:00.057Z [INFO]: Recurring_6_12_18_0_Jobs CompletedQuotations Followup: true: Quotations Followup Job Completed, Create Quotations: First time => 0, Last time: 0 || Sent Quotations: First time => 0, Last time: 0 ||| 0 Successful
2025-07-04T04:00:00.021Z [INFO]: Recurring_7_10_13_16_19_Jobs Started
2025-07-04T04:00:00.021Z [INFO]: Quotation Expiry Check Job Started
2025-07-04T04:00:00.033Z [INFO]: Quotation Expiry Check Job Completed, Total Un-flagged Expired Quotations: 1, Updated: 1, Failed: 0
2025-07-04T04:00:00.033Z [INFO]: Recurring_7_10_13_16_19_Jobs CompletedQuotation Expiry Check: true: Quotation Expiry Check Job Completed, Total Un-flagged Expired Quotations: 1, Updated: 1, Failed: 0
2025-07-04T06:02:46.778Z [INFO]: Quotation Tag Email Sent successfully
2025-07-04T07:00:00.050Z [INFO]: Recurring_7_10_13_16_19_Jobs Started
2025-07-04T07:00:00.051Z [INFO]: Quotation Expiry Check Job Started
2025-07-04T07:00:00.063Z [INFO]: Quotation Expiry Check Job Completed, Total Un-flagged Expired Quotations: 0, Updated: 0, Failed: 0
2025-07-04T07:00:00.064Z [INFO]: Recurring_7_10_13_16_19_Jobs CompletedQuotation Expiry Check: true: Quotation Expiry Check Job Completed, Total Un-flagged Expired Quotations: 0, Updated: 0, Failed: 0
2025-07-04T09:00:00.047Z [INFO]: Recurring_6_12_18_0_Jobs Started
2025-07-04T09:00:00.048Z [INFO]: Quotations Followup Job Started
2025-07-04T09:00:00.069Z [INFO]: Quotations Followup Job Completed, Create Quotations: First time => 0, Last time: 0 || Sent Quotations: First time => 0, Last time: 0 ||| 0 Successful
2025-07-04T09:00:00.069Z [INFO]: Recurring_6_12_18_0_Jobs CompletedQuotations Followup: true: Quotations Followup Job Completed, Create Quotations: First time => 0, Last time: 0 || Sent Quotations: First time => 0, Last time: 0 ||| 0 Successful
2025-07-04T10:00:00.042Z [INFO]: Recurring_7_10_13_16_19_Jobs Started
2025-07-04T10:00:00.043Z [INFO]: Quotation Expiry Check Job Started
2025-07-04T10:00:00.068Z [INFO]: Quotation Expiry Check Job Completed, Total Un-flagged Expired Quotations: 0, Updated: 0, Failed: 0
2025-07-04T10:00:00.068Z [INFO]: Recurring_7_10_13_16_19_Jobs CompletedQuotation Expiry Check: true: Quotation Expiry Check Job Completed, Total Un-flagged Expired Quotations: 0, Updated: 0, Failed: 0
2025-07-04T13:00:00.029Z [INFO]: Recurring_7_10_13_16_19_Jobs Started
2025-07-04T13:00:00.029Z [INFO]: Quotation Expiry Check Job Started
2025-07-04T13:00:00.063Z [INFO]: Quotation Expiry Check Job Completed, Total Un-flagged Expired Quotations: 1, Updated: 1, Failed: 0
2025-07-04T13:00:00.063Z [INFO]: Recurring_7_10_13_16_19_Jobs CompletedQuotation Expiry Check: true: Quotation Expiry Check Job Completed, Total Un-flagged Expired Quotations: 1, Updated: 1, Failed: 0
2025-07-04T14:54:12.548Z [INFO]: Scheduler instantiated!
2025-07-04T15:00:00.017Z [INFO]: Recurring_6_12_18_0_Jobs Started
2025-07-04T15:00:00.017Z [INFO]: Quotations Followup Job Started
2025-07-04T15:00:00.062Z [INFO]: Quotations Followup Job Completed, Create Quotations: First time => 0, Last time: 0 || Sent Quotations: First time => 0, Last time: 0 ||| 0 Successful
2025-07-04T15:00:00.062Z [INFO]: Recurring_6_12_18_0_Jobs CompletedQuotations Followup: true: Quotations Followup Job Completed, Create Quotations: First time => 0, Last time: 0 || Sent Quotations: First time => 0, Last time: 0 ||| 0 Successful
2025-07-04T15:00:00.067Z [INFO]: Recurring_6_12_18_0_Jobs Started
2025-07-04T15:00:00.071Z [INFO]: Quotations Followup Job Started
2025-07-04T15:00:00.083Z [INFO]: Quotations Followup Job Completed, Create Quotations: First time => 0, Last time: 0 || Sent Quotations: First time => 0, Last time: 0 ||| 0 Successful
2025-07-04T15:00:00.084Z [INFO]: Recurring_6_12_18_0_Jobs CompletedQuotations Followup: true: Quotations Followup Job Completed, Create Quotations: First time => 0, Last time: 0 || Sent Quotations: First time => 0, Last time: 0 ||| 0 Successful
2025-07-04T16:00:00.062Z [INFO]: Recurring_7_10_13_16_19_Jobs Started
2025-07-04T16:00:00.063Z [INFO]: Quotation Expiry Check Job Started
2025-07-04T16:00:00.067Z [INFO]: Recurring_7_10_13_16_19_Jobs Started
2025-07-04T16:00:00.068Z [INFO]: Quotation Expiry Check Job Started
2025-07-04T16:00:00.166Z [INFO]: Quotation Expiry Check Job Completed, Total Un-flagged Expired Quotations: 0, Updated: 0, Failed: 0
2025-07-04T16:00:00.166Z [INFO]: Recurring_7_10_13_16_19_Jobs CompletedQuotation Expiry Check: true: Quotation Expiry Check Job Completed, Total Un-flagged Expired Quotations: 0, Updated: 0, Failed: 0
2025-07-04T16:00:00.167Z [INFO]: Quotation Expiry Check Job Completed, Total Un-flagged Expired Quotations: 0, Updated: 0, Failed: 0
2025-07-04T16:00:00.167Z [INFO]: Recurring_7_10_13_16_19_Jobs CompletedQuotation Expiry Check: true: Quotation Expiry Check Job Completed, Total Un-flagged Expired Quotations: 0, Updated: 0, Failed: 0
