2025-08-02T21:00:00.014Z [INFO]: Daily Midnight Jobs Started
2025-08-02T21:00:00.019Z [INFO]: Delete Old Notifications (> 90 Days) Job Started
2025-08-02T21:00:00.033Z [INFO]: Recurring_6_12_18_0_Jobs Started
2025-08-02T21:00:00.033Z [INFO]: Quotations Followup Job Started
2025-08-02T21:00:00.035Z [INFO]: Delete Old Notifications (> 90 Days) Job Completed, Successful: 0 Old Notification Deleted
2025-08-02T21:00:00.035Z [INFO]: Lock Old Tasks Job Started
2025-08-02T21:00:00.036Z [ERROR]: TypeError - Cannot read properties of undefined (reading 'updateMany') Stack: TypeError: Cannot read properties of undefined (reading 'updateMany')
    at n.lockExpiredTasks (/home/edmartsy/public_html/oas.edmartsystems.com.default/.next/server/chunks/8467.js:1:4655)
    at c.lockExpiredTasks (/home/edmartsy/public_html/oas.edmartsystems.com.default/.next/server/chunks/8467.js:1:11974)
    at v (/home/edmartsy/public_html/oas.edmartsystems.com.default/.next/server/app/api/services/scheduler/route.js:1:2920)
    at p.job (/home/edmartsy/public_html/oas.edmartsystems.com.default/.next/server/app/api/services/scheduler/route.js:1:4084)
2025-08-02T21:00:00.039Z [ERROR]: TypeError - Cannot read properties of undefined (reading 'updateMany') Stack: TypeError: Cannot read properties of undefined (reading 'updateMany')
    at n.lockExpiredTasks (/home/edmartsy/public_html/oas.edmartsystems.com.default/.next/server/chunks/8467.js:1:4655)
    at c.lockExpiredTasks (/home/edmartsy/public_html/oas.edmartsystems.com.default/.next/server/chunks/8467.js:1:11974)
    at v (/home/edmartsy/public_html/oas.edmartsystems.com.default/.next/server/app/api/services/scheduler/route.js:1:2920)
    at p.job (/home/edmartsy/public_html/oas.edmartsystems.com.default/.next/server/app/api/services/scheduler/route.js:1:4084)
2025-08-02T21:00:00.040Z [INFO]: Lock Old Tasks Job Failed
2025-08-02T21:00:00.040Z [ERROR]: TypeError - Cannot read properties of undefined (reading 'updateMany') Stack: TypeError: Cannot read properties of undefined (reading 'updateMany')
    at n.lockExpiredTasks (/home/edmartsy/public_html/oas.edmartsystems.com.default/.next/server/chunks/8467.js:1:4655)
    at c.lockExpiredTasks (/home/edmartsy/public_html/oas.edmartsystems.com.default/.next/server/chunks/8467.js:1:11974)
    at v (/home/edmartsy/public_html/oas.edmartsystems.com.default/.next/server/app/api/services/scheduler/route.js:1:2920)
    at p.job (/home/edmartsy/public_html/oas.edmartsystems.com.default/.next/server/app/api/services/scheduler/route.js:1:4084)
2025-08-02T21:00:00.040Z [INFO]: Daily Midnight Jobs CompletedDelete Old Notifications: true: Delete Old Notifications (> 90 Days) Job Completed, Successful: 0 Old Notification Deleted
Lock Old Tasks: Something went wrong
2025-08-02T21:00:00.048Z [INFO]: Quotations Followup Job Completed, Create Quotations: First time => 0, Last time: 0 || Sent Quotations: First time => 0, Last time: 0 ||| 0 Successful
2025-08-02T21:00:00.048Z [INFO]: Recurring_6_12_18_0_Jobs CompletedQuotations Followup: true: Quotations Followup Job Completed, Create Quotations: First time => 0, Last time: 0 || Sent Quotations: First time => 0, Last time: 0 ||| 0 Successful
2025-08-03T03:00:00.015Z [INFO]: Recurring_6_12_18_0_Jobs Started
2025-08-03T03:00:00.016Z [INFO]: Quotations Followup Job Started
2025-08-03T03:00:00.036Z [INFO]: Quotations Followup Job Completed, Create Quotations: First time => 0, Last time: 0 || Sent Quotations: First time => 0, Last time: 0 ||| 0 Successful
2025-08-03T03:00:00.036Z [INFO]: Recurring_6_12_18_0_Jobs CompletedQuotations Followup: true: Quotations Followup Job Completed, Create Quotations: First time => 0, Last time: 0 || Sent Quotations: First time => 0, Last time: 0 ||| 0 Successful
2025-08-03T04:00:00.019Z [INFO]: Recurring_7_10_13_16_19_Jobs Started
2025-08-03T04:00:00.020Z [INFO]: Quotation Expiry Check Job Started
2025-08-03T04:00:00.036Z [INFO]: Quotation Expiry Check Job Completed, Total Un-flagged Expired Quotations: 1, Updated: 1, Failed: 0
2025-08-03T04:00:00.036Z [INFO]: Recurring_7_10_13_16_19_Jobs CompletedQuotation Expiry Check: true: Quotation Expiry Check Job Completed, Total Un-flagged Expired Quotations: 1, Updated: 1, Failed: 0
2025-08-03T07:00:00.046Z [INFO]: Recurring_7_10_13_16_19_Jobs Started
2025-08-03T07:00:00.048Z [INFO]: Quotation Expiry Check Job Started
2025-08-03T07:00:00.064Z [INFO]: Quotation Expiry Check Job Completed, Total Un-flagged Expired Quotations: 1, Updated: 1, Failed: 0
2025-08-03T07:00:00.064Z [INFO]: Recurring_7_10_13_16_19_Jobs CompletedQuotation Expiry Check: true: Quotation Expiry Check Job Completed, Total Un-flagged Expired Quotations: 1, Updated: 1, Failed: 0
2025-08-03T09:00:00.034Z [INFO]: Recurring_6_12_18_0_Jobs Started
2025-08-03T09:00:00.035Z [INFO]: Quotations Followup Job Started
2025-08-03T09:00:00.049Z [INFO]: Quotations Followup Job Completed, Create Quotations: First time => 0, Last time: 0 || Sent Quotations: First time => 0, Last time: 0 ||| 0 Successful
2025-08-03T09:00:00.049Z [INFO]: Recurring_6_12_18_0_Jobs CompletedQuotations Followup: true: Quotations Followup Job Completed, Create Quotations: First time => 0, Last time: 0 || Sent Quotations: First time => 0, Last time: 0 ||| 0 Successful
2025-08-03T10:00:00.025Z [INFO]: Recurring_7_10_13_16_19_Jobs Started
2025-08-03T10:00:00.025Z [INFO]: Quotation Expiry Check Job Started
2025-08-03T10:00:00.037Z [INFO]: Quotation Expiry Check Job Completed, Total Un-flagged Expired Quotations: 0, Updated: 0, Failed: 0
2025-08-03T10:00:00.037Z [INFO]: Recurring_7_10_13_16_19_Jobs CompletedQuotation Expiry Check: true: Quotation Expiry Check Job Completed, Total Un-flagged Expired Quotations: 0, Updated: 0, Failed: 0
2025-08-03T13:00:00.022Z [INFO]: Recurring_7_10_13_16_19_Jobs Started
2025-08-03T13:00:00.022Z [INFO]: Quotation Expiry Check Job Started
2025-08-03T13:00:00.031Z [INFO]: Quotation Expiry Check Job Completed, Total Un-flagged Expired Quotations: 0, Updated: 0, Failed: 0
2025-08-03T13:00:00.031Z [INFO]: Recurring_7_10_13_16_19_Jobs CompletedQuotation Expiry Check: true: Quotation Expiry Check Job Completed, Total Un-flagged Expired Quotations: 0, Updated: 0, Failed: 0
2025-08-03T15:22:21.293Z [INFO]: Scheduler instantiated!
2025-08-03T16:00:00.037Z [INFO]: Recurring_7_10_13_16_19_Jobs Started
2025-08-03T16:00:00.040Z [INFO]: Quotation Expiry Check Job Started
2025-08-03T16:00:00.072Z [INFO]: Quotation Expiry Check Job Completed, Total Un-flagged Expired Quotations: 0, Updated: 0, Failed: 0
2025-08-03T16:00:00.073Z [INFO]: Recurring_7_10_13_16_19_Jobs CompletedQuotation Expiry Check: true: Quotation Expiry Check Job Completed, Total Un-flagged Expired Quotations: 0, Updated: 0, Failed: 0
2025-08-03T16:59:42.008Z [INFO]: Scheduler instantiated!
2025-08-03T17:04:39.118Z [INFO]: Scheduler instantiated!
2025-08-03T17:22:21.328Z [INFO]: Scheduler instantiated!
2025-08-03T17:26:57.683Z [INFO]: Scheduler instantiated!
2025-08-03T17:29:17.285Z [INFO]: Scheduler instantiated!
2025-08-03T17:31:33.423Z [INFO]: Scheduler instantiated!
2025-08-03T17:32:00.320Z [INFO]: Scheduler instantiated!
2025-08-03T17:52:19.383Z [INFO]: Scheduler instantiated!
