2025-06-12T21:00:00.013Z [INFO]: Recurring_6_12_18_0_Jobs Started
2025-06-12T21:00:00.018Z [INFO]: Quotations Followup Job Started
2025-06-12T21:00:00.035Z [INFO]: Daily Midnight Jobs Started
2025-06-12T21:00:00.035Z [INFO]: Delete Old Notifications (> 90 Days) Job Started
2025-06-12T21:00:00.118Z [INFO]: Delete Old Notifications (> 90 Days) Job Completed, Successful: 0 Old Notification Deleted
2025-06-12T21:00:00.118Z [INFO]: Daily Midnight Jobs CompletedDelete Old Notifications: true: Delete Old Notifications (> 90 Days) Job Completed, Successful: 0 Old Notification Deleted
2025-06-12T21:00:00.119Z [INFO]: Quotations Followup Job Completed, Create Quotations: First time => 0, Last time: 0 || Sent Quotations: First time => 0, Last time: 0 ||| 0 Successful
2025-06-12T21:00:00.119Z [INFO]: Recurring_6_12_18_0_Jobs CompletedQuotations Followup: true: Quotations Followup Job Completed, Create Quotations: First time => 0, Last time: 0 || Sent Quotations: First time => 0, Last time: 0 ||| 0 Successful
2025-06-13T03:00:00.015Z [INFO]: Recurring_6_12_18_0_Jobs Started
2025-06-13T03:00:00.016Z [INFO]: Quotations Followup Job Started
2025-06-13T03:00:00.035Z [INFO]: Quotations Followup Job Completed, Create Quotations: First time => 0, Last time: 0 || Sent Quotations: First time => 0, Last time: 0 ||| 0 Successful
2025-06-13T03:00:00.035Z [INFO]: Recurring_6_12_18_0_Jobs CompletedQuotations Followup: true: Quotations Followup Job Completed, Create Quotations: First time => 0, Last time: 0 || Sent Quotations: First time => 0, Last time: 0 ||| 0 Successful
2025-06-13T04:00:00.030Z [INFO]: Recurring_7_10_13_16_19_Jobs Started
2025-06-13T04:00:00.030Z [INFO]: Quotation Expiry Check Job Started
2025-06-13T04:00:00.044Z [INFO]: Quotation Expiry Check Job Completed, Total Un-flagged Expired Quotations: 1, Updated: 1, Failed: 0
2025-06-13T04:00:00.044Z [INFO]: Recurring_7_10_13_16_19_Jobs CompletedQuotation Expiry Check: true: Quotation Expiry Check Job Completed, Total Un-flagged Expired Quotations: 1, Updated: 1, Failed: 0
2025-06-13T06:04:01.479Z [ERROR]: PrismaClientKnownRequestError - 
Invalid `prisma.quotation_draft.delete()` invocation:


An operation failed because it depends on one or more records that were required but not found. Record to delete does not exist. Stack: PrismaClientKnownRequestError: 
Invalid `prisma.quotation_draft.delete()` invocation:


An operation failed because it depends on one or more records that were required but not found. Record to delete does not exist.
    at $n.handleRequestError (/home/edmartsy/public_html/oas.edmartsystems.com.default/node_modules/@prisma/client/runtime/library.js:121:7315)
    at $n.handleAndLogRequestError (/home/edmartsy/public_html/oas.edmartsystems.com.default/node_modules/@prisma/client/runtime/library.js:121:6623)
    at $n.request (/home/edmartsy/public_html/oas.edmartsystems.com.default/node_modules/@prisma/client/runtime/library.js:121:6307)
    at async l (/home/edmartsy/public_html/oas.edmartsystems.com.default/node_modules/@prisma/client/runtime/library.js:130:9633)
    at async d.deleteQuotationDraft (/home/edmartsy/public_html/oas.edmartsystems.com.default/.next/server/chunks/6170.js:101:10742)
    at async Q.deleteQuotationDraft (/home/edmartsy/public_html/oas.edmartsystems.com.default/.next/server/chunks/6170.js:101:29718)
    at async g (/home/edmartsy/public_html/oas.edmartsystems.com.default/.next/server/app/api/quotations/drafts/[draft_id]/route.js:1:2205)
    at async /home/edmartsy/public_html/oas.edmartsystems.com.default/node_modules/next/dist/compiled/next-server/app-route.runtime.prod.js:6:41960
2025-06-13T06:04:01.483Z [ERROR]: PrismaClientKnownRequestError - 
Invalid `prisma.quotation_draft.delete()` invocation:


An operation failed because it depends on one or more records that were required but not found. Record to delete does not exist. Stack: PrismaClientKnownRequestError: 
Invalid `prisma.quotation_draft.delete()` invocation:


An operation failed because it depends on one or more records that were required but not found. Record to delete does not exist.
    at $n.handleRequestError (/home/edmartsy/public_html/oas.edmartsystems.com.default/node_modules/@prisma/client/runtime/library.js:121:7315)
    at $n.handleAndLogRequestError (/home/edmartsy/public_html/oas.edmartsystems.com.default/node_modules/@prisma/client/runtime/library.js:121:6623)
    at $n.request (/home/edmartsy/public_html/oas.edmartsystems.com.default/node_modules/@prisma/client/runtime/library.js:121:6307)
    at async l (/home/edmartsy/public_html/oas.edmartsystems.com.default/node_modules/@prisma/client/runtime/library.js:130:9633)
    at async d.deleteQuotationDraft (/home/edmartsy/public_html/oas.edmartsystems.com.default/.next/server/chunks/6170.js:101:10742)
    at async Q.deleteQuotationDraft (/home/edmartsy/public_html/oas.edmartsystems.com.default/.next/server/chunks/6170.js:101:29718)
    at async g (/home/edmartsy/public_html/oas.edmartsystems.com.default/.next/server/app/api/quotations/drafts/[draft_id]/route.js:1:2205)
    at async /home/edmartsy/public_html/oas.edmartsystems.com.default/node_modules/next/dist/compiled/next-server/app-route.runtime.prod.js:6:41960
2025-06-13T06:04:01.483Z [ERROR]: PrismaClientKnownRequestError - 
Invalid `prisma.quotation_draft.delete()` invocation:


An operation failed because it depends on one or more records that were required but not found. Record to delete does not exist. Stack: PrismaClientKnownRequestError: 
Invalid `prisma.quotation_draft.delete()` invocation:


An operation failed because it depends on one or more records that were required but not found. Record to delete does not exist.
    at $n.handleRequestError (/home/edmartsy/public_html/oas.edmartsystems.com.default/node_modules/@prisma/client/runtime/library.js:121:7315)
    at $n.handleAndLogRequestError (/home/edmartsy/public_html/oas.edmartsystems.com.default/node_modules/@prisma/client/runtime/library.js:121:6623)
    at $n.request (/home/edmartsy/public_html/oas.edmartsystems.com.default/node_modules/@prisma/client/runtime/library.js:121:6307)
    at async l (/home/edmartsy/public_html/oas.edmartsystems.com.default/node_modules/@prisma/client/runtime/library.js:130:9633)
    at async d.deleteQuotationDraft (/home/edmartsy/public_html/oas.edmartsystems.com.default/.next/server/chunks/6170.js:101:10742)
    at async Q.deleteQuotationDraft (/home/edmartsy/public_html/oas.edmartsystems.com.default/.next/server/chunks/6170.js:101:29718)
    at async g (/home/edmartsy/public_html/oas.edmartsystems.com.default/.next/server/app/api/quotations/drafts/[draft_id]/route.js:1:2205)
    at async /home/edmartsy/public_html/oas.edmartsystems.com.default/node_modules/next/dist/compiled/next-server/app-route.runtime.prod.js:6:41960
2025-06-13T07:00:00.024Z [INFO]: Recurring_7_10_13_16_19_Jobs Started
2025-06-13T07:00:00.025Z [INFO]: Quotation Expiry Check Job Started
2025-06-13T07:00:00.034Z [INFO]: Quotation Expiry Check Job Completed, Total Un-flagged Expired Quotations: 0, Updated: 0, Failed: 0
2025-06-13T07:00:00.034Z [INFO]: Recurring_7_10_13_16_19_Jobs CompletedQuotation Expiry Check: true: Quotation Expiry Check Job Completed, Total Un-flagged Expired Quotations: 0, Updated: 0, Failed: 0
2025-06-13T09:00:00.015Z [INFO]: Recurring_6_12_18_0_Jobs Started
2025-06-13T09:00:00.015Z [INFO]: Quotations Followup Job Started
2025-06-13T09:00:00.025Z [INFO]: Quotations Followup Job Completed, Create Quotations: First time => 0, Last time: 0 || Sent Quotations: First time => 0, Last time: 0 ||| 0 Successful
2025-06-13T09:00:00.026Z [INFO]: Recurring_6_12_18_0_Jobs CompletedQuotations Followup: true: Quotations Followup Job Completed, Create Quotations: First time => 0, Last time: 0 || Sent Quotations: First time => 0, Last time: 0 ||| 0 Successful
2025-06-13T10:00:00.010Z [INFO]: Recurring_7_10_13_16_19_Jobs Started
2025-06-13T10:00:00.011Z [INFO]: Quotation Expiry Check Job Started
2025-06-13T10:00:00.020Z [INFO]: Quotation Expiry Check Job Completed, Total Un-flagged Expired Quotations: 0, Updated: 0, Failed: 0
2025-06-13T10:00:00.020Z [INFO]: Recurring_7_10_13_16_19_Jobs CompletedQuotation Expiry Check: true: Quotation Expiry Check Job Completed, Total Un-flagged Expired Quotations: 0, Updated: 0, Failed: 0
2025-06-13T10:33:42.000Z [ERROR]: PrismaClientKnownRequestError - 
Invalid `prisma.quotation_draft.delete()` invocation:


An operation failed because it depends on one or more records that were required but not found. Record to delete does not exist. Stack: PrismaClientKnownRequestError: 
Invalid `prisma.quotation_draft.delete()` invocation:


An operation failed because it depends on one or more records that were required but not found. Record to delete does not exist.
    at $n.handleRequestError (/home/edmartsy/public_html/oas.edmartsystems.com.default/node_modules/@prisma/client/runtime/library.js:121:7315)
    at $n.handleAndLogRequestError (/home/edmartsy/public_html/oas.edmartsystems.com.default/node_modules/@prisma/client/runtime/library.js:121:6623)
    at $n.request (/home/edmartsy/public_html/oas.edmartsystems.com.default/node_modules/@prisma/client/runtime/library.js:121:6307)
    at async l (/home/edmartsy/public_html/oas.edmartsystems.com.default/node_modules/@prisma/client/runtime/library.js:130:9633)
    at async d.deleteQuotationDraft (/home/edmartsy/public_html/oas.edmartsystems.com.default/.next/server/chunks/6170.js:101:10742)
    at async Q.deleteQuotationDraft (/home/edmartsy/public_html/oas.edmartsystems.com.default/.next/server/chunks/6170.js:101:29718)
    at async g (/home/edmartsy/public_html/oas.edmartsystems.com.default/.next/server/app/api/quotations/drafts/[draft_id]/route.js:1:2205)
    at async /home/edmartsy/public_html/oas.edmartsystems.com.default/node_modules/next/dist/compiled/next-server/app-route.runtime.prod.js:6:41960
2025-06-13T10:33:42.001Z [ERROR]: PrismaClientKnownRequestError - 
Invalid `prisma.quotation_draft.delete()` invocation:


An operation failed because it depends on one or more records that were required but not found. Record to delete does not exist. Stack: PrismaClientKnownRequestError: 
Invalid `prisma.quotation_draft.delete()` invocation:


An operation failed because it depends on one or more records that were required but not found. Record to delete does not exist.
    at $n.handleRequestError (/home/edmartsy/public_html/oas.edmartsystems.com.default/node_modules/@prisma/client/runtime/library.js:121:7315)
    at $n.handleAndLogRequestError (/home/edmartsy/public_html/oas.edmartsystems.com.default/node_modules/@prisma/client/runtime/library.js:121:6623)
    at $n.request (/home/edmartsy/public_html/oas.edmartsystems.com.default/node_modules/@prisma/client/runtime/library.js:121:6307)
    at async l (/home/edmartsy/public_html/oas.edmartsystems.com.default/node_modules/@prisma/client/runtime/library.js:130:9633)
    at async d.deleteQuotationDraft (/home/edmartsy/public_html/oas.edmartsystems.com.default/.next/server/chunks/6170.js:101:10742)
    at async Q.deleteQuotationDraft (/home/edmartsy/public_html/oas.edmartsystems.com.default/.next/server/chunks/6170.js:101:29718)
    at async g (/home/edmartsy/public_html/oas.edmartsystems.com.default/.next/server/app/api/quotations/drafts/[draft_id]/route.js:1:2205)
    at async /home/edmartsy/public_html/oas.edmartsystems.com.default/node_modules/next/dist/compiled/next-server/app-route.runtime.prod.js:6:41960
2025-06-13T10:33:42.001Z [ERROR]: PrismaClientKnownRequestError - 
Invalid `prisma.quotation_draft.delete()` invocation:


An operation failed because it depends on one or more records that were required but not found. Record to delete does not exist. Stack: PrismaClientKnownRequestError: 
Invalid `prisma.quotation_draft.delete()` invocation:


An operation failed because it depends on one or more records that were required but not found. Record to delete does not exist.
    at $n.handleRequestError (/home/edmartsy/public_html/oas.edmartsystems.com.default/node_modules/@prisma/client/runtime/library.js:121:7315)
    at $n.handleAndLogRequestError (/home/edmartsy/public_html/oas.edmartsystems.com.default/node_modules/@prisma/client/runtime/library.js:121:6623)
    at $n.request (/home/edmartsy/public_html/oas.edmartsystems.com.default/node_modules/@prisma/client/runtime/library.js:121:6307)
    at async l (/home/edmartsy/public_html/oas.edmartsystems.com.default/node_modules/@prisma/client/runtime/library.js:130:9633)
    at async d.deleteQuotationDraft (/home/edmartsy/public_html/oas.edmartsystems.com.default/.next/server/chunks/6170.js:101:10742)
    at async Q.deleteQuotationDraft (/home/edmartsy/public_html/oas.edmartsystems.com.default/.next/server/chunks/6170.js:101:29718)
    at async g (/home/edmartsy/public_html/oas.edmartsystems.com.default/.next/server/app/api/quotations/drafts/[draft_id]/route.js:1:2205)
    at async /home/edmartsy/public_html/oas.edmartsystems.com.default/node_modules/next/dist/compiled/next-server/app-route.runtime.prod.js:6:41960
2025-06-13T13:00:00.039Z [INFO]: Recurring_7_10_13_16_19_Jobs Started
2025-06-13T13:00:00.039Z [INFO]: Quotation Expiry Check Job Started
2025-06-13T13:00:00.062Z [INFO]: Quotation Expiry Check Job Completed, Total Un-flagged Expired Quotations: 1, Updated: 1, Failed: 0
2025-06-13T13:00:00.062Z [INFO]: Recurring_7_10_13_16_19_Jobs CompletedQuotation Expiry Check: true: Quotation Expiry Check Job Completed, Total Un-flagged Expired Quotations: 1, Updated: 1, Failed: 0
2025-06-13T15:00:00.033Z [INFO]: Recurring_6_12_18_0_Jobs Started
2025-06-13T15:00:00.033Z [INFO]: Quotations Followup Job Started
2025-06-13T15:00:00.044Z [INFO]: Quotations Followup Job Completed, Create Quotations: First time => 0, Last time: 0 || Sent Quotations: First time => 0, Last time: 0 ||| 0 Successful
2025-06-13T15:00:00.045Z [INFO]: Recurring_6_12_18_0_Jobs CompletedQuotations Followup: true: Quotations Followup Job Completed, Create Quotations: First time => 0, Last time: 0 || Sent Quotations: First time => 0, Last time: 0 ||| 0 Successful
2025-06-13T16:00:00.019Z [INFO]: Recurring_7_10_13_16_19_Jobs Started
2025-06-13T16:00:00.019Z [INFO]: Quotation Expiry Check Job Started
2025-06-13T16:00:00.027Z [INFO]: Quotation Expiry Check Job Completed, Total Un-flagged Expired Quotations: 0, Updated: 0, Failed: 0
2025-06-13T16:00:00.027Z [INFO]: Recurring_7_10_13_16_19_Jobs CompletedQuotation Expiry Check: true: Quotation Expiry Check Job Completed, Total Un-flagged Expired Quotations: 0, Updated: 0, Failed: 0
