2025-06-28T21:00:00.031Z [INFO]: Recurring_6_12_18_0_Jobs Started
2025-06-28T21:00:00.036Z [INFO]: Quotations Followup Job Started
2025-06-28T21:00:00.070Z [INFO]: Daily Midnight Jobs Started
2025-06-28T21:00:00.070Z [INFO]: Delete Old Notifications (> 90 Days) Job Started
2025-06-28T21:00:00.072Z [INFO]: Delete Old Notifications (> 90 Days) Job Completed, Successful: 0 Old Notification Deleted
2025-06-28T21:00:00.072Z [INFO]: Daily Midnight Jobs CompletedDelete Old Notifications: true: Delete Old Notifications (> 90 Days) Job Completed, Successful: 0 Old Notification Deleted
2025-06-28T21:00:00.075Z [INFO]: Quotations Followup Job Completed, Create Quotations: First time => 0, Last time: 0 || Sent Quotations: First time => 0, Last time: 0 ||| 0 Successful
2025-06-28T21:00:00.075Z [INFO]: Recurring_6_12_18_0_Jobs CompletedQuotations Followup: true: Quotations Followup Job Completed, Create Quotations: First time => 0, Last time: 0 || Sent Quotations: First time => 0, Last time: 0 ||| 0 Successful
2025-06-29T03:00:00.018Z [INFO]: Recurring_6_12_18_0_Jobs Started
2025-06-29T03:00:00.018Z [INFO]: Quotations Followup Job Started
2025-06-29T03:00:00.034Z [INFO]: Quotations Followup Job Completed, Create Quotations: First time => 0, Last time: 0 || Sent Quotations: First time => 0, Last time: 0 ||| 0 Successful
2025-06-29T03:00:00.035Z [INFO]: Recurring_6_12_18_0_Jobs CompletedQuotations Followup: true: Quotations Followup Job Completed, Create Quotations: First time => 0, Last time: 0 || Sent Quotations: First time => 0, Last time: 0 ||| 0 Successful
2025-06-29T04:00:00.039Z [INFO]: Recurring_7_10_13_16_19_Jobs Started
2025-06-29T04:00:00.040Z [INFO]: Quotation Expiry Check Job Started
2025-06-29T04:00:00.049Z [INFO]: Quotation Expiry Check Job Completed, Total Un-flagged Expired Quotations: 2, Updated: 2, Failed: 0
2025-06-29T04:00:00.049Z [INFO]: Recurring_7_10_13_16_19_Jobs CompletedQuotation Expiry Check: true: Quotation Expiry Check Job Completed, Total Un-flagged Expired Quotations: 2, Updated: 2, Failed: 0
2025-06-29T07:00:00.029Z [INFO]: Recurring_7_10_13_16_19_Jobs Started
2025-06-29T07:00:00.030Z [INFO]: Quotation Expiry Check Job Started
2025-06-29T07:00:00.043Z [INFO]: Quotation Expiry Check Job Completed, Total Un-flagged Expired Quotations: 0, Updated: 0, Failed: 0
2025-06-29T07:00:00.044Z [INFO]: Recurring_7_10_13_16_19_Jobs CompletedQuotation Expiry Check: true: Quotation Expiry Check Job Completed, Total Un-flagged Expired Quotations: 0, Updated: 0, Failed: 0
2025-06-29T09:00:00.030Z [INFO]: Recurring_6_12_18_0_Jobs Started
2025-06-29T09:00:00.031Z [INFO]: Quotations Followup Job Started
2025-06-29T09:00:00.043Z [INFO]: Quotations Followup Job Completed, Create Quotations: First time => 0, Last time: 0 || Sent Quotations: First time => 0, Last time: 0 ||| 0 Successful
2025-06-29T09:00:00.043Z [INFO]: Recurring_6_12_18_0_Jobs CompletedQuotations Followup: true: Quotations Followup Job Completed, Create Quotations: First time => 0, Last time: 0 || Sent Quotations: First time => 0, Last time: 0 ||| 0 Successful
2025-06-29T10:00:00.020Z [INFO]: Recurring_7_10_13_16_19_Jobs Started
2025-06-29T10:00:00.021Z [INFO]: Quotation Expiry Check Job Started
2025-06-29T10:00:00.031Z [INFO]: Quotation Expiry Check Job Completed, Total Un-flagged Expired Quotations: 0, Updated: 0, Failed: 0
2025-06-29T10:00:00.031Z [INFO]: Recurring_7_10_13_16_19_Jobs CompletedQuotation Expiry Check: true: Quotation Expiry Check Job Completed, Total Un-flagged Expired Quotations: 0, Updated: 0, Failed: 0
2025-06-29T10:49:08.795Z [INFO]: Scheduler instantiated!
2025-06-29T13:00:00.028Z [INFO]: Recurring_7_10_13_16_19_Jobs Started
2025-06-29T13:00:00.030Z [INFO]: Quotation Expiry Check Job Started
2025-06-29T13:00:00.059Z [INFO]: Quotation Expiry Check Job Completed, Total Un-flagged Expired Quotations: 0, Updated: 0, Failed: 0
2025-06-29T13:00:00.060Z [INFO]: Recurring_7_10_13_16_19_Jobs CompletedQuotation Expiry Check: true: Quotation Expiry Check Job Completed, Total Un-flagged Expired Quotations: 0, Updated: 0, Failed: 0
2025-06-29T15:00:00.021Z [INFO]: Recurring_6_12_18_0_Jobs Started
2025-06-29T15:00:00.022Z [INFO]: Quotations Followup Job Started
2025-06-29T15:00:00.034Z [INFO]: Quotations Followup Job Completed, Create Quotations: First time => 0, Last time: 0 || Sent Quotations: First time => 0, Last time: 0 ||| 0 Successful
2025-06-29T15:00:00.035Z [INFO]: Recurring_6_12_18_0_Jobs CompletedQuotations Followup: true: Quotations Followup Job Completed, Create Quotations: First time => 0, Last time: 0 || Sent Quotations: First time => 0, Last time: 0 ||| 0 Successful
2025-06-29T16:00:00.020Z [INFO]: Recurring_7_10_13_16_19_Jobs Started
2025-06-29T16:00:00.020Z [INFO]: Quotation Expiry Check Job Started
2025-06-29T16:00:00.030Z [INFO]: Quotation Expiry Check Job Completed, Total Un-flagged Expired Quotations: 0, Updated: 0, Failed: 0
2025-06-29T16:00:00.031Z [INFO]: Recurring_7_10_13_16_19_Jobs CompletedQuotation Expiry Check: true: Quotation Expiry Check Job Completed, Total Un-flagged Expired Quotations: 0, Updated: 0, Failed: 0
