2025-05-18T21:00:00.032Z [INFO]: Recurring_6_12_18_0_Jobs Started
2025-05-18T21:00:00.034Z [INFO]: Quotations Followup Job Started
2025-05-18T21:00:00.042Z [INFO]: Daily Midnight Jobs Started
2025-05-18T21:00:00.043Z [INFO]: Delete Old Notifications (> 90 Days) Job Started
2025-05-18T21:00:00.044Z [INFO]: Delete Old Notifications (> 90 Days) Job Completed, Successful: 0 Old Notification Deleted
2025-05-18T21:00:00.044Z [INFO]: Daily Midnight Jobs CompletedDelete Old Notifications: true: Delete Old Notifications (> 90 Days) Job Completed, Successful: 0 Old Notification Deleted
2025-05-18T21:00:00.047Z [INFO]: Quotations Followup Job Completed, Create Quotations: First time => 0, Last time: 0 || Sent Quotations: First time => 0, Last time: 0 ||| 0 Successful
2025-05-18T21:00:00.047Z [INFO]: Recurring_6_12_18_0_Jobs CompletedQuotations Followup: true: Quotations Followup Job Completed, Create Quotations: First time => 0, Last time: 0 || Sent Quotations: First time => 0, Last time: 0 ||| 0 Successful
2025-05-19T03:00:00.012Z [INFO]: Recurring_6_12_18_0_Jobs Started
2025-05-19T03:00:00.012Z [INFO]: Quotations Followup Job Started
2025-05-19T03:00:00.029Z [INFO]: Quotations Followup Job Completed, Create Quotations: First time => 0, Last time: 0 || Sent Quotations: First time => 0, Last time: 0 ||| 0 Successful
2025-05-19T03:00:00.029Z [INFO]: Recurring_6_12_18_0_Jobs CompletedQuotations Followup: true: Quotations Followup Job Completed, Create Quotations: First time => 0, Last time: 0 || Sent Quotations: First time => 0, Last time: 0 ||| 0 Successful
2025-05-19T04:00:00.012Z [INFO]: Recurring_7_10_13_16_19_Jobs Started
2025-05-19T04:00:00.012Z [INFO]: Quotation Expiry Check Job Started
2025-05-19T04:00:00.022Z [INFO]: Quotation Expiry Check Job Completed, Total Un-flagged Expired Quotations: 0, Updated: 0, Failed: 0
2025-05-19T04:00:00.022Z [INFO]: Recurring_7_10_13_16_19_Jobs CompletedQuotation Expiry Check: true: Quotation Expiry Check Job Completed, Total Un-flagged Expired Quotations: 0, Updated: 0, Failed: 0
2025-05-19T07:00:00.033Z [INFO]: Recurring_7_10_13_16_19_Jobs Started
2025-05-19T07:00:00.033Z [INFO]: Quotation Expiry Check Job Started
2025-05-19T07:00:00.049Z [INFO]: Quotation Expiry Check Job Completed, Total Un-flagged Expired Quotations: 0, Updated: 0, Failed: 0
2025-05-19T07:00:00.049Z [INFO]: Recurring_7_10_13_16_19_Jobs CompletedQuotation Expiry Check: true: Quotation Expiry Check Job Completed, Total Un-flagged Expired Quotations: 0, Updated: 0, Failed: 0
2025-05-19T09:00:00.025Z [INFO]: Recurring_6_12_18_0_Jobs Started
2025-05-19T09:00:00.026Z [INFO]: Quotations Followup Job Started
2025-05-19T09:00:00.041Z [INFO]: Quotations Followup Job Completed, Create Quotations: First time => 0, Last time: 0 || Sent Quotations: First time => 0, Last time: 0 ||| 0 Successful
2025-05-19T09:00:00.041Z [INFO]: Recurring_6_12_18_0_Jobs CompletedQuotations Followup: true: Quotations Followup Job Completed, Create Quotations: First time => 0, Last time: 0 || Sent Quotations: First time => 0, Last time: 0 ||| 0 Successful
2025-05-19T10:00:00.023Z [INFO]: Recurring_7_10_13_16_19_Jobs Started
2025-05-19T10:00:00.023Z [INFO]: Quotation Expiry Check Job Started
2025-05-19T10:00:00.034Z [INFO]: Quotation Expiry Check Job Completed, Total Un-flagged Expired Quotations: 0, Updated: 0, Failed: 0
2025-05-19T10:00:00.034Z [INFO]: Recurring_7_10_13_16_19_Jobs CompletedQuotation Expiry Check: true: Quotation Expiry Check Job Completed, Total Un-flagged Expired Quotations: 0, Updated: 0, Failed: 0
2025-05-19T13:00:00.011Z [INFO]: Recurring_7_10_13_16_19_Jobs Started
2025-05-19T13:00:00.011Z [INFO]: Quotation Expiry Check Job Started
2025-05-19T13:00:00.021Z [INFO]: Quotation Expiry Check Job Completed, Total Un-flagged Expired Quotations: 0, Updated: 0, Failed: 0
2025-05-19T13:00:00.021Z [INFO]: Recurring_7_10_13_16_19_Jobs CompletedQuotation Expiry Check: true: Quotation Expiry Check Job Completed, Total Un-flagged Expired Quotations: 0, Updated: 0, Failed: 0
2025-05-19T15:00:00.038Z [INFO]: Recurring_6_12_18_0_Jobs Started
2025-05-19T15:00:00.039Z [INFO]: Quotations Followup Job Started
2025-05-19T15:00:00.053Z [INFO]: Quotations Followup Job Completed, Create Quotations: First time => 0, Last time: 0 || Sent Quotations: First time => 0, Last time: 0 ||| 0 Successful
2025-05-19T15:00:00.054Z [INFO]: Recurring_6_12_18_0_Jobs CompletedQuotations Followup: true: Quotations Followup Job Completed, Create Quotations: First time => 0, Last time: 0 || Sent Quotations: First time => 0, Last time: 0 ||| 0 Successful
2025-05-19T16:00:00.034Z [INFO]: Recurring_7_10_13_16_19_Jobs Started
2025-05-19T16:00:00.034Z [INFO]: Quotation Expiry Check Job Started
2025-05-19T16:00:00.046Z [INFO]: Quotation Expiry Check Job Completed, Total Un-flagged Expired Quotations: 0, Updated: 0, Failed: 0
2025-05-19T16:00:00.046Z [INFO]: Recurring_7_10_13_16_19_Jobs CompletedQuotation Expiry Check: true: Quotation Expiry Check Job Completed, Total Un-flagged Expired Quotations: 0, Updated: 0, Failed: 0
