2025-05-24T21:00:00.022Z [INFO]: Recurring_6_12_18_0_Jobs Started
2025-05-24T21:00:00.023Z [INFO]: Quotations Followup Job Started
2025-05-24T21:00:00.049Z [INFO]: Daily Midnight Jobs Started
2025-05-24T21:00:00.049Z [INFO]: Delete Old Notifications (> 90 Days) Job Started
2025-05-24T21:00:00.052Z [INFO]: Delete Old Notifications (> 90 Days) Job Completed, Successful: 0 Old Notification Deleted
2025-05-24T21:00:00.052Z [INFO]: Daily Midnight Jobs CompletedDelete Old Notifications: true: Delete Old Notifications (> 90 Days) Job Completed, Successful: 0 Old Notification Deleted
2025-05-24T21:00:00.055Z [INFO]: Quotations Followup Job Completed, Create Quotations: First time => 0, Last time: 0 || Sent Quotations: First time => 0, Last time: 0 ||| 0 Successful
2025-05-24T21:00:00.055Z [INFO]: Recurring_6_12_18_0_Jobs CompletedQuotations Followup: true: Quotations Followup Job Completed, Create Quotations: First time => 0, Last time: 0 || Sent Quotations: First time => 0, Last time: 0 ||| 0 Successful
2025-05-25T03:00:00.012Z [INFO]: Recurring_6_12_18_0_Jobs Started
2025-05-25T03:00:00.012Z [INFO]: Quotations Followup Job Started
2025-05-25T03:00:00.030Z [INFO]: Quotations Followup Job Completed, Create Quotations: First time => 0, Last time: 0 || Sent Quotations: First time => 0, Last time: 0 ||| 0 Successful
2025-05-25T03:00:00.030Z [INFO]: Recurring_6_12_18_0_Jobs CompletedQuotations Followup: true: Quotations Followup Job Completed, Create Quotations: First time => 0, Last time: 0 || Sent Quotations: First time => 0, Last time: 0 ||| 0 Successful
2025-05-25T04:00:00.033Z [INFO]: Recurring_7_10_13_16_19_Jobs Started
2025-05-25T04:00:00.034Z [INFO]: Quotation Expiry Check Job Started
2025-05-25T04:00:00.052Z [INFO]: Quotation Expiry Check Job Completed, Total Un-flagged Expired Quotations: 1, Updated: 1, Failed: 0
2025-05-25T04:00:00.052Z [INFO]: Recurring_7_10_13_16_19_Jobs CompletedQuotation Expiry Check: true: Quotation Expiry Check Job Completed, Total Un-flagged Expired Quotations: 1, Updated: 1, Failed: 0
2025-05-25T07:00:00.018Z [INFO]: Recurring_7_10_13_16_19_Jobs Started
2025-05-25T07:00:00.018Z [INFO]: Quotation Expiry Check Job Started
2025-05-25T07:00:00.038Z [INFO]: Quotation Expiry Check Job Completed, Total Un-flagged Expired Quotations: 1, Updated: 1, Failed: 0
2025-05-25T07:00:00.038Z [INFO]: Recurring_7_10_13_16_19_Jobs CompletedQuotation Expiry Check: true: Quotation Expiry Check Job Completed, Total Un-flagged Expired Quotations: 1, Updated: 1, Failed: 0
2025-05-25T09:00:00.016Z [INFO]: Recurring_6_12_18_0_Jobs Started
2025-05-25T09:00:00.017Z [INFO]: Quotations Followup Job Started
2025-05-25T09:00:00.035Z [INFO]: Quotations Followup Job Completed, Create Quotations: First time => 0, Last time: 0 || Sent Quotations: First time => 0, Last time: 0 ||| 0 Successful
2025-05-25T09:00:00.035Z [INFO]: Recurring_6_12_18_0_Jobs CompletedQuotations Followup: true: Quotations Followup Job Completed, Create Quotations: First time => 0, Last time: 0 || Sent Quotations: First time => 0, Last time: 0 ||| 0 Successful
2025-05-25T10:00:00.038Z [INFO]: Recurring_7_10_13_16_19_Jobs Started
2025-05-25T10:00:00.040Z [INFO]: Quotation Expiry Check Job Started
2025-05-25T10:00:00.055Z [INFO]: Quotation Expiry Check Job Completed, Total Un-flagged Expired Quotations: 0, Updated: 0, Failed: 0
2025-05-25T10:00:00.055Z [INFO]: Recurring_7_10_13_16_19_Jobs CompletedQuotation Expiry Check: true: Quotation Expiry Check Job Completed, Total Un-flagged Expired Quotations: 0, Updated: 0, Failed: 0
2025-05-25T13:00:00.029Z [INFO]: Recurring_7_10_13_16_19_Jobs Started
2025-05-25T13:00:00.030Z [INFO]: Quotation Expiry Check Job Started
2025-05-25T13:00:00.049Z [INFO]: Quotation Expiry Check Job Completed, Total Un-flagged Expired Quotations: 1, Updated: 1, Failed: 0
2025-05-25T13:00:00.049Z [INFO]: Recurring_7_10_13_16_19_Jobs CompletedQuotation Expiry Check: true: Quotation Expiry Check Job Completed, Total Un-flagged Expired Quotations: 1, Updated: 1, Failed: 0
2025-05-25T15:00:00.020Z [INFO]: Recurring_6_12_18_0_Jobs Started
2025-05-25T15:00:00.021Z [INFO]: Quotations Followup Job Started
2025-05-25T15:00:00.034Z [INFO]: Quotations Followup Job Completed, Create Quotations: First time => 0, Last time: 0 || Sent Quotations: First time => 0, Last time: 0 ||| 0 Successful
2025-05-25T15:00:00.034Z [INFO]: Recurring_6_12_18_0_Jobs CompletedQuotations Followup: true: Quotations Followup Job Completed, Create Quotations: First time => 0, Last time: 0 || Sent Quotations: First time => 0, Last time: 0 ||| 0 Successful
2025-05-25T16:00:00.023Z [INFO]: Recurring_7_10_13_16_19_Jobs Started
2025-05-25T16:00:00.023Z [INFO]: Quotation Expiry Check Job Started
2025-05-25T16:00:00.033Z [INFO]: Quotation Expiry Check Job Completed, Total Un-flagged Expired Quotations: 0, Updated: 0, Failed: 0
2025-05-25T16:00:00.033Z [INFO]: Recurring_7_10_13_16_19_Jobs CompletedQuotation Expiry Check: true: Quotation Expiry Check Job Completed, Total Un-flagged Expired Quotations: 0, Updated: 0, Failed: 0
