2025-05-28T21:00:00.033Z [INFO]: Recurring_6_12_18_0_Jobs Started
2025-05-28T21:00:00.035Z [INFO]: Quotations Followup Job Started
2025-05-28T21:00:00.046Z [INFO]: Daily Midnight Jobs Started
2025-05-28T21:00:00.047Z [INFO]: Delete Old Notifications (> 90 Days) Job Started
2025-05-28T21:00:00.049Z [INFO]: Delete Old Notifications (> 90 Days) Job Completed, Successful: 0 Old Notification Deleted
2025-05-28T21:00:00.049Z [INFO]: Daily Midnight Jobs CompletedDelete Old Notifications: true: Delete Old Notifications (> 90 Days) Job Completed, Successful: 0 Old Notification Deleted
2025-05-28T21:00:00.052Z [INFO]: Quotations Followup Job Completed, Create Quotations: First time => 0, Last time: 0 || Sent Quotations: First time => 0, Last time: 0 ||| 0 Successful
2025-05-28T21:00:00.052Z [INFO]: Recurring_6_12_18_0_Jobs CompletedQuotations Followup: true: Quotations Followup Job Completed, Create Quotations: First time => 0, Last time: 0 || Sent Quotations: First time => 0, Last time: 0 ||| 0 Successful
2025-05-29T03:00:00.014Z [INFO]: Recurring_6_12_18_0_Jobs Started
2025-05-29T03:00:00.014Z [INFO]: Quotations Followup Job Started
2025-05-29T03:00:00.030Z [INFO]: Quotations Followup Job Completed, Create Quotations: First time => 0, Last time: 0 || Sent Quotations: First time => 0, Last time: 0 ||| 0 Successful
2025-05-29T03:00:00.030Z [INFO]: Recurring_6_12_18_0_Jobs CompletedQuotations Followup: true: Quotations Followup Job Completed, Create Quotations: First time => 0, Last time: 0 || Sent Quotations: First time => 0, Last time: 0 ||| 0 Successful
2025-05-29T04:00:00.011Z [INFO]: Recurring_7_10_13_16_19_Jobs Started
2025-05-29T04:00:00.011Z [INFO]: Quotation Expiry Check Job Started
2025-05-29T04:00:00.021Z [INFO]: Quotation Expiry Check Job Completed, Total Un-flagged Expired Quotations: 0, Updated: 0, Failed: 0
2025-05-29T04:00:00.021Z [INFO]: Recurring_7_10_13_16_19_Jobs CompletedQuotation Expiry Check: true: Quotation Expiry Check Job Completed, Total Un-flagged Expired Quotations: 0, Updated: 0, Failed: 0
2025-05-29T07:00:00.039Z [INFO]: Recurring_7_10_13_16_19_Jobs Started
2025-05-29T07:00:00.039Z [INFO]: Quotation Expiry Check Job Started
2025-05-29T07:00:00.068Z [INFO]: Quotation Expiry Check Job Completed, Total Un-flagged Expired Quotations: 0, Updated: 0, Failed: 0
2025-05-29T07:00:00.069Z [INFO]: Recurring_7_10_13_16_19_Jobs CompletedQuotation Expiry Check: true: Quotation Expiry Check Job Completed, Total Un-flagged Expired Quotations: 0, Updated: 0, Failed: 0
2025-05-29T09:00:00.035Z [INFO]: Recurring_6_12_18_0_Jobs Started
2025-05-29T09:00:00.036Z [INFO]: Quotations Followup Job Started
2025-05-29T09:00:00.073Z [INFO]: Quotations Followup Job Completed, Create Quotations: First time => 0, Last time: 0 || Sent Quotations: First time => 0, Last time: 0 ||| 0 Successful
2025-05-29T09:00:00.073Z [INFO]: Recurring_6_12_18_0_Jobs CompletedQuotations Followup: true: Quotations Followup Job Completed, Create Quotations: First time => 0, Last time: 0 || Sent Quotations: First time => 0, Last time: 0 ||| 0 Successful
2025-05-29T10:00:00.028Z [INFO]: Recurring_7_10_13_16_19_Jobs Started
2025-05-29T10:00:00.028Z [INFO]: Quotation Expiry Check Job Started
2025-05-29T10:00:00.041Z [INFO]: Quotation Expiry Check Job Completed, Total Un-flagged Expired Quotations: 0, Updated: 0, Failed: 0
2025-05-29T10:00:00.041Z [INFO]: Recurring_7_10_13_16_19_Jobs CompletedQuotation Expiry Check: true: Quotation Expiry Check Job Completed, Total Un-flagged Expired Quotations: 0, Updated: 0, Failed: 0
2025-05-29T13:00:00.017Z [INFO]: Recurring_7_10_13_16_19_Jobs Started
2025-05-29T13:00:00.018Z [INFO]: Quotation Expiry Check Job Started
2025-05-29T13:00:00.028Z [INFO]: Quotation Expiry Check Job Completed, Total Un-flagged Expired Quotations: 0, Updated: 0, Failed: 0
2025-05-29T13:00:00.028Z [INFO]: Recurring_7_10_13_16_19_Jobs CompletedQuotation Expiry Check: true: Quotation Expiry Check Job Completed, Total Un-flagged Expired Quotations: 0, Updated: 0, Failed: 0
2025-05-29T15:00:00.040Z [INFO]: Recurring_6_12_18_0_Jobs Started
2025-05-29T15:00:00.041Z [INFO]: Quotations Followup Job Started
2025-05-29T15:00:00.057Z [INFO]: Quotations Followup Job Completed, Create Quotations: First time => 0, Last time: 0 || Sent Quotations: First time => 0, Last time: 0 ||| 0 Successful
2025-05-29T15:00:00.057Z [INFO]: Recurring_6_12_18_0_Jobs CompletedQuotations Followup: true: Quotations Followup Job Completed, Create Quotations: First time => 0, Last time: 0 || Sent Quotations: First time => 0, Last time: 0 ||| 0 Successful
2025-05-29T16:00:00.043Z [INFO]: Recurring_7_10_13_16_19_Jobs Started
2025-05-29T16:00:00.044Z [INFO]: Quotation Expiry Check Job Started
2025-05-29T16:00:00.055Z [INFO]: Quotation Expiry Check Job Completed, Total Un-flagged Expired Quotations: 0, Updated: 0, Failed: 0
2025-05-29T16:00:00.056Z [INFO]: Recurring_7_10_13_16_19_Jobs CompletedQuotation Expiry Check: true: Quotation Expiry Check Job Completed, Total Un-flagged Expired Quotations: 0, Updated: 0, Failed: 0
