2025-06-07T21:00:00.019Z [INFO]: Recurring_6_12_18_0_Jobs Started
2025-06-07T21:00:00.022Z [INFO]: Quotations Followup Job Started
2025-06-07T21:00:00.032Z [INFO]: Daily Midnight Jobs Started
2025-06-07T21:00:00.032Z [INFO]: Delete Old Notifications (> 90 Days) Job Started
2025-06-07T21:00:00.035Z [INFO]: Delete Old Notifications (> 90 Days) Job Completed, Successful: 0 Old Notification Deleted
2025-06-07T21:00:00.035Z [INFO]: Daily Midnight Jobs CompletedDelete Old Notifications: true: Delete Old Notifications (> 90 Days) Job Completed, Successful: 0 Old Notification Deleted
2025-06-07T21:00:00.037Z [INFO]: Quotations Followup Job Completed, Create Quotations: First time => 0, Last time: 0 || Sent Quotations: First time => 0, Last time: 0 ||| 0 Successful
2025-06-07T21:00:00.037Z [INFO]: Recurring_6_12_18_0_Jobs CompletedQuotations Followup: true: Quotations Followup Job Completed, Create Quotations: First time => 0, Last time: 0 || Sent Quotations: First time => 0, Last time: 0 ||| 0 Successful
2025-06-08T03:00:00.013Z [INFO]: Recurring_6_12_18_0_Jobs Started
2025-06-08T03:00:00.013Z [INFO]: Quotations Followup Job Started
2025-06-08T03:00:00.029Z [INFO]: Quotations Followup Job Completed, Create Quotations: First time => 0, Last time: 0 || Sent Quotations: First time => 0, Last time: 0 ||| 0 Successful
2025-06-08T03:00:00.029Z [INFO]: Recurring_6_12_18_0_Jobs CompletedQuotations Followup: true: Quotations Followup Job Completed, Create Quotations: First time => 0, Last time: 0 || Sent Quotations: First time => 0, Last time: 0 ||| 0 Successful
2025-06-08T04:00:00.018Z [INFO]: Recurring_7_10_13_16_19_Jobs Started
2025-06-08T04:00:00.018Z [INFO]: Quotation Expiry Check Job Started
2025-06-08T04:00:00.026Z [INFO]: Quotation Expiry Check Job Completed, Total Un-flagged Expired Quotations: 0, Updated: 0, Failed: 0
2025-06-08T04:00:00.026Z [INFO]: Recurring_7_10_13_16_19_Jobs CompletedQuotation Expiry Check: true: Quotation Expiry Check Job Completed, Total Un-flagged Expired Quotations: 0, Updated: 0, Failed: 0
2025-06-08T07:00:00.026Z [INFO]: Recurring_7_10_13_16_19_Jobs Started
2025-06-08T07:00:00.027Z [INFO]: Quotation Expiry Check Job Started
2025-06-08T07:00:00.043Z [INFO]: Quotation Expiry Check Job Completed, Total Un-flagged Expired Quotations: 0, Updated: 0, Failed: 0
2025-06-08T07:00:00.043Z [INFO]: Recurring_7_10_13_16_19_Jobs CompletedQuotation Expiry Check: true: Quotation Expiry Check Job Completed, Total Un-flagged Expired Quotations: 0, Updated: 0, Failed: 0
2025-06-08T09:00:00.019Z [INFO]: Recurring_6_12_18_0_Jobs Started
2025-06-08T09:00:00.020Z [INFO]: Quotations Followup Job Started
2025-06-08T09:00:00.038Z [INFO]: Quotations Followup Job Completed, Create Quotations: First time => 0, Last time: 0 || Sent Quotations: First time => 0, Last time: 0 ||| 0 Successful
2025-06-08T09:00:00.038Z [INFO]: Recurring_6_12_18_0_Jobs CompletedQuotations Followup: true: Quotations Followup Job Completed, Create Quotations: First time => 0, Last time: 0 || Sent Quotations: First time => 0, Last time: 0 ||| 0 Successful
2025-06-08T10:00:00.009Z [INFO]: Recurring_7_10_13_16_19_Jobs Started
2025-06-08T10:00:00.009Z [INFO]: Quotation Expiry Check Job Started
2025-06-08T10:00:00.018Z [INFO]: Quotation Expiry Check Job Completed, Total Un-flagged Expired Quotations: 2, Updated: 2, Failed: 0
2025-06-08T10:00:00.018Z [INFO]: Recurring_7_10_13_16_19_Jobs CompletedQuotation Expiry Check: true: Quotation Expiry Check Job Completed, Total Un-flagged Expired Quotations: 2, Updated: 2, Failed: 0
2025-06-08T13:00:00.032Z [INFO]: Recurring_7_10_13_16_19_Jobs Started
2025-06-08T13:00:00.032Z [INFO]: Quotation Expiry Check Job Started
2025-06-08T13:00:00.043Z [INFO]: Quotation Expiry Check Job Completed, Total Un-flagged Expired Quotations: 1, Updated: 1, Failed: 0
2025-06-08T13:00:00.043Z [INFO]: Recurring_7_10_13_16_19_Jobs CompletedQuotation Expiry Check: true: Quotation Expiry Check Job Completed, Total Un-flagged Expired Quotations: 1, Updated: 1, Failed: 0
2025-06-08T15:00:00.021Z [INFO]: Recurring_6_12_18_0_Jobs Started
2025-06-08T15:00:00.021Z [INFO]: Quotations Followup Job Started
2025-06-08T15:00:00.030Z [INFO]: Quotations Followup Job Completed, Create Quotations: First time => 0, Last time: 0 || Sent Quotations: First time => 0, Last time: 0 ||| 0 Successful
2025-06-08T15:00:00.030Z [INFO]: Recurring_6_12_18_0_Jobs CompletedQuotations Followup: true: Quotations Followup Job Completed, Create Quotations: First time => 0, Last time: 0 || Sent Quotations: First time => 0, Last time: 0 ||| 0 Successful
2025-06-08T16:00:00.019Z [INFO]: Recurring_7_10_13_16_19_Jobs Started
2025-06-08T16:00:00.020Z [INFO]: Quotation Expiry Check Job Started
2025-06-08T16:00:00.029Z [INFO]: Quotation Expiry Check Job Completed, Total Un-flagged Expired Quotations: 1, Updated: 1, Failed: 0
2025-06-08T16:00:00.030Z [INFO]: Recurring_7_10_13_16_19_Jobs CompletedQuotation Expiry Check: true: Quotation Expiry Check Job Completed, Total Un-flagged Expired Quotations: 1, Updated: 1, Failed: 0
