2025-05-31T21:00:00.013Z [INFO]: Recurring_6_12_18_0_Jobs Started
2025-05-31T21:00:00.015Z [INFO]: Quotations Followup Job Started
2025-05-31T21:00:00.032Z [INFO]: Daily Midnight Jobs Started
2025-05-31T21:00:00.032Z [INFO]: Delete Old Notifications (> 90 Days) Job Started
2025-05-31T21:00:00.033Z [INFO]: Delete Old Notifications (> 90 Days) Job Completed, Successful: 0 Old Notification Deleted
2025-05-31T21:00:00.033Z [INFO]: Daily Midnight Jobs CompletedDelete Old Notifications: true: Delete Old Notifications (> 90 Days) Job Completed, Successful: 0 Old Notification Deleted
2025-05-31T21:00:00.036Z [INFO]: Quotations Followup Job Completed, Create Quotations: First time => 0, Last time: 0 || Sent Quotations: First time => 0, Last time: 0 ||| 0 Successful
2025-05-31T21:00:00.036Z [INFO]: Recurring_6_12_18_0_Jobs CompletedQuotations Followup: true: Quotations Followup Job Completed, Create Quotations: First time => 0, Last time: 0 || Sent Quotations: First time => 0, Last time: 0 ||| 0 Successful
2025-06-01T03:00:00.012Z [INFO]: Recurring_6_12_18_0_Jobs Started
2025-06-01T03:00:00.013Z [INFO]: Quotations Followup Job Started
2025-06-01T03:00:00.030Z [INFO]: Quotations Followup Job Completed, Create Quotations: First time => 0, Last time: 0 || Sent Quotations: First time => 0, Last time: 0 ||| 0 Successful
2025-06-01T03:00:00.030Z [INFO]: Recurring_6_12_18_0_Jobs CompletedQuotations Followup: true: Quotations Followup Job Completed, Create Quotations: First time => 0, Last time: 0 || Sent Quotations: First time => 0, Last time: 0 ||| 0 Successful
2025-06-01T04:00:00.020Z [INFO]: Recurring_7_10_13_16_19_Jobs Started
2025-06-01T04:00:00.020Z [INFO]: Quotation Expiry Check Job Started
2025-06-01T04:00:00.036Z [INFO]: Quotation Expiry Check Job Completed, Total Un-flagged Expired Quotations: 1, Updated: 1, Failed: 0
2025-06-01T04:00:00.036Z [INFO]: Recurring_7_10_13_16_19_Jobs CompletedQuotation Expiry Check: true: Quotation Expiry Check Job Completed, Total Un-flagged Expired Quotations: 1, Updated: 1, Failed: 0
2025-06-01T07:00:00.017Z [INFO]: Recurring_7_10_13_16_19_Jobs Started
2025-06-01T07:00:00.017Z [INFO]: Quotation Expiry Check Job Started
2025-06-01T07:00:00.027Z [INFO]: Quotation Expiry Check Job Completed, Total Un-flagged Expired Quotations: 0, Updated: 0, Failed: 0
2025-06-01T07:00:00.027Z [INFO]: Recurring_7_10_13_16_19_Jobs CompletedQuotation Expiry Check: true: Quotation Expiry Check Job Completed, Total Un-flagged Expired Quotations: 0, Updated: 0, Failed: 0
2025-06-01T09:00:00.034Z [INFO]: Recurring_6_12_18_0_Jobs Started
2025-06-01T09:00:00.035Z [INFO]: Quotations Followup Job Started
2025-06-01T09:00:00.053Z [INFO]: Quotations Followup Job Completed, Create Quotations: First time => 0, Last time: 0 || Sent Quotations: First time => 0, Last time: 0 ||| 0 Successful
2025-06-01T09:00:00.053Z [INFO]: Recurring_6_12_18_0_Jobs CompletedQuotations Followup: true: Quotations Followup Job Completed, Create Quotations: First time => 0, Last time: 0 || Sent Quotations: First time => 0, Last time: 0 ||| 0 Successful
2025-06-01T10:00:00.034Z [INFO]: Recurring_7_10_13_16_19_Jobs Started
2025-06-01T10:00:00.035Z [INFO]: Quotation Expiry Check Job Started
2025-06-01T10:00:00.046Z [INFO]: Quotation Expiry Check Job Completed, Total Un-flagged Expired Quotations: 0, Updated: 0, Failed: 0
2025-06-01T10:00:00.046Z [INFO]: Recurring_7_10_13_16_19_Jobs CompletedQuotation Expiry Check: true: Quotation Expiry Check Job Completed, Total Un-flagged Expired Quotations: 0, Updated: 0, Failed: 0
2025-06-01T13:00:00.025Z [INFO]: Recurring_7_10_13_16_19_Jobs Started
2025-06-01T13:00:00.026Z [INFO]: Quotation Expiry Check Job Started
2025-06-01T13:00:00.039Z [INFO]: Quotation Expiry Check Job Completed, Total Un-flagged Expired Quotations: 1, Updated: 1, Failed: 0
2025-06-01T13:00:00.039Z [INFO]: Recurring_7_10_13_16_19_Jobs CompletedQuotation Expiry Check: true: Quotation Expiry Check Job Completed, Total Un-flagged Expired Quotations: 1, Updated: 1, Failed: 0
2025-06-01T15:00:00.014Z [INFO]: Recurring_6_12_18_0_Jobs Started
2025-06-01T15:00:00.015Z [INFO]: Quotations Followup Job Started
2025-06-01T15:00:00.031Z [INFO]: Quotations Followup Job Completed, Create Quotations: First time => 0, Last time: 0 || Sent Quotations: First time => 0, Last time: 0 ||| 0 Successful
2025-06-01T15:00:00.032Z [INFO]: Recurring_6_12_18_0_Jobs CompletedQuotations Followup: true: Quotations Followup Job Completed, Create Quotations: First time => 0, Last time: 0 || Sent Quotations: First time => 0, Last time: 0 ||| 0 Successful
2025-06-01T16:00:00.012Z [INFO]: Recurring_7_10_13_16_19_Jobs Started
2025-06-01T16:00:00.012Z [INFO]: Quotation Expiry Check Job Started
2025-06-01T16:00:00.024Z [INFO]: Quotation Expiry Check Job Completed, Total Un-flagged Expired Quotations: 1, Updated: 1, Failed: 0
2025-06-01T16:00:00.024Z [INFO]: Recurring_7_10_13_16_19_Jobs CompletedQuotation Expiry Check: true: Quotation Expiry Check Job Completed, Total Un-flagged Expired Quotations: 1, Updated: 1, Failed: 0
