2025-05-22T21:00:00.022Z [INFO]: Recurring_6_12_18_0_Jobs Started
2025-05-22T21:00:00.025Z [INFO]: Quotations Followup Job Started
2025-05-22T21:00:00.033Z [INFO]: Daily Midnight Jobs Started
2025-05-22T21:00:00.033Z [INFO]: Delete Old Notifications (> 90 Days) Job Started
2025-05-22T21:00:00.034Z [INFO]: Delete Old Notifications (> 90 Days) Job Completed, Successful: 0 Old Notification Deleted
2025-05-22T21:00:00.034Z [INFO]: Daily Midnight Jobs CompletedDelete Old Notifications: true: Delete Old Notifications (> 90 Days) Job Completed, Successful: 0 Old Notification Deleted
2025-05-22T21:00:00.037Z [INFO]: Quotations Followup Job Completed, Create Quotations: First time => 0, Last time: 0 || Sent Quotations: First time => 0, Last time: 0 ||| 0 Successful
2025-05-22T21:00:00.037Z [INFO]: Recurring_6_12_18_0_Jobs CompletedQuotations Followup: true: Quotations Followup Job Completed, Create Quotations: First time => 0, Last time: 0 || Sent Quotations: First time => 0, Last time: 0 ||| 0 Successful
2025-05-23T03:00:00.015Z [INFO]: Recurring_6_12_18_0_Jobs Started
2025-05-23T03:00:00.015Z [INFO]: Quotations Followup Job Started
2025-05-23T03:00:00.033Z [INFO]: Quotations Followup Job Completed, Create Quotations: First time => 0, Last time: 0 || Sent Quotations: First time => 0, Last time: 0 ||| 0 Successful
2025-05-23T03:00:00.033Z [INFO]: Recurring_6_12_18_0_Jobs CompletedQuotations Followup: true: Quotations Followup Job Completed, Create Quotations: First time => 0, Last time: 0 || Sent Quotations: First time => 0, Last time: 0 ||| 0 Successful
2025-05-23T04:00:00.031Z [INFO]: Recurring_7_10_13_16_19_Jobs Started
2025-05-23T04:00:00.031Z [INFO]: Quotation Expiry Check Job Started
2025-05-23T04:00:00.039Z [INFO]: Quotation Expiry Check Job Completed, Total Un-flagged Expired Quotations: 0, Updated: 0, Failed: 0
2025-05-23T04:00:00.040Z [INFO]: Recurring_7_10_13_16_19_Jobs CompletedQuotation Expiry Check: true: Quotation Expiry Check Job Completed, Total Un-flagged Expired Quotations: 0, Updated: 0, Failed: 0
2025-05-23T07:00:00.027Z [INFO]: Recurring_7_10_13_16_19_Jobs Started
2025-05-23T07:00:00.027Z [INFO]: Quotation Expiry Check Job Started
2025-05-23T07:00:00.039Z [INFO]: Quotation Expiry Check Job Completed, Total Un-flagged Expired Quotations: 0, Updated: 0, Failed: 0
2025-05-23T07:00:00.039Z [INFO]: Recurring_7_10_13_16_19_Jobs CompletedQuotation Expiry Check: true: Quotation Expiry Check Job Completed, Total Un-flagged Expired Quotations: 0, Updated: 0, Failed: 0
2025-05-23T09:00:00.022Z [INFO]: Recurring_6_12_18_0_Jobs Started
2025-05-23T09:00:00.023Z [INFO]: Quotations Followup Job Started
2025-05-23T09:00:00.035Z [INFO]: Quotations Followup Job Completed, Create Quotations: First time => 0, Last time: 0 || Sent Quotations: First time => 0, Last time: 0 ||| 0 Successful
2025-05-23T09:00:00.035Z [INFO]: Recurring_6_12_18_0_Jobs CompletedQuotations Followup: true: Quotations Followup Job Completed, Create Quotations: First time => 0, Last time: 0 || Sent Quotations: First time => 0, Last time: 0 ||| 0 Successful
2025-05-23T10:00:00.018Z [INFO]: Recurring_7_10_13_16_19_Jobs Started
2025-05-23T10:00:00.018Z [INFO]: Quotation Expiry Check Job Started
2025-05-23T10:00:00.030Z [INFO]: Quotation Expiry Check Job Completed, Total Un-flagged Expired Quotations: 0, Updated: 0, Failed: 0
2025-05-23T10:00:00.031Z [INFO]: Recurring_7_10_13_16_19_Jobs CompletedQuotation Expiry Check: true: Quotation Expiry Check Job Completed, Total Un-flagged Expired Quotations: 0, Updated: 0, Failed: 0
2025-05-23T13:00:00.039Z [INFO]: Recurring_7_10_13_16_19_Jobs Started
2025-05-23T13:00:00.040Z [INFO]: Quotation Expiry Check Job Started
2025-05-23T13:00:00.052Z [INFO]: Quotation Expiry Check Job Completed, Total Un-flagged Expired Quotations: 0, Updated: 0, Failed: 0
2025-05-23T13:00:00.052Z [INFO]: Recurring_7_10_13_16_19_Jobs CompletedQuotation Expiry Check: true: Quotation Expiry Check Job Completed, Total Un-flagged Expired Quotations: 0, Updated: 0, Failed: 0
2025-05-23T15:00:00.035Z [INFO]: Recurring_6_12_18_0_Jobs Started
2025-05-23T15:00:00.035Z [INFO]: Quotations Followup Job Started
2025-05-23T15:00:00.057Z [INFO]: Quotations Followup Job Completed, Create Quotations: First time => 0, Last time: 0 || Sent Quotations: First time => 0, Last time: 0 ||| 0 Successful
2025-05-23T15:00:00.057Z [INFO]: Recurring_6_12_18_0_Jobs CompletedQuotations Followup: true: Quotations Followup Job Completed, Create Quotations: First time => 0, Last time: 0 || Sent Quotations: First time => 0, Last time: 0 ||| 0 Successful
2025-05-23T16:00:00.034Z [INFO]: Recurring_7_10_13_16_19_Jobs Started
2025-05-23T16:00:00.035Z [INFO]: Quotation Expiry Check Job Started
2025-05-23T16:00:00.048Z [INFO]: Quotation Expiry Check Job Completed, Total Un-flagged Expired Quotations: 1, Updated: 1, Failed: 0
2025-05-23T16:00:00.049Z [INFO]: Recurring_7_10_13_16_19_Jobs CompletedQuotation Expiry Check: true: Quotation Expiry Check Job Completed, Total Un-flagged Expired Quotations: 1, Updated: 1, Failed: 0
