2025-07-01T21:00:00.045Z [INFO]: Recurring_6_12_18_0_Jobs Started
2025-07-01T21:00:00.053Z [INFO]: Quotations Followup Job Started
2025-07-01T21:00:00.130Z [INFO]: Daily Midnight Jobs Started
2025-07-01T21:00:00.131Z [INFO]: Delete Old Notifications (> 90 Days) Job Started
2025-07-01T21:00:00.134Z [INFO]: Delete Old Notifications (> 90 Days) Job Completed, Successful: 0 Old Notification Deleted
2025-07-01T21:00:00.134Z [INFO]: Daily Midnight Jobs CompletedDelete Old Notifications: true: Delete Old Notifications (> 90 Days) Job Completed, Successful: 0 Old Notification Deleted
2025-07-01T21:00:00.137Z [INFO]: Quotations Followup Job Completed, Create Quotations: First time => 0, Last time: 0 || Sent Quotations: First time => 0, Last time: 0 ||| 0 Successful
2025-07-01T21:00:00.137Z [INFO]: Recurring_6_12_18_0_Jobs CompletedQuotations Followup: true: Quotations Followup Job Completed, Create Quotations: First time => 0, Last time: 0 || Sent Quotations: First time => 0, Last time: 0 ||| 0 Successful
2025-07-02T02:47:36.524Z [INFO]: Scheduler instantiated!
2025-07-02T03:00:00.036Z [INFO]: Recurring_6_12_18_0_Jobs Started
2025-07-02T03:00:00.037Z [INFO]: Quotations Followup Job Started
2025-07-02T03:00:00.055Z [INFO]: Quotations Followup Job Completed, Create Quotations: First time => 0, Last time: 0 || Sent Quotations: First time => 0, Last time: 0 ||| 0 Successful
2025-07-02T03:00:00.055Z [INFO]: Recurring_6_12_18_0_Jobs CompletedQuotations Followup: true: Quotations Followup Job Completed, Create Quotations: First time => 0, Last time: 0 || Sent Quotations: First time => 0, Last time: 0 ||| 0 Successful
2025-07-02T04:00:00.033Z [INFO]: Recurring_7_10_13_16_19_Jobs Started
2025-07-02T04:00:00.033Z [INFO]: Quotation Expiry Check Job Started
2025-07-02T04:00:00.045Z [INFO]: Quotation Expiry Check Job Completed, Total Un-flagged Expired Quotations: 2, Updated: 2, Failed: 0
2025-07-02T04:00:00.045Z [INFO]: Recurring_7_10_13_16_19_Jobs CompletedQuotation Expiry Check: true: Quotation Expiry Check Job Completed, Total Un-flagged Expired Quotations: 2, Updated: 2, Failed: 0
2025-07-02T07:00:00.027Z [INFO]: Recurring_7_10_13_16_19_Jobs Started
2025-07-02T07:00:00.027Z [INFO]: Quotation Expiry Check Job Started
2025-07-02T07:00:00.048Z [INFO]: Quotation Expiry Check Job Completed, Total Un-flagged Expired Quotations: 0, Updated: 0, Failed: 0
2025-07-02T07:00:00.048Z [INFO]: Recurring_7_10_13_16_19_Jobs CompletedQuotation Expiry Check: true: Quotation Expiry Check Job Completed, Total Un-flagged Expired Quotations: 0, Updated: 0, Failed: 0
2025-07-02T09:00:00.027Z [INFO]: Recurring_6_12_18_0_Jobs Started
2025-07-02T09:00:00.027Z [INFO]: Quotations Followup Job Started
2025-07-02T09:00:00.043Z [INFO]: Quotations Followup Job Completed, Create Quotations: First time => 0, Last time: 0 || Sent Quotations: First time => 0, Last time: 0 ||| 0 Successful
2025-07-02T09:00:00.044Z [INFO]: Recurring_6_12_18_0_Jobs CompletedQuotations Followup: true: Quotations Followup Job Completed, Create Quotations: First time => 0, Last time: 0 || Sent Quotations: First time => 0, Last time: 0 ||| 0 Successful
2025-07-02T10:00:00.023Z [INFO]: Recurring_7_10_13_16_19_Jobs Started
2025-07-02T10:00:00.024Z [INFO]: Quotation Expiry Check Job Started
2025-07-02T10:00:00.031Z [INFO]: Quotation Expiry Check Job Completed, Total Un-flagged Expired Quotations: 0, Updated: 0, Failed: 0
2025-07-02T10:00:00.032Z [INFO]: Recurring_7_10_13_16_19_Jobs CompletedQuotation Expiry Check: true: Quotation Expiry Check Job Completed, Total Un-flagged Expired Quotations: 0, Updated: 0, Failed: 0
2025-07-02T11:41:03.098Z [INFO]: Verification Code email Sent successfully
2025-07-02T13:00:00.040Z [INFO]: Recurring_7_10_13_16_19_Jobs Started
2025-07-02T13:00:00.041Z [INFO]: Quotation Expiry Check Job Started
2025-07-02T13:00:00.083Z [INFO]: Quotation Expiry Check Job Completed, Total Un-flagged Expired Quotations: 0, Updated: 0, Failed: 0
2025-07-02T13:00:00.083Z [INFO]: Recurring_7_10_13_16_19_Jobs CompletedQuotation Expiry Check: true: Quotation Expiry Check Job Completed, Total Un-flagged Expired Quotations: 0, Updated: 0, Failed: 0
2025-07-02T14:26:44.827Z [INFO]: Verification Code email Sent successfully
2025-07-02T14:28:14.969Z [INFO]: New Account Email Sent successfully
2025-07-02T14:28:58.682Z [ERROR]: Error - Wrong credentials: se.edson@edmartsystems.com Stack: Error: Wrong credentials: se.edson@edmartsystems.com
    at p (/home/edmartsy/public_html/oas.edmartsystems.com.default/.next/server/app/api/auth/[...nextauth]/route.js:1:4228)
    at async Object.authorize (/home/edmartsy/public_html/oas.edmartsystems.com.default/.next/server/app/api/auth/[...nextauth]/route.js:1:4677)
    at async Object.l (/home/edmartsy/public_html/oas.edmartsystems.com.default/.next/server/chunks/1332.js:30:4502)
    at async m (/home/edmartsy/public_html/oas.edmartsystems.com.default/.next/server/chunks/1332.js:6:128790)
    at async a (/home/edmartsy/public_html/oas.edmartsystems.com.default/.next/server/chunks/1332.js:30:19772)
    at async e.length.t (/home/edmartsy/public_html/oas.edmartsystems.com.default/.next/server/chunks/1332.js:30:21262)
    at async /home/edmartsy/public_html/oas.edmartsystems.com.default/node_modules/next/dist/compiled/next-server/app-route.runtime.prod.js:6:41960
2025-07-02T14:28:58.683Z [ERROR]: Error in authorization: Error - Wrong credentials: se.edson@edmartsystems.com Stack: Error: Wrong credentials: se.edson@edmartsystems.com
    at p (/home/edmartsy/public_html/oas.edmartsystems.com.default/.next/server/app/api/auth/[...nextauth]/route.js:1:4228)
    at async Object.authorize (/home/edmartsy/public_html/oas.edmartsystems.com.default/.next/server/app/api/auth/[...nextauth]/route.js:1:4677)
    at async Object.l (/home/edmartsy/public_html/oas.edmartsystems.com.default/.next/server/chunks/1332.js:30:4502)
    at async m (/home/edmartsy/public_html/oas.edmartsystems.com.default/.next/server/chunks/1332.js:6:128790)
    at async a (/home/edmartsy/public_html/oas.edmartsystems.com.default/.next/server/chunks/1332.js:30:19772)
    at async e.length.t (/home/edmartsy/public_html/oas.edmartsystems.com.default/.next/server/chunks/1332.js:30:21262)
    at async /home/edmartsy/public_html/oas.edmartsystems.com.default/node_modules/next/dist/compiled/next-server/app-route.runtime.prod.js:6:41960
2025-07-02T15:00:00.041Z [INFO]: Recurring_6_12_18_0_Jobs Started
2025-07-02T15:00:00.042Z [INFO]: Quotations Followup Job Started
2025-07-02T15:00:00.055Z [INFO]: Quotations Followup Job Completed, Create Quotations: First time => 0, Last time: 0 || Sent Quotations: First time => 0, Last time: 0 ||| 0 Successful
2025-07-02T15:00:00.056Z [INFO]: Recurring_6_12_18_0_Jobs CompletedQuotations Followup: true: Quotations Followup Job Completed, Create Quotations: First time => 0, Last time: 0 || Sent Quotations: First time => 0, Last time: 0 ||| 0 Successful
2025-07-02T16:00:00.033Z [INFO]: Recurring_7_10_13_16_19_Jobs Started
2025-07-02T16:00:00.033Z [INFO]: Quotation Expiry Check Job Started
2025-07-02T16:00:00.043Z [INFO]: Quotation Expiry Check Job Completed, Total Un-flagged Expired Quotations: 1, Updated: 1, Failed: 0
2025-07-02T16:00:00.044Z [INFO]: Recurring_7_10_13_16_19_Jobs CompletedQuotation Expiry Check: true: Quotation Expiry Check Job Completed, Total Un-flagged Expired Quotations: 1, Updated: 1, Failed: 0
