2025-06-24T21:00:00.035Z [INFO]: Recurring_6_12_18_0_Jobs Started
2025-06-24T21:00:00.039Z [INFO]: Quotations Followup Job Started
2025-06-24T21:00:00.054Z [INFO]: Daily Midnight Jobs Started
2025-06-24T21:00:00.054Z [INFO]: Delete Old Notifications (> 90 Days) Job Started
2025-06-24T21:00:00.056Z [INFO]: Delete Old Notifications (> 90 Days) Job Completed, Successful: 0 Old Notification Deleted
2025-06-24T21:00:00.056Z [INFO]: Daily Midnight Jobs CompletedDelete Old Notifications: true: Delete Old Notifications (> 90 Days) Job Completed, Successful: 0 Old Notification Deleted
2025-06-24T21:00:00.060Z [INFO]: Quotations Followup Job Completed, Create Quotations: First time => 0, Last time: 0 || Sent Quotations: First time => 0, Last time: 0 ||| 0 Successful
2025-06-24T21:00:00.060Z [INFO]: Recurring_6_12_18_0_Jobs CompletedQuotations Followup: true: Quotations Followup Job Completed, Create Quotations: First time => 0, Last time: 0 || Sent Quotations: First time => 0, Last time: 0 ||| 0 Successful
2025-06-25T03:00:00.020Z [INFO]: Recurring_6_12_18_0_Jobs Started
2025-06-25T03:00:00.020Z [INFO]: Quotations Followup Job Started
2025-06-25T03:00:00.038Z [INFO]: Quotations Followup Job Completed, Create Quotations: First time => 0, Last time: 0 || Sent Quotations: First time => 0, Last time: 0 ||| 0 Successful
2025-06-25T03:00:00.038Z [INFO]: Recurring_6_12_18_0_Jobs CompletedQuotations Followup: true: Quotations Followup Job Completed, Create Quotations: First time => 0, Last time: 0 || Sent Quotations: First time => 0, Last time: 0 ||| 0 Successful
2025-06-25T04:00:00.013Z [INFO]: Recurring_7_10_13_16_19_Jobs Started
2025-06-25T04:00:00.013Z [INFO]: Quotation Expiry Check Job Started
2025-06-25T04:00:00.021Z [INFO]: Quotation Expiry Check Job Completed, Total Un-flagged Expired Quotations: 0, Updated: 0, Failed: 0
2025-06-25T04:00:00.022Z [INFO]: Recurring_7_10_13_16_19_Jobs CompletedQuotation Expiry Check: true: Quotation Expiry Check Job Completed, Total Un-flagged Expired Quotations: 0, Updated: 0, Failed: 0
2025-06-25T07:00:00.031Z [INFO]: Recurring_7_10_13_16_19_Jobs Started
2025-06-25T07:00:00.032Z [INFO]: Quotation Expiry Check Job Started
2025-06-25T07:00:00.048Z [INFO]: Quotation Expiry Check Job Completed, Total Un-flagged Expired Quotations: 0, Updated: 0, Failed: 0
2025-06-25T07:00:00.048Z [INFO]: Recurring_7_10_13_16_19_Jobs CompletedQuotation Expiry Check: true: Quotation Expiry Check Job Completed, Total Un-flagged Expired Quotations: 0, Updated: 0, Failed: 0
2025-06-25T09:00:00.026Z [INFO]: Recurring_6_12_18_0_Jobs Started
2025-06-25T09:00:00.027Z [INFO]: Quotations Followup Job Started
2025-06-25T09:00:00.039Z [INFO]: Quotations Followup Job Completed, Create Quotations: First time => 0, Last time: 0 || Sent Quotations: First time => 0, Last time: 0 ||| 0 Successful
2025-06-25T09:00:00.039Z [INFO]: Recurring_6_12_18_0_Jobs CompletedQuotations Followup: true: Quotations Followup Job Completed, Create Quotations: First time => 0, Last time: 0 || Sent Quotations: First time => 0, Last time: 0 ||| 0 Successful
2025-06-25T10:00:00.025Z [INFO]: Recurring_7_10_13_16_19_Jobs Started
2025-06-25T10:00:00.026Z [INFO]: Quotation Expiry Check Job Started
2025-06-25T10:00:00.037Z [INFO]: Quotation Expiry Check Job Completed, Total Un-flagged Expired Quotations: 1, Updated: 1, Failed: 0
2025-06-25T10:00:00.037Z [INFO]: Recurring_7_10_13_16_19_Jobs CompletedQuotation Expiry Check: true: Quotation Expiry Check Job Completed, Total Un-flagged Expired Quotations: 1, Updated: 1, Failed: 0
2025-06-25T10:48:37.311Z [INFO]: Scheduler instantiated!
2025-06-25T13:00:00.030Z [INFO]: Recurring_7_10_13_16_19_Jobs Started
2025-06-25T13:00:00.032Z [INFO]: Quotation Expiry Check Job Started
2025-06-25T13:00:00.044Z [INFO]: Quotation Expiry Check Job Completed, Total Un-flagged Expired Quotations: 1, Updated: 1, Failed: 0
2025-06-25T13:00:00.044Z [INFO]: Recurring_7_10_13_16_19_Jobs CompletedQuotation Expiry Check: true: Quotation Expiry Check Job Completed, Total Un-flagged Expired Quotations: 1, Updated: 1, Failed: 0
2025-06-25T15:00:00.024Z [INFO]: Recurring_6_12_18_0_Jobs Started
2025-06-25T15:00:00.025Z [INFO]: Quotations Followup Job Started
2025-06-25T15:00:00.038Z [INFO]: Quotations Followup Job Completed, Create Quotations: First time => 0, Last time: 0 || Sent Quotations: First time => 0, Last time: 0 ||| 0 Successful
2025-06-25T15:00:00.039Z [INFO]: Recurring_6_12_18_0_Jobs CompletedQuotations Followup: true: Quotations Followup Job Completed, Create Quotations: First time => 0, Last time: 0 || Sent Quotations: First time => 0, Last time: 0 ||| 0 Successful
2025-06-25T16:00:00.031Z [INFO]: Recurring_7_10_13_16_19_Jobs Started
2025-06-25T16:00:00.032Z [INFO]: Quotation Expiry Check Job Started
2025-06-25T16:00:00.084Z [INFO]: Quotation Expiry Check Job Completed, Total Un-flagged Expired Quotations: 0, Updated: 0, Failed: 0
2025-06-25T16:00:00.085Z [INFO]: Recurring_7_10_13_16_19_Jobs CompletedQuotation Expiry Check: true: Quotation Expiry Check Job Completed, Total Un-flagged Expired Quotations: 0, Updated: 0, Failed: 0
