2025-06-26T21:00:00.028Z [INFO]: Recurring_6_12_18_0_Jobs Started
2025-06-26T21:00:00.031Z [INFO]: Quotations Followup Job Started
2025-06-26T21:00:00.045Z [INFO]: Daily Midnight Jobs Started
2025-06-26T21:00:00.046Z [INFO]: Delete Old Notifications (> 90 Days) Job Started
2025-06-26T21:00:00.048Z [INFO]: Delete Old Notifications (> 90 Days) Job Completed, Successful: 0 Old Notification Deleted
2025-06-26T21:00:00.048Z [INFO]: Daily Midnight Jobs CompletedDelete Old Notifications: true: Delete Old Notifications (> 90 Days) Job Completed, Successful: 0 Old Notification Deleted
2025-06-26T21:00:00.052Z [INFO]: Quotations Followup Job Completed, Create Quotations: First time => 0, Last time: 0 || Sent Quotations: First time => 0, Last time: 0 ||| 0 Successful
2025-06-26T21:00:00.052Z [INFO]: Recurring_6_12_18_0_Jobs CompletedQuotations Followup: true: Quotations Followup Job Completed, Create Quotations: First time => 0, Last time: 0 || Sent Quotations: First time => 0, Last time: 0 ||| 0 Successful
2025-06-27T03:00:00.014Z [INFO]: Recurring_6_12_18_0_Jobs Started
2025-06-27T03:00:00.015Z [INFO]: Quotations Followup Job Started
2025-06-27T03:00:00.031Z [INFO]: Quotations Followup Job Completed, Create Quotations: First time => 0, Last time: 0 || Sent Quotations: First time => 0, Last time: 0 ||| 0 Successful
2025-06-27T03:00:00.031Z [INFO]: Recurring_6_12_18_0_Jobs CompletedQuotations Followup: true: Quotations Followup Job Completed, Create Quotations: First time => 0, Last time: 0 || Sent Quotations: First time => 0, Last time: 0 ||| 0 Successful
2025-06-27T04:00:00.025Z [INFO]: Recurring_7_10_13_16_19_Jobs Started
2025-06-27T04:00:00.025Z [INFO]: Quotation Expiry Check Job Started
2025-06-27T04:00:00.034Z [INFO]: Quotation Expiry Check Job Completed, Total Un-flagged Expired Quotations: 1, Updated: 1, Failed: 0
2025-06-27T04:00:00.034Z [INFO]: Recurring_7_10_13_16_19_Jobs CompletedQuotation Expiry Check: true: Quotation Expiry Check Job Completed, Total Un-flagged Expired Quotations: 1, Updated: 1, Failed: 0
2025-06-27T07:00:00.034Z [INFO]: Recurring_7_10_13_16_19_Jobs Started
2025-06-27T07:00:00.035Z [INFO]: Quotation Expiry Check Job Started
2025-06-27T07:00:00.057Z [INFO]: Quotation Expiry Check Job Completed, Total Un-flagged Expired Quotations: 1, Updated: 1, Failed: 0
2025-06-27T07:00:00.057Z [INFO]: Recurring_7_10_13_16_19_Jobs CompletedQuotation Expiry Check: true: Quotation Expiry Check Job Completed, Total Un-flagged Expired Quotations: 1, Updated: 1, Failed: 0
2025-06-27T09:00:00.026Z [INFO]: Recurring_6_12_18_0_Jobs Started
2025-06-27T09:00:00.026Z [INFO]: Quotations Followup Job Started
2025-06-27T09:00:00.043Z [INFO]: Quotations Followup Job Completed, Create Quotations: First time => 0, Last time: 0 || Sent Quotations: First time => 0, Last time: 0 ||| 0 Successful
2025-06-27T09:00:00.043Z [INFO]: Recurring_6_12_18_0_Jobs CompletedQuotations Followup: true: Quotations Followup Job Completed, Create Quotations: First time => 0, Last time: 0 || Sent Quotations: First time => 0, Last time: 0 ||| 0 Successful
2025-06-27T10:00:00.020Z [INFO]: Recurring_7_10_13_16_19_Jobs Started
2025-06-27T10:00:00.020Z [INFO]: Quotation Expiry Check Job Started
2025-06-27T10:00:00.032Z [INFO]: Quotation Expiry Check Job Completed, Total Un-flagged Expired Quotations: 1, Updated: 1, Failed: 0
2025-06-27T10:00:00.032Z [INFO]: Recurring_7_10_13_16_19_Jobs CompletedQuotation Expiry Check: true: Quotation Expiry Check Job Completed, Total Un-flagged Expired Quotations: 1, Updated: 1, Failed: 0
2025-06-27T10:48:54.021Z [INFO]: Scheduler instantiated!
2025-06-27T13:00:00.044Z [INFO]: Recurring_7_10_13_16_19_Jobs Started
2025-06-27T13:00:00.047Z [INFO]: Quotation Expiry Check Job Started
2025-06-27T13:00:00.083Z [INFO]: Quotation Expiry Check Job Completed, Total Un-flagged Expired Quotations: 1, Updated: 1, Failed: 0
2025-06-27T13:00:00.083Z [INFO]: Recurring_7_10_13_16_19_Jobs CompletedQuotation Expiry Check: true: Quotation Expiry Check Job Completed, Total Un-flagged Expired Quotations: 1, Updated: 1, Failed: 0
2025-06-27T15:00:00.044Z [INFO]: Recurring_6_12_18_0_Jobs Started
2025-06-27T15:00:00.045Z [INFO]: Quotations Followup Job Started
2025-06-27T15:00:00.058Z [INFO]: Quotations Followup Job Completed, Create Quotations: First time => 0, Last time: 0 || Sent Quotations: First time => 0, Last time: 0 ||| 0 Successful
2025-06-27T15:00:00.058Z [INFO]: Recurring_6_12_18_0_Jobs CompletedQuotations Followup: true: Quotations Followup Job Completed, Create Quotations: First time => 0, Last time: 0 || Sent Quotations: First time => 0, Last time: 0 ||| 0 Successful
2025-06-27T16:00:00.043Z [INFO]: Recurring_7_10_13_16_19_Jobs Started
2025-06-27T16:00:00.044Z [INFO]: Quotation Expiry Check Job Started
2025-06-27T16:00:00.058Z [INFO]: Quotation Expiry Check Job Completed, Total Un-flagged Expired Quotations: 0, Updated: 0, Failed: 0
2025-06-27T16:00:00.058Z [INFO]: Recurring_7_10_13_16_19_Jobs CompletedQuotation Expiry Check: true: Quotation Expiry Check Job Completed, Total Un-flagged Expired Quotations: 0, Updated: 0, Failed: 0
