2025-07-20T21:00:00.014Z [INFO]: Recurring_6_12_18_0_Jobs Started
2025-07-20T21:00:00.018Z [INFO]: Quotations Followup Job Started
2025-07-20T21:00:00.029Z [INFO]: Daily Midnight Jobs Started
2025-07-20T21:00:00.030Z [INFO]: Delete Old Notifications (> 90 Days) Job Started
2025-07-20T21:00:00.034Z [INFO]: Delete Old Notifications (> 90 Days) Job Completed, Successful: 0 Old Notification Deleted
2025-07-20T21:00:00.035Z [INFO]: Lock Old Tasks Job Started
2025-07-20T21:00:00.035Z [ERROR]: TypeError - Cannot read properties of undefined (reading 'updateMany') Stack: TypeError: Cannot read properties of undefined (reading 'updateMany')
    at n.lockExpiredTasks (/home/edmartsy/public_html/oas.edmartsystems.com.default/.next/server/chunks/8467.js:1:4655)
    at c.lockExpiredTasks (/home/edmartsy/public_html/oas.edmartsystems.com.default/.next/server/chunks/8467.js:1:11974)
    at v (/home/edmartsy/public_html/oas.edmartsystems.com.default/.next/server/app/api/services/scheduler/route.js:1:2920)
    at p.job (/home/edmartsy/public_html/oas.edmartsystems.com.default/.next/server/app/api/services/scheduler/route.js:1:4084)
2025-07-20T21:00:00.036Z [ERROR]: TypeError - Cannot read properties of undefined (reading 'updateMany') Stack: TypeError: Cannot read properties of undefined (reading 'updateMany')
    at n.lockExpiredTasks (/home/edmartsy/public_html/oas.edmartsystems.com.default/.next/server/chunks/8467.js:1:4655)
    at c.lockExpiredTasks (/home/edmartsy/public_html/oas.edmartsystems.com.default/.next/server/chunks/8467.js:1:11974)
    at v (/home/edmartsy/public_html/oas.edmartsystems.com.default/.next/server/app/api/services/scheduler/route.js:1:2920)
    at p.job (/home/edmartsy/public_html/oas.edmartsystems.com.default/.next/server/app/api/services/scheduler/route.js:1:4084)
2025-07-20T21:00:00.036Z [INFO]: Lock Old Tasks Job Failed
2025-07-20T21:00:00.036Z [ERROR]: TypeError - Cannot read properties of undefined (reading 'updateMany') Stack: TypeError: Cannot read properties of undefined (reading 'updateMany')
    at n.lockExpiredTasks (/home/edmartsy/public_html/oas.edmartsystems.com.default/.next/server/chunks/8467.js:1:4655)
    at c.lockExpiredTasks (/home/edmartsy/public_html/oas.edmartsystems.com.default/.next/server/chunks/8467.js:1:11974)
    at v (/home/edmartsy/public_html/oas.edmartsystems.com.default/.next/server/app/api/services/scheduler/route.js:1:2920)
    at p.job (/home/edmartsy/public_html/oas.edmartsystems.com.default/.next/server/app/api/services/scheduler/route.js:1:4084)
2025-07-20T21:00:00.036Z [INFO]: Daily Midnight Jobs CompletedDelete Old Notifications: true: Delete Old Notifications (> 90 Days) Job Completed, Successful: 0 Old Notification Deleted
Lock Old Tasks: Something went wrong
2025-07-20T21:00:00.037Z [INFO]: Quotations Followup Job Completed, Create Quotations: First time => 0, Last time: 0 || Sent Quotations: First time => 0, Last time: 0 ||| 0 Successful
2025-07-20T21:00:00.037Z [INFO]: Recurring_6_12_18_0_Jobs CompletedQuotations Followup: true: Quotations Followup Job Completed, Create Quotations: First time => 0, Last time: 0 || Sent Quotations: First time => 0, Last time: 0 ||| 0 Successful
2025-07-21T02:38:12.371Z [INFO]: Scheduler instantiated!
2025-07-21T03:00:00.051Z [INFO]: Recurring_6_12_18_0_Jobs Started
2025-07-21T03:00:00.051Z [INFO]: Quotations Followup Job Started
2025-07-21T03:00:00.064Z [INFO]: Quotations Followup Job Completed, Create Quotations: First time => 0, Last time: 0 || Sent Quotations: First time => 0, Last time: 0 ||| 0 Successful
2025-07-21T03:00:00.064Z [INFO]: Recurring_6_12_18_0_Jobs CompletedQuotations Followup: true: Quotations Followup Job Completed, Create Quotations: First time => 0, Last time: 0 || Sent Quotations: First time => 0, Last time: 0 ||| 0 Successful
2025-07-21T04:00:00.027Z [INFO]: Recurring_7_10_13_16_19_Jobs Started
2025-07-21T04:00:00.028Z [INFO]: Quotation Expiry Check Job Started
2025-07-21T04:00:00.038Z [INFO]: Quotation Expiry Check Job Completed, Total Un-flagged Expired Quotations: 0, Updated: 0, Failed: 0
2025-07-21T04:00:00.038Z [INFO]: Recurring_7_10_13_16_19_Jobs CompletedQuotation Expiry Check: true: Quotation Expiry Check Job Completed, Total Un-flagged Expired Quotations: 0, Updated: 0, Failed: 0
2025-07-21T07:00:00.026Z [INFO]: Recurring_7_10_13_16_19_Jobs Started
2025-07-21T07:00:00.027Z [INFO]: Quotation Expiry Check Job Started
2025-07-21T07:00:00.038Z [INFO]: Quotation Expiry Check Job Completed, Total Un-flagged Expired Quotations: 0, Updated: 0, Failed: 0
2025-07-21T07:00:00.038Z [INFO]: Recurring_7_10_13_16_19_Jobs CompletedQuotation Expiry Check: true: Quotation Expiry Check Job Completed, Total Un-flagged Expired Quotations: 0, Updated: 0, Failed: 0
2025-07-21T07:39:55.384Z [INFO]: Quotation Tag Email Sent successfully
2025-07-21T09:00:00.044Z [INFO]: Recurring_6_12_18_0_Jobs Started
2025-07-21T09:00:00.045Z [INFO]: Quotations Followup Job Started
2025-07-21T09:00:00.061Z [INFO]: Quotations Followup Job Completed, Create Quotations: First time => 0, Last time: 0 || Sent Quotations: First time => 0, Last time: 0 ||| 0 Successful
2025-07-21T09:00:00.062Z [INFO]: Recurring_6_12_18_0_Jobs CompletedQuotations Followup: true: Quotations Followup Job Completed, Create Quotations: First time => 0, Last time: 0 || Sent Quotations: First time => 0, Last time: 0 ||| 0 Successful
2025-07-21T10:00:00.047Z [INFO]: Recurring_7_10_13_16_19_Jobs Started
2025-07-21T10:00:00.047Z [INFO]: Quotation Expiry Check Job Started
2025-07-21T10:00:00.063Z [INFO]: Quotation Expiry Check Job Completed, Total Un-flagged Expired Quotations: 0, Updated: 0, Failed: 0
2025-07-21T10:00:00.064Z [INFO]: Recurring_7_10_13_16_19_Jobs CompletedQuotation Expiry Check: true: Quotation Expiry Check Job Completed, Total Un-flagged Expired Quotations: 0, Updated: 0, Failed: 0
2025-07-21T13:00:00.032Z [INFO]: Recurring_7_10_13_16_19_Jobs Started
2025-07-21T13:00:00.033Z [INFO]: Quotation Expiry Check Job Started
2025-07-21T13:00:00.048Z [INFO]: Quotation Expiry Check Job Completed, Total Un-flagged Expired Quotations: 0, Updated: 0, Failed: 0
2025-07-21T13:00:00.048Z [INFO]: Recurring_7_10_13_16_19_Jobs CompletedQuotation Expiry Check: true: Quotation Expiry Check Job Completed, Total Un-flagged Expired Quotations: 0, Updated: 0, Failed: 0
2025-07-21T13:39:07.825Z [ERROR]: PrismaClientKnownRequestError - 
Invalid `prisma.quotation_draft.delete()` invocation:


An operation failed because it depends on one or more records that were required but not found. Record to delete does not exist. Stack: PrismaClientKnownRequestError: 
Invalid `prisma.quotation_draft.delete()` invocation:


An operation failed because it depends on one or more records that were required but not found. Record to delete does not exist.
    at $n.handleRequestError (/home/edmartsy/public_html/oas.edmartsystems.com.default/node_modules/@prisma/client/runtime/library.js:121:7315)
    at $n.handleAndLogRequestError (/home/edmartsy/public_html/oas.edmartsystems.com.default/node_modules/@prisma/client/runtime/library.js:121:6623)
    at $n.request (/home/edmartsy/public_html/oas.edmartsystems.com.default/node_modules/@prisma/client/runtime/library.js:121:6307)
    at async l (/home/edmartsy/public_html/oas.edmartsystems.com.default/node_modules/@prisma/client/runtime/library.js:130:9633)
    at async d.deleteQuotationDraft (/home/edmartsy/public_html/oas.edmartsystems.com.default/.next/server/chunks/6170.js:101:10742)
    at async Q.deleteQuotationDraft (/home/edmartsy/public_html/oas.edmartsystems.com.default/.next/server/chunks/6170.js:101:29732)
    at async g (/home/edmartsy/public_html/oas.edmartsystems.com.default/.next/server/app/api/quotations/drafts/[draft_id]/route.js:1:2154)
    at async /home/edmartsy/public_html/oas.edmartsystems.com.default/node_modules/next/dist/compiled/next-server/app-route.runtime.prod.js:6:41960
2025-07-21T13:39:07.826Z [ERROR]: PrismaClientKnownRequestError - 
Invalid `prisma.quotation_draft.delete()` invocation:


An operation failed because it depends on one or more records that were required but not found. Record to delete does not exist. Stack: PrismaClientKnownRequestError: 
Invalid `prisma.quotation_draft.delete()` invocation:


An operation failed because it depends on one or more records that were required but not found. Record to delete does not exist.
    at $n.handleRequestError (/home/edmartsy/public_html/oas.edmartsystems.com.default/node_modules/@prisma/client/runtime/library.js:121:7315)
    at $n.handleAndLogRequestError (/home/edmartsy/public_html/oas.edmartsystems.com.default/node_modules/@prisma/client/runtime/library.js:121:6623)
    at $n.request (/home/edmartsy/public_html/oas.edmartsystems.com.default/node_modules/@prisma/client/runtime/library.js:121:6307)
    at async l (/home/edmartsy/public_html/oas.edmartsystems.com.default/node_modules/@prisma/client/runtime/library.js:130:9633)
    at async d.deleteQuotationDraft (/home/edmartsy/public_html/oas.edmartsystems.com.default/.next/server/chunks/6170.js:101:10742)
    at async Q.deleteQuotationDraft (/home/edmartsy/public_html/oas.edmartsystems.com.default/.next/server/chunks/6170.js:101:29732)
    at async g (/home/edmartsy/public_html/oas.edmartsystems.com.default/.next/server/app/api/quotations/drafts/[draft_id]/route.js:1:2154)
    at async /home/edmartsy/public_html/oas.edmartsystems.com.default/node_modules/next/dist/compiled/next-server/app-route.runtime.prod.js:6:41960
2025-07-21T13:39:07.826Z [ERROR]: PrismaClientKnownRequestError - 
Invalid `prisma.quotation_draft.delete()` invocation:


An operation failed because it depends on one or more records that were required but not found. Record to delete does not exist. Stack: PrismaClientKnownRequestError: 
Invalid `prisma.quotation_draft.delete()` invocation:


An operation failed because it depends on one or more records that were required but not found. Record to delete does not exist.
    at $n.handleRequestError (/home/edmartsy/public_html/oas.edmartsystems.com.default/node_modules/@prisma/client/runtime/library.js:121:7315)
    at $n.handleAndLogRequestError (/home/edmartsy/public_html/oas.edmartsystems.com.default/node_modules/@prisma/client/runtime/library.js:121:6623)
    at $n.request (/home/edmartsy/public_html/oas.edmartsystems.com.default/node_modules/@prisma/client/runtime/library.js:121:6307)
    at async l (/home/edmartsy/public_html/oas.edmartsystems.com.default/node_modules/@prisma/client/runtime/library.js:130:9633)
    at async d.deleteQuotationDraft (/home/edmartsy/public_html/oas.edmartsystems.com.default/.next/server/chunks/6170.js:101:10742)
    at async Q.deleteQuotationDraft (/home/edmartsy/public_html/oas.edmartsystems.com.default/.next/server/chunks/6170.js:101:29732)
    at async g (/home/edmartsy/public_html/oas.edmartsystems.com.default/.next/server/app/api/quotations/drafts/[draft_id]/route.js:1:2154)
    at async /home/edmartsy/public_html/oas.edmartsystems.com.default/node_modules/next/dist/compiled/next-server/app-route.runtime.prod.js:6:41960
2025-07-21T15:00:00.023Z [INFO]: Recurring_6_12_18_0_Jobs Started
2025-07-21T15:00:00.023Z [INFO]: Quotations Followup Job Started
2025-07-21T15:00:00.037Z [INFO]: Quotations Followup Job Completed, Create Quotations: First time => 0, Last time: 0 || Sent Quotations: First time => 0, Last time: 0 ||| 0 Successful
2025-07-21T15:00:00.037Z [INFO]: Recurring_6_12_18_0_Jobs CompletedQuotations Followup: true: Quotations Followup Job Completed, Create Quotations: First time => 0, Last time: 0 || Sent Quotations: First time => 0, Last time: 0 ||| 0 Successful
2025-07-21T16:00:00.022Z [INFO]: Recurring_7_10_13_16_19_Jobs Started
2025-07-21T16:00:00.022Z [INFO]: Quotation Expiry Check Job Started
2025-07-21T16:00:00.034Z [INFO]: Quotation Expiry Check Job Completed, Total Un-flagged Expired Quotations: 0, Updated: 0, Failed: 0
2025-07-21T16:00:00.034Z [INFO]: Recurring_7_10_13_16_19_Jobs CompletedQuotation Expiry Check: true: Quotation Expiry Check Job Completed, Total Un-flagged Expired Quotations: 0, Updated: 0, Failed: 0
