2025-08-06T21:00:00.034Z [INFO]: Daily Midnight Jobs Started
2025-08-06T21:00:00.039Z [INFO]: Delete Old Notifications (> 90 Days) Job Started
2025-08-06T21:00:00.052Z [INFO]: Recurring_6_12_18_0_Jobs Started
2025-08-06T21:00:00.052Z [INFO]: Quotations Followup Job Started
2025-08-06T21:00:00.054Z [INFO]: Delete Old Notifications (> 90 Days) Job Completed, Successful: 0 Old Notification Deleted
2025-08-06T21:00:00.055Z [INFO]: Lock Old Tasks Job Started
2025-08-06T21:00:00.055Z [ERROR]: TypeError - Cannot read properties of undefined (reading 'updateMany') Stack: TypeError: Cannot read properties of undefined (reading 'updateMany')
    at n.lockExpiredTasks (/home/edmartsy/public_html/oas.edmartsystems.com.default/.next/server/chunks/8467.js:1:4655)
    at c.lockExpiredTasks (/home/edmartsy/public_html/oas.edmartsystems.com.default/.next/server/chunks/8467.js:1:11974)
    at v (/home/edmartsy/public_html/oas.edmartsystems.com.default/.next/server/app/api/services/scheduler/route.js:1:2920)
    at p.job (/home/edmartsy/public_html/oas.edmartsystems.com.default/.next/server/app/api/services/scheduler/route.js:1:4084)
2025-08-06T21:00:00.056Z [ERROR]: TypeError - Cannot read properties of undefined (reading 'updateMany') Stack: TypeError: Cannot read properties of undefined (reading 'updateMany')
    at n.lockExpiredTasks (/home/edmartsy/public_html/oas.edmartsystems.com.default/.next/server/chunks/8467.js:1:4655)
    at c.lockExpiredTasks (/home/edmartsy/public_html/oas.edmartsystems.com.default/.next/server/chunks/8467.js:1:11974)
    at v (/home/edmartsy/public_html/oas.edmartsystems.com.default/.next/server/app/api/services/scheduler/route.js:1:2920)
    at p.job (/home/edmartsy/public_html/oas.edmartsystems.com.default/.next/server/app/api/services/scheduler/route.js:1:4084)
2025-08-06T21:00:00.056Z [INFO]: Lock Old Tasks Job Failed
2025-08-06T21:00:00.056Z [ERROR]: TypeError - Cannot read properties of undefined (reading 'updateMany') Stack: TypeError: Cannot read properties of undefined (reading 'updateMany')
    at n.lockExpiredTasks (/home/edmartsy/public_html/oas.edmartsystems.com.default/.next/server/chunks/8467.js:1:4655)
    at c.lockExpiredTasks (/home/edmartsy/public_html/oas.edmartsystems.com.default/.next/server/chunks/8467.js:1:11974)
    at v (/home/edmartsy/public_html/oas.edmartsystems.com.default/.next/server/app/api/services/scheduler/route.js:1:2920)
    at p.job (/home/edmartsy/public_html/oas.edmartsystems.com.default/.next/server/app/api/services/scheduler/route.js:1:4084)
2025-08-06T21:00:00.057Z [INFO]: Daily Midnight Jobs CompletedDelete Old Notifications: true: Delete Old Notifications (> 90 Days) Job Completed, Successful: 0 Old Notification Deleted
Lock Old Tasks: Something went wrong
2025-08-06T21:00:00.072Z [INFO]: Quotations Followup Job Completed, Create Quotations: First time => 0, Last time: 0 || Sent Quotations: First time => 0, Last time: 0 ||| 0 Successful
2025-08-06T21:00:00.072Z [INFO]: Recurring_6_12_18_0_Jobs CompletedQuotations Followup: true: Quotations Followup Job Completed, Create Quotations: First time => 0, Last time: 0 || Sent Quotations: First time => 0, Last time: 0 ||| 0 Successful
2025-08-06T22:19:38.415Z [ERROR]: Error - Wrong credentials: kusemererwaedson2000@gmail.com Stack: Error: Wrong credentials: kusemererwaedson2000@gmail.com
    at p (/home/edmartsy/public_html/oas.edmartsystems.com.default/.next/server/app/api/auth/[...nextauth]/route.js:1:4228)
    at async Object.authorize (/home/edmartsy/public_html/oas.edmartsystems.com.default/.next/server/app/api/auth/[...nextauth]/route.js:1:4677)
    at async Object.l (/home/edmartsy/public_html/oas.edmartsystems.com.default/.next/server/chunks/1332.js:30:4502)
    at async m (/home/edmartsy/public_html/oas.edmartsystems.com.default/.next/server/chunks/1332.js:6:128790)
    at async a (/home/edmartsy/public_html/oas.edmartsystems.com.default/.next/server/chunks/1332.js:30:19772)
    at async e.length.t (/home/edmartsy/public_html/oas.edmartsystems.com.default/.next/server/chunks/1332.js:30:21262)
    at async /home/edmartsy/public_html/oas.edmartsystems.com.default/node_modules/next/dist/compiled/next-server/app-route.runtime.prod.js:6:41960
2025-08-06T22:19:38.415Z [ERROR]: Error in authorization: Error - Wrong credentials: kusemererwaedson2000@gmail.com Stack: Error: Wrong credentials: kusemererwaedson2000@gmail.com
    at p (/home/edmartsy/public_html/oas.edmartsystems.com.default/.next/server/app/api/auth/[...nextauth]/route.js:1:4228)
    at async Object.authorize (/home/edmartsy/public_html/oas.edmartsystems.com.default/.next/server/app/api/auth/[...nextauth]/route.js:1:4677)
    at async Object.l (/home/edmartsy/public_html/oas.edmartsystems.com.default/.next/server/chunks/1332.js:30:4502)
    at async m (/home/edmartsy/public_html/oas.edmartsystems.com.default/.next/server/chunks/1332.js:6:128790)
    at async a (/home/edmartsy/public_html/oas.edmartsystems.com.default/.next/server/chunks/1332.js:30:19772)
    at async e.length.t (/home/edmartsy/public_html/oas.edmartsystems.com.default/.next/server/chunks/1332.js:30:21262)
    at async /home/edmartsy/public_html/oas.edmartsystems.com.default/node_modules/next/dist/compiled/next-server/app-route.runtime.prod.js:6:41960
2025-08-06T22:19:49.631Z [ERROR]: Error - Wrong credentials: kusemererwaedson2000@gmail.com Stack: Error: Wrong credentials: kusemererwaedson2000@gmail.com
    at p (/home/edmartsy/public_html/oas.edmartsystems.com.default/.next/server/app/api/auth/[...nextauth]/route.js:1:4228)
    at async Object.authorize (/home/edmartsy/public_html/oas.edmartsystems.com.default/.next/server/app/api/auth/[...nextauth]/route.js:1:4677)
    at async Object.l (/home/edmartsy/public_html/oas.edmartsystems.com.default/.next/server/chunks/1332.js:30:4502)
    at async m (/home/edmartsy/public_html/oas.edmartsystems.com.default/.next/server/chunks/1332.js:6:128790)
    at async a (/home/edmartsy/public_html/oas.edmartsystems.com.default/.next/server/chunks/1332.js:30:19772)
    at async e.length.t (/home/edmartsy/public_html/oas.edmartsystems.com.default/.next/server/chunks/1332.js:30:21262)
    at async /home/edmartsy/public_html/oas.edmartsystems.com.default/node_modules/next/dist/compiled/next-server/app-route.runtime.prod.js:6:41960
2025-08-06T22:19:49.631Z [ERROR]: Error in authorization: Error - Wrong credentials: kusemererwaedson2000@gmail.com Stack: Error: Wrong credentials: kusemererwaedson2000@gmail.com
    at p (/home/edmartsy/public_html/oas.edmartsystems.com.default/.next/server/app/api/auth/[...nextauth]/route.js:1:4228)
    at async Object.authorize (/home/edmartsy/public_html/oas.edmartsystems.com.default/.next/server/app/api/auth/[...nextauth]/route.js:1:4677)
    at async Object.l (/home/edmartsy/public_html/oas.edmartsystems.com.default/.next/server/chunks/1332.js:30:4502)
    at async m (/home/edmartsy/public_html/oas.edmartsystems.com.default/.next/server/chunks/1332.js:6:128790)
    at async a (/home/edmartsy/public_html/oas.edmartsystems.com.default/.next/server/chunks/1332.js:30:19772)
    at async e.length.t (/home/edmartsy/public_html/oas.edmartsystems.com.default/.next/server/chunks/1332.js:30:21262)
    at async /home/edmartsy/public_html/oas.edmartsystems.com.default/node_modules/next/dist/compiled/next-server/app-route.runtime.prod.js:6:41960
2025-08-06T22:20:13.272Z [ERROR]: Error - Wrong credentials: kusemererwaedson2000@gmail.com Stack: Error: Wrong credentials: kusemererwaedson2000@gmail.com
    at p (/home/edmartsy/public_html/oas.edmartsystems.com.default/.next/server/app/api/auth/[...nextauth]/route.js:1:4228)
    at async Object.authorize (/home/edmartsy/public_html/oas.edmartsystems.com.default/.next/server/app/api/auth/[...nextauth]/route.js:1:4677)
    at async Object.l (/home/edmartsy/public_html/oas.edmartsystems.com.default/.next/server/chunks/1332.js:30:4502)
    at async m (/home/edmartsy/public_html/oas.edmartsystems.com.default/.next/server/chunks/1332.js:6:128790)
    at async a (/home/edmartsy/public_html/oas.edmartsystems.com.default/.next/server/chunks/1332.js:30:19772)
    at async e.length.t (/home/edmartsy/public_html/oas.edmartsystems.com.default/.next/server/chunks/1332.js:30:21262)
    at async /home/edmartsy/public_html/oas.edmartsystems.com.default/node_modules/next/dist/compiled/next-server/app-route.runtime.prod.js:6:41960
2025-08-06T22:20:13.272Z [ERROR]: Error in authorization: Error - Wrong credentials: kusemererwaedson2000@gmail.com Stack: Error: Wrong credentials: kusemererwaedson2000@gmail.com
    at p (/home/edmartsy/public_html/oas.edmartsystems.com.default/.next/server/app/api/auth/[...nextauth]/route.js:1:4228)
    at async Object.authorize (/home/edmartsy/public_html/oas.edmartsystems.com.default/.next/server/app/api/auth/[...nextauth]/route.js:1:4677)
    at async Object.l (/home/edmartsy/public_html/oas.edmartsystems.com.default/.next/server/chunks/1332.js:30:4502)
    at async m (/home/edmartsy/public_html/oas.edmartsystems.com.default/.next/server/chunks/1332.js:6:128790)
    at async a (/home/edmartsy/public_html/oas.edmartsystems.com.default/.next/server/chunks/1332.js:30:19772)
    at async e.length.t (/home/edmartsy/public_html/oas.edmartsystems.com.default/.next/server/chunks/1332.js:30:21262)
    at async /home/edmartsy/public_html/oas.edmartsystems.com.default/node_modules/next/dist/compiled/next-server/app-route.runtime.prod.js:6:41960
2025-08-07T03:00:00.016Z [INFO]: Recurring_6_12_18_0_Jobs Started
2025-08-07T03:00:00.016Z [INFO]: Quotations Followup Job Started
2025-08-07T03:00:00.036Z [INFO]: Quotations Followup Job Completed, Create Quotations: First time => 0, Last time: 0 || Sent Quotations: First time => 0, Last time: 0 ||| 0 Successful
2025-08-07T03:00:00.036Z [INFO]: Recurring_6_12_18_0_Jobs CompletedQuotations Followup: true: Quotations Followup Job Completed, Create Quotations: First time => 0, Last time: 0 || Sent Quotations: First time => 0, Last time: 0 ||| 0 Successful
2025-08-07T04:00:00.021Z [INFO]: Recurring_7_10_13_16_19_Jobs Started
2025-08-07T04:00:00.021Z [INFO]: Quotation Expiry Check Job Started
2025-08-07T04:00:00.031Z [INFO]: Quotation Expiry Check Job Completed, Total Un-flagged Expired Quotations: 0, Updated: 0, Failed: 0
2025-08-07T04:00:00.031Z [INFO]: Recurring_7_10_13_16_19_Jobs CompletedQuotation Expiry Check: true: Quotation Expiry Check Job Completed, Total Un-flagged Expired Quotations: 0, Updated: 0, Failed: 0
2025-08-07T06:24:05.444Z [ERROR]: Error - Wrong credentials: se.victoria@edmartsystems.com Stack: Error: Wrong credentials: se.victoria@edmartsystems.com
    at p (/home/edmartsy/public_html/oas.edmartsystems.com.default/.next/server/app/api/auth/[...nextauth]/route.js:1:4228)
    at async Object.authorize (/home/edmartsy/public_html/oas.edmartsystems.com.default/.next/server/app/api/auth/[...nextauth]/route.js:1:4677)
    at async Object.l (/home/edmartsy/public_html/oas.edmartsystems.com.default/.next/server/chunks/1332.js:30:4502)
    at async m (/home/edmartsy/public_html/oas.edmartsystems.com.default/.next/server/chunks/1332.js:6:128790)
    at async a (/home/edmartsy/public_html/oas.edmartsystems.com.default/.next/server/chunks/1332.js:30:19772)
    at async e.length.t (/home/edmartsy/public_html/oas.edmartsystems.com.default/.next/server/chunks/1332.js:30:21262)
    at async /home/edmartsy/public_html/oas.edmartsystems.com.default/node_modules/next/dist/compiled/next-server/app-route.runtime.prod.js:6:41960
2025-08-07T06:24:05.444Z [ERROR]: Error in authorization: Error - Wrong credentials: se.victoria@edmartsystems.com Stack: Error: Wrong credentials: se.victoria@edmartsystems.com
    at p (/home/edmartsy/public_html/oas.edmartsystems.com.default/.next/server/app/api/auth/[...nextauth]/route.js:1:4228)
    at async Object.authorize (/home/edmartsy/public_html/oas.edmartsystems.com.default/.next/server/app/api/auth/[...nextauth]/route.js:1:4677)
    at async Object.l (/home/edmartsy/public_html/oas.edmartsystems.com.default/.next/server/chunks/1332.js:30:4502)
    at async m (/home/edmartsy/public_html/oas.edmartsystems.com.default/.next/server/chunks/1332.js:6:128790)
    at async a (/home/edmartsy/public_html/oas.edmartsystems.com.default/.next/server/chunks/1332.js:30:19772)
    at async e.length.t (/home/edmartsy/public_html/oas.edmartsystems.com.default/.next/server/chunks/1332.js:30:21262)
    at async /home/edmartsy/public_html/oas.edmartsystems.com.default/node_modules/next/dist/compiled/next-server/app-route.runtime.prod.js:6:41960
2025-08-07T07:00:00.017Z [INFO]: Recurring_7_10_13_16_19_Jobs Started
2025-08-07T07:00:00.017Z [INFO]: Quotation Expiry Check Job Started
2025-08-07T07:00:00.029Z [INFO]: Quotation Expiry Check Job Completed, Total Un-flagged Expired Quotations: 0, Updated: 0, Failed: 0
2025-08-07T07:00:00.029Z [INFO]: Recurring_7_10_13_16_19_Jobs CompletedQuotation Expiry Check: true: Quotation Expiry Check Job Completed, Total Un-flagged Expired Quotations: 0, Updated: 0, Failed: 0
2025-08-07T09:00:00.028Z [INFO]: Recurring_6_12_18_0_Jobs Started
2025-08-07T09:00:00.029Z [INFO]: Quotations Followup Job Started
2025-08-07T09:00:00.043Z [INFO]: Quotations Followup Job Completed, Create Quotations: First time => 0, Last time: 0 || Sent Quotations: First time => 0, Last time: 0 ||| 0 Successful
2025-08-07T09:00:00.043Z [INFO]: Recurring_6_12_18_0_Jobs CompletedQuotations Followup: true: Quotations Followup Job Completed, Create Quotations: First time => 0, Last time: 0 || Sent Quotations: First time => 0, Last time: 0 ||| 0 Successful
2025-08-07T09:25:00.450Z [INFO]: Quotation Tag Email Sent successfully
2025-08-07T10:00:00.031Z [INFO]: Recurring_7_10_13_16_19_Jobs Started
2025-08-07T10:00:00.032Z [INFO]: Quotation Expiry Check Job Started
2025-08-07T10:00:00.042Z [INFO]: Quotation Expiry Check Job Completed, Total Un-flagged Expired Quotations: 1, Updated: 1, Failed: 0
2025-08-07T10:00:00.042Z [INFO]: Recurring_7_10_13_16_19_Jobs CompletedQuotation Expiry Check: true: Quotation Expiry Check Job Completed, Total Un-flagged Expired Quotations: 1, Updated: 1, Failed: 0
2025-08-07T13:00:00.030Z [INFO]: Recurring_7_10_13_16_19_Jobs Started
2025-08-07T13:00:00.031Z [INFO]: Quotation Expiry Check Job Started
2025-08-07T13:00:00.048Z [INFO]: Quotation Expiry Check Job Completed, Total Un-flagged Expired Quotations: 2, Updated: 2, Failed: 0
2025-08-07T13:00:00.048Z [INFO]: Recurring_7_10_13_16_19_Jobs CompletedQuotation Expiry Check: true: Quotation Expiry Check Job Completed, Total Un-flagged Expired Quotations: 2, Updated: 2, Failed: 0
2025-08-07T14:56:36.013Z [INFO]: Scheduler instantiated!
2025-08-07T15:00:00.046Z [INFO]: Recurring_6_12_18_0_Jobs Started
2025-08-07T15:00:00.048Z [INFO]: Quotations Followup Job Started
2025-08-07T15:00:00.086Z [INFO]: Quotations Followup Job Completed, Create Quotations: First time => 0, Last time: 0 || Sent Quotations: First time => 0, Last time: 0 ||| 0 Successful
2025-08-07T15:00:00.087Z [INFO]: Recurring_6_12_18_0_Jobs CompletedQuotations Followup: true: Quotations Followup Job Completed, Create Quotations: First time => 0, Last time: 0 || Sent Quotations: First time => 0, Last time: 0 ||| 0 Successful
2025-08-07T16:00:00.035Z [INFO]: Recurring_7_10_13_16_19_Jobs Started
2025-08-07T16:00:00.036Z [INFO]: Quotation Expiry Check Job Started
2025-08-07T16:00:00.049Z [INFO]: Quotation Expiry Check Job Completed, Total Un-flagged Expired Quotations: 0, Updated: 0, Failed: 0
2025-08-07T16:00:00.049Z [INFO]: Recurring_7_10_13_16_19_Jobs CompletedQuotation Expiry Check: true: Quotation Expiry Check Job Completed, Total Un-flagged Expired Quotations: 0, Updated: 0, Failed: 0
