2025-06-21T21:01:17.744Z [INFO]: Scheduler instantiated!
2025-06-21T21:31:20.551Z [INFO]: Scheduler instantiated!
2025-06-22T00:10:58.685Z [INFO]: Scheduler instantiated!
2025-06-22T00:58:27.342Z [INFO]: Scheduler instantiated!
2025-06-22T02:48:13.067Z [INFO]: Scheduler instantiated!
2025-06-22T03:00:00.029Z [INFO]: Recurring_6_12_18_0_Jobs Started
2025-06-22T03:00:00.031Z [INFO]: Quotations Followup Job Started
2025-06-22T03:00:00.066Z [INFO]: Quotations Followup Job Completed, Create Quotations: First time => 0, Last time: 0 || Sent Quotations: First time => 0, Last time: 0 ||| 0 Successful
2025-06-22T03:00:00.066Z [INFO]: Recurring_6_12_18_0_Jobs CompletedQuotations Followup: true: Quotations Followup Job Completed, Create Quotations: First time => 0, Last time: 0 || Sent Quotations: First time => 0, Last time: 0 ||| 0 Successful
2025-06-22T04:00:00.026Z [INFO]: Recurring_7_10_13_16_19_Jobs Started
2025-06-22T04:00:00.026Z [INFO]: Quotation Expiry Check Job Started
2025-06-22T04:00:00.035Z [INFO]: Quotation Expiry Check Job Completed, Total Un-flagged Expired Quotations: 0, Updated: 0, Failed: 0
2025-06-22T04:00:00.035Z [INFO]: Recurring_7_10_13_16_19_Jobs CompletedQuotation Expiry Check: true: Quotation Expiry Check Job Completed, Total Un-flagged Expired Quotations: 0, Updated: 0, Failed: 0
2025-06-22T07:00:00.020Z [INFO]: Recurring_7_10_13_16_19_Jobs Started
2025-06-22T07:00:00.021Z [INFO]: Quotation Expiry Check Job Started
2025-06-22T07:00:00.031Z [INFO]: Quotation Expiry Check Job Completed, Total Un-flagged Expired Quotations: 0, Updated: 0, Failed: 0
2025-06-22T07:00:00.032Z [INFO]: Recurring_7_10_13_16_19_Jobs CompletedQuotation Expiry Check: true: Quotation Expiry Check Job Completed, Total Un-flagged Expired Quotations: 0, Updated: 0, Failed: 0
2025-06-22T09:00:00.042Z [INFO]: Recurring_6_12_18_0_Jobs Started
2025-06-22T09:00:00.042Z [INFO]: Quotations Followup Job Started
2025-06-22T09:00:00.056Z [INFO]: Quotations Followup Job Completed, Create Quotations: First time => 0, Last time: 0 || Sent Quotations: First time => 0, Last time: 0 ||| 0 Successful
2025-06-22T09:00:00.057Z [INFO]: Recurring_6_12_18_0_Jobs CompletedQuotations Followup: true: Quotations Followup Job Completed, Create Quotations: First time => 0, Last time: 0 || Sent Quotations: First time => 0, Last time: 0 ||| 0 Successful
2025-06-22T10:00:00.041Z [INFO]: Recurring_7_10_13_16_19_Jobs Started
2025-06-22T10:00:00.041Z [INFO]: Quotation Expiry Check Job Started
2025-06-22T10:00:00.056Z [INFO]: Quotation Expiry Check Job Completed, Total Un-flagged Expired Quotations: 1, Updated: 1, Failed: 0
2025-06-22T10:00:00.056Z [INFO]: Recurring_7_10_13_16_19_Jobs CompletedQuotation Expiry Check: true: Quotation Expiry Check Job Completed, Total Un-flagged Expired Quotations: 1, Updated: 1, Failed: 0
2025-06-22T10:48:08.173Z [INFO]: Scheduler instantiated!
2025-06-22T13:00:00.031Z [INFO]: Recurring_7_10_13_16_19_Jobs Started
2025-06-22T13:00:00.034Z [INFO]: Quotation Expiry Check Job Started
2025-06-22T13:00:00.068Z [INFO]: Quotation Expiry Check Job Completed, Total Un-flagged Expired Quotations: 0, Updated: 0, Failed: 0
2025-06-22T13:00:00.069Z [INFO]: Recurring_7_10_13_16_19_Jobs CompletedQuotation Expiry Check: true: Quotation Expiry Check Job Completed, Total Un-flagged Expired Quotations: 0, Updated: 0, Failed: 0
2025-06-22T15:00:00.020Z [INFO]: Recurring_6_12_18_0_Jobs Started
2025-06-22T15:00:00.021Z [INFO]: Quotations Followup Job Started
2025-06-22T15:00:00.036Z [INFO]: Quotations Followup Job Completed, Create Quotations: First time => 0, Last time: 0 || Sent Quotations: First time => 0, Last time: 0 ||| 0 Successful
2025-06-22T15:00:00.037Z [INFO]: Recurring_6_12_18_0_Jobs CompletedQuotations Followup: true: Quotations Followup Job Completed, Create Quotations: First time => 0, Last time: 0 || Sent Quotations: First time => 0, Last time: 0 ||| 0 Successful
2025-06-22T16:00:00.024Z [INFO]: Recurring_7_10_13_16_19_Jobs Started
2025-06-22T16:00:00.025Z [INFO]: Quotation Expiry Check Job Started
2025-06-22T16:00:00.037Z [INFO]: Quotation Expiry Check Job Completed, Total Un-flagged Expired Quotations: 0, Updated: 0, Failed: 0
2025-06-22T16:00:00.037Z [INFO]: Recurring_7_10_13_16_19_Jobs CompletedQuotation Expiry Check: true: Quotation Expiry Check Job Completed, Total Un-flagged Expired Quotations: 0, Updated: 0, Failed: 0
