2025-06-06T21:00:00.036Z [INFO]: Recurring_6_12_18_0_Jobs Started
2025-06-06T21:00:00.039Z [INFO]: Quotations Followup Job Started
2025-06-06T21:00:00.047Z [INFO]: Daily Midnight Jobs Started
2025-06-06T21:00:00.048Z [INFO]: Delete Old Notifications (> 90 Days) Job Started
2025-06-06T21:00:00.051Z [INFO]: Delete Old Notifications (> 90 Days) Job Completed, Successful: 0 Old Notification Deleted
2025-06-06T21:00:00.051Z [INFO]: Daily Midnight Jobs CompletedDelete Old Notifications: true: Delete Old Notifications (> 90 Days) Job Completed, Successful: 0 Old Notification Deleted
2025-06-06T21:00:00.053Z [INFO]: Quotations Followup Job Completed, Create Quotations: First time => 0, Last time: 0 || Sent Quotations: First time => 0, Last time: 0 ||| 0 Successful
2025-06-06T21:00:00.053Z [INFO]: Recurring_6_12_18_0_Jobs CompletedQuotations Followup: true: Quotations Followup Job Completed, Create Quotations: First time => 0, Last time: 0 || Sent Quotations: First time => 0, Last time: 0 ||| 0 Successful
2025-06-07T03:00:00.011Z [INFO]: Recurring_6_12_18_0_Jobs Started
2025-06-07T03:00:00.011Z [INFO]: Quotations Followup Job Started
2025-06-07T03:00:00.028Z [INFO]: Quotations Followup Job Completed, Create Quotations: First time => 0, Last time: 0 || Sent Quotations: First time => 0, Last time: 0 ||| 0 Successful
2025-06-07T03:00:00.028Z [INFO]: Recurring_6_12_18_0_Jobs CompletedQuotations Followup: true: Quotations Followup Job Completed, Create Quotations: First time => 0, Last time: 0 || Sent Quotations: First time => 0, Last time: 0 ||| 0 Successful
2025-06-07T04:00:00.015Z [INFO]: Recurring_7_10_13_16_19_Jobs Started
2025-06-07T04:00:00.015Z [INFO]: Quotation Expiry Check Job Started
2025-06-07T04:00:00.024Z [INFO]: Quotation Expiry Check Job Completed, Total Un-flagged Expired Quotations: 0, Updated: 0, Failed: 0
2025-06-07T04:00:00.024Z [INFO]: Recurring_7_10_13_16_19_Jobs CompletedQuotation Expiry Check: true: Quotation Expiry Check Job Completed, Total Un-flagged Expired Quotations: 0, Updated: 0, Failed: 0
2025-06-07T07:00:00.038Z [INFO]: Recurring_7_10_13_16_19_Jobs Started
2025-06-07T07:00:00.038Z [INFO]: Quotation Expiry Check Job Started
2025-06-07T07:00:00.053Z [INFO]: Quotation Expiry Check Job Completed, Total Un-flagged Expired Quotations: 0, Updated: 0, Failed: 0
2025-06-07T07:00:00.054Z [INFO]: Recurring_7_10_13_16_19_Jobs CompletedQuotation Expiry Check: true: Quotation Expiry Check Job Completed, Total Un-flagged Expired Quotations: 0, Updated: 0, Failed: 0
2025-06-07T09:00:00.031Z [INFO]: Recurring_6_12_18_0_Jobs Started
2025-06-07T09:00:00.031Z [INFO]: Quotations Followup Job Started
2025-06-07T09:00:00.051Z [INFO]: Quotations Followup Job Completed, Create Quotations: First time => 0, Last time: 0 || Sent Quotations: First time => 0, Last time: 0 ||| 0 Successful
2025-06-07T09:00:00.052Z [INFO]: Recurring_6_12_18_0_Jobs CompletedQuotations Followup: true: Quotations Followup Job Completed, Create Quotations: First time => 0, Last time: 0 || Sent Quotations: First time => 0, Last time: 0 ||| 0 Successful
2025-06-07T10:00:00.034Z [INFO]: Recurring_7_10_13_16_19_Jobs Started
2025-06-07T10:00:00.034Z [INFO]: Quotation Expiry Check Job Started
2025-06-07T10:00:00.046Z [INFO]: Quotation Expiry Check Job Completed, Total Un-flagged Expired Quotations: 1, Updated: 1, Failed: 0
2025-06-07T10:00:00.046Z [INFO]: Recurring_7_10_13_16_19_Jobs CompletedQuotation Expiry Check: true: Quotation Expiry Check Job Completed, Total Un-flagged Expired Quotations: 1, Updated: 1, Failed: 0
2025-06-07T13:00:00.017Z [INFO]: Recurring_7_10_13_16_19_Jobs Started
2025-06-07T13:00:00.018Z [INFO]: Quotation Expiry Check Job Started
2025-06-07T13:00:00.028Z [INFO]: Quotation Expiry Check Job Completed, Total Un-flagged Expired Quotations: 0, Updated: 0, Failed: 0
2025-06-07T13:00:00.028Z [INFO]: Recurring_7_10_13_16_19_Jobs CompletedQuotation Expiry Check: true: Quotation Expiry Check Job Completed, Total Un-flagged Expired Quotations: 0, Updated: 0, Failed: 0
2025-06-07T15:00:00.010Z [INFO]: Recurring_6_12_18_0_Jobs Started
2025-06-07T15:00:00.010Z [INFO]: Quotations Followup Job Started
2025-06-07T15:00:00.023Z [INFO]: Quotations Followup Job Completed, Create Quotations: First time => 0, Last time: 0 || Sent Quotations: First time => 0, Last time: 0 ||| 0 Successful
2025-06-07T15:00:00.023Z [INFO]: Recurring_6_12_18_0_Jobs CompletedQuotations Followup: true: Quotations Followup Job Completed, Create Quotations: First time => 0, Last time: 0 || Sent Quotations: First time => 0, Last time: 0 ||| 0 Successful
2025-06-07T16:00:00.037Z [INFO]: Recurring_7_10_13_16_19_Jobs Started
2025-06-07T16:00:00.037Z [INFO]: Quotation Expiry Check Job Started
2025-06-07T16:00:00.046Z [INFO]: Quotation Expiry Check Job Completed, Total Un-flagged Expired Quotations: 0, Updated: 0, Failed: 0
2025-06-07T16:00:00.046Z [INFO]: Recurring_7_10_13_16_19_Jobs CompletedQuotation Expiry Check: true: Quotation Expiry Check Job Completed, Total Un-flagged Expired Quotations: 0, Updated: 0, Failed: 0
