2025-06-02T21:00:00.058Z [INFO]: Recurring_6_12_18_0_Jobs Started
2025-06-02T21:00:00.061Z [INFO]: Quotations Followup Job Started
2025-06-02T21:00:00.073Z [INFO]: Daily Midnight Jobs Started
2025-06-02T21:00:00.074Z [INFO]: Delete Old Notifications (> 90 Days) Job Started
2025-06-02T21:00:00.155Z [INFO]: Delete Old Notifications (> 90 Days) Job Completed, Successful: 0 Old Notification Deleted
2025-06-02T21:00:00.156Z [INFO]: Daily Midnight Jobs CompletedDelete Old Notifications: true: Delete Old Notifications (> 90 Days) Job Completed, Successful: 0 Old Notification Deleted
2025-06-02T21:00:00.159Z [INFO]: Quotations Followup Job Completed, Create Quotations: First time => 0, Last time: 0 || Sent Quotations: First time => 0, Last time: 0 ||| 0 Successful
2025-06-02T21:00:00.159Z [INFO]: Recurring_6_12_18_0_Jobs CompletedQuotations Followup: true: Quotations Followup Job Completed, Create Quotations: First time => 0, Last time: 0 || Sent Quotations: First time => 0, Last time: 0 ||| 0 Successful
2025-06-03T03:00:00.013Z [INFO]: Recurring_6_12_18_0_Jobs Started
2025-06-03T03:00:00.014Z [INFO]: Quotations Followup Job Started
2025-06-03T03:00:00.032Z [INFO]: Quotations Followup Job Completed, Create Quotations: First time => 0, Last time: 0 || Sent Quotations: First time => 0, Last time: 0 ||| 0 Successful
2025-06-03T03:00:00.032Z [INFO]: Recurring_6_12_18_0_Jobs CompletedQuotations Followup: true: Quotations Followup Job Completed, Create Quotations: First time => 0, Last time: 0 || Sent Quotations: First time => 0, Last time: 0 ||| 0 Successful
2025-06-03T04:00:00.018Z [INFO]: Recurring_7_10_13_16_19_Jobs Started
2025-06-03T04:00:00.019Z [INFO]: Quotation Expiry Check Job Started
2025-06-03T04:00:00.028Z [INFO]: Quotation Expiry Check Job Completed, Total Un-flagged Expired Quotations: 0, Updated: 0, Failed: 0
2025-06-03T04:00:00.028Z [INFO]: Recurring_7_10_13_16_19_Jobs CompletedQuotation Expiry Check: true: Quotation Expiry Check Job Completed, Total Un-flagged Expired Quotations: 0, Updated: 0, Failed: 0
2025-06-03T07:00:00.026Z [INFO]: Recurring_7_10_13_16_19_Jobs Started
2025-06-03T07:00:00.027Z [INFO]: Quotation Expiry Check Job Started
2025-06-03T07:00:00.043Z [INFO]: Quotation Expiry Check Job Completed, Total Un-flagged Expired Quotations: 0, Updated: 0, Failed: 0
2025-06-03T07:00:00.043Z [INFO]: Recurring_7_10_13_16_19_Jobs CompletedQuotation Expiry Check: true: Quotation Expiry Check Job Completed, Total Un-flagged Expired Quotations: 0, Updated: 0, Failed: 0
2025-06-03T09:00:00.033Z [INFO]: Recurring_6_12_18_0_Jobs Started
2025-06-03T09:00:00.034Z [INFO]: Quotations Followup Job Started
2025-06-03T09:00:00.048Z [INFO]: Quotations Followup Job Completed, Create Quotations: First time => 0, Last time: 0 || Sent Quotations: First time => 0, Last time: 0 ||| 0 Successful
2025-06-03T09:00:00.049Z [INFO]: Recurring_6_12_18_0_Jobs CompletedQuotations Followup: true: Quotations Followup Job Completed, Create Quotations: First time => 0, Last time: 0 || Sent Quotations: First time => 0, Last time: 0 ||| 0 Successful
2025-06-03T10:00:00.036Z [INFO]: Recurring_7_10_13_16_19_Jobs Started
2025-06-03T10:00:00.036Z [INFO]: Quotation Expiry Check Job Started
2025-06-03T10:00:00.048Z [INFO]: Quotation Expiry Check Job Completed, Total Un-flagged Expired Quotations: 0, Updated: 0, Failed: 0
2025-06-03T10:00:00.048Z [INFO]: Recurring_7_10_13_16_19_Jobs CompletedQuotation Expiry Check: true: Quotation Expiry Check Job Completed, Total Un-flagged Expired Quotations: 0, Updated: 0, Failed: 0
2025-06-03T13:00:00.027Z [INFO]: Recurring_7_10_13_16_19_Jobs Started
2025-06-03T13:00:00.028Z [INFO]: Quotation Expiry Check Job Started
2025-06-03T13:00:00.038Z [INFO]: Quotation Expiry Check Job Completed, Total Un-flagged Expired Quotations: 0, Updated: 0, Failed: 0
2025-06-03T13:00:00.039Z [INFO]: Recurring_7_10_13_16_19_Jobs CompletedQuotation Expiry Check: true: Quotation Expiry Check Job Completed, Total Un-flagged Expired Quotations: 0, Updated: 0, Failed: 0
2025-06-03T15:00:00.024Z [INFO]: Recurring_6_12_18_0_Jobs Started
2025-06-03T15:00:00.024Z [INFO]: Quotations Followup Job Started
2025-06-03T15:00:00.075Z [INFO]: Quotations Followup Job Completed, Create Quotations: First time => 0, Last time: 0 || Sent Quotations: First time => 0, Last time: 0 ||| 0 Successful
2025-06-03T15:00:00.075Z [INFO]: Recurring_6_12_18_0_Jobs CompletedQuotations Followup: true: Quotations Followup Job Completed, Create Quotations: First time => 0, Last time: 0 || Sent Quotations: First time => 0, Last time: 0 ||| 0 Successful
2025-06-03T16:00:00.015Z [INFO]: Recurring_7_10_13_16_19_Jobs Started
2025-06-03T16:00:00.015Z [INFO]: Quotation Expiry Check Job Started
2025-06-03T16:00:00.026Z [INFO]: Quotation Expiry Check Job Completed, Total Un-flagged Expired Quotations: 0, Updated: 0, Failed: 0
2025-06-03T16:00:00.026Z [INFO]: Recurring_7_10_13_16_19_Jobs CompletedQuotation Expiry Check: true: Quotation Expiry Check Job Completed, Total Un-flagged Expired Quotations: 0, Updated: 0, Failed: 0
