2025-06-15T21:00:00.038Z [INFO]: Recurring_6_12_18_0_Jobs Started
2025-06-15T21:00:00.043Z [INFO]: Quotations Followup Job Started
2025-06-15T21:00:00.060Z [INFO]: Daily Midnight Jobs Started
2025-06-15T21:00:00.060Z [INFO]: Delete Old Notifications (> 90 Days) Job Started
2025-06-15T21:00:00.063Z [INFO]: Delete Old Notifications (> 90 Days) Job Completed, Successful: 0 Old Notification Deleted
2025-06-15T21:00:00.063Z [INFO]: Daily Midnight Jobs CompletedDelete Old Notifications: true: Delete Old Notifications (> 90 Days) Job Completed, Successful: 0 Old Notification Deleted
2025-06-15T21:00:00.066Z [INFO]: Quotations Followup Job Completed, Create Quotations: First time => 0, Last time: 0 || Sent Quotations: First time => 0, Last time: 0 ||| 0 Successful
2025-06-15T21:00:00.066Z [INFO]: Recurring_6_12_18_0_Jobs CompletedQuotations Followup: true: Quotations Followup Job Completed, Create Quotations: First time => 0, Last time: 0 || Sent Quotations: First time => 0, Last time: 0 ||| 0 Successful
2025-06-16T00:15:24.759Z [INFO]: Scheduler instantiated!
2025-06-16T03:00:00.040Z [INFO]: Recurring_6_12_18_0_Jobs Started
2025-06-16T03:00:00.042Z [INFO]: Quotations Followup Job Started
2025-06-16T03:00:00.078Z [INFO]: Quotations Followup Job Completed, Create Quotations: First time => 0, Last time: 0 || Sent Quotations: First time => 0, Last time: 0 ||| 0 Successful
2025-06-16T03:00:00.079Z [INFO]: Recurring_6_12_18_0_Jobs CompletedQuotations Followup: true: Quotations Followup Job Completed, Create Quotations: First time => 0, Last time: 0 || Sent Quotations: First time => 0, Last time: 0 ||| 0 Successful
2025-06-16T04:00:00.019Z [INFO]: Recurring_7_10_13_16_19_Jobs Started
2025-06-16T04:00:00.019Z [INFO]: Quotation Expiry Check Job Started
2025-06-16T04:00:00.032Z [INFO]: Quotation Expiry Check Job Completed, Total Un-flagged Expired Quotations: 1, Updated: 1, Failed: 0
2025-06-16T04:00:00.033Z [INFO]: Recurring_7_10_13_16_19_Jobs CompletedQuotation Expiry Check: true: Quotation Expiry Check Job Completed, Total Un-flagged Expired Quotations: 1, Updated: 1, Failed: 0
2025-06-16T07:10:42.815Z [INFO]: Scheduler instantiated!
2025-06-16T07:43:50.221Z [ERROR]: Error - Wrong credentials: ne.nelson@edmartsystems.com Stack: Error: Wrong credentials: ne.nelson@edmartsystems.com
    at p (/home/edmartsy/public_html/oas.edmartsystems.com.default/.next/server/app/api/auth/[...nextauth]/route.js:1:4228)
    at async Object.authorize (/home/edmartsy/public_html/oas.edmartsystems.com.default/.next/server/app/api/auth/[...nextauth]/route.js:1:4677)
    at async Object.l (/home/edmartsy/public_html/oas.edmartsystems.com.default/.next/server/chunks/1332.js:30:4502)
    at async m (/home/edmartsy/public_html/oas.edmartsystems.com.default/.next/server/chunks/1332.js:6:128790)
    at async a (/home/edmartsy/public_html/oas.edmartsystems.com.default/.next/server/chunks/1332.js:30:19772)
    at async e.length.t (/home/edmartsy/public_html/oas.edmartsystems.com.default/.next/server/chunks/1332.js:30:21262)
    at async /home/edmartsy/public_html/oas.edmartsystems.com.default/node_modules/next/dist/compiled/next-server/app-route.runtime.prod.js:6:41960
2025-06-16T07:43:50.223Z [ERROR]: Error in authorization: Error - Wrong credentials: ne.nelson@edmartsystems.com Stack: Error: Wrong credentials: ne.nelson@edmartsystems.com
    at p (/home/edmartsy/public_html/oas.edmartsystems.com.default/.next/server/app/api/auth/[...nextauth]/route.js:1:4228)
    at async Object.authorize (/home/edmartsy/public_html/oas.edmartsystems.com.default/.next/server/app/api/auth/[...nextauth]/route.js:1:4677)
    at async Object.l (/home/edmartsy/public_html/oas.edmartsystems.com.default/.next/server/chunks/1332.js:30:4502)
    at async m (/home/edmartsy/public_html/oas.edmartsystems.com.default/.next/server/chunks/1332.js:6:128790)
    at async a (/home/edmartsy/public_html/oas.edmartsystems.com.default/.next/server/chunks/1332.js:30:19772)
    at async e.length.t (/home/edmartsy/public_html/oas.edmartsystems.com.default/.next/server/chunks/1332.js:30:21262)
    at async /home/edmartsy/public_html/oas.edmartsystems.com.default/node_modules/next/dist/compiled/next-server/app-route.runtime.prod.js:6:41960
2025-06-16T08:56:09.909Z [ERROR]: PrismaClientKnownRequestError - 
Invalid `prisma.quotation_draft.delete()` invocation:


An operation failed because it depends on one or more records that were required but not found. Record to delete does not exist. Stack: PrismaClientKnownRequestError: 
Invalid `prisma.quotation_draft.delete()` invocation:


An operation failed because it depends on one or more records that were required but not found. Record to delete does not exist.
    at $n.handleRequestError (/home/edmartsy/public_html/oas.edmartsystems.com.default/node_modules/@prisma/client/runtime/library.js:121:7315)
    at $n.handleAndLogRequestError (/home/edmartsy/public_html/oas.edmartsystems.com.default/node_modules/@prisma/client/runtime/library.js:121:6623)
    at $n.request (/home/edmartsy/public_html/oas.edmartsystems.com.default/node_modules/@prisma/client/runtime/library.js:121:6307)
    at async l (/home/edmartsy/public_html/oas.edmartsystems.com.default/node_modules/@prisma/client/runtime/library.js:130:9633)
    at async d.deleteQuotationDraft (/home/edmartsy/public_html/oas.edmartsystems.com.default/.next/server/chunks/6170.js:101:10742)
    at async Q.deleteQuotationDraft (/home/edmartsy/public_html/oas.edmartsystems.com.default/.next/server/chunks/6170.js:101:29718)
    at async g (/home/edmartsy/public_html/oas.edmartsystems.com.default/.next/server/app/api/quotations/drafts/[draft_id]/route.js:1:2205)
    at async /home/edmartsy/public_html/oas.edmartsystems.com.default/node_modules/next/dist/compiled/next-server/app-route.runtime.prod.js:6:41960
2025-06-16T08:56:09.910Z [ERROR]: PrismaClientKnownRequestError - 
Invalid `prisma.quotation_draft.delete()` invocation:


An operation failed because it depends on one or more records that were required but not found. Record to delete does not exist. Stack: PrismaClientKnownRequestError: 
Invalid `prisma.quotation_draft.delete()` invocation:


An operation failed because it depends on one or more records that were required but not found. Record to delete does not exist.
    at $n.handleRequestError (/home/edmartsy/public_html/oas.edmartsystems.com.default/node_modules/@prisma/client/runtime/library.js:121:7315)
    at $n.handleAndLogRequestError (/home/edmartsy/public_html/oas.edmartsystems.com.default/node_modules/@prisma/client/runtime/library.js:121:6623)
    at $n.request (/home/edmartsy/public_html/oas.edmartsystems.com.default/node_modules/@prisma/client/runtime/library.js:121:6307)
    at async l (/home/edmartsy/public_html/oas.edmartsystems.com.default/node_modules/@prisma/client/runtime/library.js:130:9633)
    at async d.deleteQuotationDraft (/home/edmartsy/public_html/oas.edmartsystems.com.default/.next/server/chunks/6170.js:101:10742)
    at async Q.deleteQuotationDraft (/home/edmartsy/public_html/oas.edmartsystems.com.default/.next/server/chunks/6170.js:101:29718)
    at async g (/home/edmartsy/public_html/oas.edmartsystems.com.default/.next/server/app/api/quotations/drafts/[draft_id]/route.js:1:2205)
    at async /home/edmartsy/public_html/oas.edmartsystems.com.default/node_modules/next/dist/compiled/next-server/app-route.runtime.prod.js:6:41960
2025-06-16T08:56:09.911Z [ERROR]: PrismaClientKnownRequestError - 
Invalid `prisma.quotation_draft.delete()` invocation:


An operation failed because it depends on one or more records that were required but not found. Record to delete does not exist. Stack: PrismaClientKnownRequestError: 
Invalid `prisma.quotation_draft.delete()` invocation:


An operation failed because it depends on one or more records that were required but not found. Record to delete does not exist.
    at $n.handleRequestError (/home/edmartsy/public_html/oas.edmartsystems.com.default/node_modules/@prisma/client/runtime/library.js:121:7315)
    at $n.handleAndLogRequestError (/home/edmartsy/public_html/oas.edmartsystems.com.default/node_modules/@prisma/client/runtime/library.js:121:6623)
    at $n.request (/home/edmartsy/public_html/oas.edmartsystems.com.default/node_modules/@prisma/client/runtime/library.js:121:6307)
    at async l (/home/edmartsy/public_html/oas.edmartsystems.com.default/node_modules/@prisma/client/runtime/library.js:130:9633)
    at async d.deleteQuotationDraft (/home/edmartsy/public_html/oas.edmartsystems.com.default/.next/server/chunks/6170.js:101:10742)
    at async Q.deleteQuotationDraft (/home/edmartsy/public_html/oas.edmartsystems.com.default/.next/server/chunks/6170.js:101:29718)
    at async g (/home/edmartsy/public_html/oas.edmartsystems.com.default/.next/server/app/api/quotations/drafts/[draft_id]/route.js:1:2205)
    at async /home/edmartsy/public_html/oas.edmartsystems.com.default/node_modules/next/dist/compiled/next-server/app-route.runtime.prod.js:6:41960
2025-06-16T09:00:00.018Z [INFO]: Recurring_6_12_18_0_Jobs Started
2025-06-16T09:00:00.019Z [INFO]: Quotations Followup Job Started
2025-06-16T09:00:00.028Z [INFO]: Quotations Followup Job Completed, Create Quotations: First time => 0, Last time: 0 || Sent Quotations: First time => 0, Last time: 0 ||| 0 Successful
2025-06-16T09:00:00.028Z [INFO]: Recurring_6_12_18_0_Jobs CompletedQuotations Followup: true: Quotations Followup Job Completed, Create Quotations: First time => 0, Last time: 0 || Sent Quotations: First time => 0, Last time: 0 ||| 0 Successful
2025-06-16T10:00:00.028Z [INFO]: Recurring_7_10_13_16_19_Jobs Started
2025-06-16T10:00:00.028Z [INFO]: Quotation Expiry Check Job Started
2025-06-16T10:00:00.037Z [INFO]: Quotation Expiry Check Job Completed, Total Un-flagged Expired Quotations: 0, Updated: 0, Failed: 0
2025-06-16T10:00:00.038Z [INFO]: Recurring_7_10_13_16_19_Jobs CompletedQuotation Expiry Check: true: Quotation Expiry Check Job Completed, Total Un-flagged Expired Quotations: 0, Updated: 0, Failed: 0
2025-06-16T13:00:00.056Z [INFO]: Recurring_7_10_13_16_19_Jobs Started
2025-06-16T13:00:00.057Z [INFO]: Quotation Expiry Check Job Started
2025-06-16T13:00:00.066Z [INFO]: Quotation Expiry Check Job Completed, Total Un-flagged Expired Quotations: 0, Updated: 0, Failed: 0
2025-06-16T13:00:00.066Z [INFO]: Recurring_7_10_13_16_19_Jobs CompletedQuotation Expiry Check: true: Quotation Expiry Check Job Completed, Total Un-flagged Expired Quotations: 0, Updated: 0, Failed: 0
2025-06-16T15:00:00.046Z [INFO]: Recurring_6_12_18_0_Jobs Started
2025-06-16T15:00:00.046Z [INFO]: Quotations Followup Job Started
2025-06-16T15:00:00.059Z [INFO]: Quotations Followup Job Completed, Create Quotations: First time => 0, Last time: 0 || Sent Quotations: First time => 0, Last time: 0 ||| 0 Successful
2025-06-16T15:00:00.059Z [INFO]: Recurring_6_12_18_0_Jobs CompletedQuotations Followup: true: Quotations Followup Job Completed, Create Quotations: First time => 0, Last time: 0 || Sent Quotations: First time => 0, Last time: 0 ||| 0 Successful
2025-06-16T16:00:00.017Z [INFO]: Recurring_7_10_13_16_19_Jobs Started
2025-06-16T16:00:00.017Z [INFO]: Quotation Expiry Check Job Started
2025-06-16T16:00:00.025Z [INFO]: Quotation Expiry Check Job Completed, Total Un-flagged Expired Quotations: 2, Updated: 2, Failed: 0
2025-06-16T16:00:00.025Z [INFO]: Recurring_7_10_13_16_19_Jobs CompletedQuotation Expiry Check: true: Quotation Expiry Check Job Completed, Total Un-flagged Expired Quotations: 2, Updated: 2, Failed: 0
