2025-06-09T21:00:00.016Z [INFO]: Recurring_6_12_18_0_Jobs Started
2025-06-09T21:00:00.019Z [INFO]: Quotations Followup Job Started
2025-06-09T21:00:00.028Z [INFO]: Daily Midnight Jobs Started
2025-06-09T21:00:00.028Z [INFO]: Delete Old Notifications (> 90 Days) Job Started
2025-06-09T21:00:00.032Z [INFO]: Delete Old Notifications (> 90 Days) Job Completed, Successful: 0 Old Notification Deleted
2025-06-09T21:00:00.032Z [INFO]: Daily Midnight Jobs CompletedDelete Old Notifications: true: Delete Old Notifications (> 90 Days) Job Completed, Successful: 0 Old Notification Deleted
2025-06-09T21:00:00.033Z [INFO]: Quotations Followup Job Completed, Create Quotations: First time => 0, Last time: 0 || Sent Quotations: First time => 0, Last time: 0 ||| 0 Successful
2025-06-09T21:00:00.033Z [INFO]: Recurring_6_12_18_0_Jobs CompletedQuotations Followup: true: Quotations Followup Job Completed, Create Quotations: First time => 0, Last time: 0 || Sent Quotations: First time => 0, Last time: 0 ||| 0 Successful
2025-06-10T03:00:00.013Z [INFO]: Recurring_6_12_18_0_Jobs Started
2025-06-10T03:00:00.014Z [INFO]: Quotations Followup Job Started
2025-06-10T03:00:00.029Z [INFO]: Quotations Followup Job Completed, Create Quotations: First time => 0, Last time: 0 || Sent Quotations: First time => 0, Last time: 0 ||| 0 Successful
2025-06-10T03:00:00.029Z [INFO]: Recurring_6_12_18_0_Jobs CompletedQuotations Followup: true: Quotations Followup Job Completed, Create Quotations: First time => 0, Last time: 0 || Sent Quotations: First time => 0, Last time: 0 ||| 0 Successful
2025-06-10T04:00:00.026Z [INFO]: Recurring_7_10_13_16_19_Jobs Started
2025-06-10T04:00:00.026Z [INFO]: Quotation Expiry Check Job Started
2025-06-10T04:00:00.035Z [INFO]: Quotation Expiry Check Job Completed, Total Un-flagged Expired Quotations: 0, Updated: 0, Failed: 0
2025-06-10T04:00:00.035Z [INFO]: Recurring_7_10_13_16_19_Jobs CompletedQuotation Expiry Check: true: Quotation Expiry Check Job Completed, Total Un-flagged Expired Quotations: 0, Updated: 0, Failed: 0
2025-06-10T07:00:00.017Z [INFO]: Recurring_7_10_13_16_19_Jobs Started
2025-06-10T07:00:00.017Z [INFO]: Quotation Expiry Check Job Started
2025-06-10T07:00:00.026Z [INFO]: Quotation Expiry Check Job Completed, Total Un-flagged Expired Quotations: 0, Updated: 0, Failed: 0
2025-06-10T07:00:00.026Z [INFO]: Recurring_7_10_13_16_19_Jobs CompletedQuotation Expiry Check: true: Quotation Expiry Check Job Completed, Total Un-flagged Expired Quotations: 0, Updated: 0, Failed: 0
2025-06-10T09:00:00.013Z [INFO]: Recurring_6_12_18_0_Jobs Started
2025-06-10T09:00:00.015Z [INFO]: Quotations Followup Job Started
2025-06-10T09:00:00.035Z [INFO]: Quotations Followup Job Completed, Create Quotations: First time => 0, Last time: 0 || Sent Quotations: First time => 0, Last time: 0 ||| 0 Successful
2025-06-10T09:00:00.035Z [INFO]: Recurring_6_12_18_0_Jobs CompletedQuotations Followup: true: Quotations Followup Job Completed, Create Quotations: First time => 0, Last time: 0 || Sent Quotations: First time => 0, Last time: 0 ||| 0 Successful
2025-06-10T10:00:00.036Z [INFO]: Recurring_7_10_13_16_19_Jobs Started
2025-06-10T10:00:00.036Z [INFO]: Quotation Expiry Check Job Started
2025-06-10T10:00:00.046Z [INFO]: Quotation Expiry Check Job Completed, Total Un-flagged Expired Quotations: 0, Updated: 0, Failed: 0
2025-06-10T10:00:00.046Z [INFO]: Recurring_7_10_13_16_19_Jobs CompletedQuotation Expiry Check: true: Quotation Expiry Check Job Completed, Total Un-flagged Expired Quotations: 0, Updated: 0, Failed: 0
2025-06-10T13:00:00.031Z [INFO]: Recurring_7_10_13_16_19_Jobs Started
2025-06-10T13:00:00.031Z [INFO]: Quotation Expiry Check Job Started
2025-06-10T13:00:00.045Z [INFO]: Quotation Expiry Check Job Completed, Total Un-flagged Expired Quotations: 0, Updated: 0, Failed: 0
2025-06-10T13:00:00.045Z [INFO]: Recurring_7_10_13_16_19_Jobs CompletedQuotation Expiry Check: true: Quotation Expiry Check Job Completed, Total Un-flagged Expired Quotations: 0, Updated: 0, Failed: 0
2025-06-10T15:00:00.025Z [INFO]: Recurring_6_12_18_0_Jobs Started
2025-06-10T15:00:00.026Z [INFO]: Quotations Followup Job Started
2025-06-10T15:00:00.051Z [INFO]: Quotations Followup Job Completed, Create Quotations: First time => 0, Last time: 0 || Sent Quotations: First time => 0, Last time: 0 ||| 0 Successful
2025-06-10T15:00:00.051Z [INFO]: Recurring_6_12_18_0_Jobs CompletedQuotations Followup: true: Quotations Followup Job Completed, Create Quotations: First time => 0, Last time: 0 || Sent Quotations: First time => 0, Last time: 0 ||| 0 Successful
2025-06-10T16:00:00.022Z [INFO]: Recurring_7_10_13_16_19_Jobs Started
2025-06-10T16:00:00.023Z [INFO]: Quotation Expiry Check Job Started
2025-06-10T16:00:00.038Z [INFO]: Quotation Expiry Check Job Completed, Total Un-flagged Expired Quotations: 0, Updated: 0, Failed: 0
2025-06-10T16:00:00.038Z [INFO]: Recurring_7_10_13_16_19_Jobs CompletedQuotation Expiry Check: true: Quotation Expiry Check Job Completed, Total Un-flagged Expired Quotations: 0, Updated: 0, Failed: 0
