2025-06-19T21:00:00.026Z [INFO]: Recurring_6_12_18_0_Jobs Started
2025-06-19T21:00:00.031Z [INFO]: Quotations Followup Job Started
2025-06-19T21:00:00.051Z [INFO]: Daily Midnight Jobs Started
2025-06-19T21:00:00.051Z [INFO]: Delete Old Notifications (> 90 Days) Job Started
2025-06-19T21:00:00.053Z [INFO]: Delete Old Notifications (> 90 Days) Job Completed, Successful: 0 Old Notification Deleted
2025-06-19T21:00:00.053Z [INFO]: Daily Midnight Jobs CompletedDelete Old Notifications: true: Delete Old Notifications (> 90 Days) Job Completed, Successful: 0 Old Notification Deleted
2025-06-19T21:00:00.057Z [INFO]: Quotations Followup Job Completed, Create Quotations: First time => 0, Last time: 0 || Sent Quotations: First time => 0, Last time: 0 ||| 0 Successful
2025-06-19T21:00:00.057Z [INFO]: Recurring_6_12_18_0_Jobs CompletedQuotations Followup: true: Quotations Followup Job Completed, Create Quotations: First time => 0, Last time: 0 || Sent Quotations: First time => 0, Last time: 0 ||| 0 Successful
2025-06-20T03:00:00.024Z [INFO]: Recurring_6_12_18_0_Jobs Started
2025-06-20T03:00:00.025Z [INFO]: Quotations Followup Job Started
2025-06-20T03:00:00.042Z [INFO]: Quotations Followup Job Completed, Create Quotations: First time => 0, Last time: 0 || Sent Quotations: First time => 0, Last time: 0 ||| 0 Successful
2025-06-20T03:00:00.042Z [INFO]: Recurring_6_12_18_0_Jobs CompletedQuotations Followup: true: Quotations Followup Job Completed, Create Quotations: First time => 0, Last time: 0 || Sent Quotations: First time => 0, Last time: 0 ||| 0 Successful
2025-06-20T04:00:00.014Z [INFO]: Recurring_7_10_13_16_19_Jobs Started
2025-06-20T04:00:00.014Z [INFO]: Quotation Expiry Check Job Started
2025-06-20T04:00:00.023Z [INFO]: Quotation Expiry Check Job Completed, Total Un-flagged Expired Quotations: 0, Updated: 0, Failed: 0
2025-06-20T04:00:00.023Z [INFO]: Recurring_7_10_13_16_19_Jobs CompletedQuotation Expiry Check: true: Quotation Expiry Check Job Completed, Total Un-flagged Expired Quotations: 0, Updated: 0, Failed: 0
2025-06-20T05:42:35.093Z [INFO]: Scheduler instantiated!
2025-06-20T07:00:00.035Z [INFO]: Recurring_7_10_13_16_19_Jobs Started
2025-06-20T07:00:00.036Z [INFO]: Quotation Expiry Check Job Started
2025-06-20T07:00:00.047Z [INFO]: Quotation Expiry Check Job Completed, Total Un-flagged Expired Quotations: 1, Updated: 1, Failed: 0
2025-06-20T07:00:00.048Z [INFO]: Recurring_7_10_13_16_19_Jobs CompletedQuotation Expiry Check: true: Quotation Expiry Check Job Completed, Total Un-flagged Expired Quotations: 1, Updated: 1, Failed: 0
2025-06-20T09:00:00.028Z [INFO]: Recurring_6_12_18_0_Jobs Started
2025-06-20T09:00:00.028Z [INFO]: Quotations Followup Job Started
2025-06-20T09:00:00.044Z [INFO]: Quotations Followup Job Completed, Create Quotations: First time => 0, Last time: 0 || Sent Quotations: First time => 0, Last time: 0 ||| 0 Successful
2025-06-20T09:00:00.045Z [INFO]: Recurring_6_12_18_0_Jobs CompletedQuotations Followup: true: Quotations Followup Job Completed, Create Quotations: First time => 0, Last time: 0 || Sent Quotations: First time => 0, Last time: 0 ||| 0 Successful
2025-06-20T10:00:00.026Z [INFO]: Recurring_7_10_13_16_19_Jobs Started
2025-06-20T10:00:00.026Z [INFO]: Quotation Expiry Check Job Started
2025-06-20T10:00:00.039Z [INFO]: Quotation Expiry Check Job Completed, Total Un-flagged Expired Quotations: 1, Updated: 1, Failed: 0
2025-06-20T10:00:00.039Z [INFO]: Recurring_7_10_13_16_19_Jobs CompletedQuotation Expiry Check: true: Quotation Expiry Check Job Completed, Total Un-flagged Expired Quotations: 1, Updated: 1, Failed: 0
2025-06-20T13:00:00.013Z [INFO]: Recurring_7_10_13_16_19_Jobs Started
2025-06-20T13:00:00.014Z [INFO]: Quotation Expiry Check Job Started
2025-06-20T13:00:00.025Z [INFO]: Quotation Expiry Check Job Completed, Total Un-flagged Expired Quotations: 0, Updated: 0, Failed: 0
2025-06-20T13:00:00.026Z [INFO]: Recurring_7_10_13_16_19_Jobs CompletedQuotation Expiry Check: true: Quotation Expiry Check Job Completed, Total Un-flagged Expired Quotations: 0, Updated: 0, Failed: 0
2025-06-20T15:00:00.041Z [INFO]: Recurring_6_12_18_0_Jobs Started
2025-06-20T15:00:00.041Z [INFO]: Quotations Followup Job Started
2025-06-20T15:00:00.065Z [INFO]: Quotations Followup Job Completed, Create Quotations: First time => 0, Last time: 0 || Sent Quotations: First time => 0, Last time: 0 ||| 0 Successful
2025-06-20T15:00:00.065Z [INFO]: Recurring_6_12_18_0_Jobs CompletedQuotations Followup: true: Quotations Followup Job Completed, Create Quotations: First time => 0, Last time: 0 || Sent Quotations: First time => 0, Last time: 0 ||| 0 Successful
2025-06-20T16:00:00.038Z [INFO]: Recurring_7_10_13_16_19_Jobs Started
2025-06-20T16:00:00.038Z [INFO]: Quotation Expiry Check Job Started
2025-06-20T16:00:00.047Z [INFO]: Quotation Expiry Check Job Completed, Total Un-flagged Expired Quotations: 0, Updated: 0, Failed: 0
2025-06-20T16:00:00.047Z [INFO]: Recurring_7_10_13_16_19_Jobs CompletedQuotation Expiry Check: true: Quotation Expiry Check Job Completed, Total Un-flagged Expired Quotations: 0, Updated: 0, Failed: 0
