2025-06-22T21:00:00.031Z [INFO]: Recurring_6_12_18_0_Jobs Started
2025-06-22T21:00:00.035Z [INFO]: Quotations Followup Job Started
2025-06-22T21:00:00.051Z [INFO]: Daily Midnight Jobs Started
2025-06-22T21:00:00.051Z [INFO]: Delete Old Notifications (> 90 Days) Job Started
2025-06-22T21:00:00.054Z [INFO]: Delete Old Notifications (> 90 Days) Job Completed, Successful: 0 Old Notification Deleted
2025-06-22T21:00:00.054Z [INFO]: Daily Midnight Jobs CompletedDelete Old Notifications: true: Delete Old Notifications (> 90 Days) Job Completed, Successful: 0 Old Notification Deleted
2025-06-22T21:00:00.058Z [INFO]: Quotations Followup Job Completed, Create Quotations: First time => 0, Last time: 0 || Sent Quotations: First time => 0, Last time: 0 ||| 0 Successful
2025-06-22T21:00:00.058Z [INFO]: Recurring_6_12_18_0_Jobs CompletedQuotations Followup: true: Quotations Followup Job Completed, Create Quotations: First time => 0, Last time: 0 || Sent Quotations: First time => 0, Last time: 0 ||| 0 Successful
2025-06-23T03:00:00.015Z [INFO]: Recurring_6_12_18_0_Jobs Started
2025-06-23T03:00:00.015Z [INFO]: Quotations Followup Job Started
2025-06-23T03:00:00.031Z [INFO]: Quotations Followup Job Completed, Create Quotations: First time => 0, Last time: 0 || Sent Quotations: First time => 0, Last time: 0 ||| 0 Successful
2025-06-23T03:00:00.031Z [INFO]: Recurring_6_12_18_0_Jobs CompletedQuotations Followup: true: Quotations Followup Job Completed, Create Quotations: First time => 0, Last time: 0 || Sent Quotations: First time => 0, Last time: 0 ||| 0 Successful
2025-06-23T04:00:00.037Z [INFO]: Recurring_7_10_13_16_19_Jobs Started
2025-06-23T04:00:00.037Z [INFO]: Quotation Expiry Check Job Started
2025-06-23T04:00:00.046Z [INFO]: Quotation Expiry Check Job Completed, Total Un-flagged Expired Quotations: 0, Updated: 0, Failed: 0
2025-06-23T04:00:00.046Z [INFO]: Recurring_7_10_13_16_19_Jobs CompletedQuotation Expiry Check: true: Quotation Expiry Check Job Completed, Total Un-flagged Expired Quotations: 0, Updated: 0, Failed: 0
2025-06-23T07:00:00.032Z [INFO]: Recurring_7_10_13_16_19_Jobs Started
2025-06-23T07:00:00.032Z [INFO]: Quotation Expiry Check Job Started
2025-06-23T07:00:00.054Z [INFO]: Quotation Expiry Check Job Completed, Total Un-flagged Expired Quotations: 0, Updated: 0, Failed: 0
2025-06-23T07:00:00.054Z [INFO]: Recurring_7_10_13_16_19_Jobs CompletedQuotation Expiry Check: true: Quotation Expiry Check Job Completed, Total Un-flagged Expired Quotations: 0, Updated: 0, Failed: 0
2025-06-23T09:00:00.025Z [INFO]: Recurring_6_12_18_0_Jobs Started
2025-06-23T09:00:00.025Z [INFO]: Quotations Followup Job Started
2025-06-23T09:00:00.042Z [INFO]: Quotations Followup Job Completed, Create Quotations: First time => 0, Last time: 0 || Sent Quotations: First time => 0, Last time: 0 ||| 0 Successful
2025-06-23T09:00:00.043Z [INFO]: Recurring_6_12_18_0_Jobs CompletedQuotations Followup: true: Quotations Followup Job Completed, Create Quotations: First time => 0, Last time: 0 || Sent Quotations: First time => 0, Last time: 0 ||| 0 Successful
2025-06-23T10:00:00.027Z [INFO]: Recurring_7_10_13_16_19_Jobs Started
2025-06-23T10:00:00.027Z [INFO]: Quotation Expiry Check Job Started
2025-06-23T10:00:00.038Z [INFO]: Quotation Expiry Check Job Completed, Total Un-flagged Expired Quotations: 0, Updated: 0, Failed: 0
2025-06-23T10:00:00.038Z [INFO]: Recurring_7_10_13_16_19_Jobs CompletedQuotation Expiry Check: true: Quotation Expiry Check Job Completed, Total Un-flagged Expired Quotations: 0, Updated: 0, Failed: 0
2025-06-23T10:48:18.071Z [INFO]: Scheduler instantiated!
2025-06-23T13:00:00.022Z [INFO]: Recurring_7_10_13_16_19_Jobs Started
2025-06-23T13:00:00.025Z [INFO]: Quotation Expiry Check Job Started
2025-06-23T13:00:00.060Z [INFO]: Quotation Expiry Check Job Completed, Total Un-flagged Expired Quotations: 0, Updated: 0, Failed: 0
2025-06-23T13:00:00.061Z [INFO]: Recurring_7_10_13_16_19_Jobs CompletedQuotation Expiry Check: true: Quotation Expiry Check Job Completed, Total Un-flagged Expired Quotations: 0, Updated: 0, Failed: 0
2025-06-23T15:00:00.049Z [INFO]: Recurring_6_12_18_0_Jobs Started
2025-06-23T15:00:00.050Z [INFO]: Quotations Followup Job Started
2025-06-23T15:00:00.063Z [INFO]: Quotations Followup Job Completed, Create Quotations: First time => 0, Last time: 0 || Sent Quotations: First time => 0, Last time: 0 ||| 0 Successful
2025-06-23T15:00:00.064Z [INFO]: Recurring_6_12_18_0_Jobs CompletedQuotations Followup: true: Quotations Followup Job Completed, Create Quotations: First time => 0, Last time: 0 || Sent Quotations: First time => 0, Last time: 0 ||| 0 Successful
2025-06-23T16:00:00.051Z [INFO]: Recurring_7_10_13_16_19_Jobs Started
2025-06-23T16:00:00.052Z [INFO]: Quotation Expiry Check Job Started
2025-06-23T16:00:00.063Z [INFO]: Quotation Expiry Check Job Completed, Total Un-flagged Expired Quotations: 0, Updated: 0, Failed: 0
2025-06-23T16:00:00.063Z [INFO]: Recurring_7_10_13_16_19_Jobs CompletedQuotation Expiry Check: true: Quotation Expiry Check Job Completed, Total Un-flagged Expired Quotations: 0, Updated: 0, Failed: 0
