2025-06-13T21:00:00.009Z [INFO]: Recurring_6_12_18_0_Jobs Started
2025-06-13T21:00:00.015Z [INFO]: Quotations Followup Job Started
2025-06-13T21:00:00.024Z [INFO]: Daily Midnight Jobs Started
2025-06-13T21:00:00.024Z [INFO]: Delete Old Notifications (> 90 Days) Job Started
2025-06-13T21:00:00.026Z [INFO]: Delete Old Notifications (> 90 Days) Job Completed, Successful: 0 Old Notification Deleted
2025-06-13T21:00:00.026Z [INFO]: Daily Midnight Jobs CompletedDelete Old Notifications: true: Delete Old Notifications (> 90 Days) Job Completed, Successful: 0 Old Notification Deleted
2025-06-13T21:00:00.030Z [INFO]: Quotations Followup Job Completed, Create Quotations: First time => 0, Last time: 0 || Sent Quotations: First time => 0, Last time: 0 ||| 0 Successful
2025-06-13T21:00:00.030Z [INFO]: Recurring_6_12_18_0_Jobs CompletedQuotations Followup: true: Quotations Followup Job Completed, Create Quotations: First time => 0, Last time: 0 || Sent Quotations: First time => 0, Last time: 0 ||| 0 Successful
2025-06-14T03:00:00.015Z [INFO]: Recurring_6_12_18_0_Jobs Started
2025-06-14T03:00:00.016Z [INFO]: Quotations Followup Job Started
2025-06-14T03:00:00.033Z [INFO]: Quotations Followup Job Completed, Create Quotations: First time => 0, Last time: 0 || Sent Quotations: First time => 0, Last time: 0 ||| 0 Successful
2025-06-14T03:00:00.033Z [INFO]: Recurring_6_12_18_0_Jobs CompletedQuotations Followup: true: Quotations Followup Job Completed, Create Quotations: First time => 0, Last time: 0 || Sent Quotations: First time => 0, Last time: 0 ||| 0 Successful
2025-06-14T04:00:00.015Z [INFO]: Recurring_7_10_13_16_19_Jobs Started
2025-06-14T04:00:00.015Z [INFO]: Quotation Expiry Check Job Started
2025-06-14T04:00:00.024Z [INFO]: Quotation Expiry Check Job Completed, Total Un-flagged Expired Quotations: 0, Updated: 0, Failed: 0
2025-06-14T04:00:00.025Z [INFO]: Recurring_7_10_13_16_19_Jobs CompletedQuotation Expiry Check: true: Quotation Expiry Check Job Completed, Total Un-flagged Expired Quotations: 0, Updated: 0, Failed: 0
2025-06-14T07:00:00.010Z [INFO]: Recurring_7_10_13_16_19_Jobs Started
2025-06-14T07:00:00.010Z [INFO]: Quotation Expiry Check Job Started
2025-06-14T07:00:00.019Z [INFO]: Quotation Expiry Check Job Completed, Total Un-flagged Expired Quotations: 0, Updated: 0, Failed: 0
2025-06-14T07:00:00.019Z [INFO]: Recurring_7_10_13_16_19_Jobs CompletedQuotation Expiry Check: true: Quotation Expiry Check Job Completed, Total Un-flagged Expired Quotations: 0, Updated: 0, Failed: 0
2025-06-14T09:00:00.029Z [INFO]: Recurring_6_12_18_0_Jobs Started
2025-06-14T09:00:00.029Z [INFO]: Quotations Followup Job Started
2025-06-14T09:00:00.044Z [INFO]: Quotations Followup Job Completed, Create Quotations: First time => 0, Last time: 0 || Sent Quotations: First time => 0, Last time: 0 ||| 0 Successful
2025-06-14T09:00:00.044Z [INFO]: Recurring_6_12_18_0_Jobs CompletedQuotations Followup: true: Quotations Followup Job Completed, Create Quotations: First time => 0, Last time: 0 || Sent Quotations: First time => 0, Last time: 0 ||| 0 Successful
2025-06-14T10:00:00.025Z [INFO]: Recurring_7_10_13_16_19_Jobs Started
2025-06-14T10:00:00.025Z [INFO]: Quotation Expiry Check Job Started
2025-06-14T10:00:00.033Z [INFO]: Quotation Expiry Check Job Completed, Total Un-flagged Expired Quotations: 0, Updated: 0, Failed: 0
2025-06-14T10:00:00.034Z [INFO]: Recurring_7_10_13_16_19_Jobs CompletedQuotation Expiry Check: true: Quotation Expiry Check Job Completed, Total Un-flagged Expired Quotations: 0, Updated: 0, Failed: 0
2025-06-14T13:00:00.014Z [INFO]: Recurring_7_10_13_16_19_Jobs Started
2025-06-14T13:00:00.014Z [INFO]: Quotation Expiry Check Job Started
2025-06-14T13:00:00.024Z [INFO]: Quotation Expiry Check Job Completed, Total Un-flagged Expired Quotations: 2, Updated: 2, Failed: 0
2025-06-14T13:00:00.024Z [INFO]: Recurring_7_10_13_16_19_Jobs CompletedQuotation Expiry Check: true: Quotation Expiry Check Job Completed, Total Un-flagged Expired Quotations: 2, Updated: 2, Failed: 0
2025-06-14T15:00:00.043Z [INFO]: Recurring_6_12_18_0_Jobs Started
2025-06-14T15:00:00.043Z [INFO]: Quotations Followup Job Started
2025-06-14T15:00:00.059Z [INFO]: Quotations Followup Job Completed, Create Quotations: First time => 0, Last time: 0 || Sent Quotations: First time => 0, Last time: 0 ||| 0 Successful
2025-06-14T15:00:00.059Z [INFO]: Recurring_6_12_18_0_Jobs CompletedQuotations Followup: true: Quotations Followup Job Completed, Create Quotations: First time => 0, Last time: 0 || Sent Quotations: First time => 0, Last time: 0 ||| 0 Successful
2025-06-14T16:00:00.045Z [INFO]: Recurring_7_10_13_16_19_Jobs Started
2025-06-14T16:00:00.045Z [INFO]: Quotation Expiry Check Job Started
2025-06-14T16:00:00.055Z [INFO]: Quotation Expiry Check Job Completed, Total Un-flagged Expired Quotations: 0, Updated: 0, Failed: 0
2025-06-14T16:00:00.055Z [INFO]: Recurring_7_10_13_16_19_Jobs CompletedQuotation Expiry Check: true: Quotation Expiry Check Job Completed, Total Un-flagged Expired Quotations: 0, Updated: 0, Failed: 0
