2025-07-30T21:00:00.032Z [INFO]: Daily Midnight Jobs Started
2025-07-30T21:00:00.035Z [INFO]: Delete Old Notifications (> 90 Days) Job Started
2025-07-30T21:00:00.051Z [INFO]: Recurring_6_12_18_0_Jobs Started
2025-07-30T21:00:00.051Z [INFO]: Quotations Followup Job Started
2025-07-30T21:00:00.053Z [INFO]: Delete Old Notifications (> 90 Days) Job Completed, Successful: 0 Old Notification Deleted
2025-07-30T21:00:00.053Z [INFO]: Lock Old Tasks Job Started
2025-07-30T21:00:00.054Z [ERROR]: TypeError - Cannot read properties of undefined (reading 'updateMany') Stack: TypeError: Cannot read properties of undefined (reading 'updateMany')
    at n.lockExpiredTasks (/home/edmartsy/public_html/oas.edmartsystems.com.default/.next/server/chunks/8467.js:1:4655)
    at c.lockExpiredTasks (/home/edmartsy/public_html/oas.edmartsystems.com.default/.next/server/chunks/8467.js:1:11974)
    at v (/home/edmartsy/public_html/oas.edmartsystems.com.default/.next/server/app/api/services/scheduler/route.js:1:2920)
    at p.job (/home/edmartsy/public_html/oas.edmartsystems.com.default/.next/server/app/api/services/scheduler/route.js:1:4084)
2025-07-30T21:00:00.055Z [ERROR]: TypeError - Cannot read properties of undefined (reading 'updateMany') Stack: TypeError: Cannot read properties of undefined (reading 'updateMany')
    at n.lockExpiredTasks (/home/edmartsy/public_html/oas.edmartsystems.com.default/.next/server/chunks/8467.js:1:4655)
    at c.lockExpiredTasks (/home/edmartsy/public_html/oas.edmartsystems.com.default/.next/server/chunks/8467.js:1:11974)
    at v (/home/edmartsy/public_html/oas.edmartsystems.com.default/.next/server/app/api/services/scheduler/route.js:1:2920)
    at p.job (/home/edmartsy/public_html/oas.edmartsystems.com.default/.next/server/app/api/services/scheduler/route.js:1:4084)
2025-07-30T21:00:00.055Z [INFO]: Lock Old Tasks Job Failed
2025-07-30T21:00:00.055Z [ERROR]: TypeError - Cannot read properties of undefined (reading 'updateMany') Stack: TypeError: Cannot read properties of undefined (reading 'updateMany')
    at n.lockExpiredTasks (/home/edmartsy/public_html/oas.edmartsystems.com.default/.next/server/chunks/8467.js:1:4655)
    at c.lockExpiredTasks (/home/edmartsy/public_html/oas.edmartsystems.com.default/.next/server/chunks/8467.js:1:11974)
    at v (/home/edmartsy/public_html/oas.edmartsystems.com.default/.next/server/app/api/services/scheduler/route.js:1:2920)
    at p.job (/home/edmartsy/public_html/oas.edmartsystems.com.default/.next/server/app/api/services/scheduler/route.js:1:4084)
2025-07-30T21:00:00.055Z [INFO]: Daily Midnight Jobs CompletedDelete Old Notifications: true: Delete Old Notifications (> 90 Days) Job Completed, Successful: 0 Old Notification Deleted
Lock Old Tasks: Something went wrong
2025-07-30T21:00:00.065Z [INFO]: Quotations Followup Job Completed, Create Quotations: First time => 0, Last time: 0 || Sent Quotations: First time => 0, Last time: 0 ||| 0 Successful
2025-07-30T21:00:00.065Z [INFO]: Recurring_6_12_18_0_Jobs CompletedQuotations Followup: true: Quotations Followup Job Completed, Create Quotations: First time => 0, Last time: 0 || Sent Quotations: First time => 0, Last time: 0 ||| 0 Successful
2025-07-31T03:00:00.018Z [INFO]: Recurring_6_12_18_0_Jobs Started
2025-07-31T03:00:00.018Z [INFO]: Quotations Followup Job Started
2025-07-31T03:00:00.039Z [INFO]: Quotations Followup Job Completed, Create Quotations: First time => 0, Last time: 0 || Sent Quotations: First time => 0, Last time: 0 ||| 0 Successful
2025-07-31T03:00:00.039Z [INFO]: Recurring_6_12_18_0_Jobs CompletedQuotations Followup: true: Quotations Followup Job Completed, Create Quotations: First time => 0, Last time: 0 || Sent Quotations: First time => 0, Last time: 0 ||| 0 Successful
2025-07-31T04:00:00.041Z [INFO]: Recurring_7_10_13_16_19_Jobs Started
2025-07-31T04:00:00.041Z [INFO]: Quotation Expiry Check Job Started
2025-07-31T04:00:00.053Z [INFO]: Quotation Expiry Check Job Completed, Total Un-flagged Expired Quotations: 1, Updated: 1, Failed: 0
2025-07-31T04:00:00.053Z [INFO]: Recurring_7_10_13_16_19_Jobs CompletedQuotation Expiry Check: true: Quotation Expiry Check Job Completed, Total Un-flagged Expired Quotations: 1, Updated: 1, Failed: 0
2025-07-31T07:00:00.031Z [INFO]: Recurring_7_10_13_16_19_Jobs Started
2025-07-31T07:00:00.031Z [INFO]: Quotation Expiry Check Job Started
2025-07-31T07:00:00.048Z [INFO]: Quotation Expiry Check Job Completed, Total Un-flagged Expired Quotations: 1, Updated: 1, Failed: 0
2025-07-31T07:00:00.049Z [INFO]: Recurring_7_10_13_16_19_Jobs CompletedQuotation Expiry Check: true: Quotation Expiry Check Job Completed, Total Un-flagged Expired Quotations: 1, Updated: 1, Failed: 0
2025-07-31T09:00:00.037Z [INFO]: Recurring_6_12_18_0_Jobs Started
2025-07-31T09:00:00.040Z [INFO]: Quotations Followup Job Started
2025-07-31T09:00:00.061Z [INFO]: Quotations Followup Job Completed, Create Quotations: First time => 0, Last time: 0 || Sent Quotations: First time => 0, Last time: 0 ||| 0 Successful
2025-07-31T09:00:00.062Z [INFO]: Recurring_6_12_18_0_Jobs CompletedQuotations Followup: true: Quotations Followup Job Completed, Create Quotations: First time => 0, Last time: 0 || Sent Quotations: First time => 0, Last time: 0 ||| 0 Successful
2025-07-31T10:00:00.020Z [INFO]: Recurring_7_10_13_16_19_Jobs Started
2025-07-31T10:00:00.020Z [INFO]: Quotation Expiry Check Job Started
2025-07-31T10:00:00.033Z [INFO]: Quotation Expiry Check Job Completed, Total Un-flagged Expired Quotations: 0, Updated: 0, Failed: 0
2025-07-31T10:00:00.033Z [INFO]: Recurring_7_10_13_16_19_Jobs CompletedQuotation Expiry Check: true: Quotation Expiry Check Job Completed, Total Un-flagged Expired Quotations: 0, Updated: 0, Failed: 0
2025-07-31T13:00:00.017Z [INFO]: Recurring_7_10_13_16_19_Jobs Started
2025-07-31T13:00:00.018Z [INFO]: Quotation Expiry Check Job Started
2025-07-31T13:00:00.029Z [INFO]: Quotation Expiry Check Job Completed, Total Un-flagged Expired Quotations: 1, Updated: 1, Failed: 0
2025-07-31T13:00:00.030Z [INFO]: Recurring_7_10_13_16_19_Jobs CompletedQuotation Expiry Check: true: Quotation Expiry Check Job Completed, Total Un-flagged Expired Quotations: 1, Updated: 1, Failed: 0
2025-07-31T15:21:57.327Z [INFO]: Scheduler instantiated!
2025-07-31T16:00:00.023Z [INFO]: Recurring_7_10_13_16_19_Jobs Started
2025-07-31T16:00:00.025Z [INFO]: Quotation Expiry Check Job Started
2025-07-31T16:00:00.059Z [INFO]: Quotation Expiry Check Job Completed, Total Un-flagged Expired Quotations: 0, Updated: 0, Failed: 0
2025-07-31T16:00:00.060Z [INFO]: Recurring_7_10_13_16_19_Jobs CompletedQuotation Expiry Check: true: Quotation Expiry Check Job Completed, Total Un-flagged Expired Quotations: 0, Updated: 0, Failed: 0
