2025-05-30T21:00:00.028Z [INFO]: Recurring_6_12_18_0_Jobs Started
2025-05-30T21:00:00.030Z [INFO]: Quotations Followup Job Started
2025-05-30T21:00:00.044Z [INFO]: Daily Midnight Jobs Started
2025-05-30T21:00:00.044Z [INFO]: Delete Old Notifications (> 90 Days) Job Started
2025-05-30T21:00:00.109Z [INFO]: Delete Old Notifications (> 90 Days) Job Completed, Successful: 0 Old Notification Deleted
2025-05-30T21:00:00.109Z [INFO]: Daily Midnight Jobs CompletedDelete Old Notifications: true: Delete Old Notifications (> 90 Days) Job Completed, Successful: 0 Old Notification Deleted
2025-05-30T21:00:00.113Z [INFO]: Quotations Followup Job Completed, Create Quotations: First time => 0, Last time: 0 || Sent Quotations: First time => 0, Last time: 0 ||| 0 Successful
2025-05-30T21:00:00.113Z [INFO]: Recurring_6_12_18_0_Jobs CompletedQuotations Followup: true: Quotations Followup Job Completed, Create Quotations: First time => 0, Last time: 0 || Sent Quotations: First time => 0, Last time: 0 ||| 0 Successful
2025-05-31T03:00:00.011Z [INFO]: Recurring_6_12_18_0_Jobs Started
2025-05-31T03:00:00.011Z [INFO]: Quotations Followup Job Started
2025-05-31T03:00:00.030Z [INFO]: Quotations Followup Job Completed, Create Quotations: First time => 0, Last time: 0 || Sent Quotations: First time => 0, Last time: 0 ||| 0 Successful
2025-05-31T03:00:00.030Z [INFO]: Recurring_6_12_18_0_Jobs CompletedQuotations Followup: true: Quotations Followup Job Completed, Create Quotations: First time => 0, Last time: 0 || Sent Quotations: First time => 0, Last time: 0 ||| 0 Successful
2025-05-31T04:00:00.049Z [INFO]: Recurring_7_10_13_16_19_Jobs Started
2025-05-31T04:00:00.050Z [INFO]: Quotation Expiry Check Job Started
2025-05-31T04:00:00.064Z [INFO]: Quotation Expiry Check Job Completed, Total Un-flagged Expired Quotations: 0, Updated: 0, Failed: 0
2025-05-31T04:00:00.064Z [INFO]: Recurring_7_10_13_16_19_Jobs CompletedQuotation Expiry Check: true: Quotation Expiry Check Job Completed, Total Un-flagged Expired Quotations: 0, Updated: 0, Failed: 0
2025-05-31T07:00:00.040Z [INFO]: Recurring_7_10_13_16_19_Jobs Started
2025-05-31T07:00:00.041Z [INFO]: Quotation Expiry Check Job Started
2025-05-31T07:00:00.058Z [INFO]: Quotation Expiry Check Job Completed, Total Un-flagged Expired Quotations: 0, Updated: 0, Failed: 0
2025-05-31T07:00:00.058Z [INFO]: Recurring_7_10_13_16_19_Jobs CompletedQuotation Expiry Check: true: Quotation Expiry Check Job Completed, Total Un-flagged Expired Quotations: 0, Updated: 0, Failed: 0
2025-05-31T09:00:00.029Z [INFO]: Recurring_6_12_18_0_Jobs Started
2025-05-31T09:00:00.030Z [INFO]: Quotations Followup Job Started
2025-05-31T09:00:00.049Z [INFO]: Quotations Followup Job Completed, Create Quotations: First time => 0, Last time: 0 || Sent Quotations: First time => 0, Last time: 0 ||| 0 Successful
2025-05-31T09:00:00.049Z [INFO]: Recurring_6_12_18_0_Jobs CompletedQuotations Followup: true: Quotations Followup Job Completed, Create Quotations: First time => 0, Last time: 0 || Sent Quotations: First time => 0, Last time: 0 ||| 0 Successful
2025-05-31T10:00:00.029Z [INFO]: Recurring_7_10_13_16_19_Jobs Started
2025-05-31T10:00:00.029Z [INFO]: Quotation Expiry Check Job Started
2025-05-31T10:00:00.044Z [INFO]: Quotation Expiry Check Job Completed, Total Un-flagged Expired Quotations: 0, Updated: 0, Failed: 0
2025-05-31T10:00:00.044Z [INFO]: Recurring_7_10_13_16_19_Jobs CompletedQuotation Expiry Check: true: Quotation Expiry Check Job Completed, Total Un-flagged Expired Quotations: 0, Updated: 0, Failed: 0
2025-05-31T13:00:00.052Z [INFO]: Recurring_7_10_13_16_19_Jobs Started
2025-05-31T13:00:00.052Z [INFO]: Quotation Expiry Check Job Started
2025-05-31T13:00:00.070Z [INFO]: Quotation Expiry Check Job Completed, Total Un-flagged Expired Quotations: 0, Updated: 0, Failed: 0
2025-05-31T13:00:00.070Z [INFO]: Recurring_7_10_13_16_19_Jobs CompletedQuotation Expiry Check: true: Quotation Expiry Check Job Completed, Total Un-flagged Expired Quotations: 0, Updated: 0, Failed: 0
2025-05-31T15:00:00.047Z [INFO]: Recurring_6_12_18_0_Jobs Started
2025-05-31T15:00:00.048Z [INFO]: Quotations Followup Job Started
2025-05-31T15:00:00.068Z [INFO]: Quotations Followup Job Completed, Create Quotations: First time => 0, Last time: 0 || Sent Quotations: First time => 0, Last time: 0 ||| 0 Successful
2025-05-31T15:00:00.069Z [INFO]: Recurring_6_12_18_0_Jobs CompletedQuotations Followup: true: Quotations Followup Job Completed, Create Quotations: First time => 0, Last time: 0 || Sent Quotations: First time => 0, Last time: 0 ||| 0 Successful
2025-05-31T16:00:00.043Z [INFO]: Recurring_7_10_13_16_19_Jobs Started
2025-05-31T16:00:00.044Z [INFO]: Quotation Expiry Check Job Started
2025-05-31T16:00:00.061Z [INFO]: Quotation Expiry Check Job Completed, Total Un-flagged Expired Quotations: 0, Updated: 0, Failed: 0
2025-05-31T16:00:00.061Z [INFO]: Recurring_7_10_13_16_19_Jobs CompletedQuotation Expiry Check: true: Quotation Expiry Check Job Completed, Total Un-flagged Expired Quotations: 0, Updated: 0, Failed: 0
