2025-08-10T21:00:00.027Z [INFO]: Daily Midnight Jobs Started
2025-08-10T21:00:00.031Z [INFO]: Delete Old Notifications (> 90 Days) Job Started
2025-08-10T21:00:00.048Z [INFO]: Recurring_6_12_18_0_Jobs Started
2025-08-10T21:00:00.048Z [INFO]: Quotations Followup Job Started
2025-08-10T21:00:00.050Z [INFO]: Delete Old Notifications (> 90 Days) Job Completed, Successful: 1 Old Notification Deleted
2025-08-10T21:00:00.050Z [INFO]: Lock Old Tasks Job Started
2025-08-10T21:00:00.051Z [ERROR]: TypeError - Cannot read properties of undefined (reading 'updateMany') Stack: TypeError: Cannot read properties of undefined (reading 'updateMany')
    at n.lockExpiredTasks (/home/edmartsy/public_html/oas.edmartsystems.com.default/.next/server/chunks/8467.js:1:4655)
    at c.lockExpiredTasks (/home/edmartsy/public_html/oas.edmartsystems.com.default/.next/server/chunks/8467.js:1:11974)
    at v (/home/edmartsy/public_html/oas.edmartsystems.com.default/.next/server/app/api/services/scheduler/route.js:1:2920)
    at p.job (/home/edmartsy/public_html/oas.edmartsystems.com.default/.next/server/app/api/services/scheduler/route.js:1:4084)
2025-08-10T21:00:00.051Z [ERROR]: TypeError - Cannot read properties of undefined (reading 'updateMany') Stack: TypeError: Cannot read properties of undefined (reading 'updateMany')
    at n.lockExpiredTasks (/home/edmartsy/public_html/oas.edmartsystems.com.default/.next/server/chunks/8467.js:1:4655)
    at c.lockExpiredTasks (/home/edmartsy/public_html/oas.edmartsystems.com.default/.next/server/chunks/8467.js:1:11974)
    at v (/home/edmartsy/public_html/oas.edmartsystems.com.default/.next/server/app/api/services/scheduler/route.js:1:2920)
    at p.job (/home/edmartsy/public_html/oas.edmartsystems.com.default/.next/server/app/api/services/scheduler/route.js:1:4084)
2025-08-10T21:00:00.052Z [INFO]: Lock Old Tasks Job Failed
2025-08-10T21:00:00.052Z [ERROR]: TypeError - Cannot read properties of undefined (reading 'updateMany') Stack: TypeError: Cannot read properties of undefined (reading 'updateMany')
    at n.lockExpiredTasks (/home/edmartsy/public_html/oas.edmartsystems.com.default/.next/server/chunks/8467.js:1:4655)
    at c.lockExpiredTasks (/home/edmartsy/public_html/oas.edmartsystems.com.default/.next/server/chunks/8467.js:1:11974)
    at v (/home/edmartsy/public_html/oas.edmartsystems.com.default/.next/server/app/api/services/scheduler/route.js:1:2920)
    at p.job (/home/edmartsy/public_html/oas.edmartsystems.com.default/.next/server/app/api/services/scheduler/route.js:1:4084)
2025-08-10T21:00:00.052Z [INFO]: Daily Midnight Jobs CompletedDelete Old Notifications: true: Delete Old Notifications (> 90 Days) Job Completed, Successful: 1 Old Notification Deleted
Lock Old Tasks: Something went wrong
2025-08-10T21:00:00.061Z [INFO]: Quotations Followup Job Completed, Create Quotations: First time => 0, Last time: 0 || Sent Quotations: First time => 0, Last time: 0 ||| 0 Successful
2025-08-10T21:00:00.062Z [INFO]: Recurring_6_12_18_0_Jobs CompletedQuotations Followup: true: Quotations Followup Job Completed, Create Quotations: First time => 0, Last time: 0 || Sent Quotations: First time => 0, Last time: 0 ||| 0 Successful
2025-08-11T03:00:00.018Z [INFO]: Recurring_6_12_18_0_Jobs Started
2025-08-11T03:00:00.019Z [INFO]: Quotations Followup Job Started
2025-08-11T03:00:00.039Z [INFO]: Quotations Followup Job Completed, Create Quotations: First time => 0, Last time: 0 || Sent Quotations: First time => 0, Last time: 0 ||| 0 Successful
2025-08-11T03:00:00.040Z [INFO]: Recurring_6_12_18_0_Jobs CompletedQuotations Followup: true: Quotations Followup Job Completed, Create Quotations: First time => 0, Last time: 0 || Sent Quotations: First time => 0, Last time: 0 ||| 0 Successful
2025-08-11T04:00:00.039Z [INFO]: Recurring_7_10_13_16_19_Jobs Started
2025-08-11T04:00:00.040Z [INFO]: Quotation Expiry Check Job Started
2025-08-11T04:00:00.050Z [INFO]: Quotation Expiry Check Job Completed, Total Un-flagged Expired Quotations: 0, Updated: 0, Failed: 0
2025-08-11T04:00:00.051Z [INFO]: Recurring_7_10_13_16_19_Jobs CompletedQuotation Expiry Check: true: Quotation Expiry Check Job Completed, Total Un-flagged Expired Quotations: 0, Updated: 0, Failed: 0
2025-08-11T07:00:00.031Z [INFO]: Recurring_7_10_13_16_19_Jobs Started
2025-08-11T07:00:00.033Z [INFO]: Quotation Expiry Check Job Started
2025-08-11T07:00:00.044Z [INFO]: Quotation Expiry Check Job Completed, Total Un-flagged Expired Quotations: 0, Updated: 0, Failed: 0
2025-08-11T07:00:00.044Z [INFO]: Recurring_7_10_13_16_19_Jobs CompletedQuotation Expiry Check: true: Quotation Expiry Check Job Completed, Total Un-flagged Expired Quotations: 0, Updated: 0, Failed: 0
2025-08-11T09:00:00.038Z [INFO]: Recurring_6_12_18_0_Jobs Started
2025-08-11T09:00:00.039Z [INFO]: Quotations Followup Job Started
2025-08-11T09:00:00.079Z [INFO]: Quotations Followup Job Completed, Create Quotations: First time => 0, Last time: 0 || Sent Quotations: First time => 0, Last time: 0 ||| 0 Successful
2025-08-11T09:00:00.079Z [INFO]: Recurring_6_12_18_0_Jobs CompletedQuotations Followup: true: Quotations Followup Job Completed, Create Quotations: First time => 0, Last time: 0 || Sent Quotations: First time => 0, Last time: 0 ||| 0 Successful
2025-08-11T10:00:00.021Z [INFO]: Recurring_7_10_13_16_19_Jobs Started
2025-08-11T10:00:00.022Z [INFO]: Quotation Expiry Check Job Started
2025-08-11T10:00:00.034Z [INFO]: Quotation Expiry Check Job Completed, Total Un-flagged Expired Quotations: 0, Updated: 0, Failed: 0
2025-08-11T10:00:00.034Z [INFO]: Recurring_7_10_13_16_19_Jobs CompletedQuotation Expiry Check: true: Quotation Expiry Check Job Completed, Total Un-flagged Expired Quotations: 0, Updated: 0, Failed: 0
2025-08-11T13:00:00.039Z [INFO]: Recurring_7_10_13_16_19_Jobs Started
2025-08-11T13:00:00.040Z [INFO]: Quotation Expiry Check Job Started
2025-08-11T13:00:00.057Z [INFO]: Quotation Expiry Check Job Completed, Total Un-flagged Expired Quotations: 0, Updated: 0, Failed: 0
2025-08-11T13:00:00.057Z [INFO]: Recurring_7_10_13_16_19_Jobs CompletedQuotation Expiry Check: true: Quotation Expiry Check Job Completed, Total Un-flagged Expired Quotations: 0, Updated: 0, Failed: 0
2025-08-11T15:17:36.676Z [INFO]: Scheduler instantiated!
2025-08-11T16:00:00.045Z [INFO]: Recurring_7_10_13_16_19_Jobs Started
2025-08-11T16:00:00.048Z [INFO]: Quotation Expiry Check Job Started
2025-08-11T16:00:00.082Z [INFO]: Quotation Expiry Check Job Completed, Total Un-flagged Expired Quotations: 0, Updated: 0, Failed: 0
2025-08-11T16:00:00.083Z [INFO]: Recurring_7_10_13_16_19_Jobs CompletedQuotation Expiry Check: true: Quotation Expiry Check Job Completed, Total Un-flagged Expired Quotations: 0, Updated: 0, Failed: 0
