2025-06-14T21:00:00.013Z [INFO]: Recurring_6_12_18_0_Jobs Started
2025-06-14T21:00:00.017Z [INFO]: Quotations Followup Job Started
2025-06-14T21:00:00.026Z [INFO]: Daily Midnight Jobs Started
2025-06-14T21:00:00.026Z [INFO]: Delete Old Notifications (> 90 Days) Job Started
2025-06-14T21:00:00.029Z [INFO]: Delete Old Notifications (> 90 Days) Job Completed, Successful: 0 Old Notification Deleted
2025-06-14T21:00:00.029Z [INFO]: Daily Midnight Jobs CompletedDelete Old Notifications: true: Delete Old Notifications (> 90 Days) Job Completed, Successful: 0 Old Notification Deleted
2025-06-14T21:00:00.031Z [INFO]: Quotations Followup Job Completed, Create Quotations: First time => 0, Last time: 0 || Sent Quotations: First time => 0, Last time: 0 ||| 0 Successful
2025-06-14T21:00:00.031Z [INFO]: Recurring_6_12_18_0_Jobs CompletedQuotations Followup: true: Quotations Followup Job Completed, Create Quotations: First time => 0, Last time: 0 || Sent Quotations: First time => 0, Last time: 0 ||| 0 Successful
2025-06-15T03:00:00.014Z [INFO]: Recurring_6_12_18_0_Jobs Started
2025-06-15T03:00:00.014Z [INFO]: Quotations Followup Job Started
2025-06-15T03:00:00.031Z [INFO]: Quotations Followup Job Completed, Create Quotations: First time => 0, Last time: 0 || Sent Quotations: First time => 0, Last time: 0 ||| 0 Successful
2025-06-15T03:00:00.031Z [INFO]: Recurring_6_12_18_0_Jobs CompletedQuotations Followup: true: Quotations Followup Job Completed, Create Quotations: First time => 0, Last time: 0 || Sent Quotations: First time => 0, Last time: 0 ||| 0 Successful
2025-06-15T04:00:00.021Z [INFO]: Recurring_7_10_13_16_19_Jobs Started
2025-06-15T04:00:00.022Z [INFO]: Quotation Expiry Check Job Started
2025-06-15T04:00:00.049Z [INFO]: Quotation Expiry Check Job Completed, Total Un-flagged Expired Quotations: 1, Updated: 2, Failed: 0
2025-06-15T04:00:00.049Z [INFO]: Recurring_7_10_13_16_19_Jobs CompletedQuotation Expiry Check: true: Quotation Expiry Check Job Completed, Total Un-flagged Expired Quotations: 1, Updated: 2, Failed: 0
2025-06-15T07:00:00.025Z [INFO]: Recurring_7_10_13_16_19_Jobs Started
2025-06-15T07:00:00.025Z [INFO]: Quotation Expiry Check Job Started
2025-06-15T07:00:00.042Z [INFO]: Quotation Expiry Check Job Completed, Total Un-flagged Expired Quotations: 1, Updated: 1, Failed: 0
2025-06-15T07:00:00.042Z [INFO]: Recurring_7_10_13_16_19_Jobs CompletedQuotation Expiry Check: true: Quotation Expiry Check Job Completed, Total Un-flagged Expired Quotations: 1, Updated: 1, Failed: 0
2025-06-15T09:00:00.017Z [INFO]: Recurring_6_12_18_0_Jobs Started
2025-06-15T09:00:00.018Z [INFO]: Quotations Followup Job Started
2025-06-15T09:00:00.028Z [INFO]: Quotations Followup Job Completed, Create Quotations: First time => 0, Last time: 0 || Sent Quotations: First time => 0, Last time: 0 ||| 0 Successful
2025-06-15T09:00:00.029Z [INFO]: Recurring_6_12_18_0_Jobs CompletedQuotations Followup: true: Quotations Followup Job Completed, Create Quotations: First time => 0, Last time: 0 || Sent Quotations: First time => 0, Last time: 0 ||| 0 Successful
2025-06-15T10:00:00.029Z [INFO]: Recurring_7_10_13_16_19_Jobs Started
2025-06-15T10:00:00.029Z [INFO]: Quotation Expiry Check Job Started
2025-06-15T10:00:00.038Z [INFO]: Quotation Expiry Check Job Completed, Total Un-flagged Expired Quotations: 1, Updated: 1, Failed: 0
2025-06-15T10:00:00.038Z [INFO]: Recurring_7_10_13_16_19_Jobs CompletedQuotation Expiry Check: true: Quotation Expiry Check Job Completed, Total Un-flagged Expired Quotations: 1, Updated: 1, Failed: 0
2025-06-15T13:00:00.034Z [INFO]: Recurring_7_10_13_16_19_Jobs Started
2025-06-15T13:00:00.034Z [INFO]: Quotation Expiry Check Job Started
2025-06-15T13:00:00.043Z [INFO]: Quotation Expiry Check Job Completed, Total Un-flagged Expired Quotations: 0, Updated: 0, Failed: 0
2025-06-15T13:00:00.043Z [INFO]: Recurring_7_10_13_16_19_Jobs CompletedQuotation Expiry Check: true: Quotation Expiry Check Job Completed, Total Un-flagged Expired Quotations: 0, Updated: 0, Failed: 0
2025-06-15T15:00:00.024Z [INFO]: Recurring_6_12_18_0_Jobs Started
2025-06-15T15:00:00.024Z [INFO]: Quotations Followup Job Started
2025-06-15T15:00:00.036Z [INFO]: Quotations Followup Job Completed, Create Quotations: First time => 0, Last time: 0 || Sent Quotations: First time => 0, Last time: 0 ||| 0 Successful
2025-06-15T15:00:00.037Z [INFO]: Recurring_6_12_18_0_Jobs CompletedQuotations Followup: true: Quotations Followup Job Completed, Create Quotations: First time => 0, Last time: 0 || Sent Quotations: First time => 0, Last time: 0 ||| 0 Successful
2025-06-15T16:00:00.020Z [INFO]: Recurring_7_10_13_16_19_Jobs Started
2025-06-15T16:00:00.020Z [INFO]: Quotation Expiry Check Job Started
2025-06-15T16:00:00.029Z [INFO]: Quotation Expiry Check Job Completed, Total Un-flagged Expired Quotations: 0, Updated: 0, Failed: 0
2025-06-15T16:00:00.029Z [INFO]: Recurring_7_10_13_16_19_Jobs CompletedQuotation Expiry Check: true: Quotation Expiry Check Job Completed, Total Un-flagged Expired Quotations: 0, Updated: 0, Failed: 0
