2025-08-05T21:00:00.016Z [INFO]: Daily Midnight Jobs Started
2025-08-05T21:00:00.018Z [INFO]: Delete Old Notifications (> 90 Days) Job Started
2025-08-05T21:00:00.032Z [INFO]: Recurring_6_12_18_0_Jobs Started
2025-08-05T21:00:00.032Z [INFO]: Quotations Followup Job Started
2025-08-05T21:00:00.034Z [INFO]: Delete Old Notifications (> 90 Days) Job Completed, Successful: 0 Old Notification Deleted
2025-08-05T21:00:00.035Z [INFO]: Lock Old Tasks Job Started
2025-08-05T21:00:00.036Z [ERROR]: TypeError - Cannot read properties of undefined (reading 'updateMany') Stack: TypeError: Cannot read properties of undefined (reading 'updateMany')
    at n.lockExpiredTasks (/home/edmartsy/public_html/oas.edmartsystems.com.default/.next/server/chunks/8467.js:1:4655)
    at c.lockExpiredTasks (/home/edmartsy/public_html/oas.edmartsystems.com.default/.next/server/chunks/8467.js:1:11974)
    at v (/home/edmartsy/public_html/oas.edmartsystems.com.default/.next/server/app/api/services/scheduler/route.js:1:2920)
    at p.job (/home/edmartsy/public_html/oas.edmartsystems.com.default/.next/server/app/api/services/scheduler/route.js:1:4084)
2025-08-05T21:00:00.037Z [ERROR]: TypeError - Cannot read properties of undefined (reading 'updateMany') Stack: TypeError: Cannot read properties of undefined (reading 'updateMany')
    at n.lockExpiredTasks (/home/edmartsy/public_html/oas.edmartsystems.com.default/.next/server/chunks/8467.js:1:4655)
    at c.lockExpiredTasks (/home/edmartsy/public_html/oas.edmartsystems.com.default/.next/server/chunks/8467.js:1:11974)
    at v (/home/edmartsy/public_html/oas.edmartsystems.com.default/.next/server/app/api/services/scheduler/route.js:1:2920)
    at p.job (/home/edmartsy/public_html/oas.edmartsystems.com.default/.next/server/app/api/services/scheduler/route.js:1:4084)
2025-08-05T21:00:00.037Z [INFO]: Lock Old Tasks Job Failed
2025-08-05T21:00:00.037Z [ERROR]: TypeError - Cannot read properties of undefined (reading 'updateMany') Stack: TypeError: Cannot read properties of undefined (reading 'updateMany')
    at n.lockExpiredTasks (/home/edmartsy/public_html/oas.edmartsystems.com.default/.next/server/chunks/8467.js:1:4655)
    at c.lockExpiredTasks (/home/edmartsy/public_html/oas.edmartsystems.com.default/.next/server/chunks/8467.js:1:11974)
    at v (/home/edmartsy/public_html/oas.edmartsystems.com.default/.next/server/app/api/services/scheduler/route.js:1:2920)
    at p.job (/home/edmartsy/public_html/oas.edmartsystems.com.default/.next/server/app/api/services/scheduler/route.js:1:4084)
2025-08-05T21:00:00.037Z [INFO]: Daily Midnight Jobs CompletedDelete Old Notifications: true: Delete Old Notifications (> 90 Days) Job Completed, Successful: 0 Old Notification Deleted
Lock Old Tasks: Something went wrong
2025-08-05T21:00:00.105Z [INFO]: Quotations Followup Job Completed, Create Quotations: First time => 0, Last time: 0 || Sent Quotations: First time => 0, Last time: 0 ||| 0 Successful
2025-08-05T21:00:00.105Z [INFO]: Recurring_6_12_18_0_Jobs CompletedQuotations Followup: true: Quotations Followup Job Completed, Create Quotations: First time => 0, Last time: 0 || Sent Quotations: First time => 0, Last time: 0 ||| 0 Successful
2025-08-06T03:00:00.018Z [INFO]: Recurring_6_12_18_0_Jobs Started
2025-08-06T03:00:00.018Z [INFO]: Quotations Followup Job Started
2025-08-06T03:00:00.040Z [INFO]: Quotations Followup Job Completed, Create Quotations: First time => 0, Last time: 0 || Sent Quotations: First time => 0, Last time: 0 ||| 0 Successful
2025-08-06T03:00:00.040Z [INFO]: Recurring_6_12_18_0_Jobs CompletedQuotations Followup: true: Quotations Followup Job Completed, Create Quotations: First time => 0, Last time: 0 || Sent Quotations: First time => 0, Last time: 0 ||| 0 Successful
2025-08-06T04:00:00.026Z [INFO]: Recurring_7_10_13_16_19_Jobs Started
2025-08-06T04:00:00.026Z [INFO]: Quotation Expiry Check Job Started
2025-08-06T04:00:00.036Z [INFO]: Quotation Expiry Check Job Completed, Total Un-flagged Expired Quotations: 0, Updated: 0, Failed: 0
2025-08-06T04:00:00.036Z [INFO]: Recurring_7_10_13_16_19_Jobs CompletedQuotation Expiry Check: true: Quotation Expiry Check Job Completed, Total Un-flagged Expired Quotations: 0, Updated: 0, Failed: 0
2025-08-06T07:00:00.023Z [INFO]: Recurring_7_10_13_16_19_Jobs Started
2025-08-06T07:00:00.025Z [INFO]: Quotation Expiry Check Job Started
2025-08-06T07:00:00.038Z [INFO]: Quotation Expiry Check Job Completed, Total Un-flagged Expired Quotations: 0, Updated: 0, Failed: 0
2025-08-06T07:00:00.038Z [INFO]: Recurring_7_10_13_16_19_Jobs CompletedQuotation Expiry Check: true: Quotation Expiry Check Job Completed, Total Un-flagged Expired Quotations: 0, Updated: 0, Failed: 0
2025-08-06T07:24:07.489Z [INFO]: Quotation Tag Email Sent successfully
2025-08-06T08:54:41.401Z [INFO]: Quotation Tag Email Sent successfully
2025-08-06T09:00:00.031Z [INFO]: Recurring_6_12_18_0_Jobs Started
2025-08-06T09:00:00.031Z [INFO]: Quotations Followup Job Started
2025-08-06T09:00:00.046Z [INFO]: Quotations Followup Job Completed, Create Quotations: First time => 0, Last time: 0 || Sent Quotations: First time => 0, Last time: 0 ||| 0 Successful
2025-08-06T09:00:00.046Z [INFO]: Recurring_6_12_18_0_Jobs CompletedQuotations Followup: true: Quotations Followup Job Completed, Create Quotations: First time => 0, Last time: 0 || Sent Quotations: First time => 0, Last time: 0 ||| 0 Successful
2025-08-06T10:00:00.041Z [INFO]: Recurring_7_10_13_16_19_Jobs Started
2025-08-06T10:00:00.041Z [INFO]: Quotation Expiry Check Job Started
2025-08-06T10:00:00.052Z [INFO]: Quotation Expiry Check Job Completed, Total Un-flagged Expired Quotations: 0, Updated: 0, Failed: 0
2025-08-06T10:00:00.052Z [INFO]: Recurring_7_10_13_16_19_Jobs CompletedQuotation Expiry Check: true: Quotation Expiry Check Job Completed, Total Un-flagged Expired Quotations: 0, Updated: 0, Failed: 0
2025-08-06T12:30:44.211Z [INFO]: Scheduler instantiated!
2025-08-06T12:30:46.115Z [INFO]: Scheduler instantiated!
2025-08-06T12:37:58.796Z [INFO]: Scheduler instantiated!
2025-08-06T12:42:22.300Z [INFO]: Scheduler instantiated!
2025-08-06T12:47:16.564Z [INFO]: Scheduler instantiated!
2025-08-06T12:47:17.996Z [INFO]: Scheduler instantiated!
2025-08-06T12:53:08.815Z [INFO]: Scheduler instantiated!
2025-08-06T12:56:47.499Z [INFO]: Scheduler instantiated!
2025-08-06T13:00:00.031Z [INFO]: Recurring_7_10_13_16_19_Jobs Started
2025-08-06T13:00:00.032Z [INFO]: Quotation Expiry Check Job Started
2025-08-06T13:00:00.044Z [INFO]: Recurring_7_10_13_16_19_Jobs Started
2025-08-06T13:00:00.044Z [INFO]: Quotation Expiry Check Job Started
2025-08-06T13:00:00.057Z [INFO]: Recurring_7_10_13_16_19_Jobs Started
2025-08-06T13:00:00.057Z [INFO]: Quotation Expiry Check Job Started
2025-08-06T13:00:00.077Z [INFO]: Recurring_7_10_13_16_19_Jobs Started
2025-08-06T13:00:00.077Z [INFO]: Quotation Expiry Check Job Started
2025-08-06T13:00:00.090Z [INFO]: Recurring_7_10_13_16_19_Jobs Started
2025-08-06T13:00:00.091Z [INFO]: Quotation Expiry Check Job Started
2025-08-06T13:00:00.091Z [INFO]: Quotation Expiry Check Job Completed, Total Un-flagged Expired Quotations: 0, Updated: 0, Failed: 0
2025-08-06T13:00:00.092Z [INFO]: Recurring_7_10_13_16_19_Jobs CompletedQuotation Expiry Check: true: Quotation Expiry Check Job Completed, Total Un-flagged Expired Quotations: 0, Updated: 0, Failed: 0
2025-08-06T13:00:00.102Z [INFO]: Recurring_7_10_13_16_19_Jobs Started
2025-08-06T13:00:00.102Z [INFO]: Quotation Expiry Check Job Started
2025-08-06T13:00:00.102Z [INFO]: Quotation Expiry Check Job Completed, Total Un-flagged Expired Quotations: 0, Updated: 0, Failed: 0
2025-08-06T13:00:00.103Z [INFO]: Recurring_7_10_13_16_19_Jobs CompletedQuotation Expiry Check: true: Quotation Expiry Check Job Completed, Total Un-flagged Expired Quotations: 0, Updated: 0, Failed: 0
2025-08-06T13:00:00.103Z [INFO]: Quotation Expiry Check Job Completed, Total Un-flagged Expired Quotations: 0, Updated: 0, Failed: 0
2025-08-06T13:00:00.103Z [INFO]: Recurring_7_10_13_16_19_Jobs CompletedQuotation Expiry Check: true: Quotation Expiry Check Job Completed, Total Un-flagged Expired Quotations: 0, Updated: 0, Failed: 0
2025-08-06T13:00:00.113Z [INFO]: Recurring_7_10_13_16_19_Jobs Started
2025-08-06T13:00:00.113Z [INFO]: Quotation Expiry Check Job Started
2025-08-06T13:00:00.162Z [INFO]: Recurring_7_10_13_16_19_Jobs Started
2025-08-06T13:00:00.162Z [INFO]: Quotation Expiry Check Job Started
2025-08-06T13:00:00.163Z [INFO]: Quotation Expiry Check Job Completed, Total Un-flagged Expired Quotations: 0, Updated: 0, Failed: 0
2025-08-06T13:00:00.163Z [INFO]: Recurring_7_10_13_16_19_Jobs CompletedQuotation Expiry Check: true: Quotation Expiry Check Job Completed, Total Un-flagged Expired Quotations: 0, Updated: 0, Failed: 0
2025-08-06T13:00:00.175Z [INFO]: Recurring_7_10_13_16_19_Jobs Started
2025-08-06T13:00:00.175Z [INFO]: Quotation Expiry Check Job Started
2025-08-06T13:00:00.176Z [INFO]: Quotation Expiry Check Job Completed, Total Un-flagged Expired Quotations: 0, Updated: 0, Failed: 0
2025-08-06T13:00:00.176Z [INFO]: Recurring_7_10_13_16_19_Jobs CompletedQuotation Expiry Check: true: Quotation Expiry Check Job Completed, Total Un-flagged Expired Quotations: 0, Updated: 0, Failed: 0
2025-08-06T13:00:00.179Z [INFO]: Quotation Expiry Check Job Completed, Total Un-flagged Expired Quotations: 0, Updated: 0, Failed: 0
2025-08-06T13:00:00.179Z [INFO]: Recurring_7_10_13_16_19_Jobs CompletedQuotation Expiry Check: true: Quotation Expiry Check Job Completed, Total Un-flagged Expired Quotations: 0, Updated: 0, Failed: 0
2025-08-06T13:00:00.183Z [INFO]: Quotation Expiry Check Job Completed, Total Un-flagged Expired Quotations: 0, Updated: 0, Failed: 0
2025-08-06T13:00:00.183Z [INFO]: Recurring_7_10_13_16_19_Jobs CompletedQuotation Expiry Check: true: Quotation Expiry Check Job Completed, Total Un-flagged Expired Quotations: 0, Updated: 0, Failed: 0
2025-08-06T13:00:00.186Z [INFO]: Quotation Expiry Check Job Completed, Total Un-flagged Expired Quotations: 0, Updated: 0, Failed: 0
2025-08-06T13:00:00.186Z [INFO]: Recurring_7_10_13_16_19_Jobs CompletedQuotation Expiry Check: true: Quotation Expiry Check Job Completed, Total Un-flagged Expired Quotations: 0, Updated: 0, Failed: 0
2025-08-06T13:00:00.187Z [INFO]: Quotation Expiry Check Job Completed, Total Un-flagged Expired Quotations: 0, Updated: 0, Failed: 0
2025-08-06T13:00:00.187Z [INFO]: Recurring_7_10_13_16_19_Jobs CompletedQuotation Expiry Check: true: Quotation Expiry Check Job Completed, Total Un-flagged Expired Quotations: 0, Updated: 0, Failed: 0
2025-08-06T13:07:47.747Z [INFO]: Scheduler instantiated!
2025-08-06T13:15:59.245Z [INFO]: Scheduler instantiated!
2025-08-06T13:22:50.757Z [INFO]: Scheduler instantiated!
2025-08-06T13:23:04.236Z [INFO]: Scheduler instantiated!
2025-08-06T13:33:53.015Z [INFO]: Scheduler instantiated!
2025-08-06T13:38:03.518Z [INFO]: Scheduler instantiated!
2025-08-06T13:44:42.455Z [INFO]: Scheduler instantiated!
2025-08-06T13:45:17.432Z [INFO]: Scheduler instantiated!
2025-08-06T13:50:54.726Z [INFO]: Scheduler instantiated!
2025-08-06T13:52:48.162Z [INFO]: Scheduler instantiated!
2025-08-06T13:53:07.861Z [INFO]: Scheduler instantiated!
2025-08-06T13:56:15.808Z [INFO]: Scheduler instantiated!
2025-08-06T14:04:09.619Z [INFO]: Scheduler instantiated!
2025-08-06T14:07:32.744Z [INFO]: Scheduler instantiated!
2025-08-06T14:09:09.303Z [INFO]: Scheduler instantiated!
2025-08-06T14:12:37.829Z [INFO]: Scheduler instantiated!
2025-08-06T14:22:46.267Z [INFO]: Scheduler instantiated!
2025-08-06T15:22:43.143Z [INFO]: Scheduler instantiated!
2025-08-06T16:00:00.040Z [INFO]: Recurring_7_10_13_16_19_Jobs Started
2025-08-06T16:00:00.042Z [INFO]: Quotation Expiry Check Job Started
2025-08-06T16:00:00.076Z [INFO]: Quotation Expiry Check Job Completed, Total Un-flagged Expired Quotations: 0, Updated: 0, Failed: 0
2025-08-06T16:00:00.076Z [INFO]: Recurring_7_10_13_16_19_Jobs CompletedQuotation Expiry Check: true: Quotation Expiry Check Job Completed, Total Un-flagged Expired Quotations: 0, Updated: 0, Failed: 0
2025-08-06T20:55:47.055Z [INFO]: Verification Code email Sent successfully
