2025-07-18T21:00:00.052Z [ERROR]: TypeError - Cannot read properties of undefined (reading 'updateMany') Stack: TypeError: Cannot read properties of undefined (reading 'updateMany')
    at n.lockExpiredTasks (/home/edmartsy/public_html/oas.edmartsystems.com.default/.next/server/chunks/8467.js:1:4655)
    at c.lockExpiredTasks (/home/edmartsy/public_html/oas.edmartsystems.com.default/.next/server/chunks/8467.js:1:11974)
    at v (/home/edmartsy/public_html/oas.edmartsystems.com.default/.next/server/app/api/services/scheduler/route.js:1:2920)
    at p.job (/home/edmartsy/public_html/oas.edmartsystems.com.default/.next/server/app/api/services/scheduler/route.js:1:4084)
2025-07-18T21:00:00.053Z [ERROR]: TypeError - Cannot read properties of undefined (reading 'updateMany') Stack: TypeError: Cannot read properties of undefined (reading 'updateMany')
    at n.lockExpiredTasks (/home/edmartsy/public_html/oas.edmartsystems.com.default/.next/server/chunks/8467.js:1:4655)
    at c.lockExpiredTasks (/home/edmartsy/public_html/oas.edmartsystems.com.default/.next/server/chunks/8467.js:1:11974)
    at v (/home/edmartsy/public_html/oas.edmartsystems.com.default/.next/server/app/api/services/scheduler/route.js:1:2920)
    at p.job (/home/edmartsy/public_html/oas.edmartsystems.com.default/.next/server/app/api/services/scheduler/route.js:1:4084)
2025-07-18T21:00:00.053Z [ERROR]: TypeError - Cannot read properties of undefined (reading 'updateMany') Stack: TypeError: Cannot read properties of undefined (reading 'updateMany')
    at n.lockExpiredTasks (/home/edmartsy/public_html/oas.edmartsystems.com.default/.next/server/chunks/8467.js:1:4655)
    at c.lockExpiredTasks (/home/edmartsy/public_html/oas.edmartsystems.com.default/.next/server/chunks/8467.js:1:11974)
    at v (/home/edmartsy/public_html/oas.edmartsystems.com.default/.next/server/app/api/services/scheduler/route.js:1:2920)
    at p.job (/home/edmartsy/public_html/oas.edmartsystems.com.default/.next/server/app/api/services/scheduler/route.js:1:4084)
2025-07-19T13:01:23.964Z [ERROR]: Error - Wrong credentials: se.gaston@edmartsystems.com Stack: Error: Wrong credentials: se.gaston@edmartsystems.com
    at p (/home/edmartsy/public_html/oas.edmartsystems.com.default/.next/server/app/api/auth/[...nextauth]/route.js:1:4228)
    at async Object.authorize (/home/edmartsy/public_html/oas.edmartsystems.com.default/.next/server/app/api/auth/[...nextauth]/route.js:1:4677)
    at async Object.l (/home/edmartsy/public_html/oas.edmartsystems.com.default/.next/server/chunks/1332.js:30:4502)
    at async m (/home/edmartsy/public_html/oas.edmartsystems.com.default/.next/server/chunks/1332.js:6:128790)
    at async a (/home/edmartsy/public_html/oas.edmartsystems.com.default/.next/server/chunks/1332.js:30:19772)
    at async e.length.t (/home/edmartsy/public_html/oas.edmartsystems.com.default/.next/server/chunks/1332.js:30:21262)
    at async /home/edmartsy/public_html/oas.edmartsystems.com.default/node_modules/next/dist/compiled/next-server/app-route.runtime.prod.js:6:41960
2025-07-19T13:01:23.965Z [ERROR]: Error in authorization: Error - Wrong credentials: se.gaston@edmartsystems.com Stack: Error: Wrong credentials: se.gaston@edmartsystems.com
    at p (/home/edmartsy/public_html/oas.edmartsystems.com.default/.next/server/app/api/auth/[...nextauth]/route.js:1:4228)
    at async Object.authorize (/home/edmartsy/public_html/oas.edmartsystems.com.default/.next/server/app/api/auth/[...nextauth]/route.js:1:4677)
    at async Object.l (/home/edmartsy/public_html/oas.edmartsystems.com.default/.next/server/chunks/1332.js:30:4502)
    at async m (/home/edmartsy/public_html/oas.edmartsystems.com.default/.next/server/chunks/1332.js:6:128790)
    at async a (/home/edmartsy/public_html/oas.edmartsystems.com.default/.next/server/chunks/1332.js:30:19772)
    at async e.length.t (/home/edmartsy/public_html/oas.edmartsystems.com.default/.next/server/chunks/1332.js:30:21262)
    at async /home/edmartsy/public_html/oas.edmartsystems.com.default/node_modules/next/dist/compiled/next-server/app-route.runtime.prod.js:6:41960
