2025-06-17T06:17:58.413Z [ERROR]: PrismaClientKnownRequestError - 
Invalid `prisma.quotation_draft.delete()` invocation:


An operation failed because it depends on one or more records that were required but not found. Record to delete does not exist. Stack: PrismaClientKnownRequestError: 
Invalid `prisma.quotation_draft.delete()` invocation:


An operation failed because it depends on one or more records that were required but not found. Record to delete does not exist.
    at $n.handleRequestError (/home/edmartsy/public_html/oas.edmartsystems.com.default/node_modules/@prisma/client/runtime/library.js:121:7315)
    at $n.handleAndLogRequestError (/home/edmartsy/public_html/oas.edmartsystems.com.default/node_modules/@prisma/client/runtime/library.js:121:6623)
    at $n.request (/home/edmartsy/public_html/oas.edmartsystems.com.default/node_modules/@prisma/client/runtime/library.js:121:6307)
    at async l (/home/edmartsy/public_html/oas.edmartsystems.com.default/node_modules/@prisma/client/runtime/library.js:130:9633)
    at async d.deleteQuotationDraft (/home/edmartsy/public_html/oas.edmartsystems.com.default/.next/server/chunks/6170.js:101:10742)
    at async Q.deleteQuotationDraft (/home/edmartsy/public_html/oas.edmartsystems.com.default/.next/server/chunks/6170.js:101:29718)
    at async g (/home/edmartsy/public_html/oas.edmartsystems.com.default/.next/server/app/api/quotations/drafts/[draft_id]/route.js:1:2205)
    at async /home/edmartsy/public_html/oas.edmartsystems.com.default/node_modules/next/dist/compiled/next-server/app-route.runtime.prod.js:6:41960
2025-06-17T06:17:58.413Z [ERROR]: PrismaClientKnownRequestError - 
Invalid `prisma.quotation_draft.delete()` invocation:


An operation failed because it depends on one or more records that were required but not found. Record to delete does not exist. Stack: PrismaClientKnownRequestError: 
Invalid `prisma.quotation_draft.delete()` invocation:


An operation failed because it depends on one or more records that were required but not found. Record to delete does not exist.
    at $n.handleRequestError (/home/edmartsy/public_html/oas.edmartsystems.com.default/node_modules/@prisma/client/runtime/library.js:121:7315)
    at $n.handleAndLogRequestError (/home/edmartsy/public_html/oas.edmartsystems.com.default/node_modules/@prisma/client/runtime/library.js:121:6623)
    at $n.request (/home/edmartsy/public_html/oas.edmartsystems.com.default/node_modules/@prisma/client/runtime/library.js:121:6307)
    at async l (/home/edmartsy/public_html/oas.edmartsystems.com.default/node_modules/@prisma/client/runtime/library.js:130:9633)
    at async d.deleteQuotationDraft (/home/edmartsy/public_html/oas.edmartsystems.com.default/.next/server/chunks/6170.js:101:10742)
    at async Q.deleteQuotationDraft (/home/edmartsy/public_html/oas.edmartsystems.com.default/.next/server/chunks/6170.js:101:29718)
    at async g (/home/edmartsy/public_html/oas.edmartsystems.com.default/.next/server/app/api/quotations/drafts/[draft_id]/route.js:1:2205)
    at async /home/edmartsy/public_html/oas.edmartsystems.com.default/node_modules/next/dist/compiled/next-server/app-route.runtime.prod.js:6:41960
2025-06-17T06:17:58.414Z [ERROR]: PrismaClientKnownRequestError - 
Invalid `prisma.quotation_draft.delete()` invocation:


An operation failed because it depends on one or more records that were required but not found. Record to delete does not exist. Stack: PrismaClientKnownRequestError: 
Invalid `prisma.quotation_draft.delete()` invocation:


An operation failed because it depends on one or more records that were required but not found. Record to delete does not exist.
    at $n.handleRequestError (/home/edmartsy/public_html/oas.edmartsystems.com.default/node_modules/@prisma/client/runtime/library.js:121:7315)
    at $n.handleAndLogRequestError (/home/edmartsy/public_html/oas.edmartsystems.com.default/node_modules/@prisma/client/runtime/library.js:121:6623)
    at $n.request (/home/edmartsy/public_html/oas.edmartsystems.com.default/node_modules/@prisma/client/runtime/library.js:121:6307)
    at async l (/home/edmartsy/public_html/oas.edmartsystems.com.default/node_modules/@prisma/client/runtime/library.js:130:9633)
    at async d.deleteQuotationDraft (/home/edmartsy/public_html/oas.edmartsystems.com.default/.next/server/chunks/6170.js:101:10742)
    at async Q.deleteQuotationDraft (/home/edmartsy/public_html/oas.edmartsystems.com.default/.next/server/chunks/6170.js:101:29718)
    at async g (/home/edmartsy/public_html/oas.edmartsystems.com.default/.next/server/app/api/quotations/drafts/[draft_id]/route.js:1:2205)
    at async /home/edmartsy/public_html/oas.edmartsystems.com.default/node_modules/next/dist/compiled/next-server/app-route.runtime.prod.js:6:41960
2025-06-17T13:08:43.713Z [ERROR]: TypeError - Cannot read properties of undefined (reading 'trim') Stack: TypeError: Cannot read properties of undefined (reading 'trim')
    at v (/home/edmartsy/public_html/oas.edmartsystems.com.default/.next/server/chunks/6170.js:101:14489)
    at Q.createNewQuotation (/home/edmartsy/public_html/oas.edmartsystems.com.default/.next/server/chunks/6170.js:101:19068)
    at f (/home/edmartsy/public_html/oas.edmartsystems.com.default/.next/server/chunks/8997.js:1:3869)
    at async /home/edmartsy/public_html/oas.edmartsystems.com.default/node_modules/next/dist/compiled/next-server/app-page.runtime.prod.js:16:406
    at async rm (/home/edmartsy/public_html/oas.edmartsystems.com.default/node_modules/next/dist/compiled/next-server/app-page.runtime.prod.js:15:5703)
    at async rD (/home/edmartsy/public_html/oas.edmartsystems.com.default/node_modules/next/dist/compiled/next-server/app-page.runtime.prod.js:16:22546)
    at async doRender (/home/edmartsy/public_html/oas.edmartsystems.com.default/node_modules/next/dist/server/base-server.js:1391:30)
    at async cacheEntry.responseCache.get.routeKind (/home/edmartsy/public_html/oas.edmartsystems.com.default/node_modules/next/dist/server/base-server.js:1552:28)
    at async NextNodeServer.renderToResponseWithComponentsImpl (/home/edmartsy/public_html/oas.edmartsystems.com.default/node_modules/next/dist/server/base-server.js:1460:28)
    at async NextNodeServer.renderPageComponent (/home/edmartsy/public_html/oas.edmartsystems.com.default/node_modules/next/dist/server/base-server.js:1843:24)
2025-06-17T13:08:43.713Z [ERROR]: TypeError - Cannot read properties of undefined (reading 'trim') Stack: TypeError: Cannot read properties of undefined (reading 'trim')
    at v (/home/edmartsy/public_html/oas.edmartsystems.com.default/.next/server/chunks/6170.js:101:14489)
    at Q.createNewQuotation (/home/edmartsy/public_html/oas.edmartsystems.com.default/.next/server/chunks/6170.js:101:19068)
    at f (/home/edmartsy/public_html/oas.edmartsystems.com.default/.next/server/chunks/8997.js:1:3869)
    at async /home/edmartsy/public_html/oas.edmartsystems.com.default/node_modules/next/dist/compiled/next-server/app-page.runtime.prod.js:16:406
    at async rm (/home/edmartsy/public_html/oas.edmartsystems.com.default/node_modules/next/dist/compiled/next-server/app-page.runtime.prod.js:15:5703)
    at async rD (/home/edmartsy/public_html/oas.edmartsystems.com.default/node_modules/next/dist/compiled/next-server/app-page.runtime.prod.js:16:22546)
    at async doRender (/home/edmartsy/public_html/oas.edmartsystems.com.default/node_modules/next/dist/server/base-server.js:1391:30)
    at async cacheEntry.responseCache.get.routeKind (/home/edmartsy/public_html/oas.edmartsystems.com.default/node_modules/next/dist/server/base-server.js:1552:28)
    at async NextNodeServer.renderToResponseWithComponentsImpl (/home/edmartsy/public_html/oas.edmartsystems.com.default/node_modules/next/dist/server/base-server.js:1460:28)
    at async NextNodeServer.renderPageComponent (/home/edmartsy/public_html/oas.edmartsystems.com.default/node_modules/next/dist/server/base-server.js:1843:24)
2025-06-17T13:08:54.059Z [ERROR]: TypeError - Cannot read properties of undefined (reading 'trim') Stack: TypeError: Cannot read properties of undefined (reading 'trim')
    at v (/home/edmartsy/public_html/oas.edmartsystems.com.default/.next/server/chunks/6170.js:101:14489)
    at Q.createNewQuotation (/home/edmartsy/public_html/oas.edmartsystems.com.default/.next/server/chunks/6170.js:101:19068)
    at f (/home/edmartsy/public_html/oas.edmartsystems.com.default/.next/server/chunks/8997.js:1:3869)
    at async /home/edmartsy/public_html/oas.edmartsystems.com.default/node_modules/next/dist/compiled/next-server/app-page.runtime.prod.js:16:406
    at async rm (/home/edmartsy/public_html/oas.edmartsystems.com.default/node_modules/next/dist/compiled/next-server/app-page.runtime.prod.js:15:5703)
    at async rD (/home/edmartsy/public_html/oas.edmartsystems.com.default/node_modules/next/dist/compiled/next-server/app-page.runtime.prod.js:16:22546)
    at async doRender (/home/edmartsy/public_html/oas.edmartsystems.com.default/node_modules/next/dist/server/base-server.js:1391:30)
    at async cacheEntry.responseCache.get.routeKind (/home/edmartsy/public_html/oas.edmartsystems.com.default/node_modules/next/dist/server/base-server.js:1552:28)
    at async NextNodeServer.renderToResponseWithComponentsImpl (/home/edmartsy/public_html/oas.edmartsystems.com.default/node_modules/next/dist/server/base-server.js:1460:28)
    at async NextNodeServer.renderPageComponent (/home/edmartsy/public_html/oas.edmartsystems.com.default/node_modules/next/dist/server/base-server.js:1843:24)
2025-06-17T13:08:54.059Z [ERROR]: TypeError - Cannot read properties of undefined (reading 'trim') Stack: TypeError: Cannot read properties of undefined (reading 'trim')
    at v (/home/edmartsy/public_html/oas.edmartsystems.com.default/.next/server/chunks/6170.js:101:14489)
    at Q.createNewQuotation (/home/edmartsy/public_html/oas.edmartsystems.com.default/.next/server/chunks/6170.js:101:19068)
    at f (/home/edmartsy/public_html/oas.edmartsystems.com.default/.next/server/chunks/8997.js:1:3869)
    at async /home/edmartsy/public_html/oas.edmartsystems.com.default/node_modules/next/dist/compiled/next-server/app-page.runtime.prod.js:16:406
    at async rm (/home/edmartsy/public_html/oas.edmartsystems.com.default/node_modules/next/dist/compiled/next-server/app-page.runtime.prod.js:15:5703)
    at async rD (/home/edmartsy/public_html/oas.edmartsystems.com.default/node_modules/next/dist/compiled/next-server/app-page.runtime.prod.js:16:22546)
    at async doRender (/home/edmartsy/public_html/oas.edmartsystems.com.default/node_modules/next/dist/server/base-server.js:1391:30)
    at async cacheEntry.responseCache.get.routeKind (/home/edmartsy/public_html/oas.edmartsystems.com.default/node_modules/next/dist/server/base-server.js:1552:28)
    at async NextNodeServer.renderToResponseWithComponentsImpl (/home/edmartsy/public_html/oas.edmartsystems.com.default/node_modules/next/dist/server/base-server.js:1460:28)
    at async NextNodeServer.renderPageComponent (/home/edmartsy/public_html/oas.edmartsystems.com.default/node_modules/next/dist/server/base-server.js:1843:24)
2025-06-17T13:13:29.925Z [ERROR]: TypeError - Cannot read properties of undefined (reading 'trim') Stack: TypeError: Cannot read properties of undefined (reading 'trim')
    at v (/home/edmartsy/public_html/oas.edmartsystems.com.default/.next/server/chunks/6170.js:101:14489)
    at Q.createNewQuotation (/home/edmartsy/public_html/oas.edmartsystems.com.default/.next/server/chunks/6170.js:101:19068)
    at f (/home/edmartsy/public_html/oas.edmartsystems.com.default/.next/server/chunks/8997.js:1:3869)
    at async /home/edmartsy/public_html/oas.edmartsystems.com.default/node_modules/next/dist/compiled/next-server/app-page.runtime.prod.js:16:406
    at async rm (/home/edmartsy/public_html/oas.edmartsystems.com.default/node_modules/next/dist/compiled/next-server/app-page.runtime.prod.js:15:5703)
    at async rD (/home/edmartsy/public_html/oas.edmartsystems.com.default/node_modules/next/dist/compiled/next-server/app-page.runtime.prod.js:16:22546)
    at async doRender (/home/edmartsy/public_html/oas.edmartsystems.com.default/node_modules/next/dist/server/base-server.js:1391:30)
    at async cacheEntry.responseCache.get.routeKind (/home/edmartsy/public_html/oas.edmartsystems.com.default/node_modules/next/dist/server/base-server.js:1552:28)
    at async NextNodeServer.renderToResponseWithComponentsImpl (/home/edmartsy/public_html/oas.edmartsystems.com.default/node_modules/next/dist/server/base-server.js:1460:28)
    at async NextNodeServer.renderPageComponent (/home/edmartsy/public_html/oas.edmartsystems.com.default/node_modules/next/dist/server/base-server.js:1843:24)
2025-06-17T13:13:29.925Z [ERROR]: TypeError - Cannot read properties of undefined (reading 'trim') Stack: TypeError: Cannot read properties of undefined (reading 'trim')
    at v (/home/edmartsy/public_html/oas.edmartsystems.com.default/.next/server/chunks/6170.js:101:14489)
    at Q.createNewQuotation (/home/edmartsy/public_html/oas.edmartsystems.com.default/.next/server/chunks/6170.js:101:19068)
    at f (/home/edmartsy/public_html/oas.edmartsystems.com.default/.next/server/chunks/8997.js:1:3869)
    at async /home/edmartsy/public_html/oas.edmartsystems.com.default/node_modules/next/dist/compiled/next-server/app-page.runtime.prod.js:16:406
    at async rm (/home/edmartsy/public_html/oas.edmartsystems.com.default/node_modules/next/dist/compiled/next-server/app-page.runtime.prod.js:15:5703)
    at async rD (/home/edmartsy/public_html/oas.edmartsystems.com.default/node_modules/next/dist/compiled/next-server/app-page.runtime.prod.js:16:22546)
    at async doRender (/home/edmartsy/public_html/oas.edmartsystems.com.default/node_modules/next/dist/server/base-server.js:1391:30)
    at async cacheEntry.responseCache.get.routeKind (/home/edmartsy/public_html/oas.edmartsystems.com.default/node_modules/next/dist/server/base-server.js:1552:28)
    at async NextNodeServer.renderToResponseWithComponentsImpl (/home/edmartsy/public_html/oas.edmartsystems.com.default/node_modules/next/dist/server/base-server.js:1460:28)
    at async NextNodeServer.renderPageComponent (/home/edmartsy/public_html/oas.edmartsystems.com.default/node_modules/next/dist/server/base-server.js:1843:24)
2025-06-17T13:14:05.484Z [ERROR]: TypeError - Cannot read properties of undefined (reading 'trim') Stack: TypeError: Cannot read properties of undefined (reading 'trim')
    at v (/home/edmartsy/public_html/oas.edmartsystems.com.default/.next/server/chunks/6170.js:101:14489)
    at Q.createNewQuotation (/home/edmartsy/public_html/oas.edmartsystems.com.default/.next/server/chunks/6170.js:101:19068)
    at f (/home/edmartsy/public_html/oas.edmartsystems.com.default/.next/server/chunks/8997.js:1:3869)
    at async /home/edmartsy/public_html/oas.edmartsystems.com.default/node_modules/next/dist/compiled/next-server/app-page.runtime.prod.js:16:406
    at async rm (/home/edmartsy/public_html/oas.edmartsystems.com.default/node_modules/next/dist/compiled/next-server/app-page.runtime.prod.js:15:5703)
    at async rD (/home/edmartsy/public_html/oas.edmartsystems.com.default/node_modules/next/dist/compiled/next-server/app-page.runtime.prod.js:16:22546)
    at async doRender (/home/edmartsy/public_html/oas.edmartsystems.com.default/node_modules/next/dist/server/base-server.js:1391:30)
    at async cacheEntry.responseCache.get.routeKind (/home/edmartsy/public_html/oas.edmartsystems.com.default/node_modules/next/dist/server/base-server.js:1552:28)
    at async NextNodeServer.renderToResponseWithComponentsImpl (/home/edmartsy/public_html/oas.edmartsystems.com.default/node_modules/next/dist/server/base-server.js:1460:28)
    at async NextNodeServer.renderPageComponent (/home/edmartsy/public_html/oas.edmartsystems.com.default/node_modules/next/dist/server/base-server.js:1843:24)
2025-06-17T13:14:05.485Z [ERROR]: TypeError - Cannot read properties of undefined (reading 'trim') Stack: TypeError: Cannot read properties of undefined (reading 'trim')
    at v (/home/edmartsy/public_html/oas.edmartsystems.com.default/.next/server/chunks/6170.js:101:14489)
    at Q.createNewQuotation (/home/edmartsy/public_html/oas.edmartsystems.com.default/.next/server/chunks/6170.js:101:19068)
    at f (/home/edmartsy/public_html/oas.edmartsystems.com.default/.next/server/chunks/8997.js:1:3869)
    at async /home/edmartsy/public_html/oas.edmartsystems.com.default/node_modules/next/dist/compiled/next-server/app-page.runtime.prod.js:16:406
    at async rm (/home/edmartsy/public_html/oas.edmartsystems.com.default/node_modules/next/dist/compiled/next-server/app-page.runtime.prod.js:15:5703)
    at async rD (/home/edmartsy/public_html/oas.edmartsystems.com.default/node_modules/next/dist/compiled/next-server/app-page.runtime.prod.js:16:22546)
    at async doRender (/home/edmartsy/public_html/oas.edmartsystems.com.default/node_modules/next/dist/server/base-server.js:1391:30)
    at async cacheEntry.responseCache.get.routeKind (/home/edmartsy/public_html/oas.edmartsystems.com.default/node_modules/next/dist/server/base-server.js:1552:28)
    at async NextNodeServer.renderToResponseWithComponentsImpl (/home/edmartsy/public_html/oas.edmartsystems.com.default/node_modules/next/dist/server/base-server.js:1460:28)
    at async NextNodeServer.renderPageComponent (/home/edmartsy/public_html/oas.edmartsystems.com.default/node_modules/next/dist/server/base-server.js:1843:24)
2025-06-17T13:14:52.452Z [ERROR]: TypeError - Cannot read properties of undefined (reading 'trim') Stack: TypeError: Cannot read properties of undefined (reading 'trim')
    at v (/home/edmartsy/public_html/oas.edmartsystems.com.default/.next/server/chunks/6170.js:101:14489)
    at Q.createNewQuotation (/home/edmartsy/public_html/oas.edmartsystems.com.default/.next/server/chunks/6170.js:101:19068)
    at f (/home/edmartsy/public_html/oas.edmartsystems.com.default/.next/server/chunks/8997.js:1:3869)
    at async /home/edmartsy/public_html/oas.edmartsystems.com.default/node_modules/next/dist/compiled/next-server/app-page.runtime.prod.js:16:406
    at async rm (/home/edmartsy/public_html/oas.edmartsystems.com.default/node_modules/next/dist/compiled/next-server/app-page.runtime.prod.js:15:5703)
    at async rD (/home/edmartsy/public_html/oas.edmartsystems.com.default/node_modules/next/dist/compiled/next-server/app-page.runtime.prod.js:16:22546)
    at async doRender (/home/edmartsy/public_html/oas.edmartsystems.com.default/node_modules/next/dist/server/base-server.js:1391:30)
    at async cacheEntry.responseCache.get.routeKind (/home/edmartsy/public_html/oas.edmartsystems.com.default/node_modules/next/dist/server/base-server.js:1552:28)
    at async NextNodeServer.renderToResponseWithComponentsImpl (/home/edmartsy/public_html/oas.edmartsystems.com.default/node_modules/next/dist/server/base-server.js:1460:28)
    at async NextNodeServer.renderPageComponent (/home/edmartsy/public_html/oas.edmartsystems.com.default/node_modules/next/dist/server/base-server.js:1843:24)
2025-06-17T13:14:52.452Z [ERROR]: TypeError - Cannot read properties of undefined (reading 'trim') Stack: TypeError: Cannot read properties of undefined (reading 'trim')
    at v (/home/edmartsy/public_html/oas.edmartsystems.com.default/.next/server/chunks/6170.js:101:14489)
    at Q.createNewQuotation (/home/edmartsy/public_html/oas.edmartsystems.com.default/.next/server/chunks/6170.js:101:19068)
    at f (/home/edmartsy/public_html/oas.edmartsystems.com.default/.next/server/chunks/8997.js:1:3869)
    at async /home/edmartsy/public_html/oas.edmartsystems.com.default/node_modules/next/dist/compiled/next-server/app-page.runtime.prod.js:16:406
    at async rm (/home/edmartsy/public_html/oas.edmartsystems.com.default/node_modules/next/dist/compiled/next-server/app-page.runtime.prod.js:15:5703)
    at async rD (/home/edmartsy/public_html/oas.edmartsystems.com.default/node_modules/next/dist/compiled/next-server/app-page.runtime.prod.js:16:22546)
    at async doRender (/home/edmartsy/public_html/oas.edmartsystems.com.default/node_modules/next/dist/server/base-server.js:1391:30)
    at async cacheEntry.responseCache.get.routeKind (/home/edmartsy/public_html/oas.edmartsystems.com.default/node_modules/next/dist/server/base-server.js:1552:28)
    at async NextNodeServer.renderToResponseWithComponentsImpl (/home/edmartsy/public_html/oas.edmartsystems.com.default/node_modules/next/dist/server/base-server.js:1460:28)
    at async NextNodeServer.renderPageComponent (/home/edmartsy/public_html/oas.edmartsystems.com.default/node_modules/next/dist/server/base-server.js:1843:24)
2025-06-17T13:15:23.022Z [ERROR]: TypeError - Cannot read properties of undefined (reading 'trim') Stack: TypeError: Cannot read properties of undefined (reading 'trim')
    at v (/home/edmartsy/public_html/oas.edmartsystems.com.default/.next/server/chunks/6170.js:101:14489)
    at Q.createNewQuotation (/home/edmartsy/public_html/oas.edmartsystems.com.default/.next/server/chunks/6170.js:101:19068)
    at f (/home/edmartsy/public_html/oas.edmartsystems.com.default/.next/server/chunks/8997.js:1:3869)
    at async /home/edmartsy/public_html/oas.edmartsystems.com.default/node_modules/next/dist/compiled/next-server/app-page.runtime.prod.js:16:406
    at async rm (/home/edmartsy/public_html/oas.edmartsystems.com.default/node_modules/next/dist/compiled/next-server/app-page.runtime.prod.js:15:5703)
    at async rD (/home/edmartsy/public_html/oas.edmartsystems.com.default/node_modules/next/dist/compiled/next-server/app-page.runtime.prod.js:16:22546)
    at async doRender (/home/edmartsy/public_html/oas.edmartsystems.com.default/node_modules/next/dist/server/base-server.js:1391:30)
    at async cacheEntry.responseCache.get.routeKind (/home/edmartsy/public_html/oas.edmartsystems.com.default/node_modules/next/dist/server/base-server.js:1552:28)
    at async NextNodeServer.renderToResponseWithComponentsImpl (/home/edmartsy/public_html/oas.edmartsystems.com.default/node_modules/next/dist/server/base-server.js:1460:28)
    at async NextNodeServer.renderPageComponent (/home/edmartsy/public_html/oas.edmartsystems.com.default/node_modules/next/dist/server/base-server.js:1843:24)
2025-06-17T13:15:23.023Z [ERROR]: TypeError - Cannot read properties of undefined (reading 'trim') Stack: TypeError: Cannot read properties of undefined (reading 'trim')
    at v (/home/edmartsy/public_html/oas.edmartsystems.com.default/.next/server/chunks/6170.js:101:14489)
    at Q.createNewQuotation (/home/edmartsy/public_html/oas.edmartsystems.com.default/.next/server/chunks/6170.js:101:19068)
    at f (/home/edmartsy/public_html/oas.edmartsystems.com.default/.next/server/chunks/8997.js:1:3869)
    at async /home/edmartsy/public_html/oas.edmartsystems.com.default/node_modules/next/dist/compiled/next-server/app-page.runtime.prod.js:16:406
    at async rm (/home/edmartsy/public_html/oas.edmartsystems.com.default/node_modules/next/dist/compiled/next-server/app-page.runtime.prod.js:15:5703)
    at async rD (/home/edmartsy/public_html/oas.edmartsystems.com.default/node_modules/next/dist/compiled/next-server/app-page.runtime.prod.js:16:22546)
    at async doRender (/home/edmartsy/public_html/oas.edmartsystems.com.default/node_modules/next/dist/server/base-server.js:1391:30)
    at async cacheEntry.responseCache.get.routeKind (/home/edmartsy/public_html/oas.edmartsystems.com.default/node_modules/next/dist/server/base-server.js:1552:28)
    at async NextNodeServer.renderToResponseWithComponentsImpl (/home/edmartsy/public_html/oas.edmartsystems.com.default/node_modules/next/dist/server/base-server.js:1460:28)
    at async NextNodeServer.renderPageComponent (/home/edmartsy/public_html/oas.edmartsystems.com.default/node_modules/next/dist/server/base-server.js:1843:24)
2025-06-17T13:16:20.861Z [ERROR]: TypeError - Cannot read properties of undefined (reading 'trim') Stack: TypeError: Cannot read properties of undefined (reading 'trim')
    at v (/home/edmartsy/public_html/oas.edmartsystems.com.default/.next/server/chunks/6170.js:101:14489)
    at Q.createNewQuotation (/home/edmartsy/public_html/oas.edmartsystems.com.default/.next/server/chunks/6170.js:101:19068)
    at f (/home/edmartsy/public_html/oas.edmartsystems.com.default/.next/server/chunks/8997.js:1:3869)
    at async /home/edmartsy/public_html/oas.edmartsystems.com.default/node_modules/next/dist/compiled/next-server/app-page.runtime.prod.js:16:406
    at async rm (/home/edmartsy/public_html/oas.edmartsystems.com.default/node_modules/next/dist/compiled/next-server/app-page.runtime.prod.js:15:5703)
    at async rD (/home/edmartsy/public_html/oas.edmartsystems.com.default/node_modules/next/dist/compiled/next-server/app-page.runtime.prod.js:16:22546)
    at async doRender (/home/edmartsy/public_html/oas.edmartsystems.com.default/node_modules/next/dist/server/base-server.js:1391:30)
    at async cacheEntry.responseCache.get.routeKind (/home/edmartsy/public_html/oas.edmartsystems.com.default/node_modules/next/dist/server/base-server.js:1552:28)
    at async NextNodeServer.renderToResponseWithComponentsImpl (/home/edmartsy/public_html/oas.edmartsystems.com.default/node_modules/next/dist/server/base-server.js:1460:28)
    at async NextNodeServer.renderPageComponent (/home/edmartsy/public_html/oas.edmartsystems.com.default/node_modules/next/dist/server/base-server.js:1843:24)
2025-06-17T13:16:20.861Z [ERROR]: TypeError - Cannot read properties of undefined (reading 'trim') Stack: TypeError: Cannot read properties of undefined (reading 'trim')
    at v (/home/edmartsy/public_html/oas.edmartsystems.com.default/.next/server/chunks/6170.js:101:14489)
    at Q.createNewQuotation (/home/edmartsy/public_html/oas.edmartsystems.com.default/.next/server/chunks/6170.js:101:19068)
    at f (/home/edmartsy/public_html/oas.edmartsystems.com.default/.next/server/chunks/8997.js:1:3869)
    at async /home/edmartsy/public_html/oas.edmartsystems.com.default/node_modules/next/dist/compiled/next-server/app-page.runtime.prod.js:16:406
    at async rm (/home/edmartsy/public_html/oas.edmartsystems.com.default/node_modules/next/dist/compiled/next-server/app-page.runtime.prod.js:15:5703)
    at async rD (/home/edmartsy/public_html/oas.edmartsystems.com.default/node_modules/next/dist/compiled/next-server/app-page.runtime.prod.js:16:22546)
    at async doRender (/home/edmartsy/public_html/oas.edmartsystems.com.default/node_modules/next/dist/server/base-server.js:1391:30)
    at async cacheEntry.responseCache.get.routeKind (/home/edmartsy/public_html/oas.edmartsystems.com.default/node_modules/next/dist/server/base-server.js:1552:28)
    at async NextNodeServer.renderToResponseWithComponentsImpl (/home/edmartsy/public_html/oas.edmartsystems.com.default/node_modules/next/dist/server/base-server.js:1460:28)
    at async NextNodeServer.renderPageComponent (/home/edmartsy/public_html/oas.edmartsystems.com.default/node_modules/next/dist/server/base-server.js:1843:24)
2025-06-17T13:16:43.929Z [ERROR]: TypeError - Cannot read properties of undefined (reading 'trim') Stack: TypeError: Cannot read properties of undefined (reading 'trim')
    at v (/home/edmartsy/public_html/oas.edmartsystems.com.default/.next/server/chunks/6170.js:101:14489)
    at Q.createNewQuotation (/home/edmartsy/public_html/oas.edmartsystems.com.default/.next/server/chunks/6170.js:101:19068)
    at f (/home/edmartsy/public_html/oas.edmartsystems.com.default/.next/server/chunks/8997.js:1:3869)
    at async /home/edmartsy/public_html/oas.edmartsystems.com.default/node_modules/next/dist/compiled/next-server/app-page.runtime.prod.js:16:406
    at async rm (/home/edmartsy/public_html/oas.edmartsystems.com.default/node_modules/next/dist/compiled/next-server/app-page.runtime.prod.js:15:5703)
    at async rD (/home/edmartsy/public_html/oas.edmartsystems.com.default/node_modules/next/dist/compiled/next-server/app-page.runtime.prod.js:16:22546)
    at async doRender (/home/edmartsy/public_html/oas.edmartsystems.com.default/node_modules/next/dist/server/base-server.js:1391:30)
    at async cacheEntry.responseCache.get.routeKind (/home/edmartsy/public_html/oas.edmartsystems.com.default/node_modules/next/dist/server/base-server.js:1552:28)
    at async NextNodeServer.renderToResponseWithComponentsImpl (/home/edmartsy/public_html/oas.edmartsystems.com.default/node_modules/next/dist/server/base-server.js:1460:28)
    at async NextNodeServer.renderPageComponent (/home/edmartsy/public_html/oas.edmartsystems.com.default/node_modules/next/dist/server/base-server.js:1843:24)
2025-06-17T13:16:43.929Z [ERROR]: TypeError - Cannot read properties of undefined (reading 'trim') Stack: TypeError: Cannot read properties of undefined (reading 'trim')
    at v (/home/edmartsy/public_html/oas.edmartsystems.com.default/.next/server/chunks/6170.js:101:14489)
    at Q.createNewQuotation (/home/edmartsy/public_html/oas.edmartsystems.com.default/.next/server/chunks/6170.js:101:19068)
    at f (/home/edmartsy/public_html/oas.edmartsystems.com.default/.next/server/chunks/8997.js:1:3869)
    at async /home/edmartsy/public_html/oas.edmartsystems.com.default/node_modules/next/dist/compiled/next-server/app-page.runtime.prod.js:16:406
    at async rm (/home/edmartsy/public_html/oas.edmartsystems.com.default/node_modules/next/dist/compiled/next-server/app-page.runtime.prod.js:15:5703)
    at async rD (/home/edmartsy/public_html/oas.edmartsystems.com.default/node_modules/next/dist/compiled/next-server/app-page.runtime.prod.js:16:22546)
    at async doRender (/home/edmartsy/public_html/oas.edmartsystems.com.default/node_modules/next/dist/server/base-server.js:1391:30)
    at async cacheEntry.responseCache.get.routeKind (/home/edmartsy/public_html/oas.edmartsystems.com.default/node_modules/next/dist/server/base-server.js:1552:28)
    at async NextNodeServer.renderToResponseWithComponentsImpl (/home/edmartsy/public_html/oas.edmartsystems.com.default/node_modules/next/dist/server/base-server.js:1460:28)
    at async NextNodeServer.renderPageComponent (/home/edmartsy/public_html/oas.edmartsystems.com.default/node_modules/next/dist/server/base-server.js:1843:24)
2025-06-17T13:17:03.094Z [ERROR]: TypeError - Cannot read properties of undefined (reading 'trim') Stack: TypeError: Cannot read properties of undefined (reading 'trim')
    at v (/home/edmartsy/public_html/oas.edmartsystems.com.default/.next/server/chunks/6170.js:101:14489)
    at Q.createNewQuotation (/home/edmartsy/public_html/oas.edmartsystems.com.default/.next/server/chunks/6170.js:101:19068)
    at f (/home/edmartsy/public_html/oas.edmartsystems.com.default/.next/server/chunks/8997.js:1:3869)
    at async /home/edmartsy/public_html/oas.edmartsystems.com.default/node_modules/next/dist/compiled/next-server/app-page.runtime.prod.js:16:406
    at async rm (/home/edmartsy/public_html/oas.edmartsystems.com.default/node_modules/next/dist/compiled/next-server/app-page.runtime.prod.js:15:5703)
    at async rD (/home/edmartsy/public_html/oas.edmartsystems.com.default/node_modules/next/dist/compiled/next-server/app-page.runtime.prod.js:16:22546)
    at async doRender (/home/edmartsy/public_html/oas.edmartsystems.com.default/node_modules/next/dist/server/base-server.js:1391:30)
    at async cacheEntry.responseCache.get.routeKind (/home/edmartsy/public_html/oas.edmartsystems.com.default/node_modules/next/dist/server/base-server.js:1552:28)
    at async NextNodeServer.renderToResponseWithComponentsImpl (/home/edmartsy/public_html/oas.edmartsystems.com.default/node_modules/next/dist/server/base-server.js:1460:28)
    at async NextNodeServer.renderPageComponent (/home/edmartsy/public_html/oas.edmartsystems.com.default/node_modules/next/dist/server/base-server.js:1843:24)
2025-06-17T13:17:03.094Z [ERROR]: TypeError - Cannot read properties of undefined (reading 'trim') Stack: TypeError: Cannot read properties of undefined (reading 'trim')
    at v (/home/edmartsy/public_html/oas.edmartsystems.com.default/.next/server/chunks/6170.js:101:14489)
    at Q.createNewQuotation (/home/edmartsy/public_html/oas.edmartsystems.com.default/.next/server/chunks/6170.js:101:19068)
    at f (/home/edmartsy/public_html/oas.edmartsystems.com.default/.next/server/chunks/8997.js:1:3869)
    at async /home/edmartsy/public_html/oas.edmartsystems.com.default/node_modules/next/dist/compiled/next-server/app-page.runtime.prod.js:16:406
    at async rm (/home/edmartsy/public_html/oas.edmartsystems.com.default/node_modules/next/dist/compiled/next-server/app-page.runtime.prod.js:15:5703)
    at async rD (/home/edmartsy/public_html/oas.edmartsystems.com.default/node_modules/next/dist/compiled/next-server/app-page.runtime.prod.js:16:22546)
    at async doRender (/home/edmartsy/public_html/oas.edmartsystems.com.default/node_modules/next/dist/server/base-server.js:1391:30)
    at async cacheEntry.responseCache.get.routeKind (/home/edmartsy/public_html/oas.edmartsystems.com.default/node_modules/next/dist/server/base-server.js:1552:28)
    at async NextNodeServer.renderToResponseWithComponentsImpl (/home/edmartsy/public_html/oas.edmartsystems.com.default/node_modules/next/dist/server/base-server.js:1460:28)
    at async NextNodeServer.renderPageComponent (/home/edmartsy/public_html/oas.edmartsystems.com.default/node_modules/next/dist/server/base-server.js:1843:24)
2025-06-17T13:17:20.250Z [ERROR]: TypeError - Cannot read properties of undefined (reading 'trim') Stack: TypeError: Cannot read properties of undefined (reading 'trim')
    at v (/home/edmartsy/public_html/oas.edmartsystems.com.default/.next/server/chunks/6170.js:101:14489)
    at Q.createNewQuotation (/home/edmartsy/public_html/oas.edmartsystems.com.default/.next/server/chunks/6170.js:101:19068)
    at f (/home/edmartsy/public_html/oas.edmartsystems.com.default/.next/server/chunks/8997.js:1:3869)
    at async /home/edmartsy/public_html/oas.edmartsystems.com.default/node_modules/next/dist/compiled/next-server/app-page.runtime.prod.js:16:406
    at async rm (/home/edmartsy/public_html/oas.edmartsystems.com.default/node_modules/next/dist/compiled/next-server/app-page.runtime.prod.js:15:5703)
    at async rD (/home/edmartsy/public_html/oas.edmartsystems.com.default/node_modules/next/dist/compiled/next-server/app-page.runtime.prod.js:16:22546)
    at async doRender (/home/edmartsy/public_html/oas.edmartsystems.com.default/node_modules/next/dist/server/base-server.js:1391:30)
    at async cacheEntry.responseCache.get.routeKind (/home/edmartsy/public_html/oas.edmartsystems.com.default/node_modules/next/dist/server/base-server.js:1552:28)
    at async NextNodeServer.renderToResponseWithComponentsImpl (/home/edmartsy/public_html/oas.edmartsystems.com.default/node_modules/next/dist/server/base-server.js:1460:28)
    at async NextNodeServer.renderPageComponent (/home/edmartsy/public_html/oas.edmartsystems.com.default/node_modules/next/dist/server/base-server.js:1843:24)
2025-06-17T13:17:20.251Z [ERROR]: TypeError - Cannot read properties of undefined (reading 'trim') Stack: TypeError: Cannot read properties of undefined (reading 'trim')
    at v (/home/edmartsy/public_html/oas.edmartsystems.com.default/.next/server/chunks/6170.js:101:14489)
    at Q.createNewQuotation (/home/edmartsy/public_html/oas.edmartsystems.com.default/.next/server/chunks/6170.js:101:19068)
    at f (/home/edmartsy/public_html/oas.edmartsystems.com.default/.next/server/chunks/8997.js:1:3869)
    at async /home/edmartsy/public_html/oas.edmartsystems.com.default/node_modules/next/dist/compiled/next-server/app-page.runtime.prod.js:16:406
    at async rm (/home/edmartsy/public_html/oas.edmartsystems.com.default/node_modules/next/dist/compiled/next-server/app-page.runtime.prod.js:15:5703)
    at async rD (/home/edmartsy/public_html/oas.edmartsystems.com.default/node_modules/next/dist/compiled/next-server/app-page.runtime.prod.js:16:22546)
    at async doRender (/home/edmartsy/public_html/oas.edmartsystems.com.default/node_modules/next/dist/server/base-server.js:1391:30)
    at async cacheEntry.responseCache.get.routeKind (/home/edmartsy/public_html/oas.edmartsystems.com.default/node_modules/next/dist/server/base-server.js:1552:28)
    at async NextNodeServer.renderToResponseWithComponentsImpl (/home/edmartsy/public_html/oas.edmartsystems.com.default/node_modules/next/dist/server/base-server.js:1460:28)
    at async NextNodeServer.renderPageComponent (/home/edmartsy/public_html/oas.edmartsystems.com.default/node_modules/next/dist/server/base-server.js:1843:24)
2025-06-17T13:17:49.054Z [ERROR]: TypeError - Cannot read properties of undefined (reading 'trim') Stack: TypeError: Cannot read properties of undefined (reading 'trim')
    at v (/home/edmartsy/public_html/oas.edmartsystems.com.default/.next/server/chunks/6170.js:101:14489)
    at Q.createNewQuotation (/home/edmartsy/public_html/oas.edmartsystems.com.default/.next/server/chunks/6170.js:101:19068)
    at f (/home/edmartsy/public_html/oas.edmartsystems.com.default/.next/server/chunks/8997.js:1:3869)
    at async /home/edmartsy/public_html/oas.edmartsystems.com.default/node_modules/next/dist/compiled/next-server/app-page.runtime.prod.js:16:406
    at async rm (/home/edmartsy/public_html/oas.edmartsystems.com.default/node_modules/next/dist/compiled/next-server/app-page.runtime.prod.js:15:5703)
    at async rD (/home/edmartsy/public_html/oas.edmartsystems.com.default/node_modules/next/dist/compiled/next-server/app-page.runtime.prod.js:16:22546)
    at async doRender (/home/edmartsy/public_html/oas.edmartsystems.com.default/node_modules/next/dist/server/base-server.js:1391:30)
    at async cacheEntry.responseCache.get.routeKind (/home/edmartsy/public_html/oas.edmartsystems.com.default/node_modules/next/dist/server/base-server.js:1552:28)
    at async NextNodeServer.renderToResponseWithComponentsImpl (/home/edmartsy/public_html/oas.edmartsystems.com.default/node_modules/next/dist/server/base-server.js:1460:28)
    at async NextNodeServer.renderPageComponent (/home/edmartsy/public_html/oas.edmartsystems.com.default/node_modules/next/dist/server/base-server.js:1843:24)
2025-06-17T13:17:49.054Z [ERROR]: TypeError - Cannot read properties of undefined (reading 'trim') Stack: TypeError: Cannot read properties of undefined (reading 'trim')
    at v (/home/edmartsy/public_html/oas.edmartsystems.com.default/.next/server/chunks/6170.js:101:14489)
    at Q.createNewQuotation (/home/edmartsy/public_html/oas.edmartsystems.com.default/.next/server/chunks/6170.js:101:19068)
    at f (/home/edmartsy/public_html/oas.edmartsystems.com.default/.next/server/chunks/8997.js:1:3869)
    at async /home/edmartsy/public_html/oas.edmartsystems.com.default/node_modules/next/dist/compiled/next-server/app-page.runtime.prod.js:16:406
    at async rm (/home/edmartsy/public_html/oas.edmartsystems.com.default/node_modules/next/dist/compiled/next-server/app-page.runtime.prod.js:15:5703)
    at async rD (/home/edmartsy/public_html/oas.edmartsystems.com.default/node_modules/next/dist/compiled/next-server/app-page.runtime.prod.js:16:22546)
    at async doRender (/home/edmartsy/public_html/oas.edmartsystems.com.default/node_modules/next/dist/server/base-server.js:1391:30)
    at async cacheEntry.responseCache.get.routeKind (/home/edmartsy/public_html/oas.edmartsystems.com.default/node_modules/next/dist/server/base-server.js:1552:28)
    at async NextNodeServer.renderToResponseWithComponentsImpl (/home/edmartsy/public_html/oas.edmartsystems.com.default/node_modules/next/dist/server/base-server.js:1460:28)
    at async NextNodeServer.renderPageComponent (/home/edmartsy/public_html/oas.edmartsystems.com.default/node_modules/next/dist/server/base-server.js:1843:24)
2025-06-17T13:26:55.296Z [ERROR]: TypeError - Cannot read properties of undefined (reading 'trim') Stack: TypeError: Cannot read properties of undefined (reading 'trim')
    at v (/home/edmartsy/public_html/oas.edmartsystems.com.default/.next/server/chunks/6170.js:101:14489)
    at Q.createNewQuotation (/home/edmartsy/public_html/oas.edmartsystems.com.default/.next/server/chunks/6170.js:101:19068)
    at f (/home/edmartsy/public_html/oas.edmartsystems.com.default/.next/server/chunks/8997.js:1:3869)
    at async /home/edmartsy/public_html/oas.edmartsystems.com.default/node_modules/next/dist/compiled/next-server/app-page.runtime.prod.js:16:406
    at async rm (/home/edmartsy/public_html/oas.edmartsystems.com.default/node_modules/next/dist/compiled/next-server/app-page.runtime.prod.js:15:5703)
    at async rD (/home/edmartsy/public_html/oas.edmartsystems.com.default/node_modules/next/dist/compiled/next-server/app-page.runtime.prod.js:16:22546)
    at async doRender (/home/edmartsy/public_html/oas.edmartsystems.com.default/node_modules/next/dist/server/base-server.js:1391:30)
    at async cacheEntry.responseCache.get.routeKind (/home/edmartsy/public_html/oas.edmartsystems.com.default/node_modules/next/dist/server/base-server.js:1552:28)
    at async NextNodeServer.renderToResponseWithComponentsImpl (/home/edmartsy/public_html/oas.edmartsystems.com.default/node_modules/next/dist/server/base-server.js:1460:28)
    at async NextNodeServer.renderPageComponent (/home/edmartsy/public_html/oas.edmartsystems.com.default/node_modules/next/dist/server/base-server.js:1843:24)
2025-06-17T13:26:55.297Z [ERROR]: TypeError - Cannot read properties of undefined (reading 'trim') Stack: TypeError: Cannot read properties of undefined (reading 'trim')
    at v (/home/edmartsy/public_html/oas.edmartsystems.com.default/.next/server/chunks/6170.js:101:14489)
    at Q.createNewQuotation (/home/edmartsy/public_html/oas.edmartsystems.com.default/.next/server/chunks/6170.js:101:19068)
    at f (/home/edmartsy/public_html/oas.edmartsystems.com.default/.next/server/chunks/8997.js:1:3869)
    at async /home/edmartsy/public_html/oas.edmartsystems.com.default/node_modules/next/dist/compiled/next-server/app-page.runtime.prod.js:16:406
    at async rm (/home/edmartsy/public_html/oas.edmartsystems.com.default/node_modules/next/dist/compiled/next-server/app-page.runtime.prod.js:15:5703)
    at async rD (/home/edmartsy/public_html/oas.edmartsystems.com.default/node_modules/next/dist/compiled/next-server/app-page.runtime.prod.js:16:22546)
    at async doRender (/home/edmartsy/public_html/oas.edmartsystems.com.default/node_modules/next/dist/server/base-server.js:1391:30)
    at async cacheEntry.responseCache.get.routeKind (/home/edmartsy/public_html/oas.edmartsystems.com.default/node_modules/next/dist/server/base-server.js:1552:28)
    at async NextNodeServer.renderToResponseWithComponentsImpl (/home/edmartsy/public_html/oas.edmartsystems.com.default/node_modules/next/dist/server/base-server.js:1460:28)
    at async NextNodeServer.renderPageComponent (/home/edmartsy/public_html/oas.edmartsystems.com.default/node_modules/next/dist/server/base-server.js:1843:24)
2025-06-17T13:29:22.221Z [ERROR]: TypeError - Cannot read properties of undefined (reading 'trim') Stack: TypeError: Cannot read properties of undefined (reading 'trim')
    at v (/home/edmartsy/public_html/oas.edmartsystems.com.default/.next/server/chunks/6170.js:101:14489)
    at Q.createNewQuotation (/home/edmartsy/public_html/oas.edmartsystems.com.default/.next/server/chunks/6170.js:101:19068)
    at f (/home/edmartsy/public_html/oas.edmartsystems.com.default/.next/server/chunks/8997.js:1:3869)
    at async /home/edmartsy/public_html/oas.edmartsystems.com.default/node_modules/next/dist/compiled/next-server/app-page.runtime.prod.js:16:406
    at async rm (/home/edmartsy/public_html/oas.edmartsystems.com.default/node_modules/next/dist/compiled/next-server/app-page.runtime.prod.js:15:5703)
    at async rD (/home/edmartsy/public_html/oas.edmartsystems.com.default/node_modules/next/dist/compiled/next-server/app-page.runtime.prod.js:16:22546)
    at async doRender (/home/edmartsy/public_html/oas.edmartsystems.com.default/node_modules/next/dist/server/base-server.js:1391:30)
    at async cacheEntry.responseCache.get.routeKind (/home/edmartsy/public_html/oas.edmartsystems.com.default/node_modules/next/dist/server/base-server.js:1552:28)
    at async NextNodeServer.renderToResponseWithComponentsImpl (/home/edmartsy/public_html/oas.edmartsystems.com.default/node_modules/next/dist/server/base-server.js:1460:28)
    at async NextNodeServer.renderPageComponent (/home/edmartsy/public_html/oas.edmartsystems.com.default/node_modules/next/dist/server/base-server.js:1843:24)
2025-06-17T13:29:22.222Z [ERROR]: TypeError - Cannot read properties of undefined (reading 'trim') Stack: TypeError: Cannot read properties of undefined (reading 'trim')
    at v (/home/edmartsy/public_html/oas.edmartsystems.com.default/.next/server/chunks/6170.js:101:14489)
    at Q.createNewQuotation (/home/edmartsy/public_html/oas.edmartsystems.com.default/.next/server/chunks/6170.js:101:19068)
    at f (/home/edmartsy/public_html/oas.edmartsystems.com.default/.next/server/chunks/8997.js:1:3869)
    at async /home/edmartsy/public_html/oas.edmartsystems.com.default/node_modules/next/dist/compiled/next-server/app-page.runtime.prod.js:16:406
    at async rm (/home/edmartsy/public_html/oas.edmartsystems.com.default/node_modules/next/dist/compiled/next-server/app-page.runtime.prod.js:15:5703)
    at async rD (/home/edmartsy/public_html/oas.edmartsystems.com.default/node_modules/next/dist/compiled/next-server/app-page.runtime.prod.js:16:22546)
    at async doRender (/home/edmartsy/public_html/oas.edmartsystems.com.default/node_modules/next/dist/server/base-server.js:1391:30)
    at async cacheEntry.responseCache.get.routeKind (/home/edmartsy/public_html/oas.edmartsystems.com.default/node_modules/next/dist/server/base-server.js:1552:28)
    at async NextNodeServer.renderToResponseWithComponentsImpl (/home/edmartsy/public_html/oas.edmartsystems.com.default/node_modules/next/dist/server/base-server.js:1460:28)
    at async NextNodeServer.renderPageComponent (/home/edmartsy/public_html/oas.edmartsystems.com.default/node_modules/next/dist/server/base-server.js:1843:24)
2025-06-17T13:29:48.407Z [ERROR]: TypeError - Cannot read properties of undefined (reading 'trim') Stack: TypeError: Cannot read properties of undefined (reading 'trim')
    at v (/home/edmartsy/public_html/oas.edmartsystems.com.default/.next/server/chunks/6170.js:101:14489)
    at Q.createNewQuotation (/home/edmartsy/public_html/oas.edmartsystems.com.default/.next/server/chunks/6170.js:101:19068)
    at f (/home/edmartsy/public_html/oas.edmartsystems.com.default/.next/server/chunks/8997.js:1:3869)
    at async /home/edmartsy/public_html/oas.edmartsystems.com.default/node_modules/next/dist/compiled/next-server/app-page.runtime.prod.js:16:406
    at async rm (/home/edmartsy/public_html/oas.edmartsystems.com.default/node_modules/next/dist/compiled/next-server/app-page.runtime.prod.js:15:5703)
    at async rD (/home/edmartsy/public_html/oas.edmartsystems.com.default/node_modules/next/dist/compiled/next-server/app-page.runtime.prod.js:16:22546)
    at async doRender (/home/edmartsy/public_html/oas.edmartsystems.com.default/node_modules/next/dist/server/base-server.js:1391:30)
    at async cacheEntry.responseCache.get.routeKind (/home/edmartsy/public_html/oas.edmartsystems.com.default/node_modules/next/dist/server/base-server.js:1552:28)
    at async NextNodeServer.renderToResponseWithComponentsImpl (/home/edmartsy/public_html/oas.edmartsystems.com.default/node_modules/next/dist/server/base-server.js:1460:28)
    at async NextNodeServer.renderPageComponent (/home/edmartsy/public_html/oas.edmartsystems.com.default/node_modules/next/dist/server/base-server.js:1843:24)
2025-06-17T13:29:48.407Z [ERROR]: TypeError - Cannot read properties of undefined (reading 'trim') Stack: TypeError: Cannot read properties of undefined (reading 'trim')
    at v (/home/edmartsy/public_html/oas.edmartsystems.com.default/.next/server/chunks/6170.js:101:14489)
    at Q.createNewQuotation (/home/edmartsy/public_html/oas.edmartsystems.com.default/.next/server/chunks/6170.js:101:19068)
    at f (/home/edmartsy/public_html/oas.edmartsystems.com.default/.next/server/chunks/8997.js:1:3869)
    at async /home/edmartsy/public_html/oas.edmartsystems.com.default/node_modules/next/dist/compiled/next-server/app-page.runtime.prod.js:16:406
    at async rm (/home/edmartsy/public_html/oas.edmartsystems.com.default/node_modules/next/dist/compiled/next-server/app-page.runtime.prod.js:15:5703)
    at async rD (/home/edmartsy/public_html/oas.edmartsystems.com.default/node_modules/next/dist/compiled/next-server/app-page.runtime.prod.js:16:22546)
    at async doRender (/home/edmartsy/public_html/oas.edmartsystems.com.default/node_modules/next/dist/server/base-server.js:1391:30)
    at async cacheEntry.responseCache.get.routeKind (/home/edmartsy/public_html/oas.edmartsystems.com.default/node_modules/next/dist/server/base-server.js:1552:28)
    at async NextNodeServer.renderToResponseWithComponentsImpl (/home/edmartsy/public_html/oas.edmartsystems.com.default/node_modules/next/dist/server/base-server.js:1460:28)
    at async NextNodeServer.renderPageComponent (/home/edmartsy/public_html/oas.edmartsystems.com.default/node_modules/next/dist/server/base-server.js:1843:24)
2025-06-17T13:30:46.147Z [ERROR]: TypeError - Cannot read properties of undefined (reading 'trim') Stack: TypeError: Cannot read properties of undefined (reading 'trim')
    at v (/home/edmartsy/public_html/oas.edmartsystems.com.default/.next/server/chunks/6170.js:101:14489)
    at Q.createNewQuotation (/home/edmartsy/public_html/oas.edmartsystems.com.default/.next/server/chunks/6170.js:101:19068)
    at f (/home/edmartsy/public_html/oas.edmartsystems.com.default/.next/server/chunks/8997.js:1:3869)
    at async /home/edmartsy/public_html/oas.edmartsystems.com.default/node_modules/next/dist/compiled/next-server/app-page.runtime.prod.js:16:406
    at async rm (/home/edmartsy/public_html/oas.edmartsystems.com.default/node_modules/next/dist/compiled/next-server/app-page.runtime.prod.js:15:5703)
    at async rD (/home/edmartsy/public_html/oas.edmartsystems.com.default/node_modules/next/dist/compiled/next-server/app-page.runtime.prod.js:16:22546)
    at async doRender (/home/edmartsy/public_html/oas.edmartsystems.com.default/node_modules/next/dist/server/base-server.js:1391:30)
    at async cacheEntry.responseCache.get.routeKind (/home/edmartsy/public_html/oas.edmartsystems.com.default/node_modules/next/dist/server/base-server.js:1552:28)
    at async NextNodeServer.renderToResponseWithComponentsImpl (/home/edmartsy/public_html/oas.edmartsystems.com.default/node_modules/next/dist/server/base-server.js:1460:28)
    at async NextNodeServer.renderPageComponent (/home/edmartsy/public_html/oas.edmartsystems.com.default/node_modules/next/dist/server/base-server.js:1843:24)
2025-06-17T13:30:46.147Z [ERROR]: TypeError - Cannot read properties of undefined (reading 'trim') Stack: TypeError: Cannot read properties of undefined (reading 'trim')
    at v (/home/edmartsy/public_html/oas.edmartsystems.com.default/.next/server/chunks/6170.js:101:14489)
    at Q.createNewQuotation (/home/edmartsy/public_html/oas.edmartsystems.com.default/.next/server/chunks/6170.js:101:19068)
    at f (/home/edmartsy/public_html/oas.edmartsystems.com.default/.next/server/chunks/8997.js:1:3869)
    at async /home/edmartsy/public_html/oas.edmartsystems.com.default/node_modules/next/dist/compiled/next-server/app-page.runtime.prod.js:16:406
    at async rm (/home/edmartsy/public_html/oas.edmartsystems.com.default/node_modules/next/dist/compiled/next-server/app-page.runtime.prod.js:15:5703)
    at async rD (/home/edmartsy/public_html/oas.edmartsystems.com.default/node_modules/next/dist/compiled/next-server/app-page.runtime.prod.js:16:22546)
    at async doRender (/home/edmartsy/public_html/oas.edmartsystems.com.default/node_modules/next/dist/server/base-server.js:1391:30)
    at async cacheEntry.responseCache.get.routeKind (/home/edmartsy/public_html/oas.edmartsystems.com.default/node_modules/next/dist/server/base-server.js:1552:28)
    at async NextNodeServer.renderToResponseWithComponentsImpl (/home/edmartsy/public_html/oas.edmartsystems.com.default/node_modules/next/dist/server/base-server.js:1460:28)
    at async NextNodeServer.renderPageComponent (/home/edmartsy/public_html/oas.edmartsystems.com.default/node_modules/next/dist/server/base-server.js:1843:24)
2025-06-17T13:31:21.945Z [ERROR]: TypeError - Cannot read properties of undefined (reading 'trim') Stack: TypeError: Cannot read properties of undefined (reading 'trim')
    at v (/home/edmartsy/public_html/oas.edmartsystems.com.default/.next/server/chunks/6170.js:101:14489)
    at Q.createNewQuotation (/home/edmartsy/public_html/oas.edmartsystems.com.default/.next/server/chunks/6170.js:101:19068)
    at f (/home/edmartsy/public_html/oas.edmartsystems.com.default/.next/server/chunks/8997.js:1:3869)
    at async /home/edmartsy/public_html/oas.edmartsystems.com.default/node_modules/next/dist/compiled/next-server/app-page.runtime.prod.js:16:406
    at async rm (/home/edmartsy/public_html/oas.edmartsystems.com.default/node_modules/next/dist/compiled/next-server/app-page.runtime.prod.js:15:5703)
    at async rD (/home/edmartsy/public_html/oas.edmartsystems.com.default/node_modules/next/dist/compiled/next-server/app-page.runtime.prod.js:16:22546)
    at async doRender (/home/edmartsy/public_html/oas.edmartsystems.com.default/node_modules/next/dist/server/base-server.js:1391:30)
    at async cacheEntry.responseCache.get.routeKind (/home/edmartsy/public_html/oas.edmartsystems.com.default/node_modules/next/dist/server/base-server.js:1552:28)
    at async NextNodeServer.renderToResponseWithComponentsImpl (/home/edmartsy/public_html/oas.edmartsystems.com.default/node_modules/next/dist/server/base-server.js:1460:28)
    at async NextNodeServer.renderPageComponent (/home/edmartsy/public_html/oas.edmartsystems.com.default/node_modules/next/dist/server/base-server.js:1843:24)
2025-06-17T13:31:21.945Z [ERROR]: TypeError - Cannot read properties of undefined (reading 'trim') Stack: TypeError: Cannot read properties of undefined (reading 'trim')
    at v (/home/edmartsy/public_html/oas.edmartsystems.com.default/.next/server/chunks/6170.js:101:14489)
    at Q.createNewQuotation (/home/edmartsy/public_html/oas.edmartsystems.com.default/.next/server/chunks/6170.js:101:19068)
    at f (/home/edmartsy/public_html/oas.edmartsystems.com.default/.next/server/chunks/8997.js:1:3869)
    at async /home/edmartsy/public_html/oas.edmartsystems.com.default/node_modules/next/dist/compiled/next-server/app-page.runtime.prod.js:16:406
    at async rm (/home/edmartsy/public_html/oas.edmartsystems.com.default/node_modules/next/dist/compiled/next-server/app-page.runtime.prod.js:15:5703)
    at async rD (/home/edmartsy/public_html/oas.edmartsystems.com.default/node_modules/next/dist/compiled/next-server/app-page.runtime.prod.js:16:22546)
    at async doRender (/home/edmartsy/public_html/oas.edmartsystems.com.default/node_modules/next/dist/server/base-server.js:1391:30)
    at async cacheEntry.responseCache.get.routeKind (/home/edmartsy/public_html/oas.edmartsystems.com.default/node_modules/next/dist/server/base-server.js:1552:28)
    at async NextNodeServer.renderToResponseWithComponentsImpl (/home/edmartsy/public_html/oas.edmartsystems.com.default/node_modules/next/dist/server/base-server.js:1460:28)
    at async NextNodeServer.renderPageComponent (/home/edmartsy/public_html/oas.edmartsystems.com.default/node_modules/next/dist/server/base-server.js:1843:24)
2025-06-17T13:31:47.937Z [ERROR]: TypeError - Cannot read properties of undefined (reading 'trim') Stack: TypeError: Cannot read properties of undefined (reading 'trim')
    at v (/home/edmartsy/public_html/oas.edmartsystems.com.default/.next/server/chunks/6170.js:101:14489)
    at Q.createNewQuotation (/home/edmartsy/public_html/oas.edmartsystems.com.default/.next/server/chunks/6170.js:101:19068)
    at f (/home/edmartsy/public_html/oas.edmartsystems.com.default/.next/server/chunks/8997.js:1:3869)
    at async /home/edmartsy/public_html/oas.edmartsystems.com.default/node_modules/next/dist/compiled/next-server/app-page.runtime.prod.js:16:406
    at async rm (/home/edmartsy/public_html/oas.edmartsystems.com.default/node_modules/next/dist/compiled/next-server/app-page.runtime.prod.js:15:5703)
    at async rD (/home/edmartsy/public_html/oas.edmartsystems.com.default/node_modules/next/dist/compiled/next-server/app-page.runtime.prod.js:16:22546)
    at async doRender (/home/edmartsy/public_html/oas.edmartsystems.com.default/node_modules/next/dist/server/base-server.js:1391:30)
    at async cacheEntry.responseCache.get.routeKind (/home/edmartsy/public_html/oas.edmartsystems.com.default/node_modules/next/dist/server/base-server.js:1552:28)
    at async NextNodeServer.renderToResponseWithComponentsImpl (/home/edmartsy/public_html/oas.edmartsystems.com.default/node_modules/next/dist/server/base-server.js:1460:28)
    at async NextNodeServer.renderPageComponent (/home/edmartsy/public_html/oas.edmartsystems.com.default/node_modules/next/dist/server/base-server.js:1843:24)
2025-06-17T13:31:47.938Z [ERROR]: TypeError - Cannot read properties of undefined (reading 'trim') Stack: TypeError: Cannot read properties of undefined (reading 'trim')
    at v (/home/edmartsy/public_html/oas.edmartsystems.com.default/.next/server/chunks/6170.js:101:14489)
    at Q.createNewQuotation (/home/edmartsy/public_html/oas.edmartsystems.com.default/.next/server/chunks/6170.js:101:19068)
    at f (/home/edmartsy/public_html/oas.edmartsystems.com.default/.next/server/chunks/8997.js:1:3869)
    at async /home/edmartsy/public_html/oas.edmartsystems.com.default/node_modules/next/dist/compiled/next-server/app-page.runtime.prod.js:16:406
    at async rm (/home/edmartsy/public_html/oas.edmartsystems.com.default/node_modules/next/dist/compiled/next-server/app-page.runtime.prod.js:15:5703)
    at async rD (/home/edmartsy/public_html/oas.edmartsystems.com.default/node_modules/next/dist/compiled/next-server/app-page.runtime.prod.js:16:22546)
    at async doRender (/home/edmartsy/public_html/oas.edmartsystems.com.default/node_modules/next/dist/server/base-server.js:1391:30)
    at async cacheEntry.responseCache.get.routeKind (/home/edmartsy/public_html/oas.edmartsystems.com.default/node_modules/next/dist/server/base-server.js:1552:28)
    at async NextNodeServer.renderToResponseWithComponentsImpl (/home/edmartsy/public_html/oas.edmartsystems.com.default/node_modules/next/dist/server/base-server.js:1460:28)
    at async NextNodeServer.renderPageComponent (/home/edmartsy/public_html/oas.edmartsystems.com.default/node_modules/next/dist/server/base-server.js:1843:24)
2025-06-17T13:32:35.871Z [ERROR]: TypeError - Cannot read properties of undefined (reading 'trim') Stack: TypeError: Cannot read properties of undefined (reading 'trim')
    at v (/home/edmartsy/public_html/oas.edmartsystems.com.default/.next/server/chunks/6170.js:101:14489)
    at Q.createNewQuotation (/home/edmartsy/public_html/oas.edmartsystems.com.default/.next/server/chunks/6170.js:101:19068)
    at f (/home/edmartsy/public_html/oas.edmartsystems.com.default/.next/server/chunks/8997.js:1:3869)
    at async /home/edmartsy/public_html/oas.edmartsystems.com.default/node_modules/next/dist/compiled/next-server/app-page.runtime.prod.js:16:406
    at async rm (/home/edmartsy/public_html/oas.edmartsystems.com.default/node_modules/next/dist/compiled/next-server/app-page.runtime.prod.js:15:5703)
    at async rD (/home/edmartsy/public_html/oas.edmartsystems.com.default/node_modules/next/dist/compiled/next-server/app-page.runtime.prod.js:16:22546)
    at async doRender (/home/edmartsy/public_html/oas.edmartsystems.com.default/node_modules/next/dist/server/base-server.js:1391:30)
    at async cacheEntry.responseCache.get.routeKind (/home/edmartsy/public_html/oas.edmartsystems.com.default/node_modules/next/dist/server/base-server.js:1552:28)
    at async NextNodeServer.renderToResponseWithComponentsImpl (/home/edmartsy/public_html/oas.edmartsystems.com.default/node_modules/next/dist/server/base-server.js:1460:28)
    at async NextNodeServer.renderPageComponent (/home/edmartsy/public_html/oas.edmartsystems.com.default/node_modules/next/dist/server/base-server.js:1843:24)
2025-06-17T13:32:35.871Z [ERROR]: TypeError - Cannot read properties of undefined (reading 'trim') Stack: TypeError: Cannot read properties of undefined (reading 'trim')
    at v (/home/edmartsy/public_html/oas.edmartsystems.com.default/.next/server/chunks/6170.js:101:14489)
    at Q.createNewQuotation (/home/edmartsy/public_html/oas.edmartsystems.com.default/.next/server/chunks/6170.js:101:19068)
    at f (/home/edmartsy/public_html/oas.edmartsystems.com.default/.next/server/chunks/8997.js:1:3869)
    at async /home/edmartsy/public_html/oas.edmartsystems.com.default/node_modules/next/dist/compiled/next-server/app-page.runtime.prod.js:16:406
    at async rm (/home/edmartsy/public_html/oas.edmartsystems.com.default/node_modules/next/dist/compiled/next-server/app-page.runtime.prod.js:15:5703)
    at async rD (/home/edmartsy/public_html/oas.edmartsystems.com.default/node_modules/next/dist/compiled/next-server/app-page.runtime.prod.js:16:22546)
    at async doRender (/home/edmartsy/public_html/oas.edmartsystems.com.default/node_modules/next/dist/server/base-server.js:1391:30)
    at async cacheEntry.responseCache.get.routeKind (/home/edmartsy/public_html/oas.edmartsystems.com.default/node_modules/next/dist/server/base-server.js:1552:28)
    at async NextNodeServer.renderToResponseWithComponentsImpl (/home/edmartsy/public_html/oas.edmartsystems.com.default/node_modules/next/dist/server/base-server.js:1460:28)
    at async NextNodeServer.renderPageComponent (/home/edmartsy/public_html/oas.edmartsystems.com.default/node_modules/next/dist/server/base-server.js:1843:24)
2025-06-17T13:33:55.227Z [ERROR]: TypeError - Cannot read properties of undefined (reading 'trim') Stack: TypeError: Cannot read properties of undefined (reading 'trim')
    at v (/home/edmartsy/public_html/oas.edmartsystems.com.default/.next/server/chunks/6170.js:101:14489)
    at Q.createNewQuotation (/home/edmartsy/public_html/oas.edmartsystems.com.default/.next/server/chunks/6170.js:101:19068)
    at f (/home/edmartsy/public_html/oas.edmartsystems.com.default/.next/server/chunks/8997.js:1:3869)
    at async /home/edmartsy/public_html/oas.edmartsystems.com.default/node_modules/next/dist/compiled/next-server/app-page.runtime.prod.js:16:406
    at async rm (/home/edmartsy/public_html/oas.edmartsystems.com.default/node_modules/next/dist/compiled/next-server/app-page.runtime.prod.js:15:5703)
    at async rD (/home/edmartsy/public_html/oas.edmartsystems.com.default/node_modules/next/dist/compiled/next-server/app-page.runtime.prod.js:16:22546)
    at async doRender (/home/edmartsy/public_html/oas.edmartsystems.com.default/node_modules/next/dist/server/base-server.js:1391:30)
    at async cacheEntry.responseCache.get.routeKind (/home/edmartsy/public_html/oas.edmartsystems.com.default/node_modules/next/dist/server/base-server.js:1552:28)
    at async NextNodeServer.renderToResponseWithComponentsImpl (/home/edmartsy/public_html/oas.edmartsystems.com.default/node_modules/next/dist/server/base-server.js:1460:28)
    at async NextNodeServer.renderPageComponent (/home/edmartsy/public_html/oas.edmartsystems.com.default/node_modules/next/dist/server/base-server.js:1843:24)
2025-06-17T13:33:55.228Z [ERROR]: TypeError - Cannot read properties of undefined (reading 'trim') Stack: TypeError: Cannot read properties of undefined (reading 'trim')
    at v (/home/edmartsy/public_html/oas.edmartsystems.com.default/.next/server/chunks/6170.js:101:14489)
    at Q.createNewQuotation (/home/edmartsy/public_html/oas.edmartsystems.com.default/.next/server/chunks/6170.js:101:19068)
    at f (/home/edmartsy/public_html/oas.edmartsystems.com.default/.next/server/chunks/8997.js:1:3869)
    at async /home/edmartsy/public_html/oas.edmartsystems.com.default/node_modules/next/dist/compiled/next-server/app-page.runtime.prod.js:16:406
    at async rm (/home/edmartsy/public_html/oas.edmartsystems.com.default/node_modules/next/dist/compiled/next-server/app-page.runtime.prod.js:15:5703)
    at async rD (/home/edmartsy/public_html/oas.edmartsystems.com.default/node_modules/next/dist/compiled/next-server/app-page.runtime.prod.js:16:22546)
    at async doRender (/home/edmartsy/public_html/oas.edmartsystems.com.default/node_modules/next/dist/server/base-server.js:1391:30)
    at async cacheEntry.responseCache.get.routeKind (/home/edmartsy/public_html/oas.edmartsystems.com.default/node_modules/next/dist/server/base-server.js:1552:28)
    at async NextNodeServer.renderToResponseWithComponentsImpl (/home/edmartsy/public_html/oas.edmartsystems.com.default/node_modules/next/dist/server/base-server.js:1460:28)
    at async NextNodeServer.renderPageComponent (/home/edmartsy/public_html/oas.edmartsystems.com.default/node_modules/next/dist/server/base-server.js:1843:24)
2025-06-17T13:34:28.464Z [ERROR]: TypeError - Cannot read properties of undefined (reading 'trim') Stack: TypeError: Cannot read properties of undefined (reading 'trim')
    at v (/home/edmartsy/public_html/oas.edmartsystems.com.default/.next/server/chunks/6170.js:101:14489)
    at Q.createNewQuotation (/home/edmartsy/public_html/oas.edmartsystems.com.default/.next/server/chunks/6170.js:101:19068)
    at f (/home/edmartsy/public_html/oas.edmartsystems.com.default/.next/server/chunks/8997.js:1:3869)
    at async /home/edmartsy/public_html/oas.edmartsystems.com.default/node_modules/next/dist/compiled/next-server/app-page.runtime.prod.js:16:406
    at async rm (/home/edmartsy/public_html/oas.edmartsystems.com.default/node_modules/next/dist/compiled/next-server/app-page.runtime.prod.js:15:5703)
    at async rD (/home/edmartsy/public_html/oas.edmartsystems.com.default/node_modules/next/dist/compiled/next-server/app-page.runtime.prod.js:16:22546)
    at async doRender (/home/edmartsy/public_html/oas.edmartsystems.com.default/node_modules/next/dist/server/base-server.js:1391:30)
    at async cacheEntry.responseCache.get.routeKind (/home/edmartsy/public_html/oas.edmartsystems.com.default/node_modules/next/dist/server/base-server.js:1552:28)
    at async NextNodeServer.renderToResponseWithComponentsImpl (/home/edmartsy/public_html/oas.edmartsystems.com.default/node_modules/next/dist/server/base-server.js:1460:28)
    at async NextNodeServer.renderPageComponent (/home/edmartsy/public_html/oas.edmartsystems.com.default/node_modules/next/dist/server/base-server.js:1843:24)
2025-06-17T13:34:28.464Z [ERROR]: TypeError - Cannot read properties of undefined (reading 'trim') Stack: TypeError: Cannot read properties of undefined (reading 'trim')
    at v (/home/edmartsy/public_html/oas.edmartsystems.com.default/.next/server/chunks/6170.js:101:14489)
    at Q.createNewQuotation (/home/edmartsy/public_html/oas.edmartsystems.com.default/.next/server/chunks/6170.js:101:19068)
    at f (/home/edmartsy/public_html/oas.edmartsystems.com.default/.next/server/chunks/8997.js:1:3869)
    at async /home/edmartsy/public_html/oas.edmartsystems.com.default/node_modules/next/dist/compiled/next-server/app-page.runtime.prod.js:16:406
    at async rm (/home/edmartsy/public_html/oas.edmartsystems.com.default/node_modules/next/dist/compiled/next-server/app-page.runtime.prod.js:15:5703)
    at async rD (/home/edmartsy/public_html/oas.edmartsystems.com.default/node_modules/next/dist/compiled/next-server/app-page.runtime.prod.js:16:22546)
    at async doRender (/home/edmartsy/public_html/oas.edmartsystems.com.default/node_modules/next/dist/server/base-server.js:1391:30)
    at async cacheEntry.responseCache.get.routeKind (/home/edmartsy/public_html/oas.edmartsystems.com.default/node_modules/next/dist/server/base-server.js:1552:28)
    at async NextNodeServer.renderToResponseWithComponentsImpl (/home/edmartsy/public_html/oas.edmartsystems.com.default/node_modules/next/dist/server/base-server.js:1460:28)
    at async NextNodeServer.renderPageComponent (/home/edmartsy/public_html/oas.edmartsystems.com.default/node_modules/next/dist/server/base-server.js:1843:24)
2025-06-17T13:36:22.796Z [ERROR]: TypeError - Cannot read properties of undefined (reading 'trim') Stack: TypeError: Cannot read properties of undefined (reading 'trim')
    at v (/home/edmartsy/public_html/oas.edmartsystems.com.default/.next/server/chunks/6170.js:101:14489)
    at Q.createNewQuotation (/home/edmartsy/public_html/oas.edmartsystems.com.default/.next/server/chunks/6170.js:101:19068)
    at f (/home/edmartsy/public_html/oas.edmartsystems.com.default/.next/server/chunks/8997.js:1:3869)
    at async /home/edmartsy/public_html/oas.edmartsystems.com.default/node_modules/next/dist/compiled/next-server/app-page.runtime.prod.js:16:406
    at async rm (/home/edmartsy/public_html/oas.edmartsystems.com.default/node_modules/next/dist/compiled/next-server/app-page.runtime.prod.js:15:5703)
    at async rD (/home/edmartsy/public_html/oas.edmartsystems.com.default/node_modules/next/dist/compiled/next-server/app-page.runtime.prod.js:16:22546)
    at async doRender (/home/edmartsy/public_html/oas.edmartsystems.com.default/node_modules/next/dist/server/base-server.js:1391:30)
    at async cacheEntry.responseCache.get.routeKind (/home/edmartsy/public_html/oas.edmartsystems.com.default/node_modules/next/dist/server/base-server.js:1552:28)
    at async NextNodeServer.renderToResponseWithComponentsImpl (/home/edmartsy/public_html/oas.edmartsystems.com.default/node_modules/next/dist/server/base-server.js:1460:28)
    at async NextNodeServer.renderPageComponent (/home/edmartsy/public_html/oas.edmartsystems.com.default/node_modules/next/dist/server/base-server.js:1843:24)
2025-06-17T13:36:22.796Z [ERROR]: TypeError - Cannot read properties of undefined (reading 'trim') Stack: TypeError: Cannot read properties of undefined (reading 'trim')
    at v (/home/edmartsy/public_html/oas.edmartsystems.com.default/.next/server/chunks/6170.js:101:14489)
    at Q.createNewQuotation (/home/edmartsy/public_html/oas.edmartsystems.com.default/.next/server/chunks/6170.js:101:19068)
    at f (/home/edmartsy/public_html/oas.edmartsystems.com.default/.next/server/chunks/8997.js:1:3869)
    at async /home/edmartsy/public_html/oas.edmartsystems.com.default/node_modules/next/dist/compiled/next-server/app-page.runtime.prod.js:16:406
    at async rm (/home/edmartsy/public_html/oas.edmartsystems.com.default/node_modules/next/dist/compiled/next-server/app-page.runtime.prod.js:15:5703)
    at async rD (/home/edmartsy/public_html/oas.edmartsystems.com.default/node_modules/next/dist/compiled/next-server/app-page.runtime.prod.js:16:22546)
    at async doRender (/home/edmartsy/public_html/oas.edmartsystems.com.default/node_modules/next/dist/server/base-server.js:1391:30)
    at async cacheEntry.responseCache.get.routeKind (/home/edmartsy/public_html/oas.edmartsystems.com.default/node_modules/next/dist/server/base-server.js:1552:28)
    at async NextNodeServer.renderToResponseWithComponentsImpl (/home/edmartsy/public_html/oas.edmartsystems.com.default/node_modules/next/dist/server/base-server.js:1460:28)
    at async NextNodeServer.renderPageComponent (/home/edmartsy/public_html/oas.edmartsystems.com.default/node_modules/next/dist/server/base-server.js:1843:24)
2025-06-17T13:36:47.354Z [ERROR]: TypeError - Cannot read properties of undefined (reading 'trim') Stack: TypeError: Cannot read properties of undefined (reading 'trim')
    at v (/home/edmartsy/public_html/oas.edmartsystems.com.default/.next/server/chunks/6170.js:101:14489)
    at Q.createNewQuotation (/home/edmartsy/public_html/oas.edmartsystems.com.default/.next/server/chunks/6170.js:101:19068)
    at f (/home/edmartsy/public_html/oas.edmartsystems.com.default/.next/server/chunks/8997.js:1:3869)
    at async /home/edmartsy/public_html/oas.edmartsystems.com.default/node_modules/next/dist/compiled/next-server/app-page.runtime.prod.js:16:406
    at async rm (/home/edmartsy/public_html/oas.edmartsystems.com.default/node_modules/next/dist/compiled/next-server/app-page.runtime.prod.js:15:5703)
    at async rD (/home/edmartsy/public_html/oas.edmartsystems.com.default/node_modules/next/dist/compiled/next-server/app-page.runtime.prod.js:16:22546)
    at async doRender (/home/edmartsy/public_html/oas.edmartsystems.com.default/node_modules/next/dist/server/base-server.js:1391:30)
    at async cacheEntry.responseCache.get.routeKind (/home/edmartsy/public_html/oas.edmartsystems.com.default/node_modules/next/dist/server/base-server.js:1552:28)
    at async NextNodeServer.renderToResponseWithComponentsImpl (/home/edmartsy/public_html/oas.edmartsystems.com.default/node_modules/next/dist/server/base-server.js:1460:28)
    at async NextNodeServer.renderPageComponent (/home/edmartsy/public_html/oas.edmartsystems.com.default/node_modules/next/dist/server/base-server.js:1843:24)
2025-06-17T13:36:47.355Z [ERROR]: TypeError - Cannot read properties of undefined (reading 'trim') Stack: TypeError: Cannot read properties of undefined (reading 'trim')
    at v (/home/edmartsy/public_html/oas.edmartsystems.com.default/.next/server/chunks/6170.js:101:14489)
    at Q.createNewQuotation (/home/edmartsy/public_html/oas.edmartsystems.com.default/.next/server/chunks/6170.js:101:19068)
    at f (/home/edmartsy/public_html/oas.edmartsystems.com.default/.next/server/chunks/8997.js:1:3869)
    at async /home/edmartsy/public_html/oas.edmartsystems.com.default/node_modules/next/dist/compiled/next-server/app-page.runtime.prod.js:16:406
    at async rm (/home/edmartsy/public_html/oas.edmartsystems.com.default/node_modules/next/dist/compiled/next-server/app-page.runtime.prod.js:15:5703)
    at async rD (/home/edmartsy/public_html/oas.edmartsystems.com.default/node_modules/next/dist/compiled/next-server/app-page.runtime.prod.js:16:22546)
    at async doRender (/home/edmartsy/public_html/oas.edmartsystems.com.default/node_modules/next/dist/server/base-server.js:1391:30)
    at async cacheEntry.responseCache.get.routeKind (/home/edmartsy/public_html/oas.edmartsystems.com.default/node_modules/next/dist/server/base-server.js:1552:28)
    at async NextNodeServer.renderToResponseWithComponentsImpl (/home/edmartsy/public_html/oas.edmartsystems.com.default/node_modules/next/dist/server/base-server.js:1460:28)
    at async NextNodeServer.renderPageComponent (/home/edmartsy/public_html/oas.edmartsystems.com.default/node_modules/next/dist/server/base-server.js:1843:24)
